2023-07-04 10:05:42 [background-preinit] INFO - HV000001: Hibernate Validator 8.0.0.Final
2023-07-04 10:05:42 [main] INFO - Starting P6eCloudIndexApplication using Java 17.0.7 with PID 3692 (D:\CodeContents\github\p6e-coat\p6e-coat\p6e-coat-console\target\classes started by a1294 in D:\CodeContents\github\p6e-coat\p6e-coat)
2023-07-04 10:05:42 [main] INFO - No active profile set, falling back to 1 default profile: "default"
2023-07-04 10:05:42 [main] INFO - Multiple Spring Data modules found, entering strict repository configuration mode
2023-07-04 10:05:42 [main] INFO - Bootstrapping Spring Data JPA repositories in DEFAULT mode.
2023-07-04 10:05:42 [main] INFO - Finished Spring Data repository scanning in 97 ms. Found 10 JPA repository interfaces.
2023-07-04 10:05:42 [main] INFO - Multiple Spring Data modules found, entering strict repository configuration mode
2023-07-04 10:05:42 [main] INFO - Bootstrapping Spring Data Redis repositories in DEFAULT mode.
2023-07-04 10:05:42 [main] INFO - Spring Data Redis - Could not safely identify store assignment for repository candidate interface club.p6e.cloud.test.infrastructure.repository.ConfigRepository; If you want this repository to be a Redis repository, consider annotating your entities with one of these annotations: org.springframework.data.redis.core.RedisHash (preferred), or consider extending one of the following types with your repository: org.springframework.data.keyvalue.repository.KeyValueRepository
2023-07-04 10:05:42 [main] INFO - Spring Data Redis - Could not safely identify store assignment for repository candidate interface club.p6e.cloud.test.infrastructure.repository.DictionaryRepository; If you want this repository to be a Redis repository, consider annotating your entities with one of these annotations: org.springframework.data.redis.core.RedisHash (preferred), or consider extending one of the following types with your repository: org.springframework.data.keyvalue.repository.KeyValueRepository
2023-07-04 10:05:42 [main] INFO - Spring Data Redis - Could not safely identify store assignment for repository candidate interface club.p6e.cloud.test.infrastructure.repository.FileUploadChunkRepository; If you want this repository to be a Redis repository, consider annotating your entities with one of these annotations: org.springframework.data.redis.core.RedisHash (preferred), or consider extending one of the following types with your repository: org.springframework.data.keyvalue.repository.KeyValueRepository
2023-07-04 10:05:42 [main] INFO - Spring Data Redis - Could not safely identify store assignment for repository candidate interface club.p6e.cloud.test.infrastructure.repository.FileUploadRepository; If you want this repository to be a Redis repository, consider annotating your entities with one of these annotations: org.springframework.data.redis.core.RedisHash (preferred), or consider extending one of the following types with your repository: org.springframework.data.keyvalue.repository.KeyValueRepository
2023-07-04 10:05:42 [main] INFO - Spring Data Redis - Could not safely identify store assignment for repository candidate interface club.p6e.cloud.test.infrastructure.repository.Oauth2ClientRepository; If you want this repository to be a Redis repository, consider annotating your entities with one of these annotations: org.springframework.data.redis.core.RedisHash (preferred), or consider extending one of the following types with your repository: org.springframework.data.keyvalue.repository.KeyValueRepository
2023-07-04 10:05:42 [main] INFO - Spring Data Redis - Could not safely identify store assignment for repository candidate interface club.p6e.cloud.test.infrastructure.repository.PermissionUrlGroupRelationUrlRepository; If you want this repository to be a Redis repository, consider annotating your entities with one of these annotations: org.springframework.data.redis.core.RedisHash (preferred), or consider extending one of the following types with your repository: org.springframework.data.keyvalue.repository.KeyValueRepository
2023-07-04 10:05:42 [main] INFO - Spring Data Redis - Could not safely identify store assignment for repository candidate interface club.p6e.cloud.test.infrastructure.repository.PermissionUrlGroupRepository; If you want this repository to be a Redis repository, consider annotating your entities with one of these annotations: org.springframework.data.redis.core.RedisHash (preferred), or consider extending one of the following types with your repository: org.springframework.data.keyvalue.repository.KeyValueRepository
2023-07-04 10:05:42 [main] INFO - Spring Data Redis - Could not safely identify store assignment for repository candidate interface club.p6e.cloud.test.infrastructure.repository.PermissionUrlRepository; If you want this repository to be a Redis repository, consider annotating your entities with one of these annotations: org.springframework.data.redis.core.RedisHash (preferred), or consider extending one of the following types with your repository: org.springframework.data.keyvalue.repository.KeyValueRepository
2023-07-04 10:05:42 [main] INFO - Spring Data Redis - Could not safely identify store assignment for repository candidate interface club.p6e.cloud.test.infrastructure.repository.UserAuthRepository; If you want this repository to be a Redis repository, consider annotating your entities with one of these annotations: org.springframework.data.redis.core.RedisHash (preferred), or consider extending one of the following types with your repository: org.springframework.data.keyvalue.repository.KeyValueRepository
2023-07-04 10:05:42 [main] INFO - Spring Data Redis - Could not safely identify store assignment for repository candidate interface club.p6e.cloud.test.infrastructure.repository.UserRepository; If you want this repository to be a Redis repository, consider annotating your entities with one of these annotations: org.springframework.data.redis.core.RedisHash (preferred), or consider extending one of the following types with your repository: org.springframework.data.keyvalue.repository.KeyValueRepository
2023-07-04 10:05:42 [main] INFO - Finished Spring Data repository scanning in 6 ms. Found 0 Redis repository interfaces.
2023-07-04 10:05:43 [main] INFO - Tomcat initialized with port(s): 9999 (http)
2023-07-04 10:05:43 [main] INFO - Initializing ProtocolHandler ["http-nio-9999"]
2023-07-04 10:05:43 [main] INFO - Starting service [Tomcat]
2023-07-04 10:05:43 [main] INFO - Starting Servlet engine: [Apache Tomcat/10.1.1]
2023-07-04 10:05:43 [main] INFO - Initializing Spring embedded WebApplicationContext
2023-07-04 10:05:43 [main] INFO - Root WebApplicationContext: initialization completed in 839 ms
2023-07-04 10:05:43 [main] INFO - Filter [ CrossDomainWebFilter ] init complete ... 
2023-07-04 10:05:43 [main] INFO - HikariPool-1 - Starting...
2023-07-04 10:05:43 [main] INFO - HikariPool-1 - Added connection org.postgresql.jdbc.PgConnection@5b0902b4
2023-07-04 10:05:43 [main] INFO - HikariPool-1 - Start completed.
2023-07-04 10:05:43 [main] INFO - HHH000204: Processing PersistenceUnitInfo [name: default]
2023-07-04 10:05:43 [main] INFO - HHH000412: Hibernate ORM core version 6.1.5.Final
2023-07-04 10:05:43 [main] INFO - HHH000400: Using dialect: org.hibernate.dialect.PostgreSQLDialect
2023-07-04 10:05:44 [main] INFO - HHH000490: Using JtaPlatform implementation: [org.hibernate.engine.transaction.jta.platform.internal.NoJtaPlatform]
2023-07-04 10:05:44 [main] INFO - Initialized JPA EntityManagerFactory for persistence unit 'default'
2023-07-04 10:05:45 [main] INFO - Starting ProtocolHandler ["http-nio-9999"]
2023-07-04 10:05:45 [main] INFO - Tomcat started on port(s): 9999 (http) with context path ''
2023-07-04 10:05:45 [main] INFO - Started P6eCloudIndexApplication in 2.981 seconds (process running for 3.365)
2023-07-04 10:05:45 [main] INFO - smart construction application initialization complete ...
2023-07-04 11:30:05 [http-nio-9999-exec-1] INFO - Initializing Spring DispatcherServlet 'dispatcherServlet'
2023-07-04 11:30:05 [http-nio-9999-exec-1] INFO - Initializing Servlet 'dispatcherServlet'
2023-07-04 11:30:05 [http-nio-9999-exec-1] INFO - Completed initialization in 1 ms
2023-07-04 11:59:34 [SpringApplicationShutdownHook] INFO - Filter [ CrossDomainWebFilter ] destroy complete ... 
2023-07-04 11:59:34 [SpringApplicationShutdownHook] INFO - Closing JPA EntityManagerFactory for persistence unit 'default'
2023-07-04 11:59:34 [SpringApplicationShutdownHook] INFO - HikariPool-1 - Shutdown initiated...
2023-07-04 11:59:34 [SpringApplicationShutdownHook] INFO - HikariPool-1 - Shutdown completed.
2023-07-04 11:59:38 [background-preinit] INFO - HV000001: Hibernate Validator 8.0.0.Final
2023-07-04 11:59:38 [main] INFO - Starting P6eCloudIndexApplication using Java 17.0.7 with PID 2872 (D:\CodeContents\github\p6e-coat\p6e-coat\p6e-coat-console\target\classes started by a1294 in D:\CodeContents\github\p6e-coat\p6e-coat)
2023-07-04 11:59:38 [main] INFO - No active profile set, falling back to 1 default profile: "default"
2023-07-04 11:59:38 [main] INFO - Multiple Spring Data modules found, entering strict repository configuration mode
2023-07-04 11:59:38 [main] INFO - Bootstrapping Spring Data JPA repositories in DEFAULT mode.
2023-07-04 11:59:38 [main] INFO - Finished Spring Data repository scanning in 99 ms. Found 10 JPA repository interfaces.
2023-07-04 11:59:38 [main] INFO - Multiple Spring Data modules found, entering strict repository configuration mode
2023-07-04 11:59:38 [main] INFO - Bootstrapping Spring Data Redis repositories in DEFAULT mode.
2023-07-04 11:59:38 [main] INFO - Spring Data Redis - Could not safely identify store assignment for repository candidate interface club.p6e.cloud.test.infrastructure.repository.ConfigRepository; If you want this repository to be a Redis repository, consider annotating your entities with one of these annotations: org.springframework.data.redis.core.RedisHash (preferred), or consider extending one of the following types with your repository: org.springframework.data.keyvalue.repository.KeyValueRepository
2023-07-04 11:59:38 [main] INFO - Spring Data Redis - Could not safely identify store assignment for repository candidate interface club.p6e.cloud.test.infrastructure.repository.DictionaryRepository; If you want this repository to be a Redis repository, consider annotating your entities with one of these annotations: org.springframework.data.redis.core.RedisHash (preferred), or consider extending one of the following types with your repository: org.springframework.data.keyvalue.repository.KeyValueRepository
2023-07-04 11:59:38 [main] INFO - Spring Data Redis - Could not safely identify store assignment for repository candidate interface club.p6e.cloud.test.infrastructure.repository.FileUploadChunkRepository; If you want this repository to be a Redis repository, consider annotating your entities with one of these annotations: org.springframework.data.redis.core.RedisHash (preferred), or consider extending one of the following types with your repository: org.springframework.data.keyvalue.repository.KeyValueRepository
2023-07-04 11:59:38 [main] INFO - Spring Data Redis - Could not safely identify store assignment for repository candidate interface club.p6e.cloud.test.infrastructure.repository.FileUploadRepository; If you want this repository to be a Redis repository, consider annotating your entities with one of these annotations: org.springframework.data.redis.core.RedisHash (preferred), or consider extending one of the following types with your repository: org.springframework.data.keyvalue.repository.KeyValueRepository
2023-07-04 11:59:38 [main] INFO - Spring Data Redis - Could not safely identify store assignment for repository candidate interface club.p6e.cloud.test.infrastructure.repository.Oauth2ClientRepository; If you want this repository to be a Redis repository, consider annotating your entities with one of these annotations: org.springframework.data.redis.core.RedisHash (preferred), or consider extending one of the following types with your repository: org.springframework.data.keyvalue.repository.KeyValueRepository
2023-07-04 11:59:38 [main] INFO - Spring Data Redis - Could not safely identify store assignment for repository candidate interface club.p6e.cloud.test.infrastructure.repository.PermissionUrlGroupRelationUrlRepository; If you want this repository to be a Redis repository, consider annotating your entities with one of these annotations: org.springframework.data.redis.core.RedisHash (preferred), or consider extending one of the following types with your repository: org.springframework.data.keyvalue.repository.KeyValueRepository
2023-07-04 11:59:38 [main] INFO - Spring Data Redis - Could not safely identify store assignment for repository candidate interface club.p6e.cloud.test.infrastructure.repository.PermissionUrlGroupRepository; If you want this repository to be a Redis repository, consider annotating your entities with one of these annotations: org.springframework.data.redis.core.RedisHash (preferred), or consider extending one of the following types with your repository: org.springframework.data.keyvalue.repository.KeyValueRepository
2023-07-04 11:59:38 [main] INFO - Spring Data Redis - Could not safely identify store assignment for repository candidate interface club.p6e.cloud.test.infrastructure.repository.PermissionUrlRepository; If you want this repository to be a Redis repository, consider annotating your entities with one of these annotations: org.springframework.data.redis.core.RedisHash (preferred), or consider extending one of the following types with your repository: org.springframework.data.keyvalue.repository.KeyValueRepository
2023-07-04 11:59:38 [main] INFO - Spring Data Redis - Could not safely identify store assignment for repository candidate interface club.p6e.cloud.test.infrastructure.repository.UserAuthRepository; If you want this repository to be a Redis repository, consider annotating your entities with one of these annotations: org.springframework.data.redis.core.RedisHash (preferred), or consider extending one of the following types with your repository: org.springframework.data.keyvalue.repository.KeyValueRepository
2023-07-04 11:59:38 [main] INFO - Spring Data Redis - Could not safely identify store assignment for repository candidate interface club.p6e.cloud.test.infrastructure.repository.UserRepository; If you want this repository to be a Redis repository, consider annotating your entities with one of these annotations: org.springframework.data.redis.core.RedisHash (preferred), or consider extending one of the following types with your repository: org.springframework.data.keyvalue.repository.KeyValueRepository
2023-07-04 11:59:38 [main] INFO - Finished Spring Data repository scanning in 5 ms. Found 0 Redis repository interfaces.
2023-07-04 11:59:38 [main] INFO - Tomcat initialized with port(s): 9999 (http)
2023-07-04 11:59:38 [main] INFO - Initializing ProtocolHandler ["http-nio-9999"]
2023-07-04 11:59:38 [main] INFO - Starting service [Tomcat]
2023-07-04 11:59:38 [main] INFO - Starting Servlet engine: [Apache Tomcat/10.1.1]
2023-07-04 11:59:38 [main] INFO - Initializing Spring embedded WebApplicationContext
2023-07-04 11:59:38 [main] INFO - Root WebApplicationContext: initialization completed in 835 ms
2023-07-04 11:59:38 [main] INFO - Filter [ CrossDomainWebFilter ] init complete ... 
2023-07-04 11:59:38 [main] INFO - HikariPool-1 - Starting...
2023-07-04 11:59:39 [main] INFO - HikariPool-1 - Added connection org.postgresql.jdbc.PgConnection@4dd2ef54
2023-07-04 11:59:39 [main] INFO - HikariPool-1 - Start completed.
2023-07-04 11:59:39 [main] INFO - HHH000204: Processing PersistenceUnitInfo [name: default]
2023-07-04 11:59:39 [main] INFO - HHH000412: Hibernate ORM core version 6.1.5.Final
2023-07-04 11:59:39 [main] INFO - HHH000400: Using dialect: org.hibernate.dialect.PostgreSQLDialect
2023-07-04 11:59:40 [main] INFO - HHH000490: Using JtaPlatform implementation: [org.hibernate.engine.transaction.jta.platform.internal.NoJtaPlatform]
2023-07-04 11:59:40 [main] INFO - Initialized JPA EntityManagerFactory for persistence unit 'default'
2023-07-04 11:59:40 [main] INFO - Starting ProtocolHandler ["http-nio-9999"]
2023-07-04 11:59:40 [main] INFO - Tomcat started on port(s): 9999 (http) with context path ''
2023-07-04 11:59:40 [main] INFO - Started P6eCloudIndexApplication in 3.048 seconds (process running for 3.495)
2023-07-04 11:59:40 [main] INFO - smart construction application initialization complete ...
2023-07-04 12:01:20 [http-nio-9999-exec-1] INFO - Initializing Spring DispatcherServlet 'dispatcherServlet'
2023-07-04 12:01:20 [http-nio-9999-exec-1] INFO - Initializing Servlet 'dispatcherServlet'
2023-07-04 12:01:20 [http-nio-9999-exec-1] INFO - Completed initialization in 1 ms
2023-07-04 14:57:26 [SpringApplicationShutdownHook] INFO - Filter [ CrossDomainWebFilter ] destroy complete ... 
2023-07-04 14:57:26 [SpringApplicationShutdownHook] INFO - Closing JPA EntityManagerFactory for persistence unit 'default'
2023-07-04 14:57:26 [SpringApplicationShutdownHook] INFO - HikariPool-1 - Shutdown initiated...
2023-07-04 14:57:26 [SpringApplicationShutdownHook] INFO - HikariPool-1 - Shutdown completed.
