2023-06-27 12:24:19 [background-preinit] INFO - HV000001: Hibernate Validator 8.0.0.Final
2023-06-27 12:24:19 [main] INFO - Starting P6eCloudIndexApplication using Java 17.0.7 with PID 10884 (D:\CodeContents\github\p6e-coat\p6e-coat\p6e-coat-console\target\classes started by a1294 in D:\CodeContents\github\p6e-coat\p6e-coat)
2023-06-27 12:24:19 [main] INFO - No active profile set, falling back to 1 default profile: "default"
2023-06-27 12:24:19 [main] INFO - Multiple Spring Data modules found, entering strict repository configuration mode
2023-06-27 12:24:19 [main] INFO - Bootstrapping Spring Data JPA repositories in DEFAULT mode.
2023-06-27 12:24:19 [main] INFO - Finished Spring Data repository scanning in 103 ms. Found 9 JPA repository interfaces.
2023-06-27 12:24:19 [main] INFO - Multiple Spring Data modules found, entering strict repository configuration mode
2023-06-27 12:24:19 [main] INFO - Bootstrapping Spring Data Redis repositories in DEFAULT mode.
2023-06-27 12:24:20 [main] INFO - Spring Data Redis - Could not safely identify store assignment for repository candidate interface club.p6e.cloud.test.infrastructure.repository.ConfigRepository; If you want this repository to be a Redis repository, consider annotating your entities with one of these annotations: org.springframework.data.redis.core.RedisHash (preferred), or consider extending one of the following types with your repository: org.springframework.data.keyvalue.repository.KeyValueRepository
2023-06-27 12:24:20 [main] INFO - Spring Data Redis - Could not safely identify store assignment for repository candidate interface club.p6e.cloud.test.infrastructure.repository.DictionaryRepository; If you want this repository to be a Redis repository, consider annotating your entities with one of these annotations: org.springframework.data.redis.core.RedisHash (preferred), or consider extending one of the following types with your repository: org.springframework.data.keyvalue.repository.KeyValueRepository
2023-06-27 12:24:20 [main] INFO - Spring Data Redis - Could not safely identify store assignment for repository candidate interface club.p6e.cloud.test.infrastructure.repository.FileUploadChunkRepository; If you want this repository to be a Redis repository, consider annotating your entities with one of these annotations: org.springframework.data.redis.core.RedisHash (preferred), or consider extending one of the following types with your repository: org.springframework.data.keyvalue.repository.KeyValueRepository
2023-06-27 12:24:20 [main] INFO - Spring Data Redis - Could not safely identify store assignment for repository candidate interface club.p6e.cloud.test.infrastructure.repository.FileUploadRepository; If you want this repository to be a Redis repository, consider annotating your entities with one of these annotations: org.springframework.data.redis.core.RedisHash (preferred), or consider extending one of the following types with your repository: org.springframework.data.keyvalue.repository.KeyValueRepository
2023-06-27 12:24:20 [main] INFO - Spring Data Redis - Could not safely identify store assignment for repository candidate interface club.p6e.cloud.test.infrastructure.repository.PermissionUrlGroupRelationUrlRepository; If you want this repository to be a Redis repository, consider annotating your entities with one of these annotations: org.springframework.data.redis.core.RedisHash (preferred), or consider extending one of the following types with your repository: org.springframework.data.keyvalue.repository.KeyValueRepository
2023-06-27 12:24:20 [main] INFO - Spring Data Redis - Could not safely identify store assignment for repository candidate interface club.p6e.cloud.test.infrastructure.repository.PermissionUrlGroupRepository; If you want this repository to be a Redis repository, consider annotating your entities with one of these annotations: org.springframework.data.redis.core.RedisHash (preferred), or consider extending one of the following types with your repository: org.springframework.data.keyvalue.repository.KeyValueRepository
2023-06-27 12:24:20 [main] INFO - Spring Data Redis - Could not safely identify store assignment for repository candidate interface club.p6e.cloud.test.infrastructure.repository.PermissionUrlRepository; If you want this repository to be a Redis repository, consider annotating your entities with one of these annotations: org.springframework.data.redis.core.RedisHash (preferred), or consider extending one of the following types with your repository: org.springframework.data.keyvalue.repository.KeyValueRepository
2023-06-27 12:24:20 [main] INFO - Spring Data Redis - Could not safely identify store assignment for repository candidate interface club.p6e.cloud.test.infrastructure.repository.UserAuthRepository; If you want this repository to be a Redis repository, consider annotating your entities with one of these annotations: org.springframework.data.redis.core.RedisHash (preferred), or consider extending one of the following types with your repository: org.springframework.data.keyvalue.repository.KeyValueRepository
2023-06-27 12:24:20 [main] INFO - Spring Data Redis - Could not safely identify store assignment for repository candidate interface club.p6e.cloud.test.infrastructure.repository.UserRepository; If you want this repository to be a Redis repository, consider annotating your entities with one of these annotations: org.springframework.data.redis.core.RedisHash (preferred), or consider extending one of the following types with your repository: org.springframework.data.keyvalue.repository.KeyValueRepository
2023-06-27 12:24:20 [main] INFO - Finished Spring Data repository scanning in 5 ms. Found 0 Redis repository interfaces.
2023-06-27 12:24:20 [main] INFO - Tomcat initialized with port(s): 9999 (http)
2023-06-27 12:24:20 [main] INFO - Initializing ProtocolHandler ["http-nio-9999"]
2023-06-27 12:24:20 [main] INFO - Starting service [Tomcat]
2023-06-27 12:24:20 [main] INFO - Starting Servlet engine: [Apache Tomcat/10.1.1]
2023-06-27 12:24:20 [main] INFO - Initializing Spring embedded WebApplicationContext
2023-06-27 12:24:20 [main] INFO - Root WebApplicationContext: initialization completed in 836 ms
2023-06-27 12:24:20 [main] INFO - Filter [ CrossDomainWebFilter ] init complete ... 
2023-06-27 12:24:20 [main] INFO - HikariPool-1 - Starting...
2023-06-27 12:24:20 [main] INFO - HikariPool-1 - Added connection org.postgresql.jdbc.PgConnection@5bf4764d
2023-06-27 12:24:20 [main] INFO - HikariPool-1 - Start completed.
2023-06-27 12:24:20 [main] INFO - HHH000204: Processing PersistenceUnitInfo [name: default]
2023-06-27 12:24:20 [main] INFO - HHH000412: Hibernate ORM core version 6.1.5.Final
2023-06-27 12:24:20 [main] WARN - HHH90000021: Encountered deprecated setting [javax.persistence.sharedCache.mode], use [jakarta.persistence.sharedCache.mode] instead
2023-06-27 12:24:20 [main] INFO - HHH000400: Using dialect: org.hibernate.dialect.PostgreSQLDialect
2023-06-27 12:24:21 [main] ERROR - Failed to initialize JPA EntityManagerFactory: [PersistenceUnit: default] Unable to build Hibernate SessionFactory; nested exception is org.hibernate.MappingException: Column 'client_id' is duplicated in mapping for entity 'club.p6e.cloud.test.infrastructure.model.Oauth2ClientModel' (use '@Column(insertable=false, updatable=false)' when mapping multiple properties to the same column)
2023-06-27 12:24:21 [main] WARN - Exception encountered during context initialization - cancelling refresh attempt: org.springframework.beans.factory.BeanCreationException: Error creating bean with name 'entityManagerFactory' defined in class path resource [org/springframework/boot/autoconfigure/orm/jpa/HibernateJpaConfiguration.class]: [PersistenceUnit: default] Unable to build Hibernate SessionFactory; nested exception is org.hibernate.MappingException: Column 'client_id' is duplicated in mapping for entity 'club.p6e.cloud.test.infrastructure.model.Oauth2ClientModel' (use '@Column(insertable=false, updatable=false)' when mapping multiple properties to the same column)
2023-06-27 12:24:21 [main] INFO - HikariPool-1 - Shutdown initiated...
2023-06-27 12:24:21 [main] INFO - HikariPool-1 - Shutdown completed.
2023-06-27 12:24:21 [main] INFO - Stopping service [Tomcat]
2023-06-27 12:24:21 [main] INFO - Filter [ CrossDomainWebFilter ] destroy complete ... 
2023-06-27 12:24:21 [main] INFO - 

Error starting ApplicationContext. To display the condition evaluation report re-run your application with 'debug' enabled.
2023-06-27 12:24:21 [main] ERROR - Application run failed
org.springframework.beans.factory.BeanCreationException: Error creating bean with name 'entityManagerFactory' defined in class path resource [org/springframework/boot/autoconfigure/orm/jpa/HibernateJpaConfiguration.class]: [PersistenceUnit: default] Unable to build Hibernate SessionFactory; nested exception is org.hibernate.MappingException: Column 'client_id' is duplicated in mapping for entity 'club.p6e.cloud.test.infrastructure.model.Oauth2ClientModel' (use '@Column(insertable=false, updatable=false)' when mapping multiple properties to the same column)
	at org.springframework.beans.factory.support.AbstractAutowireCapableBeanFactory.initializeBean(AbstractAutowireCapableBeanFactory.java:1751) ~[spring-beans-6.0.2.jar:6.0.2]
	at org.springframework.beans.factory.support.AbstractAutowireCapableBeanFactory.doCreateBean(AbstractAutowireCapableBeanFactory.java:599) ~[spring-beans-6.0.2.jar:6.0.2]
	at org.springframework.beans.factory.support.AbstractAutowireCapableBeanFactory.createBean(AbstractAutowireCapableBeanFactory.java:521) ~[spring-beans-6.0.2.jar:6.0.2]
	at org.springframework.beans.factory.support.AbstractBeanFactory.lambda$doGetBean$0(AbstractBeanFactory.java:326) ~[spring-beans-6.0.2.jar:6.0.2]
	at org.springframework.beans.factory.support.DefaultSingletonBeanRegistry.getSingleton(DefaultSingletonBeanRegistry.java:234) ~[spring-beans-6.0.2.jar:6.0.2]
	at org.springframework.beans.factory.support.AbstractBeanFactory.doGetBean(AbstractBeanFactory.java:324) ~[spring-beans-6.0.2.jar:6.0.2]
	at org.springframework.beans.factory.support.AbstractBeanFactory.getBean(AbstractBeanFactory.java:200) ~[spring-beans-6.0.2.jar:6.0.2]
	at org.springframework.context.support.AbstractApplicationContext.getBean(AbstractApplicationContext.java:1130) ~[spring-context-6.0.2.jar:6.0.2]
	at org.springframework.context.support.AbstractApplicationContext.finishBeanFactoryInitialization(AbstractApplicationContext.java:905) ~[spring-context-6.0.2.jar:6.0.2]
	at org.springframework.context.support.AbstractApplicationContext.refresh(AbstractApplicationContext.java:584) ~[spring-context-6.0.2.jar:6.0.2]
	at org.springframework.boot.web.servlet.context.ServletWebServerApplicationContext.refresh(ServletWebServerApplicationContext.java:146) ~[spring-boot-3.0.0.jar:3.0.0]
	at org.springframework.boot.SpringApplication.refresh(SpringApplication.java:730) ~[spring-boot-3.0.0.jar:3.0.0]
	at org.springframework.boot.SpringApplication.refreshContext(SpringApplication.java:432) ~[spring-boot-3.0.0.jar:3.0.0]
	at org.springframework.boot.SpringApplication.run(SpringApplication.java:308) ~[spring-boot-3.0.0.jar:3.0.0]
	at org.springframework.boot.SpringApplication.run(SpringApplication.java:1302) ~[spring-boot-3.0.0.jar:3.0.0]
	at org.springframework.boot.SpringApplication.run(SpringApplication.java:1291) ~[spring-boot-3.0.0.jar:3.0.0]
	at club.p6e.cloud.test.P6eCloudIndexApplication.main(P6eCloudIndexApplication.java:14) ~[classes/:na]
Caused by: jakarta.persistence.PersistenceException: [PersistenceUnit: default] Unable to build Hibernate SessionFactory; nested exception is org.hibernate.MappingException: Column 'client_id' is duplicated in mapping for entity 'club.p6e.cloud.test.infrastructure.model.Oauth2ClientModel' (use '@Column(insertable=false, updatable=false)' when mapping multiple properties to the same column)
	at org.springframework.orm.jpa.AbstractEntityManagerFactoryBean.buildNativeEntityManagerFactory(AbstractEntityManagerFactoryBean.java:421) ~[spring-orm-6.0.2.jar:6.0.2]
	at org.springframework.orm.jpa.AbstractEntityManagerFactoryBean.afterPropertiesSet(AbstractEntityManagerFactoryBean.java:396) ~[spring-orm-6.0.2.jar:6.0.2]
	at org.springframework.orm.jpa.LocalContainerEntityManagerFactoryBean.afterPropertiesSet(LocalContainerEntityManagerFactoryBean.java:352) ~[spring-orm-6.0.2.jar:6.0.2]
	at org.springframework.beans.factory.support.AbstractAutowireCapableBeanFactory.invokeInitMethods(AbstractAutowireCapableBeanFactory.java:1797) ~[spring-beans-6.0.2.jar:6.0.2]
	at org.springframework.beans.factory.support.AbstractAutowireCapableBeanFactory.initializeBean(AbstractAutowireCapableBeanFactory.java:1747) ~[spring-beans-6.0.2.jar:6.0.2]
	... 16 common frames omitted
Caused by: org.hibernate.MappingException: Column 'client_id' is duplicated in mapping for entity 'club.p6e.cloud.test.infrastructure.model.Oauth2ClientModel' (use '@Column(insertable=false, updatable=false)' when mapping multiple properties to the same column)
	at org.hibernate.mapping.PersistentClass.checkColumnDuplication(PersistentClass.java:1009) ~[hibernate-core-6.1.5.Final.jar:6.1.5.Final]
	at org.hibernate.mapping.PersistentClass.checkPropertyColumnDuplication(PersistentClass.java:1027) ~[hibernate-core-6.1.5.Final.jar:6.1.5.Final]
	at org.hibernate.mapping.PersistentClass.checkColumnDuplication(PersistentClass.java:1055) ~[hibernate-core-6.1.5.Final.jar:6.1.5.Final]
	at org.hibernate.mapping.PersistentClass.validate(PersistentClass.java:720) ~[hibernate-core-6.1.5.Final.jar:6.1.5.Final]
	at org.hibernate.mapping.RootClass.validate(RootClass.java:283) ~[hibernate-core-6.1.5.Final.jar:6.1.5.Final]
	at org.hibernate.boot.internal.MetadataImpl.validate(MetadataImpl.java:376) ~[hibernate-core-6.1.5.Final.jar:6.1.5.Final]
	at org.hibernate.internal.SessionFactoryImpl.<init>(SessionFactoryImpl.java:299) ~[hibernate-core-6.1.5.Final.jar:6.1.5.Final]
	at org.hibernate.boot.internal.SessionFactoryBuilderImpl.build(SessionFactoryBuilderImpl.java:415) ~[hibernate-core-6.1.5.Final.jar:6.1.5.Final]
	at org.hibernate.jpa.boot.internal.EntityManagerFactoryBuilderImpl.build(EntityManagerFactoryBuilderImpl.java:1425) ~[hibernate-core-6.1.5.Final.jar:6.1.5.Final]
	at org.springframework.orm.jpa.vendor.SpringHibernateJpaPersistenceProvider.createContainerEntityManagerFactory(SpringHibernateJpaPersistenceProvider.java:66) ~[spring-orm-6.0.2.jar:6.0.2]
	at org.springframework.orm.jpa.LocalContainerEntityManagerFactoryBean.createNativeEntityManagerFactory(LocalContainerEntityManagerFactoryBean.java:376) ~[spring-orm-6.0.2.jar:6.0.2]
	at org.springframework.orm.jpa.AbstractEntityManagerFactoryBean.buildNativeEntityManagerFactory(AbstractEntityManagerFactoryBean.java:409) ~[spring-orm-6.0.2.jar:6.0.2]
	... 20 common frames omitted
2023-06-27 12:25:08 [background-preinit] INFO - HV000001: Hibernate Validator 8.0.0.Final
2023-06-27 12:25:08 [main] INFO - Starting P6eCloudIndexApplication using Java 17.0.7 with PID 18716 (D:\CodeContents\github\p6e-coat\p6e-coat\p6e-coat-console\target\classes started by a1294 in D:\CodeContents\github\p6e-coat\p6e-coat)
2023-06-27 12:25:08 [main] INFO - No active profile set, falling back to 1 default profile: "default"
2023-06-27 12:25:08 [main] INFO - Multiple Spring Data modules found, entering strict repository configuration mode
2023-06-27 12:25:08 [main] INFO - Bootstrapping Spring Data JPA repositories in DEFAULT mode.
2023-06-27 12:25:08 [main] INFO - Finished Spring Data repository scanning in 97 ms. Found 9 JPA repository interfaces.
2023-06-27 12:25:08 [main] INFO - Multiple Spring Data modules found, entering strict repository configuration mode
2023-06-27 12:25:08 [main] INFO - Bootstrapping Spring Data Redis repositories in DEFAULT mode.
2023-06-27 12:25:08 [main] INFO - Spring Data Redis - Could not safely identify store assignment for repository candidate interface club.p6e.cloud.test.infrastructure.repository.ConfigRepository; If you want this repository to be a Redis repository, consider annotating your entities with one of these annotations: org.springframework.data.redis.core.RedisHash (preferred), or consider extending one of the following types with your repository: org.springframework.data.keyvalue.repository.KeyValueRepository
2023-06-27 12:25:08 [main] INFO - Spring Data Redis - Could not safely identify store assignment for repository candidate interface club.p6e.cloud.test.infrastructure.repository.DictionaryRepository; If you want this repository to be a Redis repository, consider annotating your entities with one of these annotations: org.springframework.data.redis.core.RedisHash (preferred), or consider extending one of the following types with your repository: org.springframework.data.keyvalue.repository.KeyValueRepository
2023-06-27 12:25:08 [main] INFO - Spring Data Redis - Could not safely identify store assignment for repository candidate interface club.p6e.cloud.test.infrastructure.repository.FileUploadChunkRepository; If you want this repository to be a Redis repository, consider annotating your entities with one of these annotations: org.springframework.data.redis.core.RedisHash (preferred), or consider extending one of the following types with your repository: org.springframework.data.keyvalue.repository.KeyValueRepository
2023-06-27 12:25:08 [main] INFO - Spring Data Redis - Could not safely identify store assignment for repository candidate interface club.p6e.cloud.test.infrastructure.repository.FileUploadRepository; If you want this repository to be a Redis repository, consider annotating your entities with one of these annotations: org.springframework.data.redis.core.RedisHash (preferred), or consider extending one of the following types with your repository: org.springframework.data.keyvalue.repository.KeyValueRepository
2023-06-27 12:25:08 [main] INFO - Spring Data Redis - Could not safely identify store assignment for repository candidate interface club.p6e.cloud.test.infrastructure.repository.PermissionUrlGroupRelationUrlRepository; If you want this repository to be a Redis repository, consider annotating your entities with one of these annotations: org.springframework.data.redis.core.RedisHash (preferred), or consider extending one of the following types with your repository: org.springframework.data.keyvalue.repository.KeyValueRepository
2023-06-27 12:25:08 [main] INFO - Spring Data Redis - Could not safely identify store assignment for repository candidate interface club.p6e.cloud.test.infrastructure.repository.PermissionUrlGroupRepository; If you want this repository to be a Redis repository, consider annotating your entities with one of these annotations: org.springframework.data.redis.core.RedisHash (preferred), or consider extending one of the following types with your repository: org.springframework.data.keyvalue.repository.KeyValueRepository
2023-06-27 12:25:08 [main] INFO - Spring Data Redis - Could not safely identify store assignment for repository candidate interface club.p6e.cloud.test.infrastructure.repository.PermissionUrlRepository; If you want this repository to be a Redis repository, consider annotating your entities with one of these annotations: org.springframework.data.redis.core.RedisHash (preferred), or consider extending one of the following types with your repository: org.springframework.data.keyvalue.repository.KeyValueRepository
2023-06-27 12:25:08 [main] INFO - Spring Data Redis - Could not safely identify store assignment for repository candidate interface club.p6e.cloud.test.infrastructure.repository.UserAuthRepository; If you want this repository to be a Redis repository, consider annotating your entities with one of these annotations: org.springframework.data.redis.core.RedisHash (preferred), or consider extending one of the following types with your repository: org.springframework.data.keyvalue.repository.KeyValueRepository
2023-06-27 12:25:08 [main] INFO - Spring Data Redis - Could not safely identify store assignment for repository candidate interface club.p6e.cloud.test.infrastructure.repository.UserRepository; If you want this repository to be a Redis repository, consider annotating your entities with one of these annotations: org.springframework.data.redis.core.RedisHash (preferred), or consider extending one of the following types with your repository: org.springframework.data.keyvalue.repository.KeyValueRepository
2023-06-27 12:25:08 [main] INFO - Finished Spring Data repository scanning in 5 ms. Found 0 Redis repository interfaces.
2023-06-27 12:25:09 [main] INFO - Tomcat initialized with port(s): 9999 (http)
2023-06-27 12:25:09 [main] INFO - Initializing ProtocolHandler ["http-nio-9999"]
2023-06-27 12:25:09 [main] INFO - Starting service [Tomcat]
2023-06-27 12:25:09 [main] INFO - Starting Servlet engine: [Apache Tomcat/10.1.1]
2023-06-27 12:25:09 [main] INFO - Initializing Spring embedded WebApplicationContext
2023-06-27 12:25:09 [main] INFO - Root WebApplicationContext: initialization completed in 772 ms
2023-06-27 12:25:09 [main] INFO - Filter [ CrossDomainWebFilter ] init complete ... 
2023-06-27 12:25:09 [main] INFO - HikariPool-1 - Starting...
2023-06-27 12:25:09 [main] INFO - HikariPool-1 - Added connection org.postgresql.jdbc.PgConnection@d36c1c3
2023-06-27 12:25:09 [main] INFO - HikariPool-1 - Start completed.
2023-06-27 12:25:09 [main] INFO - HHH000204: Processing PersistenceUnitInfo [name: default]
2023-06-27 12:25:09 [main] INFO - HHH000412: Hibernate ORM core version 6.1.5.Final
2023-06-27 12:25:09 [main] WARN - HHH90000021: Encountered deprecated setting [javax.persistence.sharedCache.mode], use [jakarta.persistence.sharedCache.mode] instead
2023-06-27 12:25:09 [main] INFO - HHH000400: Using dialect: org.hibernate.dialect.PostgreSQLDialect
2023-06-27 12:25:10 [main] ERROR - Failed to initialize JPA EntityManagerFactory: [PersistenceUnit: default] Unable to build Hibernate SessionFactory; nested exception is org.hibernate.MappingException: Column 'client_id' is duplicated in mapping for entity 'club.p6e.cloud.test.infrastructure.model.Oauth2ClientModel' (use '@Column(insertable=false, updatable=false)' when mapping multiple properties to the same column)
2023-06-27 12:25:10 [main] WARN - Exception encountered during context initialization - cancelling refresh attempt: org.springframework.beans.factory.BeanCreationException: Error creating bean with name 'entityManagerFactory' defined in class path resource [org/springframework/boot/autoconfigure/orm/jpa/HibernateJpaConfiguration.class]: [PersistenceUnit: default] Unable to build Hibernate SessionFactory; nested exception is org.hibernate.MappingException: Column 'client_id' is duplicated in mapping for entity 'club.p6e.cloud.test.infrastructure.model.Oauth2ClientModel' (use '@Column(insertable=false, updatable=false)' when mapping multiple properties to the same column)
2023-06-27 12:25:10 [main] INFO - HikariPool-1 - Shutdown initiated...
2023-06-27 12:25:10 [main] INFO - HikariPool-1 - Shutdown completed.
2023-06-27 12:25:10 [main] INFO - Stopping service [Tomcat]
2023-06-27 12:25:10 [main] INFO - Filter [ CrossDomainWebFilter ] destroy complete ... 
2023-06-27 12:25:10 [main] INFO - 

Error starting ApplicationContext. To display the condition evaluation report re-run your application with 'debug' enabled.
2023-06-27 12:25:10 [main] ERROR - Application run failed
org.springframework.beans.factory.BeanCreationException: Error creating bean with name 'entityManagerFactory' defined in class path resource [org/springframework/boot/autoconfigure/orm/jpa/HibernateJpaConfiguration.class]: [PersistenceUnit: default] Unable to build Hibernate SessionFactory; nested exception is org.hibernate.MappingException: Column 'client_id' is duplicated in mapping for entity 'club.p6e.cloud.test.infrastructure.model.Oauth2ClientModel' (use '@Column(insertable=false, updatable=false)' when mapping multiple properties to the same column)
	at org.springframework.beans.factory.support.AbstractAutowireCapableBeanFactory.initializeBean(AbstractAutowireCapableBeanFactory.java:1751) ~[spring-beans-6.0.2.jar:6.0.2]
	at org.springframework.beans.factory.support.AbstractAutowireCapableBeanFactory.doCreateBean(AbstractAutowireCapableBeanFactory.java:599) ~[spring-beans-6.0.2.jar:6.0.2]
	at org.springframework.beans.factory.support.AbstractAutowireCapableBeanFactory.createBean(AbstractAutowireCapableBeanFactory.java:521) ~[spring-beans-6.0.2.jar:6.0.2]
	at org.springframework.beans.factory.support.AbstractBeanFactory.lambda$doGetBean$0(AbstractBeanFactory.java:326) ~[spring-beans-6.0.2.jar:6.0.2]
	at org.springframework.beans.factory.support.DefaultSingletonBeanRegistry.getSingleton(DefaultSingletonBeanRegistry.java:234) ~[spring-beans-6.0.2.jar:6.0.2]
	at org.springframework.beans.factory.support.AbstractBeanFactory.doGetBean(AbstractBeanFactory.java:324) ~[spring-beans-6.0.2.jar:6.0.2]
	at org.springframework.beans.factory.support.AbstractBeanFactory.getBean(AbstractBeanFactory.java:200) ~[spring-beans-6.0.2.jar:6.0.2]
	at org.springframework.context.support.AbstractApplicationContext.getBean(AbstractApplicationContext.java:1130) ~[spring-context-6.0.2.jar:6.0.2]
	at org.springframework.context.support.AbstractApplicationContext.finishBeanFactoryInitialization(AbstractApplicationContext.java:905) ~[spring-context-6.0.2.jar:6.0.2]
	at org.springframework.context.support.AbstractApplicationContext.refresh(AbstractApplicationContext.java:584) ~[spring-context-6.0.2.jar:6.0.2]
	at org.springframework.boot.web.servlet.context.ServletWebServerApplicationContext.refresh(ServletWebServerApplicationContext.java:146) ~[spring-boot-3.0.0.jar:3.0.0]
	at org.springframework.boot.SpringApplication.refresh(SpringApplication.java:730) ~[spring-boot-3.0.0.jar:3.0.0]
	at org.springframework.boot.SpringApplication.refreshContext(SpringApplication.java:432) ~[spring-boot-3.0.0.jar:3.0.0]
	at org.springframework.boot.SpringApplication.run(SpringApplication.java:308) ~[spring-boot-3.0.0.jar:3.0.0]
	at org.springframework.boot.SpringApplication.run(SpringApplication.java:1302) ~[spring-boot-3.0.0.jar:3.0.0]
	at org.springframework.boot.SpringApplication.run(SpringApplication.java:1291) ~[spring-boot-3.0.0.jar:3.0.0]
	at club.p6e.cloud.test.P6eCloudIndexApplication.main(P6eCloudIndexApplication.java:14) ~[classes/:na]
Caused by: jakarta.persistence.PersistenceException: [PersistenceUnit: default] Unable to build Hibernate SessionFactory; nested exception is org.hibernate.MappingException: Column 'client_id' is duplicated in mapping for entity 'club.p6e.cloud.test.infrastructure.model.Oauth2ClientModel' (use '@Column(insertable=false, updatable=false)' when mapping multiple properties to the same column)
	at org.springframework.orm.jpa.AbstractEntityManagerFactoryBean.buildNativeEntityManagerFactory(AbstractEntityManagerFactoryBean.java:421) ~[spring-orm-6.0.2.jar:6.0.2]
	at org.springframework.orm.jpa.AbstractEntityManagerFactoryBean.afterPropertiesSet(AbstractEntityManagerFactoryBean.java:396) ~[spring-orm-6.0.2.jar:6.0.2]
	at org.springframework.orm.jpa.LocalContainerEntityManagerFactoryBean.afterPropertiesSet(LocalContainerEntityManagerFactoryBean.java:352) ~[spring-orm-6.0.2.jar:6.0.2]
	at org.springframework.beans.factory.support.AbstractAutowireCapableBeanFactory.invokeInitMethods(AbstractAutowireCapableBeanFactory.java:1797) ~[spring-beans-6.0.2.jar:6.0.2]
	at org.springframework.beans.factory.support.AbstractAutowireCapableBeanFactory.initializeBean(AbstractAutowireCapableBeanFactory.java:1747) ~[spring-beans-6.0.2.jar:6.0.2]
	... 16 common frames omitted
Caused by: org.hibernate.MappingException: Column 'client_id' is duplicated in mapping for entity 'club.p6e.cloud.test.infrastructure.model.Oauth2ClientModel' (use '@Column(insertable=false, updatable=false)' when mapping multiple properties to the same column)
	at org.hibernate.mapping.PersistentClass.checkColumnDuplication(PersistentClass.java:1009) ~[hibernate-core-6.1.5.Final.jar:6.1.5.Final]
	at org.hibernate.mapping.PersistentClass.checkPropertyColumnDuplication(PersistentClass.java:1027) ~[hibernate-core-6.1.5.Final.jar:6.1.5.Final]
	at org.hibernate.mapping.PersistentClass.checkColumnDuplication(PersistentClass.java:1055) ~[hibernate-core-6.1.5.Final.jar:6.1.5.Final]
	at org.hibernate.mapping.PersistentClass.validate(PersistentClass.java:720) ~[hibernate-core-6.1.5.Final.jar:6.1.5.Final]
	at org.hibernate.mapping.RootClass.validate(RootClass.java:283) ~[hibernate-core-6.1.5.Final.jar:6.1.5.Final]
	at org.hibernate.boot.internal.MetadataImpl.validate(MetadataImpl.java:376) ~[hibernate-core-6.1.5.Final.jar:6.1.5.Final]
	at org.hibernate.internal.SessionFactoryImpl.<init>(SessionFactoryImpl.java:299) ~[hibernate-core-6.1.5.Final.jar:6.1.5.Final]
	at org.hibernate.boot.internal.SessionFactoryBuilderImpl.build(SessionFactoryBuilderImpl.java:415) ~[hibernate-core-6.1.5.Final.jar:6.1.5.Final]
	at org.hibernate.jpa.boot.internal.EntityManagerFactoryBuilderImpl.build(EntityManagerFactoryBuilderImpl.java:1425) ~[hibernate-core-6.1.5.Final.jar:6.1.5.Final]
	at org.springframework.orm.jpa.vendor.SpringHibernateJpaPersistenceProvider.createContainerEntityManagerFactory(SpringHibernateJpaPersistenceProvider.java:66) ~[spring-orm-6.0.2.jar:6.0.2]
	at org.springframework.orm.jpa.LocalContainerEntityManagerFactoryBean.createNativeEntityManagerFactory(LocalContainerEntityManagerFactoryBean.java:376) ~[spring-orm-6.0.2.jar:6.0.2]
	at org.springframework.orm.jpa.AbstractEntityManagerFactoryBean.buildNativeEntityManagerFactory(AbstractEntityManagerFactoryBean.java:409) ~[spring-orm-6.0.2.jar:6.0.2]
	... 20 common frames omitted
2023-06-27 12:27:50 [background-preinit] INFO - HV000001: Hibernate Validator 8.0.0.Final
2023-06-27 12:27:50 [main] INFO - Starting P6eCloudIndexApplication using Java 17.0.7 with PID 15348 (D:\CodeContents\github\p6e-coat\p6e-coat\p6e-coat-console\target\classes started by a1294 in D:\CodeContents\github\p6e-coat\p6e-coat)
2023-06-27 12:27:50 [main] INFO - No active profile set, falling back to 1 default profile: "default"
2023-06-27 12:27:50 [main] INFO - Multiple Spring Data modules found, entering strict repository configuration mode
2023-06-27 12:27:50 [main] INFO - Bootstrapping Spring Data JPA repositories in DEFAULT mode.
2023-06-27 12:27:50 [main] INFO - Finished Spring Data repository scanning in 98 ms. Found 9 JPA repository interfaces.
2023-06-27 12:27:50 [main] INFO - Multiple Spring Data modules found, entering strict repository configuration mode
2023-06-27 12:27:50 [main] INFO - Bootstrapping Spring Data Redis repositories in DEFAULT mode.
2023-06-27 12:27:50 [main] INFO - Spring Data Redis - Could not safely identify store assignment for repository candidate interface club.p6e.cloud.test.infrastructure.repository.ConfigRepository; If you want this repository to be a Redis repository, consider annotating your entities with one of these annotations: org.springframework.data.redis.core.RedisHash (preferred), or consider extending one of the following types with your repository: org.springframework.data.keyvalue.repository.KeyValueRepository
2023-06-27 12:27:50 [main] INFO - Spring Data Redis - Could not safely identify store assignment for repository candidate interface club.p6e.cloud.test.infrastructure.repository.DictionaryRepository; If you want this repository to be a Redis repository, consider annotating your entities with one of these annotations: org.springframework.data.redis.core.RedisHash (preferred), or consider extending one of the following types with your repository: org.springframework.data.keyvalue.repository.KeyValueRepository
2023-06-27 12:27:50 [main] INFO - Spring Data Redis - Could not safely identify store assignment for repository candidate interface club.p6e.cloud.test.infrastructure.repository.FileUploadChunkRepository; If you want this repository to be a Redis repository, consider annotating your entities with one of these annotations: org.springframework.data.redis.core.RedisHash (preferred), or consider extending one of the following types with your repository: org.springframework.data.keyvalue.repository.KeyValueRepository
2023-06-27 12:27:50 [main] INFO - Spring Data Redis - Could not safely identify store assignment for repository candidate interface club.p6e.cloud.test.infrastructure.repository.FileUploadRepository; If you want this repository to be a Redis repository, consider annotating your entities with one of these annotations: org.springframework.data.redis.core.RedisHash (preferred), or consider extending one of the following types with your repository: org.springframework.data.keyvalue.repository.KeyValueRepository
2023-06-27 12:27:50 [main] INFO - Spring Data Redis - Could not safely identify store assignment for repository candidate interface club.p6e.cloud.test.infrastructure.repository.PermissionUrlGroupRelationUrlRepository; If you want this repository to be a Redis repository, consider annotating your entities with one of these annotations: org.springframework.data.redis.core.RedisHash (preferred), or consider extending one of the following types with your repository: org.springframework.data.keyvalue.repository.KeyValueRepository
2023-06-27 12:27:50 [main] INFO - Spring Data Redis - Could not safely identify store assignment for repository candidate interface club.p6e.cloud.test.infrastructure.repository.PermissionUrlGroupRepository; If you want this repository to be a Redis repository, consider annotating your entities with one of these annotations: org.springframework.data.redis.core.RedisHash (preferred), or consider extending one of the following types with your repository: org.springframework.data.keyvalue.repository.KeyValueRepository
2023-06-27 12:27:50 [main] INFO - Spring Data Redis - Could not safely identify store assignment for repository candidate interface club.p6e.cloud.test.infrastructure.repository.PermissionUrlRepository; If you want this repository to be a Redis repository, consider annotating your entities with one of these annotations: org.springframework.data.redis.core.RedisHash (preferred), or consider extending one of the following types with your repository: org.springframework.data.keyvalue.repository.KeyValueRepository
2023-06-27 12:27:50 [main] INFO - Spring Data Redis - Could not safely identify store assignment for repository candidate interface club.p6e.cloud.test.infrastructure.repository.UserAuthRepository; If you want this repository to be a Redis repository, consider annotating your entities with one of these annotations: org.springframework.data.redis.core.RedisHash (preferred), or consider extending one of the following types with your repository: org.springframework.data.keyvalue.repository.KeyValueRepository
2023-06-27 12:27:50 [main] INFO - Spring Data Redis - Could not safely identify store assignment for repository candidate interface club.p6e.cloud.test.infrastructure.repository.UserRepository; If you want this repository to be a Redis repository, consider annotating your entities with one of these annotations: org.springframework.data.redis.core.RedisHash (preferred), or consider extending one of the following types with your repository: org.springframework.data.keyvalue.repository.KeyValueRepository
2023-06-27 12:27:50 [main] INFO - Finished Spring Data repository scanning in 4 ms. Found 0 Redis repository interfaces.
2023-06-27 12:27:50 [main] INFO - Tomcat initialized with port(s): 9999 (http)
2023-06-27 12:27:50 [main] INFO - Initializing ProtocolHandler ["http-nio-9999"]
2023-06-27 12:27:50 [main] INFO - Starting service [Tomcat]
2023-06-27 12:27:50 [main] INFO - Starting Servlet engine: [Apache Tomcat/10.1.1]
2023-06-27 12:27:50 [main] INFO - Initializing Spring embedded WebApplicationContext
2023-06-27 12:27:50 [main] INFO - Root WebApplicationContext: initialization completed in 781 ms
2023-06-27 12:27:50 [main] INFO - Filter [ CrossDomainWebFilter ] init complete ... 
2023-06-27 12:27:50 [main] INFO - HikariPool-1 - Starting...
2023-06-27 12:27:51 [main] INFO - HikariPool-1 - Added connection org.postgresql.jdbc.PgConnection@4dd2ef54
2023-06-27 12:27:51 [main] INFO - HikariPool-1 - Start completed.
2023-06-27 12:27:51 [main] INFO - HHH000204: Processing PersistenceUnitInfo [name: default]
2023-06-27 12:27:51 [main] INFO - HHH000412: Hibernate ORM core version 6.1.5.Final
2023-06-27 12:27:51 [main] WARN - HHH90000021: Encountered deprecated setting [javax.persistence.sharedCache.mode], use [jakarta.persistence.sharedCache.mode] instead
2023-06-27 12:27:51 [main] INFO - HHH000400: Using dialect: org.hibernate.dialect.PostgreSQLDialect
2023-06-27 12:27:51 [main] ERROR - Failed to initialize JPA EntityManagerFactory: [PersistenceUnit: default] Unable to build Hibernate SessionFactory; nested exception is org.hibernate.MappingException: Column 'client_id' is duplicated in mapping for entity 'club.p6e.cloud.test.infrastructure.model.Oauth2ClientModel' (use '@Column(insertable=false, updatable=false)' when mapping multiple properties to the same column)
2023-06-27 12:27:51 [main] WARN - Exception encountered during context initialization - cancelling refresh attempt: org.springframework.beans.factory.BeanCreationException: Error creating bean with name 'entityManagerFactory' defined in class path resource [org/springframework/boot/autoconfigure/orm/jpa/HibernateJpaConfiguration.class]: [PersistenceUnit: default] Unable to build Hibernate SessionFactory; nested exception is org.hibernate.MappingException: Column 'client_id' is duplicated in mapping for entity 'club.p6e.cloud.test.infrastructure.model.Oauth2ClientModel' (use '@Column(insertable=false, updatable=false)' when mapping multiple properties to the same column)
2023-06-27 12:27:51 [main] INFO - HikariPool-1 - Shutdown initiated...
2023-06-27 12:27:51 [main] INFO - HikariPool-1 - Shutdown completed.
2023-06-27 12:27:51 [main] INFO - Stopping service [Tomcat]
2023-06-27 12:27:51 [main] INFO - Filter [ CrossDomainWebFilter ] destroy complete ... 
2023-06-27 12:27:51 [main] INFO - 

Error starting ApplicationContext. To display the condition evaluation report re-run your application with 'debug' enabled.
2023-06-27 12:27:51 [main] ERROR - Application run failed
org.springframework.beans.factory.BeanCreationException: Error creating bean with name 'entityManagerFactory' defined in class path resource [org/springframework/boot/autoconfigure/orm/jpa/HibernateJpaConfiguration.class]: [PersistenceUnit: default] Unable to build Hibernate SessionFactory; nested exception is org.hibernate.MappingException: Column 'client_id' is duplicated in mapping for entity 'club.p6e.cloud.test.infrastructure.model.Oauth2ClientModel' (use '@Column(insertable=false, updatable=false)' when mapping multiple properties to the same column)
	at org.springframework.beans.factory.support.AbstractAutowireCapableBeanFactory.initializeBean(AbstractAutowireCapableBeanFactory.java:1751) ~[spring-beans-6.0.2.jar:6.0.2]
	at org.springframework.beans.factory.support.AbstractAutowireCapableBeanFactory.doCreateBean(AbstractAutowireCapableBeanFactory.java:599) ~[spring-beans-6.0.2.jar:6.0.2]
	at org.springframework.beans.factory.support.AbstractAutowireCapableBeanFactory.createBean(AbstractAutowireCapableBeanFactory.java:521) ~[spring-beans-6.0.2.jar:6.0.2]
	at org.springframework.beans.factory.support.AbstractBeanFactory.lambda$doGetBean$0(AbstractBeanFactory.java:326) ~[spring-beans-6.0.2.jar:6.0.2]
	at org.springframework.beans.factory.support.DefaultSingletonBeanRegistry.getSingleton(DefaultSingletonBeanRegistry.java:234) ~[spring-beans-6.0.2.jar:6.0.2]
	at org.springframework.beans.factory.support.AbstractBeanFactory.doGetBean(AbstractBeanFactory.java:324) ~[spring-beans-6.0.2.jar:6.0.2]
	at org.springframework.beans.factory.support.AbstractBeanFactory.getBean(AbstractBeanFactory.java:200) ~[spring-beans-6.0.2.jar:6.0.2]
	at org.springframework.context.support.AbstractApplicationContext.getBean(AbstractApplicationContext.java:1130) ~[spring-context-6.0.2.jar:6.0.2]
	at org.springframework.context.support.AbstractApplicationContext.finishBeanFactoryInitialization(AbstractApplicationContext.java:905) ~[spring-context-6.0.2.jar:6.0.2]
	at org.springframework.context.support.AbstractApplicationContext.refresh(AbstractApplicationContext.java:584) ~[spring-context-6.0.2.jar:6.0.2]
	at org.springframework.boot.web.servlet.context.ServletWebServerApplicationContext.refresh(ServletWebServerApplicationContext.java:146) ~[spring-boot-3.0.0.jar:3.0.0]
	at org.springframework.boot.SpringApplication.refresh(SpringApplication.java:730) ~[spring-boot-3.0.0.jar:3.0.0]
	at org.springframework.boot.SpringApplication.refreshContext(SpringApplication.java:432) ~[spring-boot-3.0.0.jar:3.0.0]
	at org.springframework.boot.SpringApplication.run(SpringApplication.java:308) ~[spring-boot-3.0.0.jar:3.0.0]
	at org.springframework.boot.SpringApplication.run(SpringApplication.java:1302) ~[spring-boot-3.0.0.jar:3.0.0]
	at org.springframework.boot.SpringApplication.run(SpringApplication.java:1291) ~[spring-boot-3.0.0.jar:3.0.0]
	at club.p6e.cloud.test.P6eCloudIndexApplication.main(P6eCloudIndexApplication.java:14) ~[classes/:na]
Caused by: jakarta.persistence.PersistenceException: [PersistenceUnit: default] Unable to build Hibernate SessionFactory; nested exception is org.hibernate.MappingException: Column 'client_id' is duplicated in mapping for entity 'club.p6e.cloud.test.infrastructure.model.Oauth2ClientModel' (use '@Column(insertable=false, updatable=false)' when mapping multiple properties to the same column)
	at org.springframework.orm.jpa.AbstractEntityManagerFactoryBean.buildNativeEntityManagerFactory(AbstractEntityManagerFactoryBean.java:421) ~[spring-orm-6.0.2.jar:6.0.2]
	at org.springframework.orm.jpa.AbstractEntityManagerFactoryBean.afterPropertiesSet(AbstractEntityManagerFactoryBean.java:396) ~[spring-orm-6.0.2.jar:6.0.2]
	at org.springframework.orm.jpa.LocalContainerEntityManagerFactoryBean.afterPropertiesSet(LocalContainerEntityManagerFactoryBean.java:352) ~[spring-orm-6.0.2.jar:6.0.2]
	at org.springframework.beans.factory.support.AbstractAutowireCapableBeanFactory.invokeInitMethods(AbstractAutowireCapableBeanFactory.java:1797) ~[spring-beans-6.0.2.jar:6.0.2]
	at org.springframework.beans.factory.support.AbstractAutowireCapableBeanFactory.initializeBean(AbstractAutowireCapableBeanFactory.java:1747) ~[spring-beans-6.0.2.jar:6.0.2]
	... 16 common frames omitted
Caused by: org.hibernate.MappingException: Column 'client_id' is duplicated in mapping for entity 'club.p6e.cloud.test.infrastructure.model.Oauth2ClientModel' (use '@Column(insertable=false, updatable=false)' when mapping multiple properties to the same column)
	at org.hibernate.mapping.PersistentClass.checkColumnDuplication(PersistentClass.java:1009) ~[hibernate-core-6.1.5.Final.jar:6.1.5.Final]
	at org.hibernate.mapping.PersistentClass.checkPropertyColumnDuplication(PersistentClass.java:1027) ~[hibernate-core-6.1.5.Final.jar:6.1.5.Final]
	at org.hibernate.mapping.PersistentClass.checkColumnDuplication(PersistentClass.java:1055) ~[hibernate-core-6.1.5.Final.jar:6.1.5.Final]
	at org.hibernate.mapping.PersistentClass.validate(PersistentClass.java:720) ~[hibernate-core-6.1.5.Final.jar:6.1.5.Final]
	at org.hibernate.mapping.RootClass.validate(RootClass.java:283) ~[hibernate-core-6.1.5.Final.jar:6.1.5.Final]
	at org.hibernate.boot.internal.MetadataImpl.validate(MetadataImpl.java:376) ~[hibernate-core-6.1.5.Final.jar:6.1.5.Final]
	at org.hibernate.internal.SessionFactoryImpl.<init>(SessionFactoryImpl.java:299) ~[hibernate-core-6.1.5.Final.jar:6.1.5.Final]
	at org.hibernate.boot.internal.SessionFactoryBuilderImpl.build(SessionFactoryBuilderImpl.java:415) ~[hibernate-core-6.1.5.Final.jar:6.1.5.Final]
	at org.hibernate.jpa.boot.internal.EntityManagerFactoryBuilderImpl.build(EntityManagerFactoryBuilderImpl.java:1425) ~[hibernate-core-6.1.5.Final.jar:6.1.5.Final]
	at org.springframework.orm.jpa.vendor.SpringHibernateJpaPersistenceProvider.createContainerEntityManagerFactory(SpringHibernateJpaPersistenceProvider.java:66) ~[spring-orm-6.0.2.jar:6.0.2]
	at org.springframework.orm.jpa.LocalContainerEntityManagerFactoryBean.createNativeEntityManagerFactory(LocalContainerEntityManagerFactoryBean.java:376) ~[spring-orm-6.0.2.jar:6.0.2]
	at org.springframework.orm.jpa.AbstractEntityManagerFactoryBean.buildNativeEntityManagerFactory(AbstractEntityManagerFactoryBean.java:409) ~[spring-orm-6.0.2.jar:6.0.2]
	... 20 common frames omitted
2023-06-27 12:28:45 [background-preinit] INFO - HV000001: Hibernate Validator 8.0.0.Final
2023-06-27 12:28:45 [main] INFO - Starting P6eCloudIndexApplication using Java 17.0.7 with PID 17112 (D:\CodeContents\github\p6e-coat\p6e-coat\p6e-coat-console\target\classes started by a1294 in D:\CodeContents\github\p6e-coat\p6e-coat)
2023-06-27 12:28:45 [main] INFO - No active profile set, falling back to 1 default profile: "default"
2023-06-27 12:28:46 [main] INFO - Multiple Spring Data modules found, entering strict repository configuration mode
2023-06-27 12:28:46 [main] INFO - Bootstrapping Spring Data JPA repositories in DEFAULT mode.
2023-06-27 12:28:46 [main] INFO - Finished Spring Data repository scanning in 101 ms. Found 9 JPA repository interfaces.
2023-06-27 12:28:46 [main] INFO - Multiple Spring Data modules found, entering strict repository configuration mode
2023-06-27 12:28:46 [main] INFO - Bootstrapping Spring Data Redis repositories in DEFAULT mode.
2023-06-27 12:28:46 [main] INFO - Spring Data Redis - Could not safely identify store assignment for repository candidate interface club.p6e.cloud.test.infrastructure.repository.ConfigRepository; If you want this repository to be a Redis repository, consider annotating your entities with one of these annotations: org.springframework.data.redis.core.RedisHash (preferred), or consider extending one of the following types with your repository: org.springframework.data.keyvalue.repository.KeyValueRepository
2023-06-27 12:28:46 [main] INFO - Spring Data Redis - Could not safely identify store assignment for repository candidate interface club.p6e.cloud.test.infrastructure.repository.DictionaryRepository; If you want this repository to be a Redis repository, consider annotating your entities with one of these annotations: org.springframework.data.redis.core.RedisHash (preferred), or consider extending one of the following types with your repository: org.springframework.data.keyvalue.repository.KeyValueRepository
2023-06-27 12:28:46 [main] INFO - Spring Data Redis - Could not safely identify store assignment for repository candidate interface club.p6e.cloud.test.infrastructure.repository.FileUploadChunkRepository; If you want this repository to be a Redis repository, consider annotating your entities with one of these annotations: org.springframework.data.redis.core.RedisHash (preferred), or consider extending one of the following types with your repository: org.springframework.data.keyvalue.repository.KeyValueRepository
2023-06-27 12:28:46 [main] INFO - Spring Data Redis - Could not safely identify store assignment for repository candidate interface club.p6e.cloud.test.infrastructure.repository.FileUploadRepository; If you want this repository to be a Redis repository, consider annotating your entities with one of these annotations: org.springframework.data.redis.core.RedisHash (preferred), or consider extending one of the following types with your repository: org.springframework.data.keyvalue.repository.KeyValueRepository
2023-06-27 12:28:46 [main] INFO - Spring Data Redis - Could not safely identify store assignment for repository candidate interface club.p6e.cloud.test.infrastructure.repository.PermissionUrlGroupRelationUrlRepository; If you want this repository to be a Redis repository, consider annotating your entities with one of these annotations: org.springframework.data.redis.core.RedisHash (preferred), or consider extending one of the following types with your repository: org.springframework.data.keyvalue.repository.KeyValueRepository
2023-06-27 12:28:46 [main] INFO - Spring Data Redis - Could not safely identify store assignment for repository candidate interface club.p6e.cloud.test.infrastructure.repository.PermissionUrlGroupRepository; If you want this repository to be a Redis repository, consider annotating your entities with one of these annotations: org.springframework.data.redis.core.RedisHash (preferred), or consider extending one of the following types with your repository: org.springframework.data.keyvalue.repository.KeyValueRepository
2023-06-27 12:28:46 [main] INFO - Spring Data Redis - Could not safely identify store assignment for repository candidate interface club.p6e.cloud.test.infrastructure.repository.PermissionUrlRepository; If you want this repository to be a Redis repository, consider annotating your entities with one of these annotations: org.springframework.data.redis.core.RedisHash (preferred), or consider extending one of the following types with your repository: org.springframework.data.keyvalue.repository.KeyValueRepository
2023-06-27 12:28:46 [main] INFO - Spring Data Redis - Could not safely identify store assignment for repository candidate interface club.p6e.cloud.test.infrastructure.repository.UserAuthRepository; If you want this repository to be a Redis repository, consider annotating your entities with one of these annotations: org.springframework.data.redis.core.RedisHash (preferred), or consider extending one of the following types with your repository: org.springframework.data.keyvalue.repository.KeyValueRepository
2023-06-27 12:28:46 [main] INFO - Spring Data Redis - Could not safely identify store assignment for repository candidate interface club.p6e.cloud.test.infrastructure.repository.UserRepository; If you want this repository to be a Redis repository, consider annotating your entities with one of these annotations: org.springframework.data.redis.core.RedisHash (preferred), or consider extending one of the following types with your repository: org.springframework.data.keyvalue.repository.KeyValueRepository
2023-06-27 12:28:46 [main] INFO - Finished Spring Data repository scanning in 5 ms. Found 0 Redis repository interfaces.
2023-06-27 12:28:46 [main] INFO - Tomcat initialized with port(s): 9999 (http)
2023-06-27 12:28:46 [main] INFO - Initializing ProtocolHandler ["http-nio-9999"]
2023-06-27 12:28:46 [main] INFO - Starting service [Tomcat]
2023-06-27 12:28:46 [main] INFO - Starting Servlet engine: [Apache Tomcat/10.1.1]
2023-06-27 12:28:46 [main] INFO - Initializing Spring embedded WebApplicationContext
2023-06-27 12:28:46 [main] INFO - Root WebApplicationContext: initialization completed in 768 ms
2023-06-27 12:28:46 [main] INFO - Filter [ CrossDomainWebFilter ] init complete ... 
2023-06-27 12:28:46 [main] INFO - HikariPool-1 - Starting...
2023-06-27 12:28:46 [main] INFO - HikariPool-1 - Added connection org.postgresql.jdbc.PgConnection@1537e43
2023-06-27 12:28:46 [main] INFO - HikariPool-1 - Start completed.
2023-06-27 12:28:46 [main] INFO - HHH000204: Processing PersistenceUnitInfo [name: default]
2023-06-27 12:28:46 [main] INFO - HHH000412: Hibernate ORM core version 6.1.5.Final
2023-06-27 12:28:46 [main] WARN - HHH90000021: Encountered deprecated setting [javax.persistence.sharedCache.mode], use [jakarta.persistence.sharedCache.mode] instead
2023-06-27 12:28:47 [main] INFO - HHH000400: Using dialect: org.hibernate.dialect.PostgreSQLDialect
2023-06-27 12:28:47 [main] INFO - HHH000490: Using JtaPlatform implementation: [org.hibernate.engine.transaction.jta.platform.internal.NoJtaPlatform]
2023-06-27 12:28:47 [main] INFO - Initialized JPA EntityManagerFactory for persistence unit 'default'
2023-06-27 12:28:48 [main] INFO - Starting ProtocolHandler ["http-nio-9999"]
2023-06-27 12:28:48 [main] INFO - Tomcat started on port(s): 9999 (http) with context path ''
2023-06-27 12:28:48 [main] INFO - Started P6eCloudIndexApplication in 2.974 seconds (process running for 3.278)
2023-06-27 12:28:48 [main] INFO - smart construction application initialization complete ...
2023-06-27 12:28:54 [SpringApplicationShutdownHook] INFO - Filter [ CrossDomainWebFilter ] destroy complete ... 
2023-06-27 12:28:54 [SpringApplicationShutdownHook] INFO - Closing JPA EntityManagerFactory for persistence unit 'default'
2023-06-27 12:28:54 [SpringApplicationShutdownHook] INFO - HikariPool-1 - Shutdown initiated...
2023-06-27 12:28:54 [SpringApplicationShutdownHook] INFO - HikariPool-1 - Shutdown completed.
2023-06-27 12:28:56 [background-preinit] INFO - HV000001: Hibernate Validator 8.0.0.Final
2023-06-27 12:28:56 [main] INFO - Starting P6eCloudIndexApplication using Java 17.0.7 with PID 4868 (D:\CodeContents\github\p6e-coat\p6e-coat\p6e-coat-console\target\classes started by a1294 in D:\CodeContents\github\p6e-coat\p6e-coat)
2023-06-27 12:28:56 [main] INFO - No active profile set, falling back to 1 default profile: "default"
2023-06-27 12:28:57 [main] INFO - Multiple Spring Data modules found, entering strict repository configuration mode
2023-06-27 12:28:57 [main] INFO - Bootstrapping Spring Data JPA repositories in DEFAULT mode.
2023-06-27 12:28:57 [main] INFO - Finished Spring Data repository scanning in 97 ms. Found 9 JPA repository interfaces.
2023-06-27 12:28:57 [main] INFO - Multiple Spring Data modules found, entering strict repository configuration mode
2023-06-27 12:28:57 [main] INFO - Bootstrapping Spring Data Redis repositories in DEFAULT mode.
2023-06-27 12:28:57 [main] INFO - Spring Data Redis - Could not safely identify store assignment for repository candidate interface club.p6e.cloud.test.infrastructure.repository.ConfigRepository; If you want this repository to be a Redis repository, consider annotating your entities with one of these annotations: org.springframework.data.redis.core.RedisHash (preferred), or consider extending one of the following types with your repository: org.springframework.data.keyvalue.repository.KeyValueRepository
2023-06-27 12:28:57 [main] INFO - Spring Data Redis - Could not safely identify store assignment for repository candidate interface club.p6e.cloud.test.infrastructure.repository.DictionaryRepository; If you want this repository to be a Redis repository, consider annotating your entities with one of these annotations: org.springframework.data.redis.core.RedisHash (preferred), or consider extending one of the following types with your repository: org.springframework.data.keyvalue.repository.KeyValueRepository
2023-06-27 12:28:57 [main] INFO - Spring Data Redis - Could not safely identify store assignment for repository candidate interface club.p6e.cloud.test.infrastructure.repository.FileUploadChunkRepository; If you want this repository to be a Redis repository, consider annotating your entities with one of these annotations: org.springframework.data.redis.core.RedisHash (preferred), or consider extending one of the following types with your repository: org.springframework.data.keyvalue.repository.KeyValueRepository
2023-06-27 12:28:57 [main] INFO - Spring Data Redis - Could not safely identify store assignment for repository candidate interface club.p6e.cloud.test.infrastructure.repository.FileUploadRepository; If you want this repository to be a Redis repository, consider annotating your entities with one of these annotations: org.springframework.data.redis.core.RedisHash (preferred), or consider extending one of the following types with your repository: org.springframework.data.keyvalue.repository.KeyValueRepository
2023-06-27 12:28:57 [main] INFO - Spring Data Redis - Could not safely identify store assignment for repository candidate interface club.p6e.cloud.test.infrastructure.repository.PermissionUrlGroupRelationUrlRepository; If you want this repository to be a Redis repository, consider annotating your entities with one of these annotations: org.springframework.data.redis.core.RedisHash (preferred), or consider extending one of the following types with your repository: org.springframework.data.keyvalue.repository.KeyValueRepository
2023-06-27 12:28:57 [main] INFO - Spring Data Redis - Could not safely identify store assignment for repository candidate interface club.p6e.cloud.test.infrastructure.repository.PermissionUrlGroupRepository; If you want this repository to be a Redis repository, consider annotating your entities with one of these annotations: org.springframework.data.redis.core.RedisHash (preferred), or consider extending one of the following types with your repository: org.springframework.data.keyvalue.repository.KeyValueRepository
2023-06-27 12:28:57 [main] INFO - Spring Data Redis - Could not safely identify store assignment for repository candidate interface club.p6e.cloud.test.infrastructure.repository.PermissionUrlRepository; If you want this repository to be a Redis repository, consider annotating your entities with one of these annotations: org.springframework.data.redis.core.RedisHash (preferred), or consider extending one of the following types with your repository: org.springframework.data.keyvalue.repository.KeyValueRepository
2023-06-27 12:28:57 [main] INFO - Spring Data Redis - Could not safely identify store assignment for repository candidate interface club.p6e.cloud.test.infrastructure.repository.UserAuthRepository; If you want this repository to be a Redis repository, consider annotating your entities with one of these annotations: org.springframework.data.redis.core.RedisHash (preferred), or consider extending one of the following types with your repository: org.springframework.data.keyvalue.repository.KeyValueRepository
2023-06-27 12:28:57 [main] INFO - Spring Data Redis - Could not safely identify store assignment for repository candidate interface club.p6e.cloud.test.infrastructure.repository.UserRepository; If you want this repository to be a Redis repository, consider annotating your entities with one of these annotations: org.springframework.data.redis.core.RedisHash (preferred), or consider extending one of the following types with your repository: org.springframework.data.keyvalue.repository.KeyValueRepository
2023-06-27 12:28:57 [main] INFO - Finished Spring Data repository scanning in 5 ms. Found 0 Redis repository interfaces.
2023-06-27 12:28:57 [main] INFO - Tomcat initialized with port(s): 9999 (http)
2023-06-27 12:28:57 [main] INFO - Initializing ProtocolHandler ["http-nio-9999"]
2023-06-27 12:28:57 [main] INFO - Starting service [Tomcat]
2023-06-27 12:28:57 [main] INFO - Starting Servlet engine: [Apache Tomcat/10.1.1]
2023-06-27 12:28:57 [main] INFO - Initializing Spring embedded WebApplicationContext
2023-06-27 12:28:57 [main] INFO - Root WebApplicationContext: initialization completed in 756 ms
2023-06-27 12:28:57 [main] INFO - Filter [ CrossDomainWebFilter ] init complete ... 
2023-06-27 12:28:57 [main] INFO - HikariPool-1 - Starting...
2023-06-27 12:28:57 [main] INFO - HikariPool-1 - Added connection org.postgresql.jdbc.PgConnection@3360283
2023-06-27 12:28:57 [main] INFO - HikariPool-1 - Start completed.
2023-06-27 12:28:57 [main] INFO - HHH000204: Processing PersistenceUnitInfo [name: default]
2023-06-27 12:28:57 [main] INFO - HHH000412: Hibernate ORM core version 6.1.5.Final
2023-06-27 12:28:58 [main] WARN - HHH90000021: Encountered deprecated setting [javax.persistence.sharedCache.mode], use [jakarta.persistence.sharedCache.mode] instead
2023-06-27 12:28:58 [main] INFO - HHH000400: Using dialect: org.hibernate.dialect.PostgreSQLDialect
2023-06-27 12:28:58 [main] INFO - HHH000490: Using JtaPlatform implementation: [org.hibernate.engine.transaction.jta.platform.internal.NoJtaPlatform]
2023-06-27 12:28:58 [main] INFO - Initialized JPA EntityManagerFactory for persistence unit 'default'
2023-06-27 12:28:59 [main] INFO - Starting ProtocolHandler ["http-nio-9999"]
2023-06-27 12:28:59 [main] INFO - Tomcat started on port(s): 9999 (http) with context path ''
2023-06-27 12:28:59 [main] INFO - Started P6eCloudIndexApplication in 2.824 seconds (process running for 3.117)
2023-06-27 12:28:59 [main] INFO - smart construction application initialization complete ...
2023-06-27 15:47:26 [SpringApplicationShutdownHook] INFO - Filter [ CrossDomainWebFilter ] destroy complete ... 
2023-06-27 15:47:26 [SpringApplicationShutdownHook] INFO - Closing JPA EntityManagerFactory for persistence unit 'default'
2023-06-27 15:47:26 [SpringApplicationShutdownHook] INFO - HikariPool-1 - Shutdown initiated...
2023-06-27 15:47:26 [SpringApplicationShutdownHook] INFO - HikariPool-1 - Shutdown completed.
