2023-06-23 10:44:52 [background-preinit] INFO - HV000001: Hibernate Validator 8.0.0.Final
2023-06-23 10:44:52 [main] INFO - Starting P6eCloudIndexApplication using Java 17.0.7 with PID 26296 (D:\CodeResources\p6e-coat\p6e-coat\p6e-coat-console\target\classes started by LiDaShuang in D:\CodeResources\p6e-coat\p6e-coat)
2023-06-23 10:44:52 [main] INFO - No active profile set, falling back to 1 default profile: "default"
2023-06-23 10:44:52 [main] INFO - Multiple Spring Data modules found, entering strict repository configuration mode
2023-06-23 10:44:52 [main] INFO - Bootstrapping Spring Data JPA repositories in DEFAULT mode.
2023-06-23 10:44:52 [main] INFO - Finished Spring Data repository scanning in 107 ms. Found 6 JPA repository interfaces.
2023-06-23 10:44:52 [main] INFO - Multiple Spring Data modules found, entering strict repository configuration mode
2023-06-23 10:44:52 [main] INFO - Bootstrapping Spring Data Redis repositories in DEFAULT mode.
2023-06-23 10:44:52 [main] INFO - Spring Data Redis - Could not safely identify store assignment for repository candidate interface club.p6e.cloud.test.infrastructure.repository.ConfigRepository; If you want this repository to be a Redis repository, consider annotating your entities with one of these annotations: org.springframework.data.redis.core.RedisHash (preferred), or consider extending one of the following types with your repository: org.springframework.data.keyvalue.repository.KeyValueRepository
2023-06-23 10:44:52 [main] INFO - Spring Data Redis - Could not safely identify store assignment for repository candidate interface club.p6e.cloud.test.infrastructure.repository.DictionaryRepository; If you want this repository to be a Redis repository, consider annotating your entities with one of these annotations: org.springframework.data.redis.core.RedisHash (preferred), or consider extending one of the following types with your repository: org.springframework.data.keyvalue.repository.KeyValueRepository
2023-06-23 10:44:52 [main] INFO - Spring Data Redis - Could not safely identify store assignment for repository candidate interface club.p6e.cloud.test.infrastructure.repository.PermissionUrlGroupRelationUrlRepository; If you want this repository to be a Redis repository, consider annotating your entities with one of these annotations: org.springframework.data.redis.core.RedisHash (preferred), or consider extending one of the following types with your repository: org.springframework.data.keyvalue.repository.KeyValueRepository
2023-06-23 10:44:52 [main] INFO - Spring Data Redis - Could not safely identify store assignment for repository candidate interface club.p6e.cloud.test.infrastructure.repository.PermissionUrlGroupRepository; If you want this repository to be a Redis repository, consider annotating your entities with one of these annotations: org.springframework.data.redis.core.RedisHash (preferred), or consider extending one of the following types with your repository: org.springframework.data.keyvalue.repository.KeyValueRepository
2023-06-23 10:44:52 [main] INFO - Spring Data Redis - Could not safely identify store assignment for repository candidate interface club.p6e.cloud.test.infrastructure.repository.PermissionUrlRepository; If you want this repository to be a Redis repository, consider annotating your entities with one of these annotations: org.springframework.data.redis.core.RedisHash (preferred), or consider extending one of the following types with your repository: org.springframework.data.keyvalue.repository.KeyValueRepository
2023-06-23 10:44:52 [main] INFO - Spring Data Redis - Could not safely identify store assignment for repository candidate interface club.p6e.cloud.test.infrastructure.repository.UserRepository; If you want this repository to be a Redis repository, consider annotating your entities with one of these annotations: org.springframework.data.redis.core.RedisHash (preferred), or consider extending one of the following types with your repository: org.springframework.data.keyvalue.repository.KeyValueRepository
2023-06-23 10:44:52 [main] INFO - Finished Spring Data repository scanning in 5 ms. Found 0 Redis repository interfaces.
2023-06-23 10:44:53 [main] INFO - Tomcat initialized with port(s): 9999 (http)
2023-06-23 10:44:53 [main] INFO - Initializing ProtocolHandler ["http-nio-9999"]
2023-06-23 10:44:53 [main] INFO - Starting service [Tomcat]
2023-06-23 10:44:53 [main] INFO - Starting Servlet engine: [Apache Tomcat/10.1.1]
2023-06-23 10:44:53 [main] INFO - Initializing Spring embedded WebApplicationContext
2023-06-23 10:44:53 [main] INFO - Root WebApplicationContext: initialization completed in 928 ms
2023-06-23 10:44:53 [main] INFO - Filter [ CrossDomainWebFilter ] init complete ... 
2023-06-23 10:44:53 [main] INFO - HikariPool-1 - Starting...
2023-06-23 10:44:53 [main] INFO - HikariPool-1 - Added connection org.postgresql.jdbc.PgConnection@35f7969d
2023-06-23 10:44:53 [main] INFO - HikariPool-1 - Start completed.
2023-06-23 10:44:54 [main] INFO - HHH000204: Processing PersistenceUnitInfo [name: default]
2023-06-23 10:44:54 [main] INFO - HHH000412: Hibernate ORM core version 6.1.5.Final
2023-06-23 10:44:54 [main] WARN - HHH90000021: Encountered deprecated setting [javax.persistence.sharedCache.mode], use [jakarta.persistence.sharedCache.mode] instead
2023-06-23 10:44:54 [main] INFO - HHH000400: Using dialect: org.hibernate.dialect.PostgreSQLDialect
2023-06-23 10:44:54 [main] INFO - HHH000490: Using JtaPlatform implementation: [org.hibernate.engine.transaction.jta.platform.internal.NoJtaPlatform]
2023-06-23 10:44:54 [main] INFO - Initialized JPA EntityManagerFactory for persistence unit 'default'
2023-06-23 10:44:55 [main] INFO - Starting ProtocolHandler ["http-nio-9999"]
2023-06-23 10:44:55 [main] INFO - Tomcat started on port(s): 9999 (http) with context path ''
2023-06-23 10:44:55 [main] INFO - Started P6eCloudIndexApplication in 3.384 seconds (process running for 3.713)
2023-06-23 10:44:55 [main] INFO - smart construction application initialization complete ...
2023-06-23 10:45:28 [http-nio-9999-exec-1] INFO - Initializing Spring DispatcherServlet 'dispatcherServlet'
2023-06-23 10:45:28 [http-nio-9999-exec-1] INFO - Initializing Servlet 'dispatcherServlet'
2023-06-23 10:45:28 [http-nio-9999-exec-1] INFO - Completed initialization in 1 ms
2023-06-23 10:45:28 [http-nio-9999-exec-5] ERROR - Request method 'POST' is not supported
2023-06-23 10:45:28 [http-nio-9999-exec-2] ERROR - Cannot invoke "org.hibernate.query.sqm.tree.predicate.SqmPredicate.getNodeType()" because the return value of "java.util.List.get(int)" is null
2023-06-23 10:45:35 [http-nio-9999-exec-4] ERROR - Request method 'POST' is not supported
2023-06-23 10:45:35 [http-nio-9999-exec-3] ERROR - Cannot invoke "org.hibernate.query.sqm.tree.predicate.SqmPredicate.getNodeType()" because the return value of "java.util.List.get(int)" is null
2023-06-23 10:46:26 [http-nio-9999-exec-8] ERROR - Request method 'POST' is not supported
2023-06-23 10:46:26 [http-nio-9999-exec-6] ERROR - Cannot invoke "org.hibernate.query.sqm.tree.predicate.SqmPredicate.getNodeType()" because the return value of "java.util.List.get(int)" is null
2023-06-23 10:49:36 [http-nio-9999-exec-7] ERROR - Request method 'POST' is not supported
2023-06-23 10:49:36 [http-nio-9999-exec-1] ERROR - Cannot invoke "org.hibernate.query.sqm.tree.predicate.SqmPredicate.getNodeType()" because the return value of "java.util.List.get(int)" is null
2023-06-23 10:54:44 [http-nio-9999-exec-3] ERROR - Request method 'POST' is not supported
2023-06-23 10:54:44 [http-nio-9999-exec-10] ERROR - Request method 'POST' is not supported
2023-06-23 10:54:49 [http-nio-9999-exec-8] WARN - HikariPool-1 - Failed to validate connection org.postgresql.jdbc.PgConnection@35f7969d (This connection has been closed.). Possibly consider using a shorter maxLifetime value.
2023-06-23 10:54:49 [http-nio-9999-exec-6] WARN - HikariPool-1 - Failed to validate connection org.postgresql.jdbc.PgConnection@22bfb8af (This connection has been closed.). Possibly consider using a shorter maxLifetime value.
2023-06-23 10:54:54 [http-nio-9999-exec-8] WARN - HikariPool-1 - Failed to validate connection org.postgresql.jdbc.PgConnection@edc5daf (This connection has been closed.). Possibly consider using a shorter maxLifetime value.
2023-06-23 10:54:54 [http-nio-9999-exec-6] WARN - HikariPool-1 - Failed to validate connection org.postgresql.jdbc.PgConnection@26803820 (This connection has been closed.). Possibly consider using a shorter maxLifetime value.
2023-06-23 10:54:59 [http-nio-9999-exec-8] WARN - HikariPool-1 - Failed to validate connection org.postgresql.jdbc.PgConnection@37945cbe (This connection has been closed.). Possibly consider using a shorter maxLifetime value.
2023-06-23 10:54:59 [http-nio-9999-exec-6] WARN - HikariPool-1 - Failed to validate connection org.postgresql.jdbc.PgConnection@6382b294 (This connection has been closed.). Possibly consider using a shorter maxLifetime value.
2023-06-23 10:55:04 [http-nio-9999-exec-8] WARN - HikariPool-1 - Failed to validate connection org.postgresql.jdbc.PgConnection@5acd7736 (This connection has been closed.). Possibly consider using a shorter maxLifetime value.
2023-06-23 10:55:04 [http-nio-9999-exec-6] WARN - HikariPool-1 - Failed to validate connection org.postgresql.jdbc.PgConnection@d0e8f67 (This connection has been closed.). Possibly consider using a shorter maxLifetime value.
2023-06-23 10:55:09 [http-nio-9999-exec-8] WARN - HikariPool-1 - Failed to validate connection org.postgresql.jdbc.PgConnection@6c1e9ba1 (This connection has been closed.). Possibly consider using a shorter maxLifetime value.
2023-06-23 10:55:09 [http-nio-9999-exec-6] WARN - HikariPool-1 - Failed to validate connection org.postgresql.jdbc.PgConnection@52ab34a9 (This connection has been closed.). Possibly consider using a shorter maxLifetime value.
