2023-06-21 23:40:52 [main] ERROR - 

***************************
APPLICATION FAILED TO START
***************************

Description:

Parameter 0 of constructor in club.p6e.coat.gateway.auth.AuthCertificateAspect required a single bean, but 2 were found:
	- authCertificateAuthorityHttpLocalStorageCacheImpl: defined in file [D:\CodeResources\p6e-coat\p6e-coat\p6e-coat-gateway-auth\target\classes\club\p6e\coat\gateway\auth\certificate\AuthCertificateAuthorityHttpLocalStorageCacheImpl.class]
	- authCertificateAuthorityHttpLocalStorageJsonWebTokenImpl: defined in file [D:\CodeResources\p6e-coat\p6e-coat\p6e-coat-gateway-auth\target\classes\club\p6e\coat\gateway\auth\certificate\AuthCertificateAuthorityHttpLocalStorageJsonWebTokenImpl.class]


Action:

Consider marking one of the beans as @Primary, updating the consumer to accept multiple beans, or using @Qualifier to identify the bean that should be consumed

2023-06-21 23:42:45 [main] ERROR - 

***************************
APPLICATION FAILED TO START
***************************

Description:

Parameter 0 of constructor in club.p6e.coat.gateway.auth.AuthCertificateAspect required a single bean, but 2 were found:
	- authCertificateAuthorityHttpLocalStorageCacheImpl: defined in file [D:\CodeResources\p6e-coat\p6e-coat\p6e-coat-gateway-auth\target\classes\club\p6e\coat\gateway\auth\certificate\AuthCertificateAuthorityHttpLocalStorageCacheImpl.class]
	- authCertificateAuthorityHttpLocalStorageJsonWebTokenImpl: defined in file [D:\CodeResources\p6e-coat\p6e-coat\p6e-coat-gateway-auth\target\classes\club\p6e\coat\gateway\auth\certificate\AuthCertificateAuthorityHttpLocalStorageJsonWebTokenImpl.class]


Action:

Consider marking one of the beans as @Primary, updating the consumer to accept multiple beans, or using @Qualifier to identify the bean that should be consumed

2023-06-21 23:42:58 [main] ERROR - 

***************************
APPLICATION FAILED TO START
***************************

Description:

Parameter 0 of constructor in club.p6e.coat.gateway.auth.AuthCertificateAspect required a single bean, but 2 were found:
	- authCertificateAuthorityHttpLocalStorageCacheImpl: defined in file [D:\CodeResources\p6e-coat\p6e-coat\p6e-coat-gateway-auth\target\classes\club\p6e\coat\gateway\auth\certificate\AuthCertificateAuthorityHttpLocalStorageCacheImpl.class]
	- authCertificateAuthorityHttpLocalStorageJsonWebTokenImpl: defined in file [D:\CodeResources\p6e-coat\p6e-coat\p6e-coat-gateway-auth\target\classes\club\p6e\coat\gateway\auth\certificate\AuthCertificateAuthorityHttpLocalStorageJsonWebTokenImpl.class]


Action:

Consider marking one of the beans as @Primary, updating the consumer to accept multiple beans, or using @Qualifier to identify the bean that should be consumed

2023-06-21 23:43:39 [main] ERROR - 

***************************
APPLICATION FAILED TO START
***************************

Description:

Parameter 3 of constructor in club.p6e.coat.gateway.auth.service.AccountPasswordLoginServiceImpl required a bean of type 'club.p6e.coat.gateway.auth.cache.AccountPasswordLoginSignatureCache' that could not be found.


Action:

Consider defining a bean of type 'club.p6e.coat.gateway.auth.cache.AccountPasswordLoginSignatureCache' in your configuration.

2023-06-21 23:44:20 [main] ERROR - 

***************************
APPLICATION FAILED TO START
***************************

Description:

Parameter 1 of constructor in club.p6e.coat.gateway.auth.service.QrCodeCallbackServiceDefaultImpl required a single bean, but 4 were found:
	- authCertificateInterceptorHttpCookieCache: defined in file [D:\CodeResources\p6e-coat\p6e-coat\p6e-coat-gateway-auth\target\classes\club\p6e\coat\gateway\auth\certificate\AuthCertificateInterceptorHttpCookieCache.class]
	- authCertificateInterceptorHttpCookieJsonWebToken: defined in file [D:\CodeResources\p6e-coat\p6e-coat\p6e-coat-gateway-auth\target\classes\club\p6e\coat\gateway\auth\certificate\AuthCertificateInterceptorHttpCookieJsonWebToken.class]
	- authCertificateInterceptorHttpLocalStorageCache: defined in file [D:\CodeResources\p6e-coat\p6e-coat\p6e-coat-gateway-auth\target\classes\club\p6e\coat\gateway\auth\certificate\AuthCertificateInterceptorHttpLocalStorageCache.class]
	- authCertificateInterceptorHttpLocalStorageJsonWebToken: defined in file [D:\CodeResources\p6e-coat\p6e-coat\p6e-coat-gateway-auth\target\classes\club\p6e\coat\gateway\auth\certificate\AuthCertificateInterceptorHttpLocalStorageJsonWebToken.class]


Action:

Consider marking one of the beans as @Primary, updating the consumer to accept multiple beans, or using @Qualifier to identify the bean that should be consumed

2023-06-21 23:48:58 [reactor-http-nio-2] ERROR - [bf48b7f2-1]  500 Server Error for HTTP GET "/index"
org.springframework.beans.factory.NoSuchBeanDefinitionException: No qualifying bean of type 'club.p6e.coat.gateway.auth.cache.VoucherCache' available
	at org.springframework.beans.factory.support.DefaultListableBeanFactory.getBean(DefaultListableBeanFactory.java:340) ~[spring-beans-6.0.2.jar:6.0.2]
	Suppressed: reactor.core.publisher.FluxOnAssembly$OnAssemblyException: 
Error has been observed at the following site(s):
	*__checkpoint ⇢ org.springframework.cloud.gateway.filter.WeightCalculatorWebFilter [DefaultWebFilterChain]
	*__checkpoint ⇢ club.p6e.coat.gateway.auth.CrossDomainWebFilter [DefaultWebFilterChain]
	*__checkpoint ⇢ HTTP GET "/index" [ExceptionHandlingWebHandler]
Original Stack Trace:
		at org.springframework.beans.factory.support.DefaultListableBeanFactory.getBean(DefaultListableBeanFactory.java:340) ~[spring-beans-6.0.2.jar:6.0.2]
		at org.springframework.beans.factory.support.DefaultListableBeanFactory.getBean(DefaultListableBeanFactory.java:331) ~[spring-beans-6.0.2.jar:6.0.2]
		at org.springframework.context.support.AbstractApplicationContext.getBean(AbstractApplicationContext.java:1148) ~[spring-context-6.0.2.jar:6.0.2]
		at club.p6e.coat.gateway.auth.utils.SpringUtil.getBean(SpringUtil.java:56) ~[classes/:na]
		at club.p6e.coat.gateway.auth.AuthVoucher.create(AuthVoucher.java:110) ~[classes/:na]
		at club.p6e.coat.gateway.auth.service.IndexServiceImpl.execute(IndexServiceImpl.java:45) ~[classes/:na]
		at club.p6e.coat.gateway.auth.controller.IndexControllerImpl.execute(IndexControllerImpl.java:41) ~[classes/:na]
		at club.p6e.coat.gateway.auth.controller.IndexController.def3(IndexController.java:31) ~[classes/:na]
		at java.base/jdk.internal.reflect.NativeMethodAccessorImpl.invoke0(Native Method) ~[na:na]
		at java.base/jdk.internal.reflect.NativeMethodAccessorImpl.invoke(NativeMethodAccessorImpl.java:77) ~[na:na]
		at java.base/jdk.internal.reflect.DelegatingMethodAccessorImpl.invoke(DelegatingMethodAccessorImpl.java:43) ~[na:na]
		at java.base/java.lang.reflect.Method.invoke(Method.java:568) ~[na:na]
		at org.springframework.web.reactive.result.method.InvocableHandlerMethod.lambda$invoke$0(InvocableHandlerMethod.java:145) ~[spring-webflux-6.0.2.jar:6.0.2]
		at reactor.core.publisher.MonoFlatMap$FlatMapMain.onNext(MonoFlatMap.java:132) ~[reactor-core-3.5.0.jar:3.5.0]
		at reactor.core.publisher.MonoZip$ZipCoordinator.signal(MonoZip.java:293) ~[reactor-core-3.5.0.jar:3.5.0]
		at reactor.core.publisher.MonoZip$ZipInner.onNext(MonoZip.java:474) ~[reactor-core-3.5.0.jar:3.5.0]
		at reactor.core.publisher.MonoPeekTerminal$MonoTerminalPeekSubscriber.onNext(MonoPeekTerminal.java:180) ~[reactor-core-3.5.0.jar:3.5.0]
		at reactor.core.publisher.Operators$ScalarSubscription.request(Operators.java:2508) ~[reactor-core-3.5.0.jar:3.5.0]
		at reactor.core.publisher.MonoPeekTerminal$MonoTerminalPeekSubscriber.request(MonoPeekTerminal.java:139) ~[reactor-core-3.5.0.jar:3.5.0]
		at reactor.core.publisher.MonoZip$ZipInner.onSubscribe(MonoZip.java:466) ~[reactor-core-3.5.0.jar:3.5.0]
		at reactor.core.publisher.MonoPeekTerminal$MonoTerminalPeekSubscriber.onSubscribe(MonoPeekTerminal.java:152) ~[reactor-core-3.5.0.jar:3.5.0]
		at reactor.core.publisher.MonoJust.subscribe(MonoJust.java:55) ~[reactor-core-3.5.0.jar:3.5.0]
		at reactor.core.publisher.InternalMonoOperator.subscribe(InternalMonoOperator.java:64) ~[reactor-core-3.5.0.jar:3.5.0]
		at reactor.core.publisher.MonoZip$ZipCoordinator.request(MonoZip.java:216) ~[reactor-core-3.5.0.jar:3.5.0]
		at reactor.core.publisher.MonoFlatMap$FlatMapMain.request(MonoFlatMap.java:194) ~[reactor-core-3.5.0.jar:3.5.0]
		at reactor.core.publisher.MonoIgnoreThen$ThenIgnoreMain.onSubscribe(MonoIgnoreThen.java:134) ~[reactor-core-3.5.0.jar:3.5.0]
		at reactor.core.publisher.MonoFlatMap$FlatMapMain.onSubscribe(MonoFlatMap.java:117) ~[reactor-core-3.5.0.jar:3.5.0]
		at reactor.core.publisher.MonoZip.subscribe(MonoZip.java:125) ~[reactor-core-3.5.0.jar:3.5.0]
		at reactor.core.publisher.InternalMonoOperator.subscribe(InternalMonoOperator.java:64) ~[reactor-core-3.5.0.jar:3.5.0]
		at reactor.core.publisher.MonoDefer.subscribe(MonoDefer.java:52) ~[reactor-core-3.5.0.jar:3.5.0]
		at reactor.core.publisher.MonoIgnoreThen$ThenIgnoreMain.subscribeNext(MonoIgnoreThen.java:240) ~[reactor-core-3.5.0.jar:3.5.0]
		at reactor.core.publisher.MonoIgnoreThen$ThenIgnoreMain.onComplete(MonoIgnoreThen.java:203) ~[reactor-core-3.5.0.jar:3.5.0]
		at reactor.core.publisher.MonoFlatMap$FlatMapMain.onComplete(MonoFlatMap.java:189) ~[reactor-core-3.5.0.jar:3.5.0]
		at reactor.core.publisher.Operators.complete(Operators.java:137) ~[reactor-core-3.5.0.jar:3.5.0]
		at reactor.core.publisher.MonoZip.subscribe(MonoZip.java:121) ~[reactor-core-3.5.0.jar:3.5.0]
		at reactor.core.publisher.Mono.subscribe(Mono.java:4444) ~[reactor-core-3.5.0.jar:3.5.0]
		at reactor.core.publisher.MonoIgnoreThen$ThenIgnoreMain.subscribeNext(MonoIgnoreThen.java:263) ~[reactor-core-3.5.0.jar:3.5.0]
		at reactor.core.publisher.MonoIgnoreThen.subscribe(MonoIgnoreThen.java:51) ~[reactor-core-3.5.0.jar:3.5.0]
		at reactor.core.publisher.InternalMonoOperator.subscribe(InternalMonoOperator.java:64) ~[reactor-core-3.5.0.jar:3.5.0]
		at reactor.core.publisher.MonoFlatMap$FlatMapMain.onNext(MonoFlatMap.java:165) ~[reactor-core-3.5.0.jar:3.5.0]
		at reactor.core.publisher.FluxOnErrorResume$ResumeSubscriber.onNext(FluxOnErrorResume.java:79) ~[reactor-core-3.5.0.jar:3.5.0]
		at reactor.core.publisher.FluxSwitchIfEmpty$SwitchIfEmptySubscriber.onNext(FluxSwitchIfEmpty.java:74) ~[reactor-core-3.5.0.jar:3.5.0]
		at reactor.core.publisher.MonoNext$NextSubscriber.onNext(MonoNext.java:82) ~[reactor-core-3.5.0.jar:3.5.0]
		at reactor.core.publisher.FluxConcatMapNoPrefetch$FluxConcatMapNoPrefetchSubscriber.innerNext(FluxConcatMapNoPrefetch.java:258) ~[reactor-core-3.5.0.jar:3.5.0]
		at reactor.core.publisher.FluxConcatMap$ConcatMapInner.onNext(FluxConcatMap.java:863) ~[reactor-core-3.5.0.jar:3.5.0]
		at reactor.core.publisher.FluxMapFuseable$MapFuseableSubscriber.onNext(FluxMapFuseable.java:129) ~[reactor-core-3.5.0.jar:3.5.0]
		at reactor.core.publisher.MonoPeekTerminal$MonoTerminalPeekSubscriber.onNext(MonoPeekTerminal.java:180) ~[reactor-core-3.5.0.jar:3.5.0]
		at reactor.core.publisher.Operators$ScalarSubscription.request(Operators.java:2508) ~[reactor-core-3.5.0.jar:3.5.0]
		at reactor.core.publisher.MonoPeekTerminal$MonoTerminalPeekSubscriber.request(MonoPeekTerminal.java:139) ~[reactor-core-3.5.0.jar:3.5.0]
		at reactor.core.publisher.FluxMapFuseable$MapFuseableSubscriber.request(FluxMapFuseable.java:171) ~[reactor-core-3.5.0.jar:3.5.0]
		at reactor.core.publisher.Operators$MultiSubscriptionSubscriber.request(Operators.java:2268) ~[reactor-core-3.5.0.jar:3.5.0]
		at reactor.core.publisher.FluxConcatMapNoPrefetch$FluxConcatMapNoPrefetchSubscriber.request(FluxConcatMapNoPrefetch.java:338) ~[reactor-core-3.5.0.jar:3.5.0]
		at reactor.core.publisher.MonoNext$NextSubscriber.request(MonoNext.java:108) ~[reactor-core-3.5.0.jar:3.5.0]
		at reactor.core.publisher.Operators$MultiSubscriptionSubscriber.set(Operators.java:2304) ~[reactor-core-3.5.0.jar:3.5.0]
		at reactor.core.publisher.Operators$MultiSubscriptionSubscriber.onSubscribe(Operators.java:2178) ~[reactor-core-3.5.0.jar:3.5.0]
		at reactor.core.publisher.MonoNext$NextSubscriber.onSubscribe(MonoNext.java:70) ~[reactor-core-3.5.0.jar:3.5.0]
		at reactor.core.publisher.FluxConcatMapNoPrefetch$FluxConcatMapNoPrefetchSubscriber.onSubscribe(FluxConcatMapNoPrefetch.java:164) ~[reactor-core-3.5.0.jar:3.5.0]
		at reactor.core.publisher.FluxIterable.subscribe(FluxIterable.java:165) ~[reactor-core-3.5.0.jar:3.5.0]
		at reactor.core.publisher.FluxIterable.subscribe(FluxIterable.java:87) ~[reactor-core-3.5.0.jar:3.5.0]
		at reactor.core.publisher.InternalMonoOperator.subscribe(InternalMonoOperator.java:64) ~[reactor-core-3.5.0.jar:3.5.0]
		at reactor.core.publisher.MonoDefer.subscribe(MonoDefer.java:52) ~[reactor-core-3.5.0.jar:3.5.0]
		at reactor.core.publisher.InternalMonoOperator.subscribe(InternalMonoOperator.java:64) ~[reactor-core-3.5.0.jar:3.5.0]
		at reactor.core.publisher.MonoDefer.subscribe(MonoDefer.java:52) ~[reactor-core-3.5.0.jar:3.5.0]
		at reactor.core.publisher.InternalMonoOperator.subscribe(InternalMonoOperator.java:64) ~[reactor-core-3.5.0.jar:3.5.0]
		at reactor.core.publisher.MonoDefer.subscribe(MonoDefer.java:52) ~[reactor-core-3.5.0.jar:3.5.0]
		at reactor.core.publisher.Mono.subscribe(Mono.java:4444) ~[reactor-core-3.5.0.jar:3.5.0]
		at reactor.core.publisher.MonoIgnoreThen$ThenIgnoreMain.subscribeNext(MonoIgnoreThen.java:263) ~[reactor-core-3.5.0.jar:3.5.0]
		at reactor.core.publisher.MonoIgnoreThen.subscribe(MonoIgnoreThen.java:51) ~[reactor-core-3.5.0.jar:3.5.0]
		at reactor.core.publisher.InternalMonoOperator.subscribe(InternalMonoOperator.java:64) ~[reactor-core-3.5.0.jar:3.5.0]
		at reactor.core.publisher.MonoDeferContextual.subscribe(MonoDeferContextual.java:55) ~[reactor-core-3.5.0.jar:3.5.0]
		at reactor.netty.http.server.HttpServer$HttpServerHandle.onStateChange(HttpServer.java:997) ~[reactor-netty-http-1.1.0.jar:1.1.0]
		at reactor.netty.ReactorNetty$CompositeConnectionObserver.onStateChange(ReactorNetty.java:680) ~[reactor-netty-core-1.1.0.jar:1.1.0]
		at reactor.netty.transport.ServerTransport$ChildObserver.onStateChange(ServerTransport.java:477) ~[reactor-netty-core-1.1.0.jar:1.1.0]
		at reactor.netty.http.server.HttpServerOperations.onInboundNext(HttpServerOperations.java:573) ~[reactor-netty-http-1.1.0.jar:1.1.0]
		at reactor.netty.channel.ChannelOperationsHandler.channelRead(ChannelOperationsHandler.java:113) ~[reactor-netty-core-1.1.0.jar:1.1.0]
		at io.netty.channel.AbstractChannelHandlerContext.invokeChannelRead(AbstractChannelHandlerContext.java:444) ~[netty-transport-4.1.92.Final.jar:4.1.92.Final]
		at io.netty.channel.AbstractChannelHandlerContext.invokeChannelRead(AbstractChannelHandlerContext.java:420) ~[netty-transport-4.1.92.Final.jar:4.1.92.Final]
		at io.netty.channel.AbstractChannelHandlerContext.fireChannelRead(AbstractChannelHandlerContext.java:412) ~[netty-transport-4.1.92.Final.jar:4.1.92.Final]
		at reactor.netty.http.server.HttpTrafficHandler.channelRead(HttpTrafficHandler.java:220) ~[reactor-netty-http-1.1.0.jar:1.1.0]
		at io.netty.channel.AbstractChannelHandlerContext.invokeChannelRead(AbstractChannelHandlerContext.java:442) ~[netty-transport-4.1.92.Final.jar:4.1.92.Final]
		at io.netty.channel.AbstractChannelHandlerContext.invokeChannelRead(AbstractChannelHandlerContext.java:420) ~[netty-transport-4.1.92.Final.jar:4.1.92.Final]
		at io.netty.channel.AbstractChannelHandlerContext.fireChannelRead(AbstractChannelHandlerContext.java:412) ~[netty-transport-4.1.92.Final.jar:4.1.92.Final]
		at io.netty.channel.CombinedChannelDuplexHandler$DelegatingChannelHandlerContext.fireChannelRead(CombinedChannelDuplexHandler.java:436) ~[netty-transport-4.1.92.Final.jar:4.1.92.Final]
		at io.netty.handler.codec.ByteToMessageDecoder.fireChannelRead(ByteToMessageDecoder.java:346) ~[netty-codec-4.1.92.Final.jar:4.1.92.Final]
		at io.netty.handler.codec.ByteToMessageDecoder.channelRead(ByteToMessageDecoder.java:318) ~[netty-codec-4.1.92.Final.jar:4.1.92.Final]
		at io.netty.channel.CombinedChannelDuplexHandler.channelRead(CombinedChannelDuplexHandler.java:251) ~[netty-transport-4.1.92.Final.jar:4.1.92.Final]
		at io.netty.channel.AbstractChannelHandlerContext.invokeChannelRead(AbstractChannelHandlerContext.java:442) ~[netty-transport-4.1.92.Final.jar:4.1.92.Final]
		at io.netty.channel.AbstractChannelHandlerContext.invokeChannelRead(AbstractChannelHandlerContext.java:420) ~[netty-transport-4.1.92.Final.jar:4.1.92.Final]
		at io.netty.channel.AbstractChannelHandlerContext.fireChannelRead(AbstractChannelHandlerContext.java:412) ~[netty-transport-4.1.92.Final.jar:4.1.92.Final]
		at io.netty.channel.DefaultChannelPipeline$HeadContext.channelRead(DefaultChannelPipeline.java:1410) ~[netty-transport-4.1.92.Final.jar:4.1.92.Final]
		at io.netty.channel.AbstractChannelHandlerContext.invokeChannelRead(AbstractChannelHandlerContext.java:440) ~[netty-transport-4.1.92.Final.jar:4.1.92.Final]
		at io.netty.channel.AbstractChannelHandlerContext.invokeChannelRead(AbstractChannelHandlerContext.java:420) ~[netty-transport-4.1.92.Final.jar:4.1.92.Final]
		at io.netty.channel.DefaultChannelPipeline.fireChannelRead(DefaultChannelPipeline.java:919) ~[netty-transport-4.1.92.Final.jar:4.1.92.Final]
		at io.netty.channel.nio.AbstractNioByteChannel$NioByteUnsafe.read(AbstractNioByteChannel.java:166) ~[netty-transport-4.1.92.Final.jar:4.1.92.Final]
		at io.netty.channel.nio.NioEventLoop.processSelectedKey(NioEventLoop.java:788) ~[netty-transport-4.1.92.Final.jar:4.1.92.Final]
		at io.netty.channel.nio.NioEventLoop.processSelectedKeysOptimized(NioEventLoop.java:724) ~[netty-transport-4.1.92.Final.jar:4.1.92.Final]
		at io.netty.channel.nio.NioEventLoop.processSelectedKeys(NioEventLoop.java:650) ~[netty-transport-4.1.92.Final.jar:4.1.92.Final]
		at io.netty.channel.nio.NioEventLoop.run(NioEventLoop.java:562) ~[netty-transport-4.1.92.Final.jar:4.1.92.Final]
		at io.netty.util.concurrent.SingleThreadEventExecutor$4.run(SingleThreadEventExecutor.java:997) ~[netty-common-4.1.92.Final.jar:4.1.92.Final]
		at io.netty.util.internal.ThreadExecutorMap$2.run(ThreadExecutorMap.java:74) ~[netty-common-4.1.92.Final.jar:4.1.92.Final]
		at io.netty.util.concurrent.FastThreadLocalRunnable.run(FastThreadLocalRunnable.java:30) ~[netty-common-4.1.92.Final.jar:4.1.92.Final]
		at java.base/java.lang.Thread.run(Thread.java:833) ~[na:na]
2023-06-21 23:49:02 [reactor-http-nio-3] ERROR - [c846d38d-2]  500 Server Error for HTTP GET "/index"
org.springframework.beans.factory.NoSuchBeanDefinitionException: No qualifying bean of type 'club.p6e.coat.gateway.auth.cache.VoucherCache' available
	at org.springframework.beans.factory.support.DefaultListableBeanFactory.getBean(DefaultListableBeanFactory.java:340) ~[spring-beans-6.0.2.jar:6.0.2]
	Suppressed: reactor.core.publisher.FluxOnAssembly$OnAssemblyException: 
Error has been observed at the following site(s):
	*__checkpoint ⇢ org.springframework.cloud.gateway.filter.WeightCalculatorWebFilter [DefaultWebFilterChain]
	*__checkpoint ⇢ club.p6e.coat.gateway.auth.CrossDomainWebFilter [DefaultWebFilterChain]
	*__checkpoint ⇢ HTTP GET "/index" [ExceptionHandlingWebHandler]
Original Stack Trace:
		at org.springframework.beans.factory.support.DefaultListableBeanFactory.getBean(DefaultListableBeanFactory.java:340) ~[spring-beans-6.0.2.jar:6.0.2]
		at org.springframework.beans.factory.support.DefaultListableBeanFactory.getBean(DefaultListableBeanFactory.java:331) ~[spring-beans-6.0.2.jar:6.0.2]
		at org.springframework.context.support.AbstractApplicationContext.getBean(AbstractApplicationContext.java:1148) ~[spring-context-6.0.2.jar:6.0.2]
		at club.p6e.coat.gateway.auth.utils.SpringUtil.getBean(SpringUtil.java:56) ~[classes/:na]
		at club.p6e.coat.gateway.auth.AuthVoucher.create(AuthVoucher.java:110) ~[classes/:na]
		at club.p6e.coat.gateway.auth.service.IndexServiceImpl.execute(IndexServiceImpl.java:45) ~[classes/:na]
		at club.p6e.coat.gateway.auth.controller.IndexControllerImpl.execute(IndexControllerImpl.java:41) ~[classes/:na]
		at club.p6e.coat.gateway.auth.controller.IndexController.def3(IndexController.java:31) ~[classes/:na]
		at java.base/jdk.internal.reflect.NativeMethodAccessorImpl.invoke0(Native Method) ~[na:na]
		at java.base/jdk.internal.reflect.NativeMethodAccessorImpl.invoke(NativeMethodAccessorImpl.java:77) ~[na:na]
		at java.base/jdk.internal.reflect.DelegatingMethodAccessorImpl.invoke(DelegatingMethodAccessorImpl.java:43) ~[na:na]
		at java.base/java.lang.reflect.Method.invoke(Method.java:568) ~[na:na]
		at org.springframework.web.reactive.result.method.InvocableHandlerMethod.lambda$invoke$0(InvocableHandlerMethod.java:145) ~[spring-webflux-6.0.2.jar:6.0.2]
		at reactor.core.publisher.MonoFlatMap$FlatMapMain.onNext(MonoFlatMap.java:132) ~[reactor-core-3.5.0.jar:3.5.0]
		at reactor.core.publisher.MonoZip$ZipCoordinator.signal(MonoZip.java:293) ~[reactor-core-3.5.0.jar:3.5.0]
		at reactor.core.publisher.MonoZip$ZipInner.onNext(MonoZip.java:474) ~[reactor-core-3.5.0.jar:3.5.0]
		at reactor.core.publisher.MonoPeekTerminal$MonoTerminalPeekSubscriber.onNext(MonoPeekTerminal.java:180) ~[reactor-core-3.5.0.jar:3.5.0]
		at reactor.core.publisher.Operators$ScalarSubscription.request(Operators.java:2508) ~[reactor-core-3.5.0.jar:3.5.0]
		at reactor.core.publisher.MonoPeekTerminal$MonoTerminalPeekSubscriber.request(MonoPeekTerminal.java:139) ~[reactor-core-3.5.0.jar:3.5.0]
		at reactor.core.publisher.MonoZip$ZipInner.onSubscribe(MonoZip.java:466) ~[reactor-core-3.5.0.jar:3.5.0]
		at reactor.core.publisher.MonoPeekTerminal$MonoTerminalPeekSubscriber.onSubscribe(MonoPeekTerminal.java:152) ~[reactor-core-3.5.0.jar:3.5.0]
		at reactor.core.publisher.MonoJust.subscribe(MonoJust.java:55) ~[reactor-core-3.5.0.jar:3.5.0]
		at reactor.core.publisher.InternalMonoOperator.subscribe(InternalMonoOperator.java:64) ~[reactor-core-3.5.0.jar:3.5.0]
		at reactor.core.publisher.MonoZip$ZipCoordinator.request(MonoZip.java:216) ~[reactor-core-3.5.0.jar:3.5.0]
		at reactor.core.publisher.MonoFlatMap$FlatMapMain.request(MonoFlatMap.java:194) ~[reactor-core-3.5.0.jar:3.5.0]
		at reactor.core.publisher.MonoIgnoreThen$ThenIgnoreMain.onSubscribe(MonoIgnoreThen.java:134) ~[reactor-core-3.5.0.jar:3.5.0]
		at reactor.core.publisher.MonoFlatMap$FlatMapMain.onSubscribe(MonoFlatMap.java:117) ~[reactor-core-3.5.0.jar:3.5.0]
		at reactor.core.publisher.MonoZip.subscribe(MonoZip.java:125) ~[reactor-core-3.5.0.jar:3.5.0]
		at reactor.core.publisher.InternalMonoOperator.subscribe(InternalMonoOperator.java:64) ~[reactor-core-3.5.0.jar:3.5.0]
		at reactor.core.publisher.MonoDefer.subscribe(MonoDefer.java:52) ~[reactor-core-3.5.0.jar:3.5.0]
		at reactor.core.publisher.MonoIgnoreThen$ThenIgnoreMain.subscribeNext(MonoIgnoreThen.java:240) ~[reactor-core-3.5.0.jar:3.5.0]
		at reactor.core.publisher.MonoIgnoreThen$ThenIgnoreMain.onComplete(MonoIgnoreThen.java:203) ~[reactor-core-3.5.0.jar:3.5.0]
		at reactor.core.publisher.MonoFlatMap$FlatMapMain.onComplete(MonoFlatMap.java:189) ~[reactor-core-3.5.0.jar:3.5.0]
		at reactor.core.publisher.Operators.complete(Operators.java:137) ~[reactor-core-3.5.0.jar:3.5.0]
		at reactor.core.publisher.MonoZip.subscribe(MonoZip.java:121) ~[reactor-core-3.5.0.jar:3.5.0]
		at reactor.core.publisher.Mono.subscribe(Mono.java:4444) ~[reactor-core-3.5.0.jar:3.5.0]
		at reactor.core.publisher.MonoIgnoreThen$ThenIgnoreMain.subscribeNext(MonoIgnoreThen.java:263) ~[reactor-core-3.5.0.jar:3.5.0]
		at reactor.core.publisher.MonoIgnoreThen.subscribe(MonoIgnoreThen.java:51) ~[reactor-core-3.5.0.jar:3.5.0]
		at reactor.core.publisher.InternalMonoOperator.subscribe(InternalMonoOperator.java:64) ~[reactor-core-3.5.0.jar:3.5.0]
		at reactor.core.publisher.MonoFlatMap$FlatMapMain.onNext(MonoFlatMap.java:165) ~[reactor-core-3.5.0.jar:3.5.0]
		at reactor.core.publisher.FluxOnErrorResume$ResumeSubscriber.onNext(FluxOnErrorResume.java:79) ~[reactor-core-3.5.0.jar:3.5.0]
		at reactor.core.publisher.FluxSwitchIfEmpty$SwitchIfEmptySubscriber.onNext(FluxSwitchIfEmpty.java:74) ~[reactor-core-3.5.0.jar:3.5.0]
		at reactor.core.publisher.MonoNext$NextSubscriber.onNext(MonoNext.java:82) ~[reactor-core-3.5.0.jar:3.5.0]
		at reactor.core.publisher.FluxConcatMapNoPrefetch$FluxConcatMapNoPrefetchSubscriber.innerNext(FluxConcatMapNoPrefetch.java:258) ~[reactor-core-3.5.0.jar:3.5.0]
		at reactor.core.publisher.FluxConcatMap$ConcatMapInner.onNext(FluxConcatMap.java:863) ~[reactor-core-3.5.0.jar:3.5.0]
		at reactor.core.publisher.FluxMapFuseable$MapFuseableSubscriber.onNext(FluxMapFuseable.java:129) ~[reactor-core-3.5.0.jar:3.5.0]
		at reactor.core.publisher.MonoPeekTerminal$MonoTerminalPeekSubscriber.onNext(MonoPeekTerminal.java:180) ~[reactor-core-3.5.0.jar:3.5.0]
		at reactor.core.publisher.Operators$ScalarSubscription.request(Operators.java:2508) ~[reactor-core-3.5.0.jar:3.5.0]
		at reactor.core.publisher.MonoPeekTerminal$MonoTerminalPeekSubscriber.request(MonoPeekTerminal.java:139) ~[reactor-core-3.5.0.jar:3.5.0]
		at reactor.core.publisher.FluxMapFuseable$MapFuseableSubscriber.request(FluxMapFuseable.java:171) ~[reactor-core-3.5.0.jar:3.5.0]
		at reactor.core.publisher.Operators$MultiSubscriptionSubscriber.request(Operators.java:2268) ~[reactor-core-3.5.0.jar:3.5.0]
		at reactor.core.publisher.FluxConcatMapNoPrefetch$FluxConcatMapNoPrefetchSubscriber.request(FluxConcatMapNoPrefetch.java:338) ~[reactor-core-3.5.0.jar:3.5.0]
		at reactor.core.publisher.MonoNext$NextSubscriber.request(MonoNext.java:108) ~[reactor-core-3.5.0.jar:3.5.0]
		at reactor.core.publisher.Operators$MultiSubscriptionSubscriber.set(Operators.java:2304) ~[reactor-core-3.5.0.jar:3.5.0]
		at reactor.core.publisher.Operators$MultiSubscriptionSubscriber.onSubscribe(Operators.java:2178) ~[reactor-core-3.5.0.jar:3.5.0]
		at reactor.core.publisher.MonoNext$NextSubscriber.onSubscribe(MonoNext.java:70) ~[reactor-core-3.5.0.jar:3.5.0]
		at reactor.core.publisher.FluxConcatMapNoPrefetch$FluxConcatMapNoPrefetchSubscriber.onSubscribe(FluxConcatMapNoPrefetch.java:164) ~[reactor-core-3.5.0.jar:3.5.0]
		at reactor.core.publisher.FluxIterable.subscribe(FluxIterable.java:165) ~[reactor-core-3.5.0.jar:3.5.0]
		at reactor.core.publisher.FluxIterable.subscribe(FluxIterable.java:87) ~[reactor-core-3.5.0.jar:3.5.0]
		at reactor.core.publisher.InternalMonoOperator.subscribe(InternalMonoOperator.java:64) ~[reactor-core-3.5.0.jar:3.5.0]
		at reactor.core.publisher.MonoDefer.subscribe(MonoDefer.java:52) ~[reactor-core-3.5.0.jar:3.5.0]
		at reactor.core.publisher.InternalMonoOperator.subscribe(InternalMonoOperator.java:64) ~[reactor-core-3.5.0.jar:3.5.0]
		at reactor.core.publisher.MonoDefer.subscribe(MonoDefer.java:52) ~[reactor-core-3.5.0.jar:3.5.0]
		at reactor.core.publisher.InternalMonoOperator.subscribe(InternalMonoOperator.java:64) ~[reactor-core-3.5.0.jar:3.5.0]
		at reactor.core.publisher.MonoDefer.subscribe(MonoDefer.java:52) ~[reactor-core-3.5.0.jar:3.5.0]
		at reactor.core.publisher.Mono.subscribe(Mono.java:4444) ~[reactor-core-3.5.0.jar:3.5.0]
		at reactor.core.publisher.MonoIgnoreThen$ThenIgnoreMain.subscribeNext(MonoIgnoreThen.java:263) ~[reactor-core-3.5.0.jar:3.5.0]
		at reactor.core.publisher.MonoIgnoreThen.subscribe(MonoIgnoreThen.java:51) ~[reactor-core-3.5.0.jar:3.5.0]
		at reactor.core.publisher.InternalMonoOperator.subscribe(InternalMonoOperator.java:64) ~[reactor-core-3.5.0.jar:3.5.0]
		at reactor.core.publisher.MonoDeferContextual.subscribe(MonoDeferContextual.java:55) ~[reactor-core-3.5.0.jar:3.5.0]
		at reactor.netty.http.server.HttpServer$HttpServerHandle.onStateChange(HttpServer.java:997) ~[reactor-netty-http-1.1.0.jar:1.1.0]
		at reactor.netty.ReactorNetty$CompositeConnectionObserver.onStateChange(ReactorNetty.java:680) ~[reactor-netty-core-1.1.0.jar:1.1.0]
		at reactor.netty.transport.ServerTransport$ChildObserver.onStateChange(ServerTransport.java:477) ~[reactor-netty-core-1.1.0.jar:1.1.0]
		at reactor.netty.http.server.HttpServerOperations.onInboundNext(HttpServerOperations.java:573) ~[reactor-netty-http-1.1.0.jar:1.1.0]
		at reactor.netty.channel.ChannelOperationsHandler.channelRead(ChannelOperationsHandler.java:113) ~[reactor-netty-core-1.1.0.jar:1.1.0]
		at io.netty.channel.AbstractChannelHandlerContext.invokeChannelRead(AbstractChannelHandlerContext.java:444) ~[netty-transport-4.1.92.Final.jar:4.1.92.Final]
		at io.netty.channel.AbstractChannelHandlerContext.invokeChannelRead(AbstractChannelHandlerContext.java:420) ~[netty-transport-4.1.92.Final.jar:4.1.92.Final]
		at io.netty.channel.AbstractChannelHandlerContext.fireChannelRead(AbstractChannelHandlerContext.java:412) ~[netty-transport-4.1.92.Final.jar:4.1.92.Final]
		at reactor.netty.http.server.HttpTrafficHandler.channelRead(HttpTrafficHandler.java:220) ~[reactor-netty-http-1.1.0.jar:1.1.0]
		at io.netty.channel.AbstractChannelHandlerContext.invokeChannelRead(AbstractChannelHandlerContext.java:442) ~[netty-transport-4.1.92.Final.jar:4.1.92.Final]
		at io.netty.channel.AbstractChannelHandlerContext.invokeChannelRead(AbstractChannelHandlerContext.java:420) ~[netty-transport-4.1.92.Final.jar:4.1.92.Final]
		at io.netty.channel.AbstractChannelHandlerContext.fireChannelRead(AbstractChannelHandlerContext.java:412) ~[netty-transport-4.1.92.Final.jar:4.1.92.Final]
		at io.netty.channel.CombinedChannelDuplexHandler$DelegatingChannelHandlerContext.fireChannelRead(CombinedChannelDuplexHandler.java:436) ~[netty-transport-4.1.92.Final.jar:4.1.92.Final]
		at io.netty.handler.codec.ByteToMessageDecoder.fireChannelRead(ByteToMessageDecoder.java:346) ~[netty-codec-4.1.92.Final.jar:4.1.92.Final]
		at io.netty.handler.codec.ByteToMessageDecoder.channelRead(ByteToMessageDecoder.java:318) ~[netty-codec-4.1.92.Final.jar:4.1.92.Final]
		at io.netty.channel.CombinedChannelDuplexHandler.channelRead(CombinedChannelDuplexHandler.java:251) ~[netty-transport-4.1.92.Final.jar:4.1.92.Final]
		at io.netty.channel.AbstractChannelHandlerContext.invokeChannelRead(AbstractChannelHandlerContext.java:442) ~[netty-transport-4.1.92.Final.jar:4.1.92.Final]
		at io.netty.channel.AbstractChannelHandlerContext.invokeChannelRead(AbstractChannelHandlerContext.java:420) ~[netty-transport-4.1.92.Final.jar:4.1.92.Final]
		at io.netty.channel.AbstractChannelHandlerContext.fireChannelRead(AbstractChannelHandlerContext.java:412) ~[netty-transport-4.1.92.Final.jar:4.1.92.Final]
		at io.netty.channel.DefaultChannelPipeline$HeadContext.channelRead(DefaultChannelPipeline.java:1410) ~[netty-transport-4.1.92.Final.jar:4.1.92.Final]
		at io.netty.channel.AbstractChannelHandlerContext.invokeChannelRead(AbstractChannelHandlerContext.java:440) ~[netty-transport-4.1.92.Final.jar:4.1.92.Final]
		at io.netty.channel.AbstractChannelHandlerContext.invokeChannelRead(AbstractChannelHandlerContext.java:420) ~[netty-transport-4.1.92.Final.jar:4.1.92.Final]
		at io.netty.channel.DefaultChannelPipeline.fireChannelRead(DefaultChannelPipeline.java:919) ~[netty-transport-4.1.92.Final.jar:4.1.92.Final]
		at io.netty.channel.nio.AbstractNioByteChannel$NioByteUnsafe.read(AbstractNioByteChannel.java:166) ~[netty-transport-4.1.92.Final.jar:4.1.92.Final]
		at io.netty.channel.nio.NioEventLoop.processSelectedKey(NioEventLoop.java:788) ~[netty-transport-4.1.92.Final.jar:4.1.92.Final]
		at io.netty.channel.nio.NioEventLoop.processSelectedKeysOptimized(NioEventLoop.java:724) ~[netty-transport-4.1.92.Final.jar:4.1.92.Final]
		at io.netty.channel.nio.NioEventLoop.processSelectedKeys(NioEventLoop.java:650) ~[netty-transport-4.1.92.Final.jar:4.1.92.Final]
		at io.netty.channel.nio.NioEventLoop.run(NioEventLoop.java:562) ~[netty-transport-4.1.92.Final.jar:4.1.92.Final]
		at io.netty.util.concurrent.SingleThreadEventExecutor$4.run(SingleThreadEventExecutor.java:997) ~[netty-common-4.1.92.Final.jar:4.1.92.Final]
		at io.netty.util.internal.ThreadExecutorMap$2.run(ThreadExecutorMap.java:74) ~[netty-common-4.1.92.Final.jar:4.1.92.Final]
		at io.netty.util.concurrent.FastThreadLocalRunnable.run(FastThreadLocalRunnable.java:30) ~[netty-common-4.1.92.Final.jar:4.1.92.Final]
		at java.base/java.lang.Thread.run(Thread.java:833) ~[na:na]
