2023-05-22 10:12:03 [lettuce-nioEventLoop-5-1] ERROR - [e2c34570-8]  500 Server Error for HTTP GET "/a/b?accessToken=139e8a15ae6f4b86bbd4a6d0092f5ac5d2c5454a7b8d81f3c8e4f345df234770"
java.lang.IllegalArgumentException: A granted authority textual representation is required
	at org.springframework.util.Assert.hasText(Assert.java:294) ~[spring-core-6.0.2.jar:6.0.2]
	Suppressed: reactor.core.publisher.FluxOnAssembly$OnAssemblyException: 
Error has been observed at the following site(s):
	*__checkpoint ⇢ org.springframework.security.web.server.authentication.AuthenticationWebFilter [DefaultWebFilterChain]
	*__checkpoint ⇢ org.springframework.security.web.server.context.ReactorContextWebFilter [DefaultWebFilterChain]
	*__checkpoint ⇢ org.springframework.security.web.server.header.HttpHeaderWriterWebFilter [DefaultWebFilterChain]
	*__checkpoint ⇢ org.springframework.security.config.web.server.ServerHttpSecurity$ServerWebExchangeReactorContextWebFilter [DefaultWebFilterChain]
	*__checkpoint ⇢ org.springframework.security.web.server.WebFilterChainProxy [DefaultWebFilterChain]
	*__checkpoint ⇢ HTTP GET "/a/b?accessToken=139e8a15ae6f4b86bbd4a6d0092f5ac5d2c5454a7b8d81f3c8e4f345df234770" [ExceptionHandlingWebHandler]
Original Stack Trace:
		at org.springframework.util.Assert.hasText(Assert.java:294) ~[spring-core-6.0.2.jar:6.0.2]
		at org.springframework.security.core.authority.SimpleGrantedAuthority.<init>(SimpleGrantedAuthority.java:39) ~[spring-security-core-6.0.0.jar:6.0.0]
		at org.springframework.security.core.authority.AuthorityUtils.createAuthorityList(AuthorityUtils.java:76) ~[spring-security-core-6.0.0.jar:6.0.0]
		at org.springframework.security.authentication.TestingAuthenticationToken.<init>(TestingAuthenticationToken.java:47) ~[spring-security-core-6.0.0.jar:6.0.0]
		at club.p6e.coat.gateway.auth.certificate.AuthServerHttpLocalStorageCacheAuthenticationConverter.lambda$convert$0(AuthServerHttpLocalStorageCacheAuthenticationConverter.java:101) ~[classes/:na]
		at reactor.core.publisher.FluxMap$MapSubscriber.onNext(FluxMap.java:106) ~[reactor-core-3.5.0.jar:3.5.0]
		at reactor.core.publisher.MonoNext$NextSubscriber.onNext(MonoNext.java:82) ~[reactor-core-3.5.0.jar:3.5.0]
		at reactor.core.publisher.FluxUsingWhen$UsingWhenSubscriber.onNext(FluxUsingWhen.java:345) ~[reactor-core-3.5.0.jar:3.5.0]
		at reactor.core.publisher.FluxMap$MapSubscriber.onNext(FluxMap.java:122) ~[reactor-core-3.5.0.jar:3.5.0]
		at reactor.core.publisher.FluxMap$MapSubscriber.onNext(FluxMap.java:122) ~[reactor-core-3.5.0.jar:3.5.0]
		at reactor.core.publisher.FluxFilter$FilterSubscriber.onNext(FluxFilter.java:113) ~[reactor-core-3.5.0.jar:3.5.0]
		at reactor.core.publisher.MonoNext$NextSubscriber.onNext(MonoNext.java:82) ~[reactor-core-3.5.0.jar:3.5.0]
		at reactor.core.publisher.FluxOnErrorResume$ResumeSubscriber.onNext(FluxOnErrorResume.java:79) ~[reactor-core-3.5.0.jar:3.5.0]
		at reactor.core.publisher.MonoFlatMapMany$FlatMapManyInner.onNext(MonoFlatMapMany.java:250) ~[reactor-core-3.5.0.jar:3.5.0]
		at reactor.core.publisher.FluxDefaultIfEmpty$DefaultIfEmptySubscriber.onNext(FluxDefaultIfEmpty.java:122) ~[reactor-core-3.5.0.jar:3.5.0]
		at reactor.core.publisher.FluxMap$MapSubscriber.onNext(FluxMap.java:122) ~[reactor-core-3.5.0.jar:3.5.0]
		at reactor.core.publisher.MonoNext$NextSubscriber.onNext(MonoNext.java:82) ~[reactor-core-3.5.0.jar:3.5.0]
		at reactor.core.publisher.MonoNext$NextSubscriber.onNext(MonoNext.java:82) ~[reactor-core-3.5.0.jar:3.5.0]
		at io.lettuce.core.RedisPublisher$ImmediateSubscriber.onNext(RedisPublisher.java:886) ~[lettuce-core-6.2.1.RELEASE.jar:6.2.1.RELEASE]
		at io.lettuce.core.RedisPublisher$RedisSubscription.onNext(RedisPublisher.java:291) ~[lettuce-core-6.2.1.RELEASE.jar:6.2.1.RELEASE]
		at io.lettuce.core.RedisPublisher$SubscriptionCommand.doOnComplete(RedisPublisher.java:773) ~[lettuce-core-6.2.1.RELEASE.jar:6.2.1.RELEASE]
		at io.lettuce.core.protocol.CommandWrapper.complete(CommandWrapper.java:65) ~[lettuce-core-6.2.1.RELEASE.jar:6.2.1.RELEASE]
		at io.lettuce.core.protocol.CommandHandler.complete(CommandHandler.java:747) ~[lettuce-core-6.2.1.RELEASE.jar:6.2.1.RELEASE]
		at io.lettuce.core.protocol.CommandHandler.decode(CommandHandler.java:682) ~[lettuce-core-6.2.1.RELEASE.jar:6.2.1.RELEASE]
		at io.lettuce.core.protocol.CommandHandler.channelRead(CommandHandler.java:599) ~[lettuce-core-6.2.1.RELEASE.jar:6.2.1.RELEASE]
		at io.netty.channel.AbstractChannelHandlerContext.invokeChannelRead(AbstractChannelHandlerContext.java:442) ~[netty-transport-4.1.85.Final.jar:4.1.85.Final]
		at io.netty.channel.AbstractChannelHandlerContext.invokeChannelRead(AbstractChannelHandlerContext.java:420) ~[netty-transport-4.1.85.Final.jar:4.1.85.Final]
		at io.netty.channel.AbstractChannelHandlerContext.fireChannelRead(AbstractChannelHandlerContext.java:412) ~[netty-transport-4.1.85.Final.jar:4.1.85.Final]
		at io.netty.channel.DefaultChannelPipeline$HeadContext.channelRead(DefaultChannelPipeline.java:1410) ~[netty-transport-4.1.85.Final.jar:4.1.85.Final]
		at io.netty.channel.AbstractChannelHandlerContext.invokeChannelRead(AbstractChannelHandlerContext.java:440) ~[netty-transport-4.1.85.Final.jar:4.1.85.Final]
		at io.netty.channel.AbstractChannelHandlerContext.invokeChannelRead(AbstractChannelHandlerContext.java:420) ~[netty-transport-4.1.85.Final.jar:4.1.85.Final]
		at io.netty.channel.DefaultChannelPipeline.fireChannelRead(DefaultChannelPipeline.java:919) ~[netty-transport-4.1.85.Final.jar:4.1.85.Final]
		at io.netty.channel.nio.AbstractNioByteChannel$NioByteUnsafe.read(AbstractNioByteChannel.java:166) ~[netty-transport-4.1.85.Final.jar:4.1.85.Final]
		at io.netty.channel.nio.NioEventLoop.processSelectedKey(NioEventLoop.java:788) ~[netty-transport-4.1.85.Final.jar:4.1.85.Final]
		at io.netty.channel.nio.NioEventLoop.processSelectedKeysOptimized(NioEventLoop.java:724) ~[netty-transport-4.1.85.Final.jar:4.1.85.Final]
		at io.netty.channel.nio.NioEventLoop.processSelectedKeys(NioEventLoop.java:650) ~[netty-transport-4.1.85.Final.jar:4.1.85.Final]
		at io.netty.channel.nio.NioEventLoop.run(NioEventLoop.java:562) ~[netty-transport-4.1.85.Final.jar:4.1.85.Final]
		at io.netty.util.concurrent.SingleThreadEventExecutor$4.run(SingleThreadEventExecutor.java:997) ~[netty-common-4.1.85.Final.jar:4.1.85.Final]
		at io.netty.util.internal.ThreadExecutorMap$2.run(ThreadExecutorMap.java:74) ~[netty-common-4.1.85.Final.jar:4.1.85.Final]
		at io.netty.util.concurrent.FastThreadLocalRunnable.run(FastThreadLocalRunnable.java:30) ~[netty-common-4.1.85.Final.jar:4.1.85.Final]
		at java.base/java.lang.Thread.run(Thread.java:833) ~[na:na]
2023-05-22 10:13:20 [lettuce-nioEventLoop-5-1] ERROR - [929f5f7b-1]  500 Server Error for HTTP GET "/a/b?accessToken=139e8a15ae6f4b86bbd4a6d0092f5ac5d2c5454a7b8d81f3c8e4f345df234770"
java.lang.IllegalArgumentException: A granted authority textual representation is required
	at org.springframework.util.Assert.hasText(Assert.java:294) ~[spring-core-6.0.2.jar:6.0.2]
	Suppressed: reactor.core.publisher.FluxOnAssembly$OnAssemblyException: 
Error has been observed at the following site(s):
	*__checkpoint ⇢ org.springframework.security.web.server.authentication.AuthenticationWebFilter [DefaultWebFilterChain]
	*__checkpoint ⇢ org.springframework.security.web.server.context.ReactorContextWebFilter [DefaultWebFilterChain]
	*__checkpoint ⇢ org.springframework.security.web.server.header.HttpHeaderWriterWebFilter [DefaultWebFilterChain]
	*__checkpoint ⇢ club.p6e.coat.gateway.auth.AuthHttpHeaderInitWebFilter [DefaultWebFilterChain]
	*__checkpoint ⇢ org.springframework.security.config.web.server.ServerHttpSecurity$ServerWebExchangeReactorContextWebFilter [DefaultWebFilterChain]
	*__checkpoint ⇢ org.springframework.security.web.server.WebFilterChainProxy [DefaultWebFilterChain]
	*__checkpoint ⇢ HTTP GET "/a/b?accessToken=139e8a15ae6f4b86bbd4a6d0092f5ac5d2c5454a7b8d81f3c8e4f345df234770" [ExceptionHandlingWebHandler]
Original Stack Trace:
		at org.springframework.util.Assert.hasText(Assert.java:294) ~[spring-core-6.0.2.jar:6.0.2]
		at org.springframework.security.core.authority.SimpleGrantedAuthority.<init>(SimpleGrantedAuthority.java:39) ~[spring-security-core-6.0.0.jar:6.0.0]
		at org.springframework.security.core.authority.AuthorityUtils.createAuthorityList(AuthorityUtils.java:76) ~[spring-security-core-6.0.0.jar:6.0.0]
		at org.springframework.security.authentication.TestingAuthenticationToken.<init>(TestingAuthenticationToken.java:47) ~[spring-security-core-6.0.0.jar:6.0.0]
		at club.p6e.coat.gateway.auth.certificate.AuthServerHttpLocalStorageCacheAuthenticationConverter.lambda$convert$0(AuthServerHttpLocalStorageCacheAuthenticationConverter.java:101) ~[classes/:na]
		at reactor.core.publisher.FluxMap$MapSubscriber.onNext(FluxMap.java:106) ~[reactor-core-3.5.0.jar:3.5.0]
		at reactor.core.publisher.MonoNext$NextSubscriber.onNext(MonoNext.java:82) ~[reactor-core-3.5.0.jar:3.5.0]
		at reactor.core.publisher.FluxUsingWhen$UsingWhenSubscriber.onNext(FluxUsingWhen.java:345) ~[reactor-core-3.5.0.jar:3.5.0]
		at reactor.core.publisher.FluxMap$MapSubscriber.onNext(FluxMap.java:122) ~[reactor-core-3.5.0.jar:3.5.0]
		at reactor.core.publisher.FluxMap$MapSubscriber.onNext(FluxMap.java:122) ~[reactor-core-3.5.0.jar:3.5.0]
		at reactor.core.publisher.FluxFilter$FilterSubscriber.onNext(FluxFilter.java:113) ~[reactor-core-3.5.0.jar:3.5.0]
		at reactor.core.publisher.MonoNext$NextSubscriber.onNext(MonoNext.java:82) ~[reactor-core-3.5.0.jar:3.5.0]
		at reactor.core.publisher.FluxOnErrorResume$ResumeSubscriber.onNext(FluxOnErrorResume.java:79) ~[reactor-core-3.5.0.jar:3.5.0]
		at reactor.core.publisher.MonoFlatMapMany$FlatMapManyInner.onNext(MonoFlatMapMany.java:250) ~[reactor-core-3.5.0.jar:3.5.0]
		at reactor.core.publisher.FluxDefaultIfEmpty$DefaultIfEmptySubscriber.onNext(FluxDefaultIfEmpty.java:122) ~[reactor-core-3.5.0.jar:3.5.0]
		at reactor.core.publisher.FluxMap$MapSubscriber.onNext(FluxMap.java:122) ~[reactor-core-3.5.0.jar:3.5.0]
		at reactor.core.publisher.MonoNext$NextSubscriber.onNext(MonoNext.java:82) ~[reactor-core-3.5.0.jar:3.5.0]
		at reactor.core.publisher.MonoNext$NextSubscriber.onNext(MonoNext.java:82) ~[reactor-core-3.5.0.jar:3.5.0]
		at io.lettuce.core.RedisPublisher$ImmediateSubscriber.onNext(RedisPublisher.java:886) ~[lettuce-core-6.2.1.RELEASE.jar:6.2.1.RELEASE]
		at io.lettuce.core.RedisPublisher$RedisSubscription.onNext(RedisPublisher.java:291) ~[lettuce-core-6.2.1.RELEASE.jar:6.2.1.RELEASE]
		at io.lettuce.core.RedisPublisher$SubscriptionCommand.doOnComplete(RedisPublisher.java:773) ~[lettuce-core-6.2.1.RELEASE.jar:6.2.1.RELEASE]
		at io.lettuce.core.protocol.CommandWrapper.complete(CommandWrapper.java:65) ~[lettuce-core-6.2.1.RELEASE.jar:6.2.1.RELEASE]
		at io.lettuce.core.protocol.CommandHandler.complete(CommandHandler.java:747) ~[lettuce-core-6.2.1.RELEASE.jar:6.2.1.RELEASE]
		at io.lettuce.core.protocol.CommandHandler.decode(CommandHandler.java:682) ~[lettuce-core-6.2.1.RELEASE.jar:6.2.1.RELEASE]
		at io.lettuce.core.protocol.CommandHandler.channelRead(CommandHandler.java:599) ~[lettuce-core-6.2.1.RELEASE.jar:6.2.1.RELEASE]
		at io.netty.channel.AbstractChannelHandlerContext.invokeChannelRead(AbstractChannelHandlerContext.java:442) ~[netty-transport-4.1.85.Final.jar:4.1.85.Final]
		at io.netty.channel.AbstractChannelHandlerContext.invokeChannelRead(AbstractChannelHandlerContext.java:420) ~[netty-transport-4.1.85.Final.jar:4.1.85.Final]
		at io.netty.channel.AbstractChannelHandlerContext.fireChannelRead(AbstractChannelHandlerContext.java:412) ~[netty-transport-4.1.85.Final.jar:4.1.85.Final]
		at io.netty.channel.DefaultChannelPipeline$HeadContext.channelRead(DefaultChannelPipeline.java:1410) ~[netty-transport-4.1.85.Final.jar:4.1.85.Final]
		at io.netty.channel.AbstractChannelHandlerContext.invokeChannelRead(AbstractChannelHandlerContext.java:440) ~[netty-transport-4.1.85.Final.jar:4.1.85.Final]
		at io.netty.channel.AbstractChannelHandlerContext.invokeChannelRead(AbstractChannelHandlerContext.java:420) ~[netty-transport-4.1.85.Final.jar:4.1.85.Final]
		at io.netty.channel.DefaultChannelPipeline.fireChannelRead(DefaultChannelPipeline.java:919) ~[netty-transport-4.1.85.Final.jar:4.1.85.Final]
		at io.netty.channel.nio.AbstractNioByteChannel$NioByteUnsafe.read(AbstractNioByteChannel.java:166) ~[netty-transport-4.1.85.Final.jar:4.1.85.Final]
		at io.netty.channel.nio.NioEventLoop.processSelectedKey(NioEventLoop.java:788) ~[netty-transport-4.1.85.Final.jar:4.1.85.Final]
		at io.netty.channel.nio.NioEventLoop.processSelectedKeysOptimized(NioEventLoop.java:724) ~[netty-transport-4.1.85.Final.jar:4.1.85.Final]
		at io.netty.channel.nio.NioEventLoop.processSelectedKeys(NioEventLoop.java:650) ~[netty-transport-4.1.85.Final.jar:4.1.85.Final]
		at io.netty.channel.nio.NioEventLoop.run(NioEventLoop.java:562) ~[netty-transport-4.1.85.Final.jar:4.1.85.Final]
		at io.netty.util.concurrent.SingleThreadEventExecutor$4.run(SingleThreadEventExecutor.java:997) ~[netty-common-4.1.85.Final.jar:4.1.85.Final]
		at io.netty.util.internal.ThreadExecutorMap$2.run(ThreadExecutorMap.java:74) ~[netty-common-4.1.85.Final.jar:4.1.85.Final]
		at io.netty.util.concurrent.FastThreadLocalRunnable.run(FastThreadLocalRunnable.java:30) ~[netty-common-4.1.85.Final.jar:4.1.85.Final]
		at java.base/java.lang.Thread.run(Thread.java:833) ~[na:na]
2023-05-22 10:14:23 [lettuce-nioEventLoop-5-1] ERROR - [4e2cf64a-1]  500 Server Error for HTTP GET "/a/b?accessToken=139e8a15ae6f4b86bbd4a6d0092f5ac5d2c5454a7b8d81f3c8e4f345df234770"
java.lang.RuntimeException: Not support authentication.
	at club.p6e.coat.gateway.auth.AuthReactiveAuthenticationManager.authenticate(AuthReactiveAuthenticationManager.java:22) ~[classes/:na]
	Suppressed: reactor.core.publisher.FluxOnAssembly$OnAssemblyException: 
Error has been observed at the following site(s):
	*__checkpoint ⇢ org.springframework.security.web.server.authentication.AuthenticationWebFilter [DefaultWebFilterChain]
	*__checkpoint ⇢ org.springframework.security.web.server.context.ReactorContextWebFilter [DefaultWebFilterChain]
	*__checkpoint ⇢ org.springframework.security.web.server.header.HttpHeaderWriterWebFilter [DefaultWebFilterChain]
	*__checkpoint ⇢ club.p6e.coat.gateway.auth.AuthHttpHeaderInitWebFilter [DefaultWebFilterChain]
	*__checkpoint ⇢ org.springframework.security.config.web.server.ServerHttpSecurity$ServerWebExchangeReactorContextWebFilter [DefaultWebFilterChain]
	*__checkpoint ⇢ org.springframework.security.web.server.WebFilterChainProxy [DefaultWebFilterChain]
	*__checkpoint ⇢ HTTP GET "/a/b?accessToken=139e8a15ae6f4b86bbd4a6d0092f5ac5d2c5454a7b8d81f3c8e4f345df234770" [ExceptionHandlingWebHandler]
Original Stack Trace:
		at club.p6e.coat.gateway.auth.AuthReactiveAuthenticationManager.authenticate(AuthReactiveAuthenticationManager.java:22) ~[classes/:na]
		at org.springframework.security.web.server.authentication.AuthenticationWebFilter.lambda$authenticate$5(AuthenticationWebFilter.java:121) ~[spring-security-web-6.0.0.jar:6.0.0]
		at reactor.core.publisher.FluxFlatMap.trySubscribeScalarMap(FluxFlatMap.java:152) ~[reactor-core-3.5.0.jar:3.5.0]
		at reactor.core.publisher.MonoFlatMap.subscribeOrReturn(MonoFlatMap.java:53) ~[reactor-core-3.5.0.jar:3.5.0]
		at reactor.core.publisher.InternalMonoOperator.subscribe(InternalMonoOperator.java:57) ~[reactor-core-3.5.0.jar:3.5.0]
		at reactor.core.publisher.MonoFlatMap$FlatMapMain.onNext(MonoFlatMap.java:165) ~[reactor-core-3.5.0.jar:3.5.0]
		at reactor.core.publisher.FluxSwitchIfEmpty$SwitchIfEmptySubscriber.onNext(FluxSwitchIfEmpty.java:74) ~[reactor-core-3.5.0.jar:3.5.0]
		at reactor.core.publisher.MonoFlatMap$FlatMapMain.secondComplete(MonoFlatMap.java:245) ~[reactor-core-3.5.0.jar:3.5.0]
		at reactor.core.publisher.MonoFlatMap$FlatMapInner.onNext(MonoFlatMap.java:305) ~[reactor-core-3.5.0.jar:3.5.0]
		at reactor.core.publisher.MonoFlatMap$FlatMapMain.secondComplete(MonoFlatMap.java:245) ~[reactor-core-3.5.0.jar:3.5.0]
		at reactor.core.publisher.MonoFlatMap$FlatMapInner.onNext(MonoFlatMap.java:305) ~[reactor-core-3.5.0.jar:3.5.0]
		at reactor.core.publisher.FluxMap$MapSubscriber.onNext(FluxMap.java:122) ~[reactor-core-3.5.0.jar:3.5.0]
		at reactor.core.publisher.MonoNext$NextSubscriber.onNext(MonoNext.java:82) ~[reactor-core-3.5.0.jar:3.5.0]
		at reactor.core.publisher.FluxUsingWhen$UsingWhenSubscriber.onNext(FluxUsingWhen.java:345) ~[reactor-core-3.5.0.jar:3.5.0]
		at reactor.core.publisher.FluxMap$MapSubscriber.onNext(FluxMap.java:122) ~[reactor-core-3.5.0.jar:3.5.0]
		at reactor.core.publisher.FluxMap$MapSubscriber.onNext(FluxMap.java:122) ~[reactor-core-3.5.0.jar:3.5.0]
		at reactor.core.publisher.FluxFilter$FilterSubscriber.onNext(FluxFilter.java:113) ~[reactor-core-3.5.0.jar:3.5.0]
		at reactor.core.publisher.MonoNext$NextSubscriber.onNext(MonoNext.java:82) ~[reactor-core-3.5.0.jar:3.5.0]
		at reactor.core.publisher.FluxOnErrorResume$ResumeSubscriber.onNext(FluxOnErrorResume.java:79) ~[reactor-core-3.5.0.jar:3.5.0]
		at reactor.core.publisher.MonoFlatMapMany$FlatMapManyInner.onNext(MonoFlatMapMany.java:250) ~[reactor-core-3.5.0.jar:3.5.0]
		at reactor.core.publisher.FluxDefaultIfEmpty$DefaultIfEmptySubscriber.onNext(FluxDefaultIfEmpty.java:122) ~[reactor-core-3.5.0.jar:3.5.0]
		at reactor.core.publisher.FluxMap$MapSubscriber.onNext(FluxMap.java:122) ~[reactor-core-3.5.0.jar:3.5.0]
		at reactor.core.publisher.MonoNext$NextSubscriber.onNext(MonoNext.java:82) ~[reactor-core-3.5.0.jar:3.5.0]
		at reactor.core.publisher.MonoNext$NextSubscriber.onNext(MonoNext.java:82) ~[reactor-core-3.5.0.jar:3.5.0]
		at io.lettuce.core.RedisPublisher$ImmediateSubscriber.onNext(RedisPublisher.java:886) ~[lettuce-core-6.2.1.RELEASE.jar:6.2.1.RELEASE]
		at io.lettuce.core.RedisPublisher$RedisSubscription.onNext(RedisPublisher.java:291) ~[lettuce-core-6.2.1.RELEASE.jar:6.2.1.RELEASE]
		at io.lettuce.core.RedisPublisher$SubscriptionCommand.doOnComplete(RedisPublisher.java:773) ~[lettuce-core-6.2.1.RELEASE.jar:6.2.1.RELEASE]
		at io.lettuce.core.protocol.CommandWrapper.complete(CommandWrapper.java:65) ~[lettuce-core-6.2.1.RELEASE.jar:6.2.1.RELEASE]
		at io.lettuce.core.protocol.CommandHandler.complete(CommandHandler.java:747) ~[lettuce-core-6.2.1.RELEASE.jar:6.2.1.RELEASE]
		at io.lettuce.core.protocol.CommandHandler.decode(CommandHandler.java:682) ~[lettuce-core-6.2.1.RELEASE.jar:6.2.1.RELEASE]
		at io.lettuce.core.protocol.CommandHandler.channelRead(CommandHandler.java:599) ~[lettuce-core-6.2.1.RELEASE.jar:6.2.1.RELEASE]
		at io.netty.channel.AbstractChannelHandlerContext.invokeChannelRead(AbstractChannelHandlerContext.java:442) ~[netty-transport-4.1.85.Final.jar:4.1.85.Final]
		at io.netty.channel.AbstractChannelHandlerContext.invokeChannelRead(AbstractChannelHandlerContext.java:420) ~[netty-transport-4.1.85.Final.jar:4.1.85.Final]
		at io.netty.channel.AbstractChannelHandlerContext.fireChannelRead(AbstractChannelHandlerContext.java:412) ~[netty-transport-4.1.85.Final.jar:4.1.85.Final]
		at io.netty.channel.DefaultChannelPipeline$HeadContext.channelRead(DefaultChannelPipeline.java:1410) ~[netty-transport-4.1.85.Final.jar:4.1.85.Final]
		at io.netty.channel.AbstractChannelHandlerContext.invokeChannelRead(AbstractChannelHandlerContext.java:440) ~[netty-transport-4.1.85.Final.jar:4.1.85.Final]
		at io.netty.channel.AbstractChannelHandlerContext.invokeChannelRead(AbstractChannelHandlerContext.java:420) ~[netty-transport-4.1.85.Final.jar:4.1.85.Final]
		at io.netty.channel.DefaultChannelPipeline.fireChannelRead(DefaultChannelPipeline.java:919) ~[netty-transport-4.1.85.Final.jar:4.1.85.Final]
		at io.netty.channel.nio.AbstractNioByteChannel$NioByteUnsafe.read(AbstractNioByteChannel.java:166) ~[netty-transport-4.1.85.Final.jar:4.1.85.Final]
		at io.netty.channel.nio.NioEventLoop.processSelectedKey(NioEventLoop.java:788) ~[netty-transport-4.1.85.Final.jar:4.1.85.Final]
		at io.netty.channel.nio.NioEventLoop.processSelectedKeysOptimized(NioEventLoop.java:724) ~[netty-transport-4.1.85.Final.jar:4.1.85.Final]
		at io.netty.channel.nio.NioEventLoop.processSelectedKeys(NioEventLoop.java:650) ~[netty-transport-4.1.85.Final.jar:4.1.85.Final]
		at io.netty.channel.nio.NioEventLoop.run(NioEventLoop.java:562) ~[netty-transport-4.1.85.Final.jar:4.1.85.Final]
		at io.netty.util.concurrent.SingleThreadEventExecutor$4.run(SingleThreadEventExecutor.java:997) ~[netty-common-4.1.85.Final.jar:4.1.85.Final]
		at io.netty.util.internal.ThreadExecutorMap$2.run(ThreadExecutorMap.java:74) ~[netty-common-4.1.85.Final.jar:4.1.85.Final]
		at io.netty.util.concurrent.FastThreadLocalRunnable.run(FastThreadLocalRunnable.java:30) ~[netty-common-4.1.85.Final.jar:4.1.85.Final]
		at java.base/java.lang.Thread.run(Thread.java:833) ~[na:na]
2023-05-22 10:34:28 [main] ERROR - 

***************************
APPLICATION FAILED TO START
***************************

Description:

Parameter 4 of method injectionSecurityWebFilterChainBean in club.p6e.coat.gateway.auth.AuthSecurityConfiguration required a bean of type 'club.p6e.coat.gateway.auth.AuthHttpHeaderInitWebFilter' that could not be found.


Action:

Consider defining a bean of type 'club.p6e.coat.gateway.auth.AuthHttpHeaderInitWebFilter' in your configuration.

