2023-06-02 13:34:39 [background-preinit] INFO - HV000001: Hibernate Validator 8.0.0.Final
2023-06-02 13:34:39 [main] INFO - Starting P6eCloudIndexApplication using Java 17.0.7 with PID 5352 (D:\CodeContents\github\p6e-coat\p6e-coat\p6e-coat-console\target\classes started by a1294 in D:\CodeContents\github\p6e-coat\p6e-coat)
2023-06-02 13:34:39 [main] INFO - No active profile set, falling back to 1 default profile: "default"
2023-06-02 13:34:40 [main] INFO - Multiple Spring Data modules found, entering strict repository configuration mode
2023-06-02 13:34:40 [main] INFO - Bootstrapping Spring Data JPA repositories in DEFAULT mode.
2023-06-02 13:34:40 [main] INFO - Finished Spring Data repository scanning in 92 ms. Found 6 JPA repository interfaces.
2023-06-02 13:34:40 [main] INFO - Multiple Spring Data modules found, entering strict repository configuration mode
2023-06-02 13:34:40 [main] INFO - Bootstrapping Spring Data Redis repositories in DEFAULT mode.
2023-06-02 13:34:40 [main] INFO - Spring Data Redis - Could not safely identify store assignment for repository candidate interface club.p6e.cloud.test.infrastructure.repository.ConfigRepository; If you want this repository to be a Redis repository, consider annotating your entities with one of these annotations: org.springframework.data.redis.core.RedisHash (preferred), or consider extending one of the following types with your repository: org.springframework.data.keyvalue.repository.KeyValueRepository
2023-06-02 13:34:40 [main] INFO - Spring Data Redis - Could not safely identify store assignment for repository candidate interface club.p6e.cloud.test.infrastructure.repository.DictionaryRepository; If you want this repository to be a Redis repository, consider annotating your entities with one of these annotations: org.springframework.data.redis.core.RedisHash (preferred), or consider extending one of the following types with your repository: org.springframework.data.keyvalue.repository.KeyValueRepository
2023-06-02 13:34:40 [main] INFO - Spring Data Redis - Could not safely identify store assignment for repository candidate interface club.p6e.cloud.test.infrastructure.repository.PermissionUrlGroupRelationUrlRepository; If you want this repository to be a Redis repository, consider annotating your entities with one of these annotations: org.springframework.data.redis.core.RedisHash (preferred), or consider extending one of the following types with your repository: org.springframework.data.keyvalue.repository.KeyValueRepository
2023-06-02 13:34:40 [main] INFO - Spring Data Redis - Could not safely identify store assignment for repository candidate interface club.p6e.cloud.test.infrastructure.repository.PermissionUrlGroupRepository; If you want this repository to be a Redis repository, consider annotating your entities with one of these annotations: org.springframework.data.redis.core.RedisHash (preferred), or consider extending one of the following types with your repository: org.springframework.data.keyvalue.repository.KeyValueRepository
2023-06-02 13:34:40 [main] INFO - Spring Data Redis - Could not safely identify store assignment for repository candidate interface club.p6e.cloud.test.infrastructure.repository.PermissionUrlRepository; If you want this repository to be a Redis repository, consider annotating your entities with one of these annotations: org.springframework.data.redis.core.RedisHash (preferred), or consider extending one of the following types with your repository: org.springframework.data.keyvalue.repository.KeyValueRepository
2023-06-02 13:34:40 [main] INFO - Spring Data Redis - Could not safely identify store assignment for repository candidate interface club.p6e.cloud.test.infrastructure.repository.UserRepository; If you want this repository to be a Redis repository, consider annotating your entities with one of these annotations: org.springframework.data.redis.core.RedisHash (preferred), or consider extending one of the following types with your repository: org.springframework.data.keyvalue.repository.KeyValueRepository
2023-06-02 13:34:40 [main] INFO - Finished Spring Data repository scanning in 4 ms. Found 0 Redis repository interfaces.
2023-06-02 13:34:40 [main] INFO - Tomcat initialized with port(s): 8080 (http)
2023-06-02 13:34:40 [main] INFO - Initializing ProtocolHandler ["http-nio-8080"]
2023-06-02 13:34:40 [main] INFO - Starting service [Tomcat]
2023-06-02 13:34:40 [main] INFO - Starting Servlet engine: [Apache Tomcat/10.1.1]
2023-06-02 13:34:40 [main] INFO - Initializing Spring embedded WebApplicationContext
2023-06-02 13:34:40 [main] INFO - Root WebApplicationContext: initialization completed in 773 ms
2023-06-02 13:34:40 [main] INFO - Stopping service [Tomcat]
2023-06-02 13:34:40 [main] INFO - 

Error starting ApplicationContext. To display the condition evaluation report re-run your application with 'debug' enabled.
2023-06-02 13:35:19 [background-preinit] INFO - HV000001: Hibernate Validator 8.0.0.Final
2023-06-02 13:35:19 [main] INFO - Starting P6eCloudIndexApplication using Java 17.0.7 with PID 26032 (D:\CodeContents\github\p6e-coat\p6e-coat\p6e-coat-console\target\classes started by a1294 in D:\CodeContents\github\p6e-coat\p6e-coat)
2023-06-02 13:35:19 [main] INFO - No active profile set, falling back to 1 default profile: "default"
2023-06-02 13:35:19 [main] INFO - Multiple Spring Data modules found, entering strict repository configuration mode
2023-06-02 13:35:19 [main] INFO - Bootstrapping Spring Data JPA repositories in DEFAULT mode.
2023-06-02 13:35:20 [main] INFO - Finished Spring Data repository scanning in 100 ms. Found 6 JPA repository interfaces.
2023-06-02 13:35:20 [main] INFO - Multiple Spring Data modules found, entering strict repository configuration mode
2023-06-02 13:35:20 [main] INFO - Bootstrapping Spring Data Redis repositories in DEFAULT mode.
2023-06-02 13:35:20 [main] INFO - Spring Data Redis - Could not safely identify store assignment for repository candidate interface club.p6e.cloud.test.infrastructure.repository.ConfigRepository; If you want this repository to be a Redis repository, consider annotating your entities with one of these annotations: org.springframework.data.redis.core.RedisHash (preferred), or consider extending one of the following types with your repository: org.springframework.data.keyvalue.repository.KeyValueRepository
2023-06-02 13:35:20 [main] INFO - Spring Data Redis - Could not safely identify store assignment for repository candidate interface club.p6e.cloud.test.infrastructure.repository.DictionaryRepository; If you want this repository to be a Redis repository, consider annotating your entities with one of these annotations: org.springframework.data.redis.core.RedisHash (preferred), or consider extending one of the following types with your repository: org.springframework.data.keyvalue.repository.KeyValueRepository
2023-06-02 13:35:20 [main] INFO - Spring Data Redis - Could not safely identify store assignment for repository candidate interface club.p6e.cloud.test.infrastructure.repository.PermissionUrlGroupRelationUrlRepository; If you want this repository to be a Redis repository, consider annotating your entities with one of these annotations: org.springframework.data.redis.core.RedisHash (preferred), or consider extending one of the following types with your repository: org.springframework.data.keyvalue.repository.KeyValueRepository
2023-06-02 13:35:20 [main] INFO - Spring Data Redis - Could not safely identify store assignment for repository candidate interface club.p6e.cloud.test.infrastructure.repository.PermissionUrlGroupRepository; If you want this repository to be a Redis repository, consider annotating your entities with one of these annotations: org.springframework.data.redis.core.RedisHash (preferred), or consider extending one of the following types with your repository: org.springframework.data.keyvalue.repository.KeyValueRepository
2023-06-02 13:35:20 [main] INFO - Spring Data Redis - Could not safely identify store assignment for repository candidate interface club.p6e.cloud.test.infrastructure.repository.PermissionUrlRepository; If you want this repository to be a Redis repository, consider annotating your entities with one of these annotations: org.springframework.data.redis.core.RedisHash (preferred), or consider extending one of the following types with your repository: org.springframework.data.keyvalue.repository.KeyValueRepository
2023-06-02 13:35:20 [main] INFO - Spring Data Redis - Could not safely identify store assignment for repository candidate interface club.p6e.cloud.test.infrastructure.repository.UserRepository; If you want this repository to be a Redis repository, consider annotating your entities with one of these annotations: org.springframework.data.redis.core.RedisHash (preferred), or consider extending one of the following types with your repository: org.springframework.data.keyvalue.repository.KeyValueRepository
2023-06-02 13:35:20 [main] INFO - Finished Spring Data repository scanning in 5 ms. Found 0 Redis repository interfaces.
2023-06-02 13:35:20 [main] INFO - Tomcat initialized with port(s): 8080 (http)
2023-06-02 13:35:20 [main] INFO - Initializing ProtocolHandler ["http-nio-8080"]
2023-06-02 13:35:20 [main] INFO - Starting service [Tomcat]
2023-06-02 13:35:20 [main] INFO - Starting Servlet engine: [Apache Tomcat/10.1.1]
2023-06-02 13:35:20 [main] INFO - Initializing Spring embedded WebApplicationContext
2023-06-02 13:35:20 [main] INFO - Root WebApplicationContext: initialization completed in 799 ms
2023-06-02 13:35:20 [main] INFO - Stopping service [Tomcat]
2023-06-02 13:35:20 [main] INFO - 

Error starting ApplicationContext. To display the condition evaluation report re-run your application with 'debug' enabled.
2023-06-02 13:35:43 [background-preinit] INFO - HV000001: Hibernate Validator 8.0.0.Final
2023-06-02 13:35:43 [main] INFO - Starting P6eCloudIndexApplication using Java 17.0.7 with PID 5148 (D:\CodeContents\github\p6e-coat\p6e-coat\p6e-coat-console\target\classes started by a1294 in D:\CodeContents\github\p6e-coat\p6e-coat)
2023-06-02 13:35:43 [main] INFO - No active profile set, falling back to 1 default profile: "default"
2023-06-02 13:35:44 [main] INFO - Multiple Spring Data modules found, entering strict repository configuration mode
2023-06-02 13:35:44 [main] INFO - Bootstrapping Spring Data JPA repositories in DEFAULT mode.
2023-06-02 13:35:44 [main] INFO - Finished Spring Data repository scanning in 86 ms. Found 6 JPA repository interfaces.
2023-06-02 13:35:44 [main] INFO - Multiple Spring Data modules found, entering strict repository configuration mode
2023-06-02 13:35:44 [main] INFO - Bootstrapping Spring Data Redis repositories in DEFAULT mode.
2023-06-02 13:35:44 [main] INFO - Spring Data Redis - Could not safely identify store assignment for repository candidate interface club.p6e.cloud.test.infrastructure.repository.ConfigRepository; If you want this repository to be a Redis repository, consider annotating your entities with one of these annotations: org.springframework.data.redis.core.RedisHash (preferred), or consider extending one of the following types with your repository: org.springframework.data.keyvalue.repository.KeyValueRepository
2023-06-02 13:35:44 [main] INFO - Spring Data Redis - Could not safely identify store assignment for repository candidate interface club.p6e.cloud.test.infrastructure.repository.DictionaryRepository; If you want this repository to be a Redis repository, consider annotating your entities with one of these annotations: org.springframework.data.redis.core.RedisHash (preferred), or consider extending one of the following types with your repository: org.springframework.data.keyvalue.repository.KeyValueRepository
2023-06-02 13:35:44 [main] INFO - Spring Data Redis - Could not safely identify store assignment for repository candidate interface club.p6e.cloud.test.infrastructure.repository.PermissionUrlGroupRelationUrlRepository; If you want this repository to be a Redis repository, consider annotating your entities with one of these annotations: org.springframework.data.redis.core.RedisHash (preferred), or consider extending one of the following types with your repository: org.springframework.data.keyvalue.repository.KeyValueRepository
2023-06-02 13:35:44 [main] INFO - Spring Data Redis - Could not safely identify store assignment for repository candidate interface club.p6e.cloud.test.infrastructure.repository.PermissionUrlGroupRepository; If you want this repository to be a Redis repository, consider annotating your entities with one of these annotations: org.springframework.data.redis.core.RedisHash (preferred), or consider extending one of the following types with your repository: org.springframework.data.keyvalue.repository.KeyValueRepository
2023-06-02 13:35:44 [main] INFO - Spring Data Redis - Could not safely identify store assignment for repository candidate interface club.p6e.cloud.test.infrastructure.repository.PermissionUrlRepository; If you want this repository to be a Redis repository, consider annotating your entities with one of these annotations: org.springframework.data.redis.core.RedisHash (preferred), or consider extending one of the following types with your repository: org.springframework.data.keyvalue.repository.KeyValueRepository
2023-06-02 13:35:44 [main] INFO - Spring Data Redis - Could not safely identify store assignment for repository candidate interface club.p6e.cloud.test.infrastructure.repository.UserRepository; If you want this repository to be a Redis repository, consider annotating your entities with one of these annotations: org.springframework.data.redis.core.RedisHash (preferred), or consider extending one of the following types with your repository: org.springframework.data.keyvalue.repository.KeyValueRepository
2023-06-02 13:35:44 [main] INFO - Finished Spring Data repository scanning in 4 ms. Found 0 Redis repository interfaces.
2023-06-02 13:35:44 [main] INFO - Tomcat initialized with port(s): 8080 (http)
2023-06-02 13:35:44 [main] INFO - Initializing ProtocolHandler ["http-nio-8080"]
2023-06-02 13:35:44 [main] INFO - Starting service [Tomcat]
2023-06-02 13:35:44 [main] INFO - Starting Servlet engine: [Apache Tomcat/10.1.1]
2023-06-02 13:35:44 [main] INFO - Initializing Spring embedded WebApplicationContext
2023-06-02 13:35:44 [main] INFO - Root WebApplicationContext: initialization completed in 828 ms
2023-06-02 13:35:44 [main] INFO - Stopping service [Tomcat]
2023-06-02 13:35:44 [main] INFO - 

Error starting ApplicationContext. To display the condition evaluation report re-run your application with 'debug' enabled.
2023-06-02 13:37:09 [background-preinit] INFO - HV000001: Hibernate Validator 8.0.0.Final
2023-06-02 13:37:09 [main] INFO - Starting P6eCloudIndexApplication using Java 17.0.7 with PID 9272 (D:\CodeContents\github\p6e-coat\p6e-coat\p6e-coat-console\target\classes started by a1294 in D:\CodeContents\github\p6e-coat\p6e-coat)
2023-06-02 13:37:09 [main] INFO - No active profile set, falling back to 1 default profile: "default"
2023-06-02 13:37:09 [main] INFO - Multiple Spring Data modules found, entering strict repository configuration mode
2023-06-02 13:37:09 [main] INFO - Bootstrapping Spring Data JPA repositories in DEFAULT mode.
2023-06-02 13:37:09 [main] INFO - Finished Spring Data repository scanning in 91 ms. Found 6 JPA repository interfaces.
2023-06-02 13:37:09 [main] INFO - Multiple Spring Data modules found, entering strict repository configuration mode
2023-06-02 13:37:09 [main] INFO - Bootstrapping Spring Data Redis repositories in DEFAULT mode.
2023-06-02 13:37:09 [main] INFO - Spring Data Redis - Could not safely identify store assignment for repository candidate interface club.p6e.cloud.test.infrastructure.repository.ConfigRepository; If you want this repository to be a Redis repository, consider annotating your entities with one of these annotations: org.springframework.data.redis.core.RedisHash (preferred), or consider extending one of the following types with your repository: org.springframework.data.keyvalue.repository.KeyValueRepository
2023-06-02 13:37:09 [main] INFO - Spring Data Redis - Could not safely identify store assignment for repository candidate interface club.p6e.cloud.test.infrastructure.repository.DictionaryRepository; If you want this repository to be a Redis repository, consider annotating your entities with one of these annotations: org.springframework.data.redis.core.RedisHash (preferred), or consider extending one of the following types with your repository: org.springframework.data.keyvalue.repository.KeyValueRepository
2023-06-02 13:37:09 [main] INFO - Spring Data Redis - Could not safely identify store assignment for repository candidate interface club.p6e.cloud.test.infrastructure.repository.PermissionUrlGroupRelationUrlRepository; If you want this repository to be a Redis repository, consider annotating your entities with one of these annotations: org.springframework.data.redis.core.RedisHash (preferred), or consider extending one of the following types with your repository: org.springframework.data.keyvalue.repository.KeyValueRepository
2023-06-02 13:37:09 [main] INFO - Spring Data Redis - Could not safely identify store assignment for repository candidate interface club.p6e.cloud.test.infrastructure.repository.PermissionUrlGroupRepository; If you want this repository to be a Redis repository, consider annotating your entities with one of these annotations: org.springframework.data.redis.core.RedisHash (preferred), or consider extending one of the following types with your repository: org.springframework.data.keyvalue.repository.KeyValueRepository
2023-06-02 13:37:09 [main] INFO - Spring Data Redis - Could not safely identify store assignment for repository candidate interface club.p6e.cloud.test.infrastructure.repository.PermissionUrlRepository; If you want this repository to be a Redis repository, consider annotating your entities with one of these annotations: org.springframework.data.redis.core.RedisHash (preferred), or consider extending one of the following types with your repository: org.springframework.data.keyvalue.repository.KeyValueRepository
2023-06-02 13:37:09 [main] INFO - Spring Data Redis - Could not safely identify store assignment for repository candidate interface club.p6e.cloud.test.infrastructure.repository.UserRepository; If you want this repository to be a Redis repository, consider annotating your entities with one of these annotations: org.springframework.data.redis.core.RedisHash (preferred), or consider extending one of the following types with your repository: org.springframework.data.keyvalue.repository.KeyValueRepository
2023-06-02 13:37:09 [main] INFO - Finished Spring Data repository scanning in 5 ms. Found 0 Redis repository interfaces.
2023-06-02 13:37:10 [main] INFO - Tomcat initialized with port(s): 8080 (http)
2023-06-02 13:37:10 [main] INFO - Initializing ProtocolHandler ["http-nio-8080"]
2023-06-02 13:37:10 [main] INFO - Starting service [Tomcat]
2023-06-02 13:37:10 [main] INFO - Starting Servlet engine: [Apache Tomcat/10.1.1]
2023-06-02 13:37:10 [main] INFO - Initializing Spring embedded WebApplicationContext
2023-06-02 13:37:10 [main] INFO - Root WebApplicationContext: initialization completed in 1031 ms
2023-06-02 13:37:10 [main] INFO - HikariPool-1 - Starting...
2023-06-02 13:37:10 [main] INFO - HikariPool-1 - Added connection org.postgresql.jdbc.PgConnection@54ccb3
2023-06-02 13:37:10 [main] INFO - HikariPool-1 - Start completed.
2023-06-02 13:37:10 [main] INFO - HHH000204: Processing PersistenceUnitInfo [name: default]
2023-06-02 13:37:10 [main] INFO - HHH000412: Hibernate ORM core version 6.1.5.Final
2023-06-02 13:37:10 [main] INFO - HHH000400: Using dialect: org.hibernate.dialect.PostgreSQLDialect
2023-06-02 13:37:11 [main] INFO - HHH000490: Using JtaPlatform implementation: [org.hibernate.engine.transaction.jta.platform.internal.NoJtaPlatform]
2023-06-02 13:37:11 [main] INFO - Initialized JPA EntityManagerFactory for persistence unit 'default'
2023-06-02 13:37:11 [main] INFO - Closing JPA EntityManagerFactory for persistence unit 'default'
2023-06-02 13:37:11 [main] INFO - HikariPool-1 - Shutdown initiated...
2023-06-02 13:37:11 [main] INFO - HikariPool-1 - Shutdown completed.
2023-06-02 13:37:11 [main] INFO - Stopping service [Tomcat]
2023-06-02 13:37:11 [main] INFO - 

Error starting ApplicationContext. To display the condition evaluation report re-run your application with 'debug' enabled.
2023-06-02 13:39:15 [background-preinit] INFO - HV000001: Hibernate Validator 8.0.0.Final
2023-06-02 13:39:15 [main] INFO - Starting P6eCloudIndexApplication using Java 17.0.7 with PID 33020 (D:\CodeContents\github\p6e-coat\p6e-coat\p6e-coat-console\target\classes started by a1294 in D:\CodeContents\github\p6e-coat\p6e-coat)
2023-06-02 13:39:15 [main] INFO - No active profile set, falling back to 1 default profile: "default"
2023-06-02 13:39:16 [main] INFO - Multiple Spring Data modules found, entering strict repository configuration mode
2023-06-02 13:39:16 [main] INFO - Bootstrapping Spring Data JPA repositories in DEFAULT mode.
2023-06-02 13:39:16 [main] INFO - Finished Spring Data repository scanning in 82 ms. Found 6 JPA repository interfaces.
2023-06-02 13:39:16 [main] INFO - Multiple Spring Data modules found, entering strict repository configuration mode
2023-06-02 13:39:16 [main] INFO - Bootstrapping Spring Data Redis repositories in DEFAULT mode.
2023-06-02 13:39:16 [main] INFO - Spring Data Redis - Could not safely identify store assignment for repository candidate interface club.p6e.cloud.test.infrastructure.repository.ConfigRepository; If you want this repository to be a Redis repository, consider annotating your entities with one of these annotations: org.springframework.data.redis.core.RedisHash (preferred), or consider extending one of the following types with your repository: org.springframework.data.keyvalue.repository.KeyValueRepository
2023-06-02 13:39:16 [main] INFO - Spring Data Redis - Could not safely identify store assignment for repository candidate interface club.p6e.cloud.test.infrastructure.repository.DictionaryRepository; If you want this repository to be a Redis repository, consider annotating your entities with one of these annotations: org.springframework.data.redis.core.RedisHash (preferred), or consider extending one of the following types with your repository: org.springframework.data.keyvalue.repository.KeyValueRepository
2023-06-02 13:39:16 [main] INFO - Spring Data Redis - Could not safely identify store assignment for repository candidate interface club.p6e.cloud.test.infrastructure.repository.PermissionUrlGroupRelationUrlRepository; If you want this repository to be a Redis repository, consider annotating your entities with one of these annotations: org.springframework.data.redis.core.RedisHash (preferred), or consider extending one of the following types with your repository: org.springframework.data.keyvalue.repository.KeyValueRepository
2023-06-02 13:39:16 [main] INFO - Spring Data Redis - Could not safely identify store assignment for repository candidate interface club.p6e.cloud.test.infrastructure.repository.PermissionUrlGroupRepository; If you want this repository to be a Redis repository, consider annotating your entities with one of these annotations: org.springframework.data.redis.core.RedisHash (preferred), or consider extending one of the following types with your repository: org.springframework.data.keyvalue.repository.KeyValueRepository
2023-06-02 13:39:16 [main] INFO - Spring Data Redis - Could not safely identify store assignment for repository candidate interface club.p6e.cloud.test.infrastructure.repository.PermissionUrlRepository; If you want this repository to be a Redis repository, consider annotating your entities with one of these annotations: org.springframework.data.redis.core.RedisHash (preferred), or consider extending one of the following types with your repository: org.springframework.data.keyvalue.repository.KeyValueRepository
2023-06-02 13:39:16 [main] INFO - Spring Data Redis - Could not safely identify store assignment for repository candidate interface club.p6e.cloud.test.infrastructure.repository.UserRepository; If you want this repository to be a Redis repository, consider annotating your entities with one of these annotations: org.springframework.data.redis.core.RedisHash (preferred), or consider extending one of the following types with your repository: org.springframework.data.keyvalue.repository.KeyValueRepository
2023-06-02 13:39:16 [main] INFO - Finished Spring Data repository scanning in 7 ms. Found 0 Redis repository interfaces.
2023-06-02 13:39:16 [main] INFO - Tomcat initialized with port(s): 8080 (http)
2023-06-02 13:39:16 [main] INFO - Initializing ProtocolHandler ["http-nio-8080"]
2023-06-02 13:39:16 [main] INFO - Starting service [Tomcat]
2023-06-02 13:39:16 [main] INFO - Starting Servlet engine: [Apache Tomcat/10.1.1]
2023-06-02 13:39:16 [main] INFO - Initializing Spring embedded WebApplicationContext
2023-06-02 13:39:16 [main] INFO - Root WebApplicationContext: initialization completed in 747 ms
2023-06-02 13:39:16 [main] INFO - HikariPool-1 - Starting...
2023-06-02 13:39:17 [main] INFO - HikariPool-1 - Added connection org.postgresql.jdbc.PgConnection@6d6cd1e0
2023-06-02 13:39:17 [main] INFO - HikariPool-1 - Start completed.
2023-06-02 13:39:17 [main] INFO - HHH000204: Processing PersistenceUnitInfo [name: default]
2023-06-02 13:39:17 [main] INFO - HHH000412: Hibernate ORM core version 6.1.5.Final
2023-06-02 13:39:17 [main] INFO - HHH000400: Using dialect: org.hibernate.dialect.PostgreSQLDialect
2023-06-02 13:39:17 [main] INFO - HHH000490: Using JtaPlatform implementation: [org.hibernate.engine.transaction.jta.platform.internal.NoJtaPlatform]
2023-06-02 13:39:17 [main] INFO - Initialized JPA EntityManagerFactory for persistence unit 'default'
2023-06-02 13:39:17 [main] INFO - Closing JPA EntityManagerFactory for persistence unit 'default'
2023-06-02 13:39:17 [main] INFO - HikariPool-1 - Shutdown initiated...
2023-06-02 13:39:18 [main] INFO - HikariPool-1 - Shutdown completed.
2023-06-02 13:39:18 [main] INFO - Stopping service [Tomcat]
2023-06-02 13:39:18 [main] INFO - 

Error starting ApplicationContext. To display the condition evaluation report re-run your application with 'debug' enabled.
2023-06-02 13:40:03 [background-preinit] INFO - HV000001: Hibernate Validator 8.0.0.Final
2023-06-02 13:40:03 [main] INFO - Starting P6eCloudIndexApplication using Java 17.0.7 with PID 17712 (D:\CodeContents\github\p6e-coat\p6e-coat\p6e-coat-console\target\classes started by a1294 in D:\CodeContents\github\p6e-coat\p6e-coat)
2023-06-02 13:40:03 [main] INFO - No active profile set, falling back to 1 default profile: "default"
2023-06-02 13:40:03 [main] INFO - Multiple Spring Data modules found, entering strict repository configuration mode
2023-06-02 13:40:03 [main] INFO - Bootstrapping Spring Data JPA repositories in DEFAULT mode.
2023-06-02 13:40:03 [main] INFO - Finished Spring Data repository scanning in 110 ms. Found 6 JPA repository interfaces.
2023-06-02 13:40:03 [main] INFO - Multiple Spring Data modules found, entering strict repository configuration mode
2023-06-02 13:40:03 [main] INFO - Bootstrapping Spring Data Redis repositories in DEFAULT mode.
2023-06-02 13:40:03 [main] INFO - Spring Data Redis - Could not safely identify store assignment for repository candidate interface club.p6e.cloud.test.infrastructure.repository.ConfigRepository; If you want this repository to be a Redis repository, consider annotating your entities with one of these annotations: org.springframework.data.redis.core.RedisHash (preferred), or consider extending one of the following types with your repository: org.springframework.data.keyvalue.repository.KeyValueRepository
2023-06-02 13:40:03 [main] INFO - Spring Data Redis - Could not safely identify store assignment for repository candidate interface club.p6e.cloud.test.infrastructure.repository.DictionaryRepository; If you want this repository to be a Redis repository, consider annotating your entities with one of these annotations: org.springframework.data.redis.core.RedisHash (preferred), or consider extending one of the following types with your repository: org.springframework.data.keyvalue.repository.KeyValueRepository
2023-06-02 13:40:03 [main] INFO - Spring Data Redis - Could not safely identify store assignment for repository candidate interface club.p6e.cloud.test.infrastructure.repository.PermissionUrlGroupRelationUrlRepository; If you want this repository to be a Redis repository, consider annotating your entities with one of these annotations: org.springframework.data.redis.core.RedisHash (preferred), or consider extending one of the following types with your repository: org.springframework.data.keyvalue.repository.KeyValueRepository
2023-06-02 13:40:03 [main] INFO - Spring Data Redis - Could not safely identify store assignment for repository candidate interface club.p6e.cloud.test.infrastructure.repository.PermissionUrlGroupRepository; If you want this repository to be a Redis repository, consider annotating your entities with one of these annotations: org.springframework.data.redis.core.RedisHash (preferred), or consider extending one of the following types with your repository: org.springframework.data.keyvalue.repository.KeyValueRepository
2023-06-02 13:40:03 [main] INFO - Spring Data Redis - Could not safely identify store assignment for repository candidate interface club.p6e.cloud.test.infrastructure.repository.PermissionUrlRepository; If you want this repository to be a Redis repository, consider annotating your entities with one of these annotations: org.springframework.data.redis.core.RedisHash (preferred), or consider extending one of the following types with your repository: org.springframework.data.keyvalue.repository.KeyValueRepository
2023-06-02 13:40:03 [main] INFO - Spring Data Redis - Could not safely identify store assignment for repository candidate interface club.p6e.cloud.test.infrastructure.repository.UserRepository; If you want this repository to be a Redis repository, consider annotating your entities with one of these annotations: org.springframework.data.redis.core.RedisHash (preferred), or consider extending one of the following types with your repository: org.springframework.data.keyvalue.repository.KeyValueRepository
2023-06-02 13:40:03 [main] INFO - Finished Spring Data repository scanning in 6 ms. Found 0 Redis repository interfaces.
2023-06-02 13:40:04 [main] INFO - Tomcat initialized with port(s): 8080 (http)
2023-06-02 13:40:04 [main] INFO - Initializing ProtocolHandler ["http-nio-8080"]
2023-06-02 13:40:04 [main] INFO - Starting service [Tomcat]
2023-06-02 13:40:04 [main] INFO - Starting Servlet engine: [Apache Tomcat/10.1.1]
2023-06-02 13:40:04 [main] INFO - Initializing Spring embedded WebApplicationContext
2023-06-02 13:40:04 [main] INFO - Root WebApplicationContext: initialization completed in 816 ms
2023-06-02 13:40:04 [main] INFO - HikariPool-1 - Starting...
2023-06-02 13:40:04 [main] INFO - HikariPool-1 - Added connection org.postgresql.jdbc.PgConnection@19fbc594
2023-06-02 13:40:04 [main] INFO - HikariPool-1 - Start completed.
2023-06-02 13:40:04 [main] INFO - HHH000204: Processing PersistenceUnitInfo [name: default]
2023-06-02 13:40:04 [main] INFO - HHH000412: Hibernate ORM core version 6.1.5.Final
2023-06-02 13:40:04 [main] INFO - HHH000400: Using dialect: org.hibernate.dialect.PostgreSQLDialect
2023-06-02 13:40:05 [main] INFO - HHH000490: Using JtaPlatform implementation: [org.hibernate.engine.transaction.jta.platform.internal.NoJtaPlatform]
2023-06-02 13:40:05 [main] INFO - Initialized JPA EntityManagerFactory for persistence unit 'default'
2023-06-02 13:40:05 [main] INFO - Closing JPA EntityManagerFactory for persistence unit 'default'
2023-06-02 13:40:05 [main] INFO - HikariPool-1 - Shutdown initiated...
2023-06-02 13:40:05 [main] INFO - HikariPool-1 - Shutdown completed.
2023-06-02 13:40:05 [main] INFO - Stopping service [Tomcat]
2023-06-02 13:40:05 [main] INFO - 

Error starting ApplicationContext. To display the condition evaluation report re-run your application with 'debug' enabled.
2023-06-02 13:41:47 [background-preinit] INFO - HV000001: Hibernate Validator 8.0.0.Final
2023-06-02 13:41:47 [main] INFO - Starting P6eCloudIndexApplication using Java 17.0.7 with PID 31132 (D:\CodeContents\github\p6e-coat\p6e-coat\p6e-coat-console\target\classes started by a1294 in D:\CodeContents\github\p6e-coat\p6e-coat)
2023-06-02 13:41:47 [main] INFO - No active profile set, falling back to 1 default profile: "default"
2023-06-02 13:41:48 [main] INFO - Multiple Spring Data modules found, entering strict repository configuration mode
2023-06-02 13:41:48 [main] INFO - Bootstrapping Spring Data JPA repositories in DEFAULT mode.
2023-06-02 13:41:48 [main] INFO - Finished Spring Data repository scanning in 106 ms. Found 6 JPA repository interfaces.
2023-06-02 13:41:48 [main] INFO - Multiple Spring Data modules found, entering strict repository configuration mode
2023-06-02 13:41:48 [main] INFO - Bootstrapping Spring Data Redis repositories in DEFAULT mode.
2023-06-02 13:41:48 [main] INFO - Spring Data Redis - Could not safely identify store assignment for repository candidate interface club.p6e.cloud.test.infrastructure.repository.ConfigRepository; If you want this repository to be a Redis repository, consider annotating your entities with one of these annotations: org.springframework.data.redis.core.RedisHash (preferred), or consider extending one of the following types with your repository: org.springframework.data.keyvalue.repository.KeyValueRepository
2023-06-02 13:41:48 [main] INFO - Spring Data Redis - Could not safely identify store assignment for repository candidate interface club.p6e.cloud.test.infrastructure.repository.DictionaryRepository; If you want this repository to be a Redis repository, consider annotating your entities with one of these annotations: org.springframework.data.redis.core.RedisHash (preferred), or consider extending one of the following types with your repository: org.springframework.data.keyvalue.repository.KeyValueRepository
2023-06-02 13:41:48 [main] INFO - Spring Data Redis - Could not safely identify store assignment for repository candidate interface club.p6e.cloud.test.infrastructure.repository.PermissionUrlGroupRelationUrlRepository; If you want this repository to be a Redis repository, consider annotating your entities with one of these annotations: org.springframework.data.redis.core.RedisHash (preferred), or consider extending one of the following types with your repository: org.springframework.data.keyvalue.repository.KeyValueRepository
2023-06-02 13:41:48 [main] INFO - Spring Data Redis - Could not safely identify store assignment for repository candidate interface club.p6e.cloud.test.infrastructure.repository.PermissionUrlGroupRepository; If you want this repository to be a Redis repository, consider annotating your entities with one of these annotations: org.springframework.data.redis.core.RedisHash (preferred), or consider extending one of the following types with your repository: org.springframework.data.keyvalue.repository.KeyValueRepository
2023-06-02 13:41:48 [main] INFO - Spring Data Redis - Could not safely identify store assignment for repository candidate interface club.p6e.cloud.test.infrastructure.repository.PermissionUrlRepository; If you want this repository to be a Redis repository, consider annotating your entities with one of these annotations: org.springframework.data.redis.core.RedisHash (preferred), or consider extending one of the following types with your repository: org.springframework.data.keyvalue.repository.KeyValueRepository
2023-06-02 13:41:48 [main] INFO - Spring Data Redis - Could not safely identify store assignment for repository candidate interface club.p6e.cloud.test.infrastructure.repository.UserRepository; If you want this repository to be a Redis repository, consider annotating your entities with one of these annotations: org.springframework.data.redis.core.RedisHash (preferred), or consider extending one of the following types with your repository: org.springframework.data.keyvalue.repository.KeyValueRepository
2023-06-02 13:41:48 [main] INFO - Finished Spring Data repository scanning in 5 ms. Found 0 Redis repository interfaces.
2023-06-02 13:41:48 [main] INFO - Tomcat initialized with port(s): 8080 (http)
2023-06-02 13:41:48 [main] INFO - Initializing ProtocolHandler ["http-nio-8080"]
2023-06-02 13:41:48 [main] INFO - Starting service [Tomcat]
2023-06-02 13:41:48 [main] INFO - Starting Servlet engine: [Apache Tomcat/10.1.1]
2023-06-02 13:41:48 [main] INFO - Initializing Spring embedded WebApplicationContext
2023-06-02 13:41:48 [main] INFO - Root WebApplicationContext: initialization completed in 801 ms
2023-06-02 13:41:48 [main] INFO - HikariPool-1 - Starting...
2023-06-02 13:41:48 [main] INFO - HikariPool-1 - Added connection org.postgresql.jdbc.PgConnection@4b3a01d8
2023-06-02 13:41:48 [main] INFO - HikariPool-1 - Start completed.
2023-06-02 13:41:48 [main] INFO - HHH000204: Processing PersistenceUnitInfo [name: default]
2023-06-02 13:41:48 [main] INFO - HHH000412: Hibernate ORM core version 6.1.5.Final
2023-06-02 13:41:49 [main] INFO - HHH000400: Using dialect: org.hibernate.dialect.PostgreSQLDialect
2023-06-02 13:41:49 [main] INFO - HHH000490: Using JtaPlatform implementation: [org.hibernate.engine.transaction.jta.platform.internal.NoJtaPlatform]
2023-06-02 13:41:49 [main] INFO - Initialized JPA EntityManagerFactory for persistence unit 'default'
2023-06-02 13:41:49 [main] INFO - Closing JPA EntityManagerFactory for persistence unit 'default'
2023-06-02 13:41:49 [main] INFO - HikariPool-1 - Shutdown initiated...
2023-06-02 13:41:49 [main] INFO - HikariPool-1 - Shutdown completed.
2023-06-02 13:41:49 [main] INFO - Stopping service [Tomcat]
2023-06-02 13:41:49 [main] INFO - 

Error starting ApplicationContext. To display the condition evaluation report re-run your application with 'debug' enabled.
2023-06-02 13:42:34 [background-preinit] INFO - HV000001: Hibernate Validator 8.0.0.Final
2023-06-02 13:42:34 [main] INFO - Starting P6eCloudIndexApplication using Java 17.0.7 with PID 8960 (D:\CodeContents\github\p6e-coat\p6e-coat\p6e-coat-console\target\classes started by a1294 in D:\CodeContents\github\p6e-coat\p6e-coat)
2023-06-02 13:42:34 [main] INFO - No active profile set, falling back to 1 default profile: "default"
2023-06-02 13:42:35 [main] INFO - Multiple Spring Data modules found, entering strict repository configuration mode
2023-06-02 13:42:35 [main] INFO - Bootstrapping Spring Data JPA repositories in DEFAULT mode.
2023-06-02 13:42:35 [main] INFO - Finished Spring Data repository scanning in 88 ms. Found 6 JPA repository interfaces.
2023-06-02 13:42:35 [main] INFO - Multiple Spring Data modules found, entering strict repository configuration mode
2023-06-02 13:42:35 [main] INFO - Bootstrapping Spring Data Redis repositories in DEFAULT mode.
2023-06-02 13:42:35 [main] INFO - Spring Data Redis - Could not safely identify store assignment for repository candidate interface club.p6e.cloud.test.infrastructure.repository.ConfigRepository; If you want this repository to be a Redis repository, consider annotating your entities with one of these annotations: org.springframework.data.redis.core.RedisHash (preferred), or consider extending one of the following types with your repository: org.springframework.data.keyvalue.repository.KeyValueRepository
2023-06-02 13:42:35 [main] INFO - Spring Data Redis - Could not safely identify store assignment for repository candidate interface club.p6e.cloud.test.infrastructure.repository.DictionaryRepository; If you want this repository to be a Redis repository, consider annotating your entities with one of these annotations: org.springframework.data.redis.core.RedisHash (preferred), or consider extending one of the following types with your repository: org.springframework.data.keyvalue.repository.KeyValueRepository
2023-06-02 13:42:35 [main] INFO - Spring Data Redis - Could not safely identify store assignment for repository candidate interface club.p6e.cloud.test.infrastructure.repository.PermissionUrlGroupRelationUrlRepository; If you want this repository to be a Redis repository, consider annotating your entities with one of these annotations: org.springframework.data.redis.core.RedisHash (preferred), or consider extending one of the following types with your repository: org.springframework.data.keyvalue.repository.KeyValueRepository
2023-06-02 13:42:35 [main] INFO - Spring Data Redis - Could not safely identify store assignment for repository candidate interface club.p6e.cloud.test.infrastructure.repository.PermissionUrlGroupRepository; If you want this repository to be a Redis repository, consider annotating your entities with one of these annotations: org.springframework.data.redis.core.RedisHash (preferred), or consider extending one of the following types with your repository: org.springframework.data.keyvalue.repository.KeyValueRepository
2023-06-02 13:42:35 [main] INFO - Spring Data Redis - Could not safely identify store assignment for repository candidate interface club.p6e.cloud.test.infrastructure.repository.PermissionUrlRepository; If you want this repository to be a Redis repository, consider annotating your entities with one of these annotations: org.springframework.data.redis.core.RedisHash (preferred), or consider extending one of the following types with your repository: org.springframework.data.keyvalue.repository.KeyValueRepository
2023-06-02 13:42:35 [main] INFO - Spring Data Redis - Could not safely identify store assignment for repository candidate interface club.p6e.cloud.test.infrastructure.repository.UserRepository; If you want this repository to be a Redis repository, consider annotating your entities with one of these annotations: org.springframework.data.redis.core.RedisHash (preferred), or consider extending one of the following types with your repository: org.springframework.data.keyvalue.repository.KeyValueRepository
2023-06-02 13:42:35 [main] INFO - Finished Spring Data repository scanning in 4 ms. Found 0 Redis repository interfaces.
2023-06-02 13:42:35 [main] INFO - Tomcat initialized with port(s): 8080 (http)
2023-06-02 13:42:35 [main] INFO - Initializing ProtocolHandler ["http-nio-8080"]
2023-06-02 13:42:35 [main] INFO - Starting service [Tomcat]
2023-06-02 13:42:35 [main] INFO - Starting Servlet engine: [Apache Tomcat/10.1.1]
2023-06-02 13:42:35 [main] INFO - Initializing Spring embedded WebApplicationContext
2023-06-02 13:42:35 [main] INFO - Root WebApplicationContext: initialization completed in 767 ms
2023-06-02 13:42:35 [main] INFO - HikariPool-1 - Starting...
2023-06-02 13:42:35 [main] INFO - HikariPool-1 - Added connection org.postgresql.jdbc.PgConnection@6d6cd1e0
2023-06-02 13:42:35 [main] INFO - HikariPool-1 - Start completed.
2023-06-02 13:42:35 [main] INFO - HHH000204: Processing PersistenceUnitInfo [name: default]
2023-06-02 13:42:35 [main] INFO - HHH000412: Hibernate ORM core version 6.1.5.Final
2023-06-02 13:42:36 [main] INFO - HHH000400: Using dialect: org.hibernate.dialect.PostgreSQLDialect
2023-06-02 13:42:36 [main] INFO - HHH000490: Using JtaPlatform implementation: [org.hibernate.engine.transaction.jta.platform.internal.NoJtaPlatform]
2023-06-02 13:42:36 [main] INFO - Initialized JPA EntityManagerFactory for persistence unit 'default'
2023-06-02 13:42:37 [main] INFO - Starting ProtocolHandler ["http-nio-8080"]
2023-06-02 13:42:37 [main] INFO - Tomcat started on port(s): 8080 (http) with context path ''
2023-06-02 13:42:37 [main] INFO - Started P6eCloudIndexApplication in 2.812 seconds (process running for 3.13)
2023-06-02 13:42:37 [main] INFO - smart construction application initialization complete ...
2023-06-02 17:09:40 [SpringApplicationShutdownHook] INFO - Closing JPA EntityManagerFactory for persistence unit 'default'
2023-06-02 17:09:40 [SpringApplicationShutdownHook] INFO - HikariPool-1 - Shutdown initiated...
2023-06-02 17:09:40 [SpringApplicationShutdownHook] INFO - HikariPool-1 - Shutdown completed.
