2023-05-10 11:39:12 [background-preinit] INFO - HV000001: Hibernate Validator 8.0.0.Final
2023-05-10 11:39:12 [main] INFO - Starting P6eGatewayAuthApplication using Java 17.0.7 with PID 9424 (D:\CodeContents\github\p6e-coat\p6e-coat\p6e-coat-gateway-auth\target\classes started by a1294 in D:\CodeContents\github\p6e-coat\p6e-coat)
2023-05-10 11:39:12 [main] INFO - No active profile set, falling back to 1 default profile: "default"
2023-05-10 11:39:12 [main] INFO - Multiple Spring Data modules found, entering strict repository configuration mode
2023-05-10 11:39:12 [main] INFO - Bootstrapping Spring Data R2DBC repositories in DEFAULT mode.
2023-05-10 11:39:12 [main] INFO - Finished Spring Data repository scanning in 11 ms. Found 0 R2DBC repository interfaces.
2023-05-10 11:39:12 [main] INFO - Multiple Spring Data modules found, entering strict repository configuration mode
2023-05-10 11:39:12 [main] INFO - Bootstrapping Spring Data Redis repositories in DEFAULT mode.
2023-05-10 11:39:12 [main] INFO - Finished Spring Data repository scanning in 2 ms. Found 0 Redis repository interfaces.
2023-05-10 11:39:12 [main] INFO - BeanFactory id=2555e8d7-84ef-385d-8b33-b6336a6f1eed
2023-05-10 11:39:13 [main] INFO - [ P6E AUTH JSON WEB TOKEN ] DEFAULT SECRET ==> hfqmz7zae4de66cn2d1mco6ltbawbf6n
2023-05-10 11:39:13 [main] INFO - 

Error starting ApplicationContext. To display the condition evaluation report re-run your application with 'debug' enabled.
2023-05-10 11:42:30 [background-preinit] INFO - HV000001: Hibernate Validator 8.0.0.Final
2023-05-10 11:42:30 [main] INFO - Starting P6eGatewayAuthApplication using Java 17.0.7 with PID 1284 (D:\CodeContents\github\p6e-coat\p6e-coat\p6e-coat-gateway-auth\target\classes started by a1294 in D:\CodeContents\github\p6e-coat\p6e-coat)
2023-05-10 11:42:30 [main] INFO - No active profile set, falling back to 1 default profile: "default"
2023-05-10 11:42:30 [main] INFO - Multiple Spring Data modules found, entering strict repository configuration mode
2023-05-10 11:42:30 [main] INFO - Bootstrapping Spring Data R2DBC repositories in DEFAULT mode.
2023-05-10 11:42:30 [main] INFO - Finished Spring Data repository scanning in 11 ms. Found 0 R2DBC repository interfaces.
2023-05-10 11:42:30 [main] INFO - Multiple Spring Data modules found, entering strict repository configuration mode
2023-05-10 11:42:30 [main] INFO - Bootstrapping Spring Data Redis repositories in DEFAULT mode.
2023-05-10 11:42:30 [main] INFO - Finished Spring Data repository scanning in 3 ms. Found 0 Redis repository interfaces.
2023-05-10 11:42:30 [main] INFO - BeanFactory id=2555e8d7-84ef-385d-8b33-b6336a6f1eed
2023-05-10 11:42:30 [main] INFO - [ P6E AUTH JSON WEB TOKEN ] DEFAULT SECRET ==> pm74lqjea0etf09u2rasnl1vaen8l2st
2023-05-10 11:42:30 [main] INFO - 

Error starting ApplicationContext. To display the condition evaluation report re-run your application with 'debug' enabled.
2023-05-10 11:43:59 [background-preinit] INFO - HV000001: Hibernate Validator 8.0.0.Final
2023-05-10 11:43:59 [main] INFO - Starting P6eGatewayAuthApplication using Java 17.0.7 with PID 5616 (D:\CodeContents\github\p6e-coat\p6e-coat\p6e-coat-gateway-auth\target\classes started by a1294 in D:\CodeContents\github\p6e-coat\p6e-coat)
2023-05-10 11:43:59 [main] INFO - No active profile set, falling back to 1 default profile: "default"
2023-05-10 11:43:59 [main] INFO - Multiple Spring Data modules found, entering strict repository configuration mode
2023-05-10 11:43:59 [main] INFO - Bootstrapping Spring Data R2DBC repositories in DEFAULT mode.
2023-05-10 11:43:59 [main] INFO - Finished Spring Data repository scanning in 12 ms. Found 0 R2DBC repository interfaces.
2023-05-10 11:43:59 [main] INFO - Multiple Spring Data modules found, entering strict repository configuration mode
2023-05-10 11:43:59 [main] INFO - Bootstrapping Spring Data Redis repositories in DEFAULT mode.
2023-05-10 11:43:59 [main] INFO - Finished Spring Data repository scanning in 2 ms. Found 0 Redis repository interfaces.
2023-05-10 11:44:00 [main] INFO - BeanFactory id=2555e8d7-84ef-385d-8b33-b6336a6f1eed
2023-05-10 11:44:00 [main] INFO - [ P6E AUTH JSON WEB TOKEN ] DEFAULT SECRET ==> tt4rxoz0hwxmszacpaj483pqden1840y
2023-05-10 11:44:00 [main] INFO - 

Error starting ApplicationContext. To display the condition evaluation report re-run your application with 'debug' enabled.
2023-05-10 11:44:11 [background-preinit] INFO - HV000001: Hibernate Validator 8.0.0.Final
2023-05-10 11:44:11 [main] INFO - Starting P6eGatewayAuthApplication using Java 17.0.7 with PID 5264 (D:\CodeContents\github\p6e-coat\p6e-coat\p6e-coat-gateway-auth\target\classes started by a1294 in D:\CodeContents\github\p6e-coat\p6e-coat)
2023-05-10 11:44:11 [main] INFO - No active profile set, falling back to 1 default profile: "default"
2023-05-10 11:44:11 [main] INFO - Multiple Spring Data modules found, entering strict repository configuration mode
2023-05-10 11:44:11 [main] INFO - Bootstrapping Spring Data R2DBC repositories in DEFAULT mode.
2023-05-10 11:44:11 [main] INFO - Finished Spring Data repository scanning in 12 ms. Found 0 R2DBC repository interfaces.
2023-05-10 11:44:11 [main] INFO - Multiple Spring Data modules found, entering strict repository configuration mode
2023-05-10 11:44:11 [main] INFO - Bootstrapping Spring Data Redis repositories in DEFAULT mode.
2023-05-10 11:44:11 [main] INFO - Finished Spring Data repository scanning in 2 ms. Found 0 Redis repository interfaces.
2023-05-10 11:44:11 [main] INFO - BeanFactory id=2555e8d7-84ef-385d-8b33-b6336a6f1eed
2023-05-10 11:44:12 [main] INFO - [ P6E AUTH JSON WEB TOKEN ] DEFAULT SECRET ==> dte63ldx0jqdm5dug148mi5cwzfylp6n
2023-05-10 11:44:12 [main] INFO - 

Error starting ApplicationContext. To display the condition evaluation report re-run your application with 'debug' enabled.
2023-05-10 11:44:21 [background-preinit] INFO - HV000001: Hibernate Validator 8.0.0.Final
2023-05-10 11:44:21 [main] INFO - Starting P6eGatewayAuthApplication using Java 17.0.7 with PID 19600 (D:\CodeContents\github\p6e-coat\p6e-coat\p6e-coat-gateway-auth\target\classes started by a1294 in D:\CodeContents\github\p6e-coat\p6e-coat)
2023-05-10 11:44:21 [main] INFO - No active profile set, falling back to 1 default profile: "default"
2023-05-10 11:44:21 [main] INFO - Multiple Spring Data modules found, entering strict repository configuration mode
2023-05-10 11:44:21 [main] INFO - Bootstrapping Spring Data R2DBC repositories in DEFAULT mode.
2023-05-10 11:44:21 [main] INFO - Finished Spring Data repository scanning in 12 ms. Found 0 R2DBC repository interfaces.
2023-05-10 11:44:21 [main] INFO - Multiple Spring Data modules found, entering strict repository configuration mode
2023-05-10 11:44:21 [main] INFO - Bootstrapping Spring Data Redis repositories in DEFAULT mode.
2023-05-10 11:44:21 [main] INFO - Finished Spring Data repository scanning in 2 ms. Found 0 Redis repository interfaces.
2023-05-10 11:44:21 [main] INFO - BeanFactory id=2555e8d7-84ef-385d-8b33-b6336a6f1eed
2023-05-10 11:44:22 [main] INFO - [ P6E AUTH JSON WEB TOKEN ] DEFAULT SECRET ==> c75uxs796n7gl8cs7o966uh11u7fvpal
2023-05-10 11:44:22 [main] INFO - Loaded RoutePredicateFactory [After]
2023-05-10 11:44:22 [main] INFO - Loaded RoutePredicateFactory [Before]
2023-05-10 11:44:22 [main] INFO - Loaded RoutePredicateFactory [Between]
2023-05-10 11:44:22 [main] INFO - Loaded RoutePredicateFactory [Cookie]
2023-05-10 11:44:22 [main] INFO - Loaded RoutePredicateFactory [Header]
2023-05-10 11:44:22 [main] INFO - Loaded RoutePredicateFactory [Host]
2023-05-10 11:44:22 [main] INFO - Loaded RoutePredicateFactory [Method]
2023-05-10 11:44:22 [main] INFO - Loaded RoutePredicateFactory [Path]
2023-05-10 11:44:22 [main] INFO - Loaded RoutePredicateFactory [Query]
2023-05-10 11:44:22 [main] INFO - Loaded RoutePredicateFactory [ReadBody]
2023-05-10 11:44:22 [main] INFO - Loaded RoutePredicateFactory [RemoteAddr]
2023-05-10 11:44:22 [main] INFO - Loaded RoutePredicateFactory [XForwardedRemoteAddr]
2023-05-10 11:44:22 [main] INFO - Loaded RoutePredicateFactory [Weight]
2023-05-10 11:44:22 [main] INFO - Loaded RoutePredicateFactory [CloudFoundryRouteService]
2023-05-10 11:44:22 [main] INFO - Netty started on port 8080
2023-05-10 11:44:22 [main] INFO - Started P6eGatewayAuthApplication in 1.884 seconds (process running for 2.151)
2023-05-10 11:44:58 [background-preinit] INFO - HV000001: Hibernate Validator 8.0.0.Final
2023-05-10 11:44:58 [main] INFO - Starting P6eGatewayAuthApplication using Java 17.0.7 with PID 17536 (D:\CodeContents\github\p6e-coat\p6e-coat\p6e-coat-gateway-auth\target\classes started by a1294 in D:\CodeContents\github\p6e-coat\p6e-coat)
2023-05-10 11:44:58 [main] INFO - No active profile set, falling back to 1 default profile: "default"
2023-05-10 11:44:59 [main] INFO - Multiple Spring Data modules found, entering strict repository configuration mode
2023-05-10 11:44:59 [main] INFO - Bootstrapping Spring Data R2DBC repositories in DEFAULT mode.
2023-05-10 11:44:59 [main] INFO - Finished Spring Data repository scanning in 11 ms. Found 0 R2DBC repository interfaces.
2023-05-10 11:44:59 [main] INFO - Multiple Spring Data modules found, entering strict repository configuration mode
2023-05-10 11:44:59 [main] INFO - Bootstrapping Spring Data Redis repositories in DEFAULT mode.
2023-05-10 11:44:59 [main] INFO - Finished Spring Data repository scanning in 2 ms. Found 0 Redis repository interfaces.
2023-05-10 11:44:59 [main] INFO - BeanFactory id=2555e8d7-84ef-385d-8b33-b6336a6f1eed
2023-05-10 11:44:59 [main] INFO - [ P6E AUTH JSON WEB TOKEN ] DEFAULT SECRET ==> d3kt0owwzg37tn757194ja2h8e4h4lth
2023-05-10 11:44:59 [main] INFO - 

Error starting ApplicationContext. To display the condition evaluation report re-run your application with 'debug' enabled.
2023-05-10 12:06:02 [background-preinit] INFO - HV000001: Hibernate Validator 8.0.0.Final
2023-05-10 12:06:02 [main] INFO - Starting P6eGatewayAuthApplication using Java 17.0.7 with PID 3592 (D:\CodeContents\github\p6e-coat\p6e-coat\p6e-coat-gateway-auth\target\classes started by a1294 in D:\CodeContents\github\p6e-coat\p6e-coat)
2023-05-10 12:06:02 [main] INFO - No active profile set, falling back to 1 default profile: "default"
2023-05-10 12:06:03 [main] INFO - Multiple Spring Data modules found, entering strict repository configuration mode
2023-05-10 12:06:03 [main] INFO - Bootstrapping Spring Data R2DBC repositories in DEFAULT mode.
2023-05-10 12:06:03 [main] INFO - Finished Spring Data repository scanning in 12 ms. Found 0 R2DBC repository interfaces.
2023-05-10 12:06:03 [main] INFO - Multiple Spring Data modules found, entering strict repository configuration mode
2023-05-10 12:06:03 [main] INFO - Bootstrapping Spring Data Redis repositories in DEFAULT mode.
2023-05-10 12:06:03 [main] INFO - Finished Spring Data repository scanning in 3 ms. Found 0 Redis repository interfaces.
2023-05-10 12:06:03 [main] INFO - BeanFactory id=c74052b8-5fae-38bc-9cff-627096befbaa
2023-05-10 12:06:03 [main] INFO - [ P6E AUTH JSON WEB TOKEN ] DEFAULT SECRET ==> mlstfhtu8qlefxn639pbaaohf5cyc844
2023-05-10 12:06:03 [main] INFO - Loaded RoutePredicateFactory [After]
2023-05-10 12:06:03 [main] INFO - Loaded RoutePredicateFactory [Before]
2023-05-10 12:06:03 [main] INFO - Loaded RoutePredicateFactory [Between]
2023-05-10 12:06:03 [main] INFO - Loaded RoutePredicateFactory [Cookie]
2023-05-10 12:06:03 [main] INFO - Loaded RoutePredicateFactory [Header]
2023-05-10 12:06:03 [main] INFO - Loaded RoutePredicateFactory [Host]
2023-05-10 12:06:03 [main] INFO - Loaded RoutePredicateFactory [Method]
2023-05-10 12:06:03 [main] INFO - Loaded RoutePredicateFactory [Path]
2023-05-10 12:06:03 [main] INFO - Loaded RoutePredicateFactory [Query]
2023-05-10 12:06:03 [main] INFO - Loaded RoutePredicateFactory [ReadBody]
2023-05-10 12:06:03 [main] INFO - Loaded RoutePredicateFactory [RemoteAddr]
2023-05-10 12:06:03 [main] INFO - Loaded RoutePredicateFactory [XForwardedRemoteAddr]
2023-05-10 12:06:03 [main] INFO - Loaded RoutePredicateFactory [Weight]
2023-05-10 12:06:03 [main] INFO - Loaded RoutePredicateFactory [CloudFoundryRouteService]
2023-05-10 12:06:04 [main] INFO - Netty started on port 8080
2023-05-10 12:06:04 [main] INFO - Started P6eGatewayAuthApplication in 1.961 seconds (process running for 2.239)
2023-05-10 12:11:28 [background-preinit] INFO - HV000001: Hibernate Validator 8.0.0.Final
2023-05-10 12:11:28 [main] INFO - Starting P6eGatewayAuthApplication using Java 17.0.7 with PID 13192 (D:\CodeContents\github\p6e-coat\p6e-coat\p6e-coat-gateway-auth\target\classes started by a1294 in D:\CodeContents\github\p6e-coat\p6e-coat)
2023-05-10 12:11:28 [main] INFO - No active profile set, falling back to 1 default profile: "default"
2023-05-10 12:11:28 [main] INFO - Multiple Spring Data modules found, entering strict repository configuration mode
2023-05-10 12:11:28 [main] INFO - Bootstrapping Spring Data R2DBC repositories in DEFAULT mode.
2023-05-10 12:11:28 [main] INFO - Finished Spring Data repository scanning in 12 ms. Found 0 R2DBC repository interfaces.
2023-05-10 12:11:28 [main] INFO - Multiple Spring Data modules found, entering strict repository configuration mode
2023-05-10 12:11:28 [main] INFO - Bootstrapping Spring Data Redis repositories in DEFAULT mode.
2023-05-10 12:11:28 [main] INFO - Finished Spring Data repository scanning in 2 ms. Found 0 Redis repository interfaces.
2023-05-10 12:11:28 [main] INFO - BeanFactory id=c74052b8-5fae-38bc-9cff-627096befbaa
2023-05-10 12:11:28 [main] INFO - [ P6E AUTH JSON WEB TOKEN ] DEFAULT SECRET ==> 7tocl5ekp646vooz2rqgchd13mpz1l5r
2023-05-10 12:11:29 [main] INFO - Loaded RoutePredicateFactory [After]
2023-05-10 12:11:29 [main] INFO - Loaded RoutePredicateFactory [Before]
2023-05-10 12:11:29 [main] INFO - Loaded RoutePredicateFactory [Between]
2023-05-10 12:11:29 [main] INFO - Loaded RoutePredicateFactory [Cookie]
2023-05-10 12:11:29 [main] INFO - Loaded RoutePredicateFactory [Header]
2023-05-10 12:11:29 [main] INFO - Loaded RoutePredicateFactory [Host]
2023-05-10 12:11:29 [main] INFO - Loaded RoutePredicateFactory [Method]
2023-05-10 12:11:29 [main] INFO - Loaded RoutePredicateFactory [Path]
2023-05-10 12:11:29 [main] INFO - Loaded RoutePredicateFactory [Query]
2023-05-10 12:11:29 [main] INFO - Loaded RoutePredicateFactory [ReadBody]
2023-05-10 12:11:29 [main] INFO - Loaded RoutePredicateFactory [RemoteAddr]
2023-05-10 12:11:29 [main] INFO - Loaded RoutePredicateFactory [XForwardedRemoteAddr]
2023-05-10 12:11:29 [main] INFO - Loaded RoutePredicateFactory [Weight]
2023-05-10 12:11:29 [main] INFO - Loaded RoutePredicateFactory [CloudFoundryRouteService]
2023-05-10 12:11:29 [main] INFO - Netty started on port 8080
2023-05-10 12:11:29 [main] INFO - Started P6eGatewayAuthApplication in 1.924 seconds (process running for 2.195)
2023-05-10 13:38:08 [background-preinit] INFO - HV000001: Hibernate Validator 8.0.0.Final
2023-05-10 13:38:08 [main] INFO - Starting P6eGatewayAuthApplication using Java 17.0.7 with PID 10084 (D:\CodeContents\github\p6e-coat\p6e-coat\p6e-coat-gateway-auth\target\classes started by a1294 in D:\CodeContents\github\p6e-coat\p6e-coat)
2023-05-10 13:38:08 [main] INFO - No active profile set, falling back to 1 default profile: "default"
2023-05-10 13:38:08 [main] INFO - Multiple Spring Data modules found, entering strict repository configuration mode
2023-05-10 13:38:08 [main] INFO - Bootstrapping Spring Data R2DBC repositories in DEFAULT mode.
2023-05-10 13:38:08 [main] INFO - Finished Spring Data repository scanning in 12 ms. Found 0 R2DBC repository interfaces.
2023-05-10 13:38:08 [main] INFO - Multiple Spring Data modules found, entering strict repository configuration mode
2023-05-10 13:38:08 [main] INFO - Bootstrapping Spring Data Redis repositories in DEFAULT mode.
2023-05-10 13:38:08 [main] INFO - Finished Spring Data repository scanning in 2 ms. Found 0 Redis repository interfaces.
2023-05-10 13:38:08 [main] INFO - BeanFactory id=c74052b8-5fae-38bc-9cff-627096befbaa
2023-05-10 13:38:09 [main] INFO - [ P6E AUTH JSON WEB TOKEN ] DEFAULT SECRET ==> ct9i60f6nmimnirga11vl6td9cbli71c
2023-05-10 13:38:09 [main] INFO - Loaded RoutePredicateFactory [After]
2023-05-10 13:38:09 [main] INFO - Loaded RoutePredicateFactory [Before]
2023-05-10 13:38:09 [main] INFO - Loaded RoutePredicateFactory [Between]
2023-05-10 13:38:09 [main] INFO - Loaded RoutePredicateFactory [Cookie]
2023-05-10 13:38:09 [main] INFO - Loaded RoutePredicateFactory [Header]
2023-05-10 13:38:09 [main] INFO - Loaded RoutePredicateFactory [Host]
2023-05-10 13:38:09 [main] INFO - Loaded RoutePredicateFactory [Method]
2023-05-10 13:38:09 [main] INFO - Loaded RoutePredicateFactory [Path]
2023-05-10 13:38:09 [main] INFO - Loaded RoutePredicateFactory [Query]
2023-05-10 13:38:09 [main] INFO - Loaded RoutePredicateFactory [ReadBody]
2023-05-10 13:38:09 [main] INFO - Loaded RoutePredicateFactory [RemoteAddr]
2023-05-10 13:38:09 [main] INFO - Loaded RoutePredicateFactory [XForwardedRemoteAddr]
2023-05-10 13:38:09 [main] INFO - Loaded RoutePredicateFactory [Weight]
2023-05-10 13:38:09 [main] INFO - Loaded RoutePredicateFactory [CloudFoundryRouteService]
2023-05-10 13:38:09 [main] INFO - Netty started on port 8080
2023-05-10 13:38:09 [main] INFO - Started P6eGatewayAuthApplication in 1.928 seconds (process running for 2.202)
2023-05-10 13:39:18 [background-preinit] INFO - HV000001: Hibernate Validator 8.0.0.Final
2023-05-10 13:39:18 [main] INFO - Starting P6eGatewayAuthApplication using Java 17.0.7 with PID 8920 (D:\CodeContents\github\p6e-coat\p6e-coat\p6e-coat-gateway-auth\target\classes started by a1294 in D:\CodeContents\github\p6e-coat\p6e-coat)
2023-05-10 13:39:18 [main] INFO - No active profile set, falling back to 1 default profile: "default"
2023-05-10 13:39:18 [main] INFO - Multiple Spring Data modules found, entering strict repository configuration mode
2023-05-10 13:39:18 [main] INFO - Bootstrapping Spring Data R2DBC repositories in DEFAULT mode.
2023-05-10 13:39:18 [main] INFO - Finished Spring Data repository scanning in 13 ms. Found 0 R2DBC repository interfaces.
2023-05-10 13:39:18 [main] INFO - Multiple Spring Data modules found, entering strict repository configuration mode
2023-05-10 13:39:18 [main] INFO - Bootstrapping Spring Data Redis repositories in DEFAULT mode.
2023-05-10 13:39:18 [main] INFO - Finished Spring Data repository scanning in 2 ms. Found 0 Redis repository interfaces.
2023-05-10 13:39:18 [main] INFO - BeanFactory id=c74052b8-5fae-38bc-9cff-627096befbaa
2023-05-10 13:39:19 [main] INFO - [ P6E AUTH JSON WEB TOKEN ] DEFAULT SECRET ==> lrikgaumubbn4xvft472n6b8jegxyfhv
2023-05-10 13:39:19 [main] INFO - Loaded RoutePredicateFactory [After]
2023-05-10 13:39:19 [main] INFO - Loaded RoutePredicateFactory [Before]
2023-05-10 13:39:19 [main] INFO - Loaded RoutePredicateFactory [Between]
2023-05-10 13:39:19 [main] INFO - Loaded RoutePredicateFactory [Cookie]
2023-05-10 13:39:19 [main] INFO - Loaded RoutePredicateFactory [Header]
2023-05-10 13:39:19 [main] INFO - Loaded RoutePredicateFactory [Host]
2023-05-10 13:39:19 [main] INFO - Loaded RoutePredicateFactory [Method]
2023-05-10 13:39:19 [main] INFO - Loaded RoutePredicateFactory [Path]
2023-05-10 13:39:19 [main] INFO - Loaded RoutePredicateFactory [Query]
2023-05-10 13:39:19 [main] INFO - Loaded RoutePredicateFactory [ReadBody]
2023-05-10 13:39:19 [main] INFO - Loaded RoutePredicateFactory [RemoteAddr]
2023-05-10 13:39:19 [main] INFO - Loaded RoutePredicateFactory [XForwardedRemoteAddr]
2023-05-10 13:39:19 [main] INFO - Loaded RoutePredicateFactory [Weight]
2023-05-10 13:39:19 [main] INFO - Loaded RoutePredicateFactory [CloudFoundryRouteService]
2023-05-10 13:39:19 [main] INFO - Netty started on port 8080
2023-05-10 13:39:19 [main] INFO - Started P6eGatewayAuthApplication in 1.966 seconds (process running for 2.246)
2023-05-10 13:41:16 [background-preinit] INFO - HV000001: Hibernate Validator 8.0.0.Final
2023-05-10 13:41:16 [main] INFO - Starting P6eGatewayAuthApplication using Java 17.0.7 with PID 4780 (D:\CodeContents\github\p6e-coat\p6e-coat\p6e-coat-gateway-auth\target\classes started by a1294 in D:\CodeContents\github\p6e-coat\p6e-coat)
2023-05-10 13:41:16 [main] INFO - No active profile set, falling back to 1 default profile: "default"
2023-05-10 13:41:17 [main] INFO - Multiple Spring Data modules found, entering strict repository configuration mode
2023-05-10 13:41:17 [main] INFO - Bootstrapping Spring Data R2DBC repositories in DEFAULT mode.
2023-05-10 13:41:17 [main] INFO - Finished Spring Data repository scanning in 15 ms. Found 0 R2DBC repository interfaces.
2023-05-10 13:41:17 [main] INFO - Multiple Spring Data modules found, entering strict repository configuration mode
2023-05-10 13:41:17 [main] INFO - Bootstrapping Spring Data Redis repositories in DEFAULT mode.
2023-05-10 13:41:17 [main] INFO - Finished Spring Data repository scanning in 2 ms. Found 0 Redis repository interfaces.
2023-05-10 13:41:17 [main] INFO - BeanFactory id=c74052b8-5fae-38bc-9cff-627096befbaa
2023-05-10 13:41:17 [main] INFO - [ P6E AUTH JSON WEB TOKEN ] DEFAULT SECRET ==> icl0o2iqitqjrd04pglkvyvkkdvtvgwu
2023-05-10 13:41:17 [main] INFO - Loaded RoutePredicateFactory [After]
2023-05-10 13:41:17 [main] INFO - Loaded RoutePredicateFactory [Before]
2023-05-10 13:41:17 [main] INFO - Loaded RoutePredicateFactory [Between]
2023-05-10 13:41:17 [main] INFO - Loaded RoutePredicateFactory [Cookie]
2023-05-10 13:41:17 [main] INFO - Loaded RoutePredicateFactory [Header]
2023-05-10 13:41:17 [main] INFO - Loaded RoutePredicateFactory [Host]
2023-05-10 13:41:17 [main] INFO - Loaded RoutePredicateFactory [Method]
2023-05-10 13:41:17 [main] INFO - Loaded RoutePredicateFactory [Path]
2023-05-10 13:41:17 [main] INFO - Loaded RoutePredicateFactory [Query]
2023-05-10 13:41:17 [main] INFO - Loaded RoutePredicateFactory [ReadBody]
2023-05-10 13:41:17 [main] INFO - Loaded RoutePredicateFactory [RemoteAddr]
2023-05-10 13:41:17 [main] INFO - Loaded RoutePredicateFactory [XForwardedRemoteAddr]
2023-05-10 13:41:17 [main] INFO - Loaded RoutePredicateFactory [Weight]
2023-05-10 13:41:17 [main] INFO - Loaded RoutePredicateFactory [CloudFoundryRouteService]
2023-05-10 13:41:18 [main] INFO - Netty started on port 8080
2023-05-10 13:41:18 [main] INFO - Started P6eGatewayAuthApplication in 1.961 seconds (process running for 2.285)
2023-05-10 13:43:41 [background-preinit] INFO - HV000001: Hibernate Validator 8.0.0.Final
2023-05-10 13:43:41 [main] INFO - Starting P6eGatewayAuthApplication using Java 17.0.7 with PID 9924 (D:\CodeContents\github\p6e-coat\p6e-coat\p6e-coat-gateway-auth\target\classes started by a1294 in D:\CodeContents\github\p6e-coat\p6e-coat)
2023-05-10 13:43:41 [main] INFO - No active profile set, falling back to 1 default profile: "default"
2023-05-10 13:43:41 [main] INFO - Multiple Spring Data modules found, entering strict repository configuration mode
2023-05-10 13:43:41 [main] INFO - Bootstrapping Spring Data R2DBC repositories in DEFAULT mode.
2023-05-10 13:43:41 [main] INFO - Finished Spring Data repository scanning in 12 ms. Found 0 R2DBC repository interfaces.
2023-05-10 13:43:41 [main] INFO - Multiple Spring Data modules found, entering strict repository configuration mode
2023-05-10 13:43:42 [main] INFO - Bootstrapping Spring Data Redis repositories in DEFAULT mode.
2023-05-10 13:43:42 [main] INFO - Finished Spring Data repository scanning in 3 ms. Found 0 Redis repository interfaces.
2023-05-10 13:43:42 [main] INFO - BeanFactory id=e0bc54c7-f3d2-3b7d-b377-1873a4f60428
2023-05-10 13:43:42 [main] INFO - [ P6E AUTH JSON WEB TOKEN ] DEFAULT SECRET ==> aiodkcwuxn0gt20nx5pmt7dlv08nymtp
2023-05-10 13:43:42 [main] INFO - Loaded RoutePredicateFactory [After]
2023-05-10 13:43:42 [main] INFO - Loaded RoutePredicateFactory [Before]
2023-05-10 13:43:42 [main] INFO - Loaded RoutePredicateFactory [Between]
2023-05-10 13:43:42 [main] INFO - Loaded RoutePredicateFactory [Cookie]
2023-05-10 13:43:42 [main] INFO - Loaded RoutePredicateFactory [Header]
2023-05-10 13:43:42 [main] INFO - Loaded RoutePredicateFactory [Host]
2023-05-10 13:43:42 [main] INFO - Loaded RoutePredicateFactory [Method]
2023-05-10 13:43:42 [main] INFO - Loaded RoutePredicateFactory [Path]
2023-05-10 13:43:42 [main] INFO - Loaded RoutePredicateFactory [Query]
2023-05-10 13:43:42 [main] INFO - Loaded RoutePredicateFactory [ReadBody]
2023-05-10 13:43:42 [main] INFO - Loaded RoutePredicateFactory [RemoteAddr]
2023-05-10 13:43:42 [main] INFO - Loaded RoutePredicateFactory [XForwardedRemoteAddr]
2023-05-10 13:43:42 [main] INFO - Loaded RoutePredicateFactory [Weight]
2023-05-10 13:43:42 [main] INFO - Loaded RoutePredicateFactory [CloudFoundryRouteService]
2023-05-10 13:43:43 [main] INFO - Netty started on port 8080
2023-05-10 13:43:43 [main] INFO - Started P6eGatewayAuthApplication in 1.93 seconds (process running for 2.199)
2023-05-10 13:47:11 [background-preinit] INFO - HV000001: Hibernate Validator 8.0.0.Final
2023-05-10 13:47:11 [main] INFO - Starting P6eGatewayAuthApplication using Java 17.0.7 with PID 11796 (D:\CodeContents\github\p6e-coat\p6e-coat\p6e-coat-gateway-auth\target\classes started by a1294 in D:\CodeContents\github\p6e-coat\p6e-coat)
2023-05-10 13:47:11 [main] INFO - No active profile set, falling back to 1 default profile: "default"
2023-05-10 13:47:12 [main] INFO - Multiple Spring Data modules found, entering strict repository configuration mode
2023-05-10 13:47:12 [main] INFO - Bootstrapping Spring Data R2DBC repositories in DEFAULT mode.
2023-05-10 13:47:12 [main] INFO - Finished Spring Data repository scanning in 12 ms. Found 0 R2DBC repository interfaces.
2023-05-10 13:47:12 [main] INFO - Multiple Spring Data modules found, entering strict repository configuration mode
2023-05-10 13:47:12 [main] INFO - Bootstrapping Spring Data Redis repositories in DEFAULT mode.
2023-05-10 13:47:12 [main] INFO - Finished Spring Data repository scanning in 2 ms. Found 0 Redis repository interfaces.
2023-05-10 13:47:12 [main] INFO - BeanFactory id=e0bc54c7-f3d2-3b7d-b377-1873a4f60428
2023-05-10 13:47:12 [main] INFO - [ P6E AUTH JSON WEB TOKEN ] DEFAULT SECRET ==> z3jftnwehb2wbbyv7ryvjnixyvulg1qu
2023-05-10 13:47:13 [main] INFO - Loaded RoutePredicateFactory [After]
2023-05-10 13:47:13 [main] INFO - Loaded RoutePredicateFactory [Before]
2023-05-10 13:47:13 [main] INFO - Loaded RoutePredicateFactory [Between]
2023-05-10 13:47:13 [main] INFO - Loaded RoutePredicateFactory [Cookie]
2023-05-10 13:47:13 [main] INFO - Loaded RoutePredicateFactory [Header]
2023-05-10 13:47:13 [main] INFO - Loaded RoutePredicateFactory [Host]
2023-05-10 13:47:13 [main] INFO - Loaded RoutePredicateFactory [Method]
2023-05-10 13:47:13 [main] INFO - Loaded RoutePredicateFactory [Path]
2023-05-10 13:47:13 [main] INFO - Loaded RoutePredicateFactory [Query]
2023-05-10 13:47:13 [main] INFO - Loaded RoutePredicateFactory [ReadBody]
2023-05-10 13:47:13 [main] INFO - Loaded RoutePredicateFactory [RemoteAddr]
2023-05-10 13:47:13 [main] INFO - Loaded RoutePredicateFactory [XForwardedRemoteAddr]
2023-05-10 13:47:13 [main] INFO - Loaded RoutePredicateFactory [Weight]
2023-05-10 13:47:13 [main] INFO - Loaded RoutePredicateFactory [CloudFoundryRouteService]
2023-05-10 13:47:13 [main] INFO - Netty started on port 8080
2023-05-10 13:47:13 [main] INFO - Started P6eGatewayAuthApplication in 2.007 seconds (process running for 2.283)
2023-05-10 16:09:12 [background-preinit] INFO - HV000001: Hibernate Validator 8.0.0.Final
2023-05-10 16:09:13 [main] INFO - Starting P6eGatewayAuthApplication using Java 17.0.7 with PID 1652 (D:\CodeContents\github\p6e-coat\p6e-coat\p6e-coat-gateway-auth\target\classes started by a1294 in D:\CodeContents\github\p6e-coat\p6e-coat)
2023-05-10 16:09:13 [main] INFO - No active profile set, falling back to 1 default profile: "default"
2023-05-10 16:09:13 [main] INFO - Multiple Spring Data modules found, entering strict repository configuration mode
2023-05-10 16:09:13 [main] INFO - Bootstrapping Spring Data R2DBC repositories in DEFAULT mode.
2023-05-10 16:09:13 [main] INFO - Finished Spring Data repository scanning in 13 ms. Found 0 R2DBC repository interfaces.
2023-05-10 16:09:13 [main] INFO - Multiple Spring Data modules found, entering strict repository configuration mode
2023-05-10 16:09:13 [main] INFO - Bootstrapping Spring Data Redis repositories in DEFAULT mode.
2023-05-10 16:09:13 [main] INFO - Finished Spring Data repository scanning in 3 ms. Found 0 Redis repository interfaces.
2023-05-10 16:09:13 [main] INFO - BeanFactory id=425bc81f-7325-31f9-8b2a-6170a34f0345
2023-05-10 16:09:13 [main] INFO - [ P6E AUTH JSON WEB TOKEN ] DEFAULT SECRET ==> s5xgbizs1wb31dh52fgvumw88b0z1pba
2023-05-10 16:09:14 [main] INFO - Loaded RoutePredicateFactory [After]
2023-05-10 16:09:14 [main] INFO - Loaded RoutePredicateFactory [Before]
2023-05-10 16:09:14 [main] INFO - Loaded RoutePredicateFactory [Between]
2023-05-10 16:09:14 [main] INFO - Loaded RoutePredicateFactory [Cookie]
2023-05-10 16:09:14 [main] INFO - Loaded RoutePredicateFactory [Header]
2023-05-10 16:09:14 [main] INFO - Loaded RoutePredicateFactory [Host]
2023-05-10 16:09:14 [main] INFO - Loaded RoutePredicateFactory [Method]
2023-05-10 16:09:14 [main] INFO - Loaded RoutePredicateFactory [Path]
2023-05-10 16:09:14 [main] INFO - Loaded RoutePredicateFactory [Query]
2023-05-10 16:09:14 [main] INFO - Loaded RoutePredicateFactory [ReadBody]
2023-05-10 16:09:14 [main] INFO - Loaded RoutePredicateFactory [RemoteAddr]
2023-05-10 16:09:14 [main] INFO - Loaded RoutePredicateFactory [XForwardedRemoteAddr]
2023-05-10 16:09:14 [main] INFO - Loaded RoutePredicateFactory [Weight]
2023-05-10 16:09:14 [main] INFO - Loaded RoutePredicateFactory [CloudFoundryRouteService]
2023-05-10 16:09:14 [main] INFO - Netty started on port 8080
2023-05-10 16:09:14 [main] INFO - Started P6eGatewayAuthApplication in 2.037 seconds (process running for 2.31)
2023-05-10 16:10:32 [background-preinit] INFO - HV000001: Hibernate Validator 8.0.0.Final
2023-05-10 16:10:32 [main] INFO - Starting P6eGatewayAuthApplication using Java 17.0.7 with PID 6100 (D:\CodeContents\github\p6e-coat\p6e-coat\p6e-coat-gateway-auth\target\classes started by a1294 in D:\CodeContents\github\p6e-coat\p6e-coat)
2023-05-10 16:10:32 [main] INFO - No active profile set, falling back to 1 default profile: "default"
2023-05-10 16:10:32 [main] INFO - Multiple Spring Data modules found, entering strict repository configuration mode
2023-05-10 16:10:32 [main] INFO - Bootstrapping Spring Data R2DBC repositories in DEFAULT mode.
2023-05-10 16:10:32 [main] INFO - Finished Spring Data repository scanning in 12 ms. Found 0 R2DBC repository interfaces.
2023-05-10 16:10:32 [main] INFO - Multiple Spring Data modules found, entering strict repository configuration mode
2023-05-10 16:10:32 [main] INFO - Bootstrapping Spring Data Redis repositories in DEFAULT mode.
2023-05-10 16:10:32 [main] INFO - Finished Spring Data repository scanning in 3 ms. Found 0 Redis repository interfaces.
2023-05-10 16:10:32 [main] INFO - BeanFactory id=425bc81f-7325-31f9-8b2a-6170a34f0345
2023-05-10 16:10:33 [main] INFO - [ P6E AUTH JSON WEB TOKEN ] DEFAULT SECRET ==> 196x1besnyqf12ofzcw01okqie4prfe3
2023-05-10 16:10:33 [main] INFO - Loaded RoutePredicateFactory [After]
2023-05-10 16:10:33 [main] INFO - Loaded RoutePredicateFactory [Before]
2023-05-10 16:10:33 [main] INFO - Loaded RoutePredicateFactory [Between]
2023-05-10 16:10:33 [main] INFO - Loaded RoutePredicateFactory [Cookie]
2023-05-10 16:10:33 [main] INFO - Loaded RoutePredicateFactory [Header]
2023-05-10 16:10:33 [main] INFO - Loaded RoutePredicateFactory [Host]
2023-05-10 16:10:33 [main] INFO - Loaded RoutePredicateFactory [Method]
2023-05-10 16:10:33 [main] INFO - Loaded RoutePredicateFactory [Path]
2023-05-10 16:10:33 [main] INFO - Loaded RoutePredicateFactory [Query]
2023-05-10 16:10:33 [main] INFO - Loaded RoutePredicateFactory [ReadBody]
2023-05-10 16:10:33 [main] INFO - Loaded RoutePredicateFactory [RemoteAddr]
2023-05-10 16:10:33 [main] INFO - Loaded RoutePredicateFactory [XForwardedRemoteAddr]
2023-05-10 16:10:33 [main] INFO - Loaded RoutePredicateFactory [Weight]
2023-05-10 16:10:33 [main] INFO - Loaded RoutePredicateFactory [CloudFoundryRouteService]
2023-05-10 16:10:33 [main] INFO - Netty started on port 8080
2023-05-10 16:10:33 [main] INFO - Started P6eGatewayAuthApplication in 1.944 seconds (process running for 2.212)
2023-05-10 16:19:47 [background-preinit] INFO - HV000001: Hibernate Validator 8.0.0.Final
2023-05-10 16:19:47 [main] INFO - Starting P6eGatewayAuthApplication using Java 17.0.7 with PID 2640 (D:\CodeContents\github\p6e-coat\p6e-coat\p6e-coat-gateway-auth\target\classes started by a1294 in D:\CodeContents\github\p6e-coat\p6e-coat)
2023-05-10 16:19:47 [main] INFO - No active profile set, falling back to 1 default profile: "default"
2023-05-10 16:19:47 [main] INFO - Multiple Spring Data modules found, entering strict repository configuration mode
2023-05-10 16:19:47 [main] INFO - Bootstrapping Spring Data R2DBC repositories in DEFAULT mode.
2023-05-10 16:19:47 [main] INFO - Finished Spring Data repository scanning in 12 ms. Found 0 R2DBC repository interfaces.
2023-05-10 16:19:47 [main] INFO - Multiple Spring Data modules found, entering strict repository configuration mode
2023-05-10 16:19:47 [main] INFO - Bootstrapping Spring Data Redis repositories in DEFAULT mode.
2023-05-10 16:19:47 [main] INFO - Finished Spring Data repository scanning in 2 ms. Found 0 Redis repository interfaces.
2023-05-10 16:19:47 [main] INFO - BeanFactory id=425bc81f-7325-31f9-8b2a-6170a34f0345
2023-05-10 16:19:47 [main] INFO - [ P6E AUTH JSON WEB TOKEN ] DEFAULT SECRET ==> 7wsiveee2qg53qqbkdtjv0sdz83e9ex2
2023-05-10 16:19:48 [main] INFO - Loaded RoutePredicateFactory [After]
2023-05-10 16:19:48 [main] INFO - Loaded RoutePredicateFactory [Before]
2023-05-10 16:19:48 [main] INFO - Loaded RoutePredicateFactory [Between]
2023-05-10 16:19:48 [main] INFO - Loaded RoutePredicateFactory [Cookie]
2023-05-10 16:19:48 [main] INFO - Loaded RoutePredicateFactory [Header]
2023-05-10 16:19:48 [main] INFO - Loaded RoutePredicateFactory [Host]
2023-05-10 16:19:48 [main] INFO - Loaded RoutePredicateFactory [Method]
2023-05-10 16:19:48 [main] INFO - Loaded RoutePredicateFactory [Path]
2023-05-10 16:19:48 [main] INFO - Loaded RoutePredicateFactory [Query]
2023-05-10 16:19:48 [main] INFO - Loaded RoutePredicateFactory [ReadBody]
2023-05-10 16:19:48 [main] INFO - Loaded RoutePredicateFactory [RemoteAddr]
2023-05-10 16:19:48 [main] INFO - Loaded RoutePredicateFactory [XForwardedRemoteAddr]
2023-05-10 16:19:48 [main] INFO - Loaded RoutePredicateFactory [Weight]
2023-05-10 16:19:48 [main] INFO - Loaded RoutePredicateFactory [CloudFoundryRouteService]
2023-05-10 16:19:48 [main] INFO - Netty started on port 8080
2023-05-10 16:19:48 [main] INFO - Started P6eGatewayAuthApplication in 1.939 seconds (process running for 2.242)
2023-05-10 16:23:33 [background-preinit] INFO - HV000001: Hibernate Validator 8.0.0.Final
2023-05-10 16:23:33 [main] INFO - Starting P6eGatewayAuthApplication using Java 17.0.7 with PID 7724 (D:\CodeContents\github\p6e-coat\p6e-coat\p6e-coat-gateway-auth\target\classes started by a1294 in D:\CodeContents\github\p6e-coat\p6e-coat)
2023-05-10 16:23:33 [main] INFO - No active profile set, falling back to 1 default profile: "default"
2023-05-10 16:23:34 [main] INFO - Multiple Spring Data modules found, entering strict repository configuration mode
2023-05-10 16:23:34 [main] INFO - Bootstrapping Spring Data R2DBC repositories in DEFAULT mode.
2023-05-10 16:23:34 [main] INFO - Finished Spring Data repository scanning in 12 ms. Found 0 R2DBC repository interfaces.
2023-05-10 16:23:34 [main] INFO - Multiple Spring Data modules found, entering strict repository configuration mode
2023-05-10 16:23:34 [main] INFO - Bootstrapping Spring Data Redis repositories in DEFAULT mode.
2023-05-10 16:23:34 [main] INFO - Finished Spring Data repository scanning in 3 ms. Found 0 Redis repository interfaces.
2023-05-10 16:23:34 [main] INFO - BeanFactory id=425bc81f-7325-31f9-8b2a-6170a34f0345
2023-05-10 16:23:34 [main] INFO - [ P6E AUTH JSON WEB TOKEN ] DEFAULT SECRET ==> 3lcafb499mnmt2y3wn6ntwxa47exopbj
2023-05-10 16:23:35 [main] INFO - Loaded RoutePredicateFactory [After]
2023-05-10 16:23:35 [main] INFO - Loaded RoutePredicateFactory [Before]
2023-05-10 16:23:35 [main] INFO - Loaded RoutePredicateFactory [Between]
2023-05-10 16:23:35 [main] INFO - Loaded RoutePredicateFactory [Cookie]
2023-05-10 16:23:35 [main] INFO - Loaded RoutePredicateFactory [Header]
2023-05-10 16:23:35 [main] INFO - Loaded RoutePredicateFactory [Host]
2023-05-10 16:23:35 [main] INFO - Loaded RoutePredicateFactory [Method]
2023-05-10 16:23:35 [main] INFO - Loaded RoutePredicateFactory [Path]
2023-05-10 16:23:35 [main] INFO - Loaded RoutePredicateFactory [Query]
2023-05-10 16:23:35 [main] INFO - Loaded RoutePredicateFactory [ReadBody]
2023-05-10 16:23:35 [main] INFO - Loaded RoutePredicateFactory [RemoteAddr]
2023-05-10 16:23:35 [main] INFO - Loaded RoutePredicateFactory [XForwardedRemoteAddr]
2023-05-10 16:23:35 [main] INFO - Loaded RoutePredicateFactory [Weight]
2023-05-10 16:23:35 [main] INFO - Loaded RoutePredicateFactory [CloudFoundryRouteService]
2023-05-10 16:23:35 [main] INFO - Netty started on port 8080
2023-05-10 16:23:35 [main] INFO - Started P6eGatewayAuthApplication in 1.965 seconds (process running for 2.247)
2023-05-10 16:24:53 [background-preinit] INFO - HV000001: Hibernate Validator 8.0.0.Final
2023-05-10 16:24:53 [main] INFO - Starting P6eGatewayAuthApplication using Java 17.0.7 with PID 1316 (D:\CodeContents\github\p6e-coat\p6e-coat\p6e-coat-gateway-auth\target\classes started by a1294 in D:\CodeContents\github\p6e-coat\p6e-coat)
2023-05-10 16:24:53 [main] INFO - No active profile set, falling back to 1 default profile: "default"
2023-05-10 16:24:54 [main] INFO - Multiple Spring Data modules found, entering strict repository configuration mode
2023-05-10 16:24:54 [main] INFO - Bootstrapping Spring Data R2DBC repositories in DEFAULT mode.
2023-05-10 16:24:54 [main] INFO - Finished Spring Data repository scanning in 13 ms. Found 0 R2DBC repository interfaces.
2023-05-10 16:24:54 [main] INFO - Multiple Spring Data modules found, entering strict repository configuration mode
2023-05-10 16:24:54 [main] INFO - Bootstrapping Spring Data Redis repositories in DEFAULT mode.
2023-05-10 16:24:54 [main] INFO - Finished Spring Data repository scanning in 3 ms. Found 0 Redis repository interfaces.
2023-05-10 16:24:54 [main] INFO - BeanFactory id=425bc81f-7325-31f9-8b2a-6170a34f0345
2023-05-10 16:24:54 [main] INFO - [ P6E AUTH JSON WEB TOKEN ] DEFAULT SECRET ==> o7xgcec4tx30z1dkxsdb1s5oausyvy3z
2023-05-10 16:24:55 [main] INFO - Loaded RoutePredicateFactory [After]
2023-05-10 16:24:55 [main] INFO - Loaded RoutePredicateFactory [Before]
2023-05-10 16:24:55 [main] INFO - Loaded RoutePredicateFactory [Between]
2023-05-10 16:24:55 [main] INFO - Loaded RoutePredicateFactory [Cookie]
2023-05-10 16:24:55 [main] INFO - Loaded RoutePredicateFactory [Header]
2023-05-10 16:24:55 [main] INFO - Loaded RoutePredicateFactory [Host]
2023-05-10 16:24:55 [main] INFO - Loaded RoutePredicateFactory [Method]
2023-05-10 16:24:55 [main] INFO - Loaded RoutePredicateFactory [Path]
2023-05-10 16:24:55 [main] INFO - Loaded RoutePredicateFactory [Query]
2023-05-10 16:24:55 [main] INFO - Loaded RoutePredicateFactory [ReadBody]
2023-05-10 16:24:55 [main] INFO - Loaded RoutePredicateFactory [RemoteAddr]
2023-05-10 16:24:55 [main] INFO - Loaded RoutePredicateFactory [XForwardedRemoteAddr]
2023-05-10 16:24:55 [main] INFO - Loaded RoutePredicateFactory [Weight]
2023-05-10 16:24:55 [main] INFO - Loaded RoutePredicateFactory [CloudFoundryRouteService]
2023-05-10 16:24:55 [main] INFO - Netty started on port 8080
2023-05-10 16:24:55 [main] INFO - Started P6eGatewayAuthApplication in 2.009 seconds (process running for 2.306)
2023-05-10 16:26:02 [background-preinit] INFO - HV000001: Hibernate Validator 8.0.0.Final
2023-05-10 16:26:02 [main] INFO - Starting P6eGatewayAuthApplication using Java 17.0.7 with PID 15404 (D:\CodeContents\github\p6e-coat\p6e-coat\p6e-coat-gateway-auth\target\classes started by a1294 in D:\CodeContents\github\p6e-coat\p6e-coat)
2023-05-10 16:26:02 [main] INFO - No active profile set, falling back to 1 default profile: "default"
2023-05-10 16:26:03 [main] INFO - Multiple Spring Data modules found, entering strict repository configuration mode
2023-05-10 16:26:03 [main] INFO - Bootstrapping Spring Data R2DBC repositories in DEFAULT mode.
2023-05-10 16:26:03 [main] INFO - Finished Spring Data repository scanning in 12 ms. Found 0 R2DBC repository interfaces.
2023-05-10 16:26:03 [main] INFO - Multiple Spring Data modules found, entering strict repository configuration mode
2023-05-10 16:26:03 [main] INFO - Bootstrapping Spring Data Redis repositories in DEFAULT mode.
2023-05-10 16:26:03 [main] INFO - Finished Spring Data repository scanning in 2 ms. Found 0 Redis repository interfaces.
2023-05-10 16:26:03 [main] INFO - BeanFactory id=425bc81f-7325-31f9-8b2a-6170a34f0345
2023-05-10 16:26:03 [main] INFO - [ P6E AUTH JSON WEB TOKEN ] DEFAULT SECRET ==> bui77icmmjmr8r1bkwrz21c9eobhz50d
2023-05-10 16:26:04 [main] INFO - Loaded RoutePredicateFactory [After]
2023-05-10 16:26:04 [main] INFO - Loaded RoutePredicateFactory [Before]
2023-05-10 16:26:04 [main] INFO - Loaded RoutePredicateFactory [Between]
2023-05-10 16:26:04 [main] INFO - Loaded RoutePredicateFactory [Cookie]
2023-05-10 16:26:04 [main] INFO - Loaded RoutePredicateFactory [Header]
2023-05-10 16:26:04 [main] INFO - Loaded RoutePredicateFactory [Host]
2023-05-10 16:26:04 [main] INFO - Loaded RoutePredicateFactory [Method]
2023-05-10 16:26:04 [main] INFO - Loaded RoutePredicateFactory [Path]
2023-05-10 16:26:04 [main] INFO - Loaded RoutePredicateFactory [Query]
2023-05-10 16:26:04 [main] INFO - Loaded RoutePredicateFactory [ReadBody]
2023-05-10 16:26:04 [main] INFO - Loaded RoutePredicateFactory [RemoteAddr]
2023-05-10 16:26:04 [main] INFO - Loaded RoutePredicateFactory [XForwardedRemoteAddr]
2023-05-10 16:26:04 [main] INFO - Loaded RoutePredicateFactory [Weight]
2023-05-10 16:26:04 [main] INFO - Loaded RoutePredicateFactory [CloudFoundryRouteService]
2023-05-10 16:26:04 [main] INFO - Netty started on port 8080
2023-05-10 16:26:04 [main] INFO - Started P6eGatewayAuthApplication in 1.971 seconds (process running for 2.242)
2023-05-10 16:27:02 [background-preinit] INFO - HV000001: Hibernate Validator 8.0.0.Final
2023-05-10 16:27:02 [main] INFO - Starting P6eGatewayAuthApplication using Java 17.0.7 with PID 1428 (D:\CodeContents\github\p6e-coat\p6e-coat\p6e-coat-gateway-auth\target\classes started by a1294 in D:\CodeContents\github\p6e-coat\p6e-coat)
2023-05-10 16:27:02 [main] INFO - No active profile set, falling back to 1 default profile: "default"
2023-05-10 16:27:02 [main] INFO - Multiple Spring Data modules found, entering strict repository configuration mode
2023-05-10 16:27:02 [main] INFO - Bootstrapping Spring Data R2DBC repositories in DEFAULT mode.
2023-05-10 16:27:02 [main] INFO - Finished Spring Data repository scanning in 12 ms. Found 0 R2DBC repository interfaces.
2023-05-10 16:27:02 [main] INFO - Multiple Spring Data modules found, entering strict repository configuration mode
2023-05-10 16:27:02 [main] INFO - Bootstrapping Spring Data Redis repositories in DEFAULT mode.
2023-05-10 16:27:02 [main] INFO - Finished Spring Data repository scanning in 3 ms. Found 0 Redis repository interfaces.
2023-05-10 16:27:02 [main] INFO - BeanFactory id=425bc81f-7325-31f9-8b2a-6170a34f0345
2023-05-10 16:27:02 [main] INFO - [ P6E AUTH JSON WEB TOKEN ] DEFAULT SECRET ==> 3799ouffsgyq9bz91yu1qebrh33nrbcw
2023-05-10 16:27:03 [main] INFO - Loaded RoutePredicateFactory [After]
2023-05-10 16:27:03 [main] INFO - Loaded RoutePredicateFactory [Before]
2023-05-10 16:27:03 [main] INFO - Loaded RoutePredicateFactory [Between]
2023-05-10 16:27:03 [main] INFO - Loaded RoutePredicateFactory [Cookie]
2023-05-10 16:27:03 [main] INFO - Loaded RoutePredicateFactory [Header]
2023-05-10 16:27:03 [main] INFO - Loaded RoutePredicateFactory [Host]
2023-05-10 16:27:03 [main] INFO - Loaded RoutePredicateFactory [Method]
2023-05-10 16:27:03 [main] INFO - Loaded RoutePredicateFactory [Path]
2023-05-10 16:27:03 [main] INFO - Loaded RoutePredicateFactory [Query]
2023-05-10 16:27:03 [main] INFO - Loaded RoutePredicateFactory [ReadBody]
2023-05-10 16:27:03 [main] INFO - Loaded RoutePredicateFactory [RemoteAddr]
2023-05-10 16:27:03 [main] INFO - Loaded RoutePredicateFactory [XForwardedRemoteAddr]
2023-05-10 16:27:03 [main] INFO - Loaded RoutePredicateFactory [Weight]
2023-05-10 16:27:03 [main] INFO - Loaded RoutePredicateFactory [CloudFoundryRouteService]
2023-05-10 16:27:03 [main] INFO - Netty started on port 8080
2023-05-10 16:27:03 [main] INFO - Started P6eGatewayAuthApplication in 2.006 seconds (process running for 2.288)
2023-05-10 16:36:50 [background-preinit] INFO - HV000001: Hibernate Validator 8.0.0.Final
2023-05-10 16:36:50 [main] INFO - Starting P6eGatewayAuthApplication using Java 17.0.7 with PID 19968 (D:\CodeContents\github\p6e-coat\p6e-coat\p6e-coat-gateway-auth\target\classes started by a1294 in D:\CodeContents\github\p6e-coat\p6e-coat)
2023-05-10 16:36:50 [main] INFO - No active profile set, falling back to 1 default profile: "default"
2023-05-10 16:36:51 [main] INFO - Multiple Spring Data modules found, entering strict repository configuration mode
2023-05-10 16:36:51 [main] INFO - Bootstrapping Spring Data R2DBC repositories in DEFAULT mode.
2023-05-10 16:36:51 [main] INFO - Finished Spring Data repository scanning in 13 ms. Found 0 R2DBC repository interfaces.
2023-05-10 16:36:51 [main] INFO - Multiple Spring Data modules found, entering strict repository configuration mode
2023-05-10 16:36:51 [main] INFO - Bootstrapping Spring Data Redis repositories in DEFAULT mode.
2023-05-10 16:36:51 [main] INFO - Finished Spring Data repository scanning in 2 ms. Found 0 Redis repository interfaces.
2023-05-10 16:36:51 [main] INFO - BeanFactory id=425bc81f-7325-31f9-8b2a-6170a34f0345
2023-05-10 16:36:51 [main] INFO - [ P6E AUTH JSON WEB TOKEN ] DEFAULT SECRET ==> jjaqcal24x53l65ya4yirblzotka4i92
2023-05-10 16:36:52 [main] INFO - Loaded RoutePredicateFactory [After]
2023-05-10 16:36:52 [main] INFO - Loaded RoutePredicateFactory [Before]
2023-05-10 16:36:52 [main] INFO - Loaded RoutePredicateFactory [Between]
2023-05-10 16:36:52 [main] INFO - Loaded RoutePredicateFactory [Cookie]
2023-05-10 16:36:52 [main] INFO - Loaded RoutePredicateFactory [Header]
2023-05-10 16:36:52 [main] INFO - Loaded RoutePredicateFactory [Host]
2023-05-10 16:36:52 [main] INFO - Loaded RoutePredicateFactory [Method]
2023-05-10 16:36:52 [main] INFO - Loaded RoutePredicateFactory [Path]
2023-05-10 16:36:52 [main] INFO - Loaded RoutePredicateFactory [Query]
2023-05-10 16:36:52 [main] INFO - Loaded RoutePredicateFactory [ReadBody]
2023-05-10 16:36:52 [main] INFO - Loaded RoutePredicateFactory [RemoteAddr]
2023-05-10 16:36:52 [main] INFO - Loaded RoutePredicateFactory [XForwardedRemoteAddr]
2023-05-10 16:36:52 [main] INFO - Loaded RoutePredicateFactory [Weight]
2023-05-10 16:36:52 [main] INFO - Loaded RoutePredicateFactory [CloudFoundryRouteService]
2023-05-10 16:36:52 [main] INFO - Netty started on port 8080
2023-05-10 16:36:52 [main] INFO - Started P6eGatewayAuthApplication in 2.035 seconds (process running for 2.309)
2023-05-10 16:47:50 [background-preinit] INFO - HV000001: Hibernate Validator 8.0.0.Final
2023-05-10 16:47:50 [main] INFO - Starting P6eGatewayAuthApplication using Java 17.0.7 with PID 12312 (D:\CodeContents\github\p6e-coat\p6e-coat\p6e-coat-gateway-auth\target\classes started by a1294 in D:\CodeContents\github\p6e-coat\p6e-coat)
2023-05-10 16:47:50 [main] INFO - No active profile set, falling back to 1 default profile: "default"
2023-05-10 16:47:50 [main] INFO - Multiple Spring Data modules found, entering strict repository configuration mode
2023-05-10 16:47:50 [main] INFO - Bootstrapping Spring Data R2DBC repositories in DEFAULT mode.
2023-05-10 16:47:50 [main] INFO - Finished Spring Data repository scanning in 12 ms. Found 0 R2DBC repository interfaces.
2023-05-10 16:47:50 [main] INFO - Multiple Spring Data modules found, entering strict repository configuration mode
2023-05-10 16:47:50 [main] INFO - Bootstrapping Spring Data Redis repositories in DEFAULT mode.
2023-05-10 16:47:50 [main] INFO - Finished Spring Data repository scanning in 3 ms. Found 0 Redis repository interfaces.
2023-05-10 16:47:50 [main] INFO - BeanFactory id=425bc81f-7325-31f9-8b2a-6170a34f0345
2023-05-10 16:47:51 [main] INFO - [ P6E AUTH JSON WEB TOKEN ] DEFAULT SECRET ==> gu4adjxncm3vr6fttn0ubs8nbzqjof1n
2023-05-10 16:47:51 [main] INFO - Loaded RoutePredicateFactory [After]
2023-05-10 16:47:51 [main] INFO - Loaded RoutePredicateFactory [Before]
2023-05-10 16:47:51 [main] INFO - Loaded RoutePredicateFactory [Between]
2023-05-10 16:47:51 [main] INFO - Loaded RoutePredicateFactory [Cookie]
2023-05-10 16:47:51 [main] INFO - Loaded RoutePredicateFactory [Header]
2023-05-10 16:47:51 [main] INFO - Loaded RoutePredicateFactory [Host]
2023-05-10 16:47:51 [main] INFO - Loaded RoutePredicateFactory [Method]
2023-05-10 16:47:51 [main] INFO - Loaded RoutePredicateFactory [Path]
2023-05-10 16:47:51 [main] INFO - Loaded RoutePredicateFactory [Query]
2023-05-10 16:47:51 [main] INFO - Loaded RoutePredicateFactory [ReadBody]
2023-05-10 16:47:51 [main] INFO - Loaded RoutePredicateFactory [RemoteAddr]
2023-05-10 16:47:51 [main] INFO - Loaded RoutePredicateFactory [XForwardedRemoteAddr]
2023-05-10 16:47:51 [main] INFO - Loaded RoutePredicateFactory [Weight]
2023-05-10 16:47:51 [main] INFO - Loaded RoutePredicateFactory [CloudFoundryRouteService]
2023-05-10 16:47:51 [main] INFO - Netty started on port 8080
2023-05-10 16:47:51 [main] INFO - Started P6eGatewayAuthApplication in 2.011 seconds (process running for 2.297)
2023-05-10 16:49:37 [background-preinit] INFO - HV000001: Hibernate Validator 8.0.0.Final
2023-05-10 16:49:37 [main] INFO - Starting P6eGatewayAuthApplication using Java 17.0.7 with PID 11448 (D:\CodeContents\github\p6e-coat\p6e-coat\p6e-coat-gateway-auth\target\classes started by a1294 in D:\CodeContents\github\p6e-coat\p6e-coat)
2023-05-10 16:49:37 [main] INFO - No active profile set, falling back to 1 default profile: "default"
2023-05-10 16:49:38 [main] INFO - Multiple Spring Data modules found, entering strict repository configuration mode
2023-05-10 16:49:38 [main] INFO - Bootstrapping Spring Data R2DBC repositories in DEFAULT mode.
2023-05-10 16:49:38 [main] INFO - Finished Spring Data repository scanning in 11 ms. Found 0 R2DBC repository interfaces.
2023-05-10 16:49:38 [main] INFO - Multiple Spring Data modules found, entering strict repository configuration mode
2023-05-10 16:49:38 [main] INFO - Bootstrapping Spring Data Redis repositories in DEFAULT mode.
2023-05-10 16:49:38 [main] INFO - Finished Spring Data repository scanning in 2 ms. Found 0 Redis repository interfaces.
2023-05-10 16:49:38 [main] INFO - BeanFactory id=425bc81f-7325-31f9-8b2a-6170a34f0345
2023-05-10 16:49:38 [main] INFO - [ P6E AUTH JSON WEB TOKEN ] DEFAULT SECRET ==> fukkjhyvo8si9716wh3sxpt47nveto0u
2023-05-10 16:49:39 [main] INFO - Loaded RoutePredicateFactory [After]
2023-05-10 16:49:39 [main] INFO - Loaded RoutePredicateFactory [Before]
2023-05-10 16:49:39 [main] INFO - Loaded RoutePredicateFactory [Between]
2023-05-10 16:49:39 [main] INFO - Loaded RoutePredicateFactory [Cookie]
2023-05-10 16:49:39 [main] INFO - Loaded RoutePredicateFactory [Header]
2023-05-10 16:49:39 [main] INFO - Loaded RoutePredicateFactory [Host]
2023-05-10 16:49:39 [main] INFO - Loaded RoutePredicateFactory [Method]
2023-05-10 16:49:39 [main] INFO - Loaded RoutePredicateFactory [Path]
2023-05-10 16:49:39 [main] INFO - Loaded RoutePredicateFactory [Query]
2023-05-10 16:49:39 [main] INFO - Loaded RoutePredicateFactory [ReadBody]
2023-05-10 16:49:39 [main] INFO - Loaded RoutePredicateFactory [RemoteAddr]
2023-05-10 16:49:39 [main] INFO - Loaded RoutePredicateFactory [XForwardedRemoteAddr]
2023-05-10 16:49:39 [main] INFO - Loaded RoutePredicateFactory [Weight]
2023-05-10 16:49:39 [main] INFO - Loaded RoutePredicateFactory [CloudFoundryRouteService]
2023-05-10 16:49:39 [main] INFO - Netty started on port 8080
2023-05-10 16:49:39 [main] INFO - Started P6eGatewayAuthApplication in 2.131 seconds (process running for 2.443)
2023-05-10 16:51:22 [background-preinit] INFO - HV000001: Hibernate Validator 8.0.0.Final
2023-05-10 16:51:22 [main] INFO - Starting P6eGatewayAuthApplication using Java 17.0.7 with PID 14800 (D:\CodeContents\github\p6e-coat\p6e-coat\p6e-coat-gateway-auth\target\classes started by a1294 in D:\CodeContents\github\p6e-coat\p6e-coat)
2023-05-10 16:51:22 [main] INFO - No active profile set, falling back to 1 default profile: "default"
2023-05-10 16:51:23 [main] INFO - Multiple Spring Data modules found, entering strict repository configuration mode
2023-05-10 16:51:23 [main] INFO - Bootstrapping Spring Data R2DBC repositories in DEFAULT mode.
2023-05-10 16:51:23 [main] INFO - Finished Spring Data repository scanning in 12 ms. Found 0 R2DBC repository interfaces.
2023-05-10 16:51:23 [main] INFO - Multiple Spring Data modules found, entering strict repository configuration mode
2023-05-10 16:51:23 [main] INFO - Bootstrapping Spring Data Redis repositories in DEFAULT mode.
2023-05-10 16:51:23 [main] INFO - Finished Spring Data repository scanning in 3 ms. Found 0 Redis repository interfaces.
2023-05-10 16:51:23 [main] INFO - BeanFactory id=425bc81f-7325-31f9-8b2a-6170a34f0345
2023-05-10 16:51:23 [main] INFO - [ P6E AUTH JSON WEB TOKEN ] DEFAULT SECRET ==> 4i230y28otaualn0gxcew4ml7o9qxnfp
2023-05-10 16:51:24 [main] INFO - Loaded RoutePredicateFactory [After]
2023-05-10 16:51:24 [main] INFO - Loaded RoutePredicateFactory [Before]
2023-05-10 16:51:24 [main] INFO - Loaded RoutePredicateFactory [Between]
2023-05-10 16:51:24 [main] INFO - Loaded RoutePredicateFactory [Cookie]
2023-05-10 16:51:24 [main] INFO - Loaded RoutePredicateFactory [Header]
2023-05-10 16:51:24 [main] INFO - Loaded RoutePredicateFactory [Host]
2023-05-10 16:51:24 [main] INFO - Loaded RoutePredicateFactory [Method]
2023-05-10 16:51:24 [main] INFO - Loaded RoutePredicateFactory [Path]
2023-05-10 16:51:24 [main] INFO - Loaded RoutePredicateFactory [Query]
2023-05-10 16:51:24 [main] INFO - Loaded RoutePredicateFactory [ReadBody]
2023-05-10 16:51:24 [main] INFO - Loaded RoutePredicateFactory [RemoteAddr]
2023-05-10 16:51:24 [main] INFO - Loaded RoutePredicateFactory [XForwardedRemoteAddr]
2023-05-10 16:51:24 [main] INFO - Loaded RoutePredicateFactory [Weight]
2023-05-10 16:51:24 [main] INFO - Loaded RoutePredicateFactory [CloudFoundryRouteService]
2023-05-10 16:51:24 [main] INFO - Netty started on port 8080
2023-05-10 16:51:24 [main] INFO - Started P6eGatewayAuthApplication in 1.981 seconds (process running for 2.277)
2023-05-10 16:52:45 [background-preinit] INFO - HV000001: Hibernate Validator 8.0.0.Final
2023-05-10 16:52:45 [main] INFO - Starting P6eGatewayAuthApplication using Java 17.0.7 with PID 2900 (D:\CodeContents\github\p6e-coat\p6e-coat\p6e-coat-gateway-auth\target\classes started by a1294 in D:\CodeContents\github\p6e-coat\p6e-coat)
2023-05-10 16:52:45 [main] INFO - No active profile set, falling back to 1 default profile: "default"
2023-05-10 16:52:45 [main] INFO - Multiple Spring Data modules found, entering strict repository configuration mode
2023-05-10 16:52:45 [main] INFO - Bootstrapping Spring Data R2DBC repositories in DEFAULT mode.
2023-05-10 16:52:45 [main] INFO - Finished Spring Data repository scanning in 12 ms. Found 0 R2DBC repository interfaces.
2023-05-10 16:52:45 [main] INFO - Multiple Spring Data modules found, entering strict repository configuration mode
2023-05-10 16:52:45 [main] INFO - Bootstrapping Spring Data Redis repositories in DEFAULT mode.
2023-05-10 16:52:45 [main] INFO - Finished Spring Data repository scanning in 3 ms. Found 0 Redis repository interfaces.
2023-05-10 16:52:45 [main] INFO - BeanFactory id=425bc81f-7325-31f9-8b2a-6170a34f0345
2023-05-10 16:52:45 [main] INFO - [ P6E AUTH JSON WEB TOKEN ] DEFAULT SECRET ==> fgobum9sokpq70zcr8vf0a0jxc0r9xr5
2023-05-10 16:52:46 [main] INFO - Loaded RoutePredicateFactory [After]
2023-05-10 16:52:46 [main] INFO - Loaded RoutePredicateFactory [Before]
2023-05-10 16:52:46 [main] INFO - Loaded RoutePredicateFactory [Between]
2023-05-10 16:52:46 [main] INFO - Loaded RoutePredicateFactory [Cookie]
2023-05-10 16:52:46 [main] INFO - Loaded RoutePredicateFactory [Header]
2023-05-10 16:52:46 [main] INFO - Loaded RoutePredicateFactory [Host]
2023-05-10 16:52:46 [main] INFO - Loaded RoutePredicateFactory [Method]
2023-05-10 16:52:46 [main] INFO - Loaded RoutePredicateFactory [Path]
2023-05-10 16:52:46 [main] INFO - Loaded RoutePredicateFactory [Query]
2023-05-10 16:52:46 [main] INFO - Loaded RoutePredicateFactory [ReadBody]
2023-05-10 16:52:46 [main] INFO - Loaded RoutePredicateFactory [RemoteAddr]
2023-05-10 16:52:46 [main] INFO - Loaded RoutePredicateFactory [XForwardedRemoteAddr]
2023-05-10 16:52:46 [main] INFO - Loaded RoutePredicateFactory [Weight]
2023-05-10 16:52:46 [main] INFO - Loaded RoutePredicateFactory [CloudFoundryRouteService]
2023-05-10 16:52:46 [main] INFO - Netty started on port 8080
2023-05-10 16:52:46 [main] INFO - Started P6eGatewayAuthApplication in 2.004 seconds (process running for 2.279)
2023-05-10 16:55:18 [background-preinit] INFO - HV000001: Hibernate Validator 8.0.0.Final
2023-05-10 16:55:18 [main] INFO - Starting P6eGatewayAuthApplication using Java 17.0.7 with PID 1608 (D:\CodeContents\github\p6e-coat\p6e-coat\p6e-coat-gateway-auth\target\classes started by a1294 in D:\CodeContents\github\p6e-coat\p6e-coat)
2023-05-10 16:55:18 [main] INFO - No active profile set, falling back to 1 default profile: "default"
2023-05-10 16:55:18 [main] INFO - Multiple Spring Data modules found, entering strict repository configuration mode
2023-05-10 16:55:18 [main] INFO - Bootstrapping Spring Data R2DBC repositories in DEFAULT mode.
2023-05-10 16:55:18 [main] INFO - Finished Spring Data repository scanning in 12 ms. Found 0 R2DBC repository interfaces.
2023-05-10 16:55:18 [main] INFO - Multiple Spring Data modules found, entering strict repository configuration mode
2023-05-10 16:55:18 [main] INFO - Bootstrapping Spring Data Redis repositories in DEFAULT mode.
2023-05-10 16:55:18 [main] INFO - Finished Spring Data repository scanning in 3 ms. Found 0 Redis repository interfaces.
2023-05-10 16:55:18 [main] INFO - BeanFactory id=5a8bbc7e-2edd-300d-b211-880638c2b097
2023-05-10 16:55:19 [main] INFO - [ P6E AUTH JSON WEB TOKEN ] DEFAULT SECRET ==> whbjft0ie40x81ytkpfba29o4n348z1c
2023-05-10 16:55:19 [main] INFO - Loaded RoutePredicateFactory [After]
2023-05-10 16:55:19 [main] INFO - Loaded RoutePredicateFactory [Before]
2023-05-10 16:55:19 [main] INFO - Loaded RoutePredicateFactory [Between]
2023-05-10 16:55:19 [main] INFO - Loaded RoutePredicateFactory [Cookie]
2023-05-10 16:55:19 [main] INFO - Loaded RoutePredicateFactory [Header]
2023-05-10 16:55:19 [main] INFO - Loaded RoutePredicateFactory [Host]
2023-05-10 16:55:19 [main] INFO - Loaded RoutePredicateFactory [Method]
2023-05-10 16:55:19 [main] INFO - Loaded RoutePredicateFactory [Path]
2023-05-10 16:55:19 [main] INFO - Loaded RoutePredicateFactory [Query]
2023-05-10 16:55:19 [main] INFO - Loaded RoutePredicateFactory [ReadBody]
2023-05-10 16:55:19 [main] INFO - Loaded RoutePredicateFactory [RemoteAddr]
2023-05-10 16:55:19 [main] INFO - Loaded RoutePredicateFactory [XForwardedRemoteAddr]
2023-05-10 16:55:19 [main] INFO - Loaded RoutePredicateFactory [Weight]
2023-05-10 16:55:19 [main] INFO - Loaded RoutePredicateFactory [CloudFoundryRouteService]
2023-05-10 16:55:19 [main] INFO - Netty started on port 8080
2023-05-10 16:55:20 [main] INFO - Started P6eGatewayAuthApplication in 1.972 seconds (process running for 2.248)
2023-05-10 16:56:46 [background-preinit] INFO - HV000001: Hibernate Validator 8.0.0.Final
2023-05-10 16:56:46 [main] INFO - Starting P6eGatewayAuthApplication using Java 17.0.7 with PID 12276 (D:\CodeContents\github\p6e-coat\p6e-coat\p6e-coat-gateway-auth\target\classes started by a1294 in D:\CodeContents\github\p6e-coat\p6e-coat)
2023-05-10 16:56:46 [main] INFO - No active profile set, falling back to 1 default profile: "default"
2023-05-10 16:56:46 [main] INFO - Multiple Spring Data modules found, entering strict repository configuration mode
2023-05-10 16:56:46 [main] INFO - Bootstrapping Spring Data R2DBC repositories in DEFAULT mode.
2023-05-10 16:56:46 [main] INFO - Finished Spring Data repository scanning in 12 ms. Found 0 R2DBC repository interfaces.
2023-05-10 16:56:46 [main] INFO - Multiple Spring Data modules found, entering strict repository configuration mode
2023-05-10 16:56:46 [main] INFO - Bootstrapping Spring Data Redis repositories in DEFAULT mode.
2023-05-10 16:56:46 [main] INFO - Finished Spring Data repository scanning in 2 ms. Found 0 Redis repository interfaces.
2023-05-10 16:56:46 [main] INFO - BeanFactory id=5a8bbc7e-2edd-300d-b211-880638c2b097
2023-05-10 16:56:47 [main] INFO - [ P6E AUTH JSON WEB TOKEN ] DEFAULT SECRET ==> mxv08tcrrr85a2yhg4j99cda8kyvuxvc
2023-05-10 16:56:47 [main] INFO - Loaded RoutePredicateFactory [After]
2023-05-10 16:56:47 [main] INFO - Loaded RoutePredicateFactory [Before]
2023-05-10 16:56:47 [main] INFO - Loaded RoutePredicateFactory [Between]
2023-05-10 16:56:47 [main] INFO - Loaded RoutePredicateFactory [Cookie]
2023-05-10 16:56:47 [main] INFO - Loaded RoutePredicateFactory [Header]
2023-05-10 16:56:47 [main] INFO - Loaded RoutePredicateFactory [Host]
2023-05-10 16:56:47 [main] INFO - Loaded RoutePredicateFactory [Method]
2023-05-10 16:56:47 [main] INFO - Loaded RoutePredicateFactory [Path]
2023-05-10 16:56:47 [main] INFO - Loaded RoutePredicateFactory [Query]
2023-05-10 16:56:47 [main] INFO - Loaded RoutePredicateFactory [ReadBody]
2023-05-10 16:56:47 [main] INFO - Loaded RoutePredicateFactory [RemoteAddr]
2023-05-10 16:56:47 [main] INFO - Loaded RoutePredicateFactory [XForwardedRemoteAddr]
2023-05-10 16:56:47 [main] INFO - Loaded RoutePredicateFactory [Weight]
2023-05-10 16:56:47 [main] INFO - Loaded RoutePredicateFactory [CloudFoundryRouteService]
2023-05-10 16:56:47 [main] INFO - Netty started on port 8080
2023-05-10 16:56:48 [main] INFO - Started P6eGatewayAuthApplication in 1.983 seconds (process running for 2.252)
2023-05-10 17:14:18 [background-preinit] INFO - HV000001: Hibernate Validator 8.0.0.Final
2023-05-10 17:14:18 [main] INFO - Starting P6eGatewayAuthApplication using Java 17.0.7 with PID 4228 (D:\CodeContents\github\p6e-coat\p6e-coat\p6e-coat-gateway-auth\target\classes started by a1294 in D:\CodeContents\github\p6e-coat\p6e-coat)
2023-05-10 17:14:18 [main] INFO - No active profile set, falling back to 1 default profile: "default"
2023-05-10 17:14:18 [main] INFO - Multiple Spring Data modules found, entering strict repository configuration mode
2023-05-10 17:14:18 [main] INFO - Bootstrapping Spring Data R2DBC repositories in DEFAULT mode.
2023-05-10 17:14:18 [main] INFO - Finished Spring Data repository scanning in 13 ms. Found 0 R2DBC repository interfaces.
2023-05-10 17:14:18 [main] INFO - Multiple Spring Data modules found, entering strict repository configuration mode
2023-05-10 17:14:18 [main] INFO - Bootstrapping Spring Data Redis repositories in DEFAULT mode.
2023-05-10 17:14:18 [main] INFO - Finished Spring Data repository scanning in 3 ms. Found 0 Redis repository interfaces.
2023-05-10 17:14:18 [main] INFO - BeanFactory id=bb390f32-ba71-32dd-abb8-2271c18bf319
2023-05-10 17:14:19 [main] INFO - [ P6E AUTH JSON WEB TOKEN ] DEFAULT SECRET ==> oir44240ssqfua6vva7hoqawe2xebajh
2023-05-10 17:14:19 [main] INFO - Loaded RoutePredicateFactory [After]
2023-05-10 17:14:19 [main] INFO - Loaded RoutePredicateFactory [Before]
2023-05-10 17:14:19 [main] INFO - Loaded RoutePredicateFactory [Between]
2023-05-10 17:14:19 [main] INFO - Loaded RoutePredicateFactory [Cookie]
2023-05-10 17:14:19 [main] INFO - Loaded RoutePredicateFactory [Header]
2023-05-10 17:14:19 [main] INFO - Loaded RoutePredicateFactory [Host]
2023-05-10 17:14:19 [main] INFO - Loaded RoutePredicateFactory [Method]
2023-05-10 17:14:19 [main] INFO - Loaded RoutePredicateFactory [Path]
2023-05-10 17:14:19 [main] INFO - Loaded RoutePredicateFactory [Query]
2023-05-10 17:14:19 [main] INFO - Loaded RoutePredicateFactory [ReadBody]
2023-05-10 17:14:19 [main] INFO - Loaded RoutePredicateFactory [RemoteAddr]
2023-05-10 17:14:19 [main] INFO - Loaded RoutePredicateFactory [XForwardedRemoteAddr]
2023-05-10 17:14:19 [main] INFO - Loaded RoutePredicateFactory [Weight]
2023-05-10 17:14:19 [main] INFO - Loaded RoutePredicateFactory [CloudFoundryRouteService]
2023-05-10 17:14:19 [main] INFO - Netty started on port 8080
2023-05-10 17:14:19 [main] INFO - Started P6eGatewayAuthApplication in 1.996 seconds (process running for 2.284)
2023-05-10 17:15:01 [background-preinit] INFO - HV000001: Hibernate Validator 8.0.0.Final
2023-05-10 17:15:01 [main] INFO - Starting P6eGatewayAuthApplication using Java 17.0.7 with PID 7668 (D:\CodeContents\github\p6e-coat\p6e-coat\p6e-coat-gateway-auth\target\classes started by a1294 in D:\CodeContents\github\p6e-coat\p6e-coat)
2023-05-10 17:15:01 [main] INFO - No active profile set, falling back to 1 default profile: "default"
2023-05-10 17:15:02 [main] INFO - Multiple Spring Data modules found, entering strict repository configuration mode
2023-05-10 17:15:02 [main] INFO - Bootstrapping Spring Data R2DBC repositories in DEFAULT mode.
2023-05-10 17:15:02 [main] INFO - Finished Spring Data repository scanning in 12 ms. Found 0 R2DBC repository interfaces.
2023-05-10 17:15:02 [main] INFO - Multiple Spring Data modules found, entering strict repository configuration mode
2023-05-10 17:15:02 [main] INFO - Bootstrapping Spring Data Redis repositories in DEFAULT mode.
2023-05-10 17:15:02 [main] INFO - Finished Spring Data repository scanning in 2 ms. Found 0 Redis repository interfaces.
2023-05-10 17:15:02 [main] INFO - BeanFactory id=13530279-ddff-39fc-bafe-e9545833fabe
2023-05-10 17:15:02 [main] INFO - [ P6E AUTH JSON WEB TOKEN ] DEFAULT SECRET ==> 6zk2607he1n38cyfqrpxamdtph9x6rzs
2023-05-10 17:15:02 [main] INFO - Loaded RoutePredicateFactory [After]
2023-05-10 17:15:02 [main] INFO - Loaded RoutePredicateFactory [Before]
2023-05-10 17:15:02 [main] INFO - Loaded RoutePredicateFactory [Between]
2023-05-10 17:15:02 [main] INFO - Loaded RoutePredicateFactory [Cookie]
2023-05-10 17:15:02 [main] INFO - Loaded RoutePredicateFactory [Header]
2023-05-10 17:15:02 [main] INFO - Loaded RoutePredicateFactory [Host]
2023-05-10 17:15:02 [main] INFO - Loaded RoutePredicateFactory [Method]
2023-05-10 17:15:02 [main] INFO - Loaded RoutePredicateFactory [Path]
2023-05-10 17:15:02 [main] INFO - Loaded RoutePredicateFactory [Query]
2023-05-10 17:15:02 [main] INFO - Loaded RoutePredicateFactory [ReadBody]
2023-05-10 17:15:02 [main] INFO - Loaded RoutePredicateFactory [RemoteAddr]
2023-05-10 17:15:02 [main] INFO - Loaded RoutePredicateFactory [XForwardedRemoteAddr]
2023-05-10 17:15:02 [main] INFO - Loaded RoutePredicateFactory [Weight]
2023-05-10 17:15:02 [main] INFO - Loaded RoutePredicateFactory [CloudFoundryRouteService]
2023-05-10 17:15:03 [main] INFO - Netty started on port 8080
2023-05-10 17:15:03 [main] INFO - Started P6eGatewayAuthApplication in 1.961 seconds (process running for 2.242)
2023-05-10 17:19:16 [background-preinit] INFO - HV000001: Hibernate Validator 8.0.0.Final
2023-05-10 17:19:16 [main] INFO - Starting P6eGatewayAuthApplication using Java 17.0.7 with PID 5636 (D:\CodeContents\github\p6e-coat\p6e-coat\p6e-coat-gateway-auth\target\classes started by a1294 in D:\CodeContents\github\p6e-coat\p6e-coat)
2023-05-10 17:19:16 [main] INFO - No active profile set, falling back to 1 default profile: "default"
2023-05-10 17:19:17 [main] INFO - Multiple Spring Data modules found, entering strict repository configuration mode
2023-05-10 17:19:17 [main] INFO - Bootstrapping Spring Data R2DBC repositories in DEFAULT mode.
2023-05-10 17:19:17 [main] INFO - Finished Spring Data repository scanning in 11 ms. Found 0 R2DBC repository interfaces.
2023-05-10 17:19:17 [main] INFO - Multiple Spring Data modules found, entering strict repository configuration mode
2023-05-10 17:19:17 [main] INFO - Bootstrapping Spring Data Redis repositories in DEFAULT mode.
2023-05-10 17:19:17 [main] INFO - Finished Spring Data repository scanning in 2 ms. Found 0 Redis repository interfaces.
2023-05-10 17:19:17 [main] INFO - BeanFactory id=13530279-ddff-39fc-bafe-e9545833fabe
2023-05-10 17:19:17 [main] INFO - [ P6E AUTH JSON WEB TOKEN ] DEFAULT SECRET ==> z1sv0qeq1rf2lzeqs9hyx7foq83xox4d
2023-05-10 17:19:18 [main] INFO - Loaded RoutePredicateFactory [After]
2023-05-10 17:19:18 [main] INFO - Loaded RoutePredicateFactory [Before]
2023-05-10 17:19:18 [main] INFO - Loaded RoutePredicateFactory [Between]
2023-05-10 17:19:18 [main] INFO - Loaded RoutePredicateFactory [Cookie]
2023-05-10 17:19:18 [main] INFO - Loaded RoutePredicateFactory [Header]
2023-05-10 17:19:18 [main] INFO - Loaded RoutePredicateFactory [Host]
2023-05-10 17:19:18 [main] INFO - Loaded RoutePredicateFactory [Method]
2023-05-10 17:19:18 [main] INFO - Loaded RoutePredicateFactory [Path]
2023-05-10 17:19:18 [main] INFO - Loaded RoutePredicateFactory [Query]
2023-05-10 17:19:18 [main] INFO - Loaded RoutePredicateFactory [ReadBody]
2023-05-10 17:19:18 [main] INFO - Loaded RoutePredicateFactory [RemoteAddr]
2023-05-10 17:19:18 [main] INFO - Loaded RoutePredicateFactory [XForwardedRemoteAddr]
2023-05-10 17:19:18 [main] INFO - Loaded RoutePredicateFactory [Weight]
2023-05-10 17:19:18 [main] INFO - Loaded RoutePredicateFactory [CloudFoundryRouteService]
2023-05-10 17:19:18 [main] INFO - Netty started on port 8080
2023-05-10 17:19:18 [main] INFO - Started P6eGatewayAuthApplication in 1.991 seconds (process running for 2.264)
2023-05-10 17:34:54 [background-preinit] INFO - HV000001: Hibernate Validator 8.0.0.Final
2023-05-10 17:34:54 [main] INFO - Starting P6eGatewayAuthApplication using Java 17.0.7 with PID 8972 (D:\CodeContents\github\p6e-coat\p6e-coat\p6e-coat-gateway-auth\target\classes started by a1294 in D:\CodeContents\github\p6e-coat\p6e-coat)
2023-05-10 17:34:54 [main] INFO - No active profile set, falling back to 1 default profile: "default"
2023-05-10 17:34:54 [main] INFO - Multiple Spring Data modules found, entering strict repository configuration mode
2023-05-10 17:34:54 [main] INFO - Bootstrapping Spring Data R2DBC repositories in DEFAULT mode.
2023-05-10 17:34:54 [main] INFO - Finished Spring Data repository scanning in 12 ms. Found 0 R2DBC repository interfaces.
2023-05-10 17:34:54 [main] INFO - Multiple Spring Data modules found, entering strict repository configuration mode
2023-05-10 17:34:54 [main] INFO - Bootstrapping Spring Data Redis repositories in DEFAULT mode.
2023-05-10 17:34:54 [main] INFO - Finished Spring Data repository scanning in 3 ms. Found 0 Redis repository interfaces.
2023-05-10 17:34:55 [main] INFO - BeanFactory id=13530279-ddff-39fc-bafe-e9545833fabe
2023-05-10 17:34:55 [main] INFO - [ P6E AUTH JSON WEB TOKEN ] DEFAULT SECRET ==> 2e1h3u8m9fz7ja0t86vqrwzbzbq34jlf
2023-05-10 17:34:55 [main] INFO - Loaded RoutePredicateFactory [After]
2023-05-10 17:34:55 [main] INFO - Loaded RoutePredicateFactory [Before]
2023-05-10 17:34:55 [main] INFO - Loaded RoutePredicateFactory [Between]
2023-05-10 17:34:55 [main] INFO - Loaded RoutePredicateFactory [Cookie]
2023-05-10 17:34:55 [main] INFO - Loaded RoutePredicateFactory [Header]
2023-05-10 17:34:55 [main] INFO - Loaded RoutePredicateFactory [Host]
2023-05-10 17:34:55 [main] INFO - Loaded RoutePredicateFactory [Method]
2023-05-10 17:34:55 [main] INFO - Loaded RoutePredicateFactory [Path]
2023-05-10 17:34:55 [main] INFO - Loaded RoutePredicateFactory [Query]
2023-05-10 17:34:55 [main] INFO - Loaded RoutePredicateFactory [ReadBody]
2023-05-10 17:34:55 [main] INFO - Loaded RoutePredicateFactory [RemoteAddr]
2023-05-10 17:34:55 [main] INFO - Loaded RoutePredicateFactory [XForwardedRemoteAddr]
2023-05-10 17:34:55 [main] INFO - Loaded RoutePredicateFactory [Weight]
2023-05-10 17:34:55 [main] INFO - Loaded RoutePredicateFactory [CloudFoundryRouteService]
2023-05-10 17:34:56 [main] INFO - Netty started on port 8080
2023-05-10 17:34:56 [main] INFO - Started P6eGatewayAuthApplication in 2.023 seconds (process running for 2.297)
2023-05-10 17:50:50 [background-preinit] INFO - HV000001: Hibernate Validator 8.0.0.Final
2023-05-10 17:50:50 [main] INFO - Starting P6eGatewayAuthApplication using Java 17.0.7 with PID 20512 (D:\CodeContents\github\p6e-coat\p6e-coat\p6e-coat-gateway-auth\target\classes started by a1294 in D:\CodeContents\github\p6e-coat\p6e-coat)
2023-05-10 17:50:50 [main] INFO - No active profile set, falling back to 1 default profile: "default"
2023-05-10 17:50:50 [main] INFO - Multiple Spring Data modules found, entering strict repository configuration mode
2023-05-10 17:50:50 [main] INFO - Bootstrapping Spring Data R2DBC repositories in DEFAULT mode.
2023-05-10 17:50:50 [main] INFO - Finished Spring Data repository scanning in 12 ms. Found 0 R2DBC repository interfaces.
2023-05-10 17:50:50 [main] INFO - Multiple Spring Data modules found, entering strict repository configuration mode
2023-05-10 17:50:50 [main] INFO - Bootstrapping Spring Data Redis repositories in DEFAULT mode.
2023-05-10 17:50:50 [main] INFO - Finished Spring Data repository scanning in 3 ms. Found 0 Redis repository interfaces.
2023-05-10 17:50:50 [main] INFO - BeanFactory id=13530279-ddff-39fc-bafe-e9545833fabe
2023-05-10 17:50:50 [main] INFO - [ P6E AUTH JSON WEB TOKEN ] DEFAULT SECRET ==> 815clo1pmywrddxu8t7rif07ugh8gxhc
2023-05-10 17:50:51 [main] INFO - Loaded RoutePredicateFactory [After]
2023-05-10 17:50:51 [main] INFO - Loaded RoutePredicateFactory [Before]
2023-05-10 17:50:51 [main] INFO - Loaded RoutePredicateFactory [Between]
2023-05-10 17:50:51 [main] INFO - Loaded RoutePredicateFactory [Cookie]
2023-05-10 17:50:51 [main] INFO - Loaded RoutePredicateFactory [Header]
2023-05-10 17:50:51 [main] INFO - Loaded RoutePredicateFactory [Host]
2023-05-10 17:50:51 [main] INFO - Loaded RoutePredicateFactory [Method]
2023-05-10 17:50:51 [main] INFO - Loaded RoutePredicateFactory [Path]
2023-05-10 17:50:51 [main] INFO - Loaded RoutePredicateFactory [Query]
2023-05-10 17:50:51 [main] INFO - Loaded RoutePredicateFactory [ReadBody]
2023-05-10 17:50:51 [main] INFO - Loaded RoutePredicateFactory [RemoteAddr]
2023-05-10 17:50:51 [main] INFO - Loaded RoutePredicateFactory [XForwardedRemoteAddr]
2023-05-10 17:50:51 [main] INFO - Loaded RoutePredicateFactory [Weight]
2023-05-10 17:50:51 [main] INFO - Loaded RoutePredicateFactory [CloudFoundryRouteService]
2023-05-10 17:50:51 [main] INFO - Netty started on port 8080
2023-05-10 17:50:51 [main] INFO - Started P6eGatewayAuthApplication in 1.928 seconds (process running for 2.209)
2023-05-10 17:57:59 [background-preinit] INFO - HV000001: Hibernate Validator 8.0.0.Final
2023-05-10 17:57:59 [main] INFO - Starting P6eGatewayAuthApplication using Java 17.0.7 with PID 10440 (D:\CodeContents\github\p6e-coat\p6e-coat\p6e-coat-gateway-auth\target\classes started by a1294 in D:\CodeContents\github\p6e-coat\p6e-coat)
2023-05-10 17:57:59 [main] INFO - No active profile set, falling back to 1 default profile: "default"
2023-05-10 17:58:00 [main] INFO - Multiple Spring Data modules found, entering strict repository configuration mode
2023-05-10 17:58:00 [main] INFO - Bootstrapping Spring Data R2DBC repositories in DEFAULT mode.
2023-05-10 17:58:00 [main] INFO - Finished Spring Data repository scanning in 13 ms. Found 0 R2DBC repository interfaces.
2023-05-10 17:58:00 [main] INFO - Multiple Spring Data modules found, entering strict repository configuration mode
2023-05-10 17:58:00 [main] INFO - Bootstrapping Spring Data Redis repositories in DEFAULT mode.
2023-05-10 17:58:00 [main] INFO - Finished Spring Data repository scanning in 3 ms. Found 0 Redis repository interfaces.
2023-05-10 17:58:00 [main] INFO - BeanFactory id=13530279-ddff-39fc-bafe-e9545833fabe
2023-05-10 17:58:00 [main] INFO - [ P6E AUTH JSON WEB TOKEN ] DEFAULT SECRET ==> wem8a708gi78fwuhob1tl1lzltpvgphg
2023-05-10 17:58:00 [main] INFO - Loaded RoutePredicateFactory [After]
2023-05-10 17:58:00 [main] INFO - Loaded RoutePredicateFactory [Before]
2023-05-10 17:58:00 [main] INFO - Loaded RoutePredicateFactory [Between]
2023-05-10 17:58:00 [main] INFO - Loaded RoutePredicateFactory [Cookie]
2023-05-10 17:58:00 [main] INFO - Loaded RoutePredicateFactory [Header]
2023-05-10 17:58:00 [main] INFO - Loaded RoutePredicateFactory [Host]
2023-05-10 17:58:00 [main] INFO - Loaded RoutePredicateFactory [Method]
2023-05-10 17:58:00 [main] INFO - Loaded RoutePredicateFactory [Path]
2023-05-10 17:58:00 [main] INFO - Loaded RoutePredicateFactory [Query]
2023-05-10 17:58:00 [main] INFO - Loaded RoutePredicateFactory [ReadBody]
2023-05-10 17:58:00 [main] INFO - Loaded RoutePredicateFactory [RemoteAddr]
2023-05-10 17:58:00 [main] INFO - Loaded RoutePredicateFactory [XForwardedRemoteAddr]
2023-05-10 17:58:00 [main] INFO - Loaded RoutePredicateFactory [Weight]
2023-05-10 17:58:00 [main] INFO - Loaded RoutePredicateFactory [CloudFoundryRouteService]
2023-05-10 17:58:01 [main] INFO - Netty started on port 8080
2023-05-10 17:58:01 [main] INFO - Started P6eGatewayAuthApplication in 2.005 seconds (process running for 2.283)
