2023-07-31 15:08:28 [main] INFO - Starting P6eAuthApplication using Java 17.0.7 with PID 14964 (D:\CodeContents\github\p6e-coat\p6e-coat\p6e-auth\target\classes started by a1294 in D:\CodeContents\github\p6e-coat\p6e-coat)
2023-07-31 15:08:28 [main] INFO - No active profile set, falling back to 1 default profile: "default"
2023-07-31 15:08:29 [main] INFO - Multiple Spring Data modules found, entering strict repository configuration mode
2023-07-31 15:08:29 [main] INFO - Bootstrapping Spring Data R2DBC repositories in DEFAULT mode.
2023-07-31 15:08:29 [main] INFO - Finished Spring Data repository scanning in 15 ms. Found 0 R2DBC repository interfaces.
2023-07-31 15:08:29 [main] INFO - Multiple Spring Data modules found, entering strict repository configuration mode
2023-07-31 15:08:29 [main] INFO - Bootstrapping Spring Data Redis repositories in DEFAULT mode.
2023-07-31 15:08:29 [main] INFO - Finished Spring Data repository scanning in 4 ms. Found 0 Redis repository interfaces.
2023-07-31 15:08:29 [main] INFO - 

Error starting ApplicationContext. To display the condition evaluation report re-run your application with 'debug' enabled.
2023-07-31 15:09:45 [main] INFO - Starting P6eAuthApplication using Java 17.0.7 with PID 8940 (D:\CodeContents\github\p6e-coat\p6e-coat\p6e-auth\target\classes started by a1294 in D:\CodeContents\github\p6e-coat\p6e-coat)
2023-07-31 15:09:45 [main] INFO - No active profile set, falling back to 1 default profile: "default"
2023-07-31 15:09:46 [main] INFO - Multiple Spring Data modules found, entering strict repository configuration mode
2023-07-31 15:09:46 [main] INFO - Bootstrapping Spring Data R2DBC repositories in DEFAULT mode.
2023-07-31 15:09:46 [main] INFO - Finished Spring Data repository scanning in 16 ms. Found 0 R2DBC repository interfaces.
2023-07-31 15:09:46 [main] INFO - Multiple Spring Data modules found, entering strict repository configuration mode
2023-07-31 15:09:46 [main] INFO - Bootstrapping Spring Data Redis repositories in DEFAULT mode.
2023-07-31 15:09:46 [main] INFO - Finished Spring Data repository scanning in 4 ms. Found 0 Redis repository interfaces.
2023-07-31 15:09:46 [main] INFO - 

Error starting ApplicationContext. To display the condition evaluation report re-run your application with 'debug' enabled.
2023-07-31 15:11:15 [main] INFO - Starting P6eAuthApplication using Java 17.0.7 with PID 3848 (D:\CodeContents\github\p6e-coat\p6e-coat\p6e-auth\target\classes started by a1294 in D:\CodeContents\github\p6e-coat\p6e-coat)
2023-07-31 15:11:15 [main] INFO - No active profile set, falling back to 1 default profile: "default"
2023-07-31 15:11:15 [main] INFO - Multiple Spring Data modules found, entering strict repository configuration mode
2023-07-31 15:11:15 [main] INFO - Bootstrapping Spring Data R2DBC repositories in DEFAULT mode.
2023-07-31 15:11:15 [main] INFO - Finished Spring Data repository scanning in 15 ms. Found 0 R2DBC repository interfaces.
2023-07-31 15:11:15 [main] INFO - Multiple Spring Data modules found, entering strict repository configuration mode
2023-07-31 15:11:15 [main] INFO - Bootstrapping Spring Data Redis repositories in DEFAULT mode.
2023-07-31 15:11:15 [main] INFO - Finished Spring Data repository scanning in 4 ms. Found 0 Redis repository interfaces.
2023-07-31 15:11:16 [main] INFO - 

Error starting ApplicationContext. To display the condition evaluation report re-run your application with 'debug' enabled.
2023-07-31 15:12:00 [main] INFO - Starting P6eAuthApplication using Java 17.0.7 with PID 12492 (D:\CodeContents\github\p6e-coat\p6e-coat\p6e-auth\target\classes started by a1294 in D:\CodeContents\github\p6e-coat\p6e-coat)
2023-07-31 15:12:00 [main] INFO - No active profile set, falling back to 1 default profile: "default"
2023-07-31 15:12:00 [main] INFO - Multiple Spring Data modules found, entering strict repository configuration mode
2023-07-31 15:12:00 [main] INFO - Bootstrapping Spring Data R2DBC repositories in DEFAULT mode.
2023-07-31 15:12:00 [main] INFO - Finished Spring Data repository scanning in 16 ms. Found 0 R2DBC repository interfaces.
2023-07-31 15:12:00 [main] INFO - Multiple Spring Data modules found, entering strict repository configuration mode
2023-07-31 15:12:00 [main] INFO - Bootstrapping Spring Data Redis repositories in DEFAULT mode.
2023-07-31 15:12:00 [main] INFO - Finished Spring Data repository scanning in 4 ms. Found 0 Redis repository interfaces.
2023-07-31 15:12:01 [main] INFO - 

Error starting ApplicationContext. To display the condition evaluation report re-run your application with 'debug' enabled.
2023-07-31 15:23:10 [main] INFO - Starting P6eAuthApplication using Java 17.0.7 with PID 17672 (D:\CodeContents\github\p6e-coat\p6e-coat\p6e-auth\target\classes started by a1294 in D:\CodeContents\github\p6e-coat\p6e-coat)
2023-07-31 15:23:10 [main] INFO - No active profile set, falling back to 1 default profile: "default"
2023-07-31 15:23:10 [main] INFO - Multiple Spring Data modules found, entering strict repository configuration mode
2023-07-31 15:23:10 [main] INFO - Bootstrapping Spring Data R2DBC repositories in DEFAULT mode.
2023-07-31 15:23:10 [main] INFO - Finished Spring Data repository scanning in 18 ms. Found 0 R2DBC repository interfaces.
2023-07-31 15:23:10 [main] INFO - Multiple Spring Data modules found, entering strict repository configuration mode
2023-07-31 15:23:10 [main] INFO - Bootstrapping Spring Data Redis repositories in DEFAULT mode.
2023-07-31 15:23:10 [main] INFO - Finished Spring Data repository scanning in 4 ms. Found 0 Redis repository interfaces.
2023-07-31 15:23:11 [main] INFO - Netty started on port 8080
2023-07-31 15:23:11 [main] INFO - Started P6eAuthApplication in 1.35 seconds (process running for 1.627)
2023-07-31 15:32:34 [reactor-http-nio-6] INFO - 

---------------------------------------------------------------------
|------------------------   E  M  A  I  L   ------------------------|
---------------------------------------------------------------------
|   account   =>   123@qq.com   |
|   template   =>   REGISTER_TEMPLATE   |
|   content   =>   {code=884658}   |
--------------------------------------------------------------------


2023-07-31 15:40:07 [reactor-http-nio-7] INFO - 

---------------------------------------------------------------------
|------------------------   E  M  A  I  L   ------------------------|
---------------------------------------------------------------------
|   account   =>   123@qq.com   |
|   template   =>   REGISTER_TEMPLATE   |
|   content   =>   {code=225634}   |
--------------------------------------------------------------------


2023-07-31 15:44:29 [reactor-http-nio-7] INFO - 

---------------------------------------------------------------------
|------------------------   E  M  A  I  L   ------------------------|
---------------------------------------------------------------------
|   account   =>   123@qq.com   |
|   template   =>   REGISTER_TEMPLATE   |
|   content   =>   {code=861165}   |
--------------------------------------------------------------------


2023-07-31 15:44:58 [reactor-http-nio-7] INFO - 

---------------------------------------------------------------------
|------------------------   E  M  A  I  L   ------------------------|
---------------------------------------------------------------------
|   account   =>   123@qq.com   |
|   template   =>   REGISTER_TEMPLATE   |
|   content   =>   {code=942070}   |
--------------------------------------------------------------------


2023-07-31 15:48:17 [reactor-http-nio-7] INFO - 

---------------------------------------------------------------------
|------------------------   E  M  A  I  L   ------------------------|
---------------------------------------------------------------------
|   account   =>   123@qq.com   |
|   template   =>   REGISTER_TEMPLATE   |
|   content   =>   {code=892600}   |
--------------------------------------------------------------------


2023-07-31 15:49:44 [reactor-http-nio-7] INFO - 

---------------------------------------------------------------------
|------------------------   E  M  A  I  L   ------------------------|
---------------------------------------------------------------------
|   account   =>   123@qq.com   |
|   template   =>   REGISTER_TEMPLATE   |
|   content   =>   {code=022584}   |
--------------------------------------------------------------------


2023-07-31 15:51:10 [reactor-http-nio-7] INFO - 

---------------------------------------------------------------------
|------------------------   E  M  A  I  L   ------------------------|
---------------------------------------------------------------------
|   account   =>   123@qq.com   |
|   template   =>   REGISTER_TEMPLATE   |
|   content   =>   {code=539267}   |
--------------------------------------------------------------------


2023-07-31 15:54:04 [reactor-http-nio-7] INFO - 

---------------------------------------------------------------------
|------------------------   E  M  A  I  L   ------------------------|
---------------------------------------------------------------------
|   account   =>   123@qq.com   |
|   template   =>   REGISTER_TEMPLATE   |
|   content   =>   {code=172001}   |
--------------------------------------------------------------------


2023-07-31 15:57:34 [reactor-http-nio-7] INFO - 

---------------------------------------------------------------------
|------------------------   E  M  A  I  L   ------------------------|
---------------------------------------------------------------------
|   account   =>   123@qq.com   |
|   template   =>   REGISTER_TEMPLATE   |
|   content   =>   {code=131470}   |
--------------------------------------------------------------------


2023-07-31 15:59:14 [reactor-http-nio-7] INFO - 

---------------------------------------------------------------------
|------------------------   E  M  A  I  L   ------------------------|
---------------------------------------------------------------------
|   account   =>   123@qq.com   |
|   template   =>   REGISTER_TEMPLATE   |
|   content   =>   {code=906748}   |
--------------------------------------------------------------------


2023-07-31 16:12:45 [reactor-http-nio-13] INFO - 

---------------------------------------------------------------------
|------------------------   E  M  A  I  L   ------------------------|
---------------------------------------------------------------------
|   account   =>   123@qq.com   |
|   template   =>   REGISTER_TEMPLATE   |
|   content   =>   {code=504099}   |
--------------------------------------------------------------------


2023-07-31 16:18:53 [main] INFO - Starting P6eAuthApplication using Java 17.0.7 with PID 8580 (D:\CodeContents\github\p6e-coat\p6e-coat\p6e-auth\target\classes started by a1294 in D:\CodeContents\github\p6e-coat\p6e-coat)
2023-07-31 16:18:53 [main] INFO - No active profile set, falling back to 1 default profile: "default"
2023-07-31 16:18:53 [main] INFO - Multiple Spring Data modules found, entering strict repository configuration mode
2023-07-31 16:18:53 [main] INFO - Bootstrapping Spring Data R2DBC repositories in DEFAULT mode.
2023-07-31 16:18:53 [main] INFO - Finished Spring Data repository scanning in 16 ms. Found 0 R2DBC repository interfaces.
2023-07-31 16:18:53 [main] INFO - Multiple Spring Data modules found, entering strict repository configuration mode
2023-07-31 16:18:53 [main] INFO - Bootstrapping Spring Data Redis repositories in DEFAULT mode.
2023-07-31 16:18:53 [main] INFO - Finished Spring Data repository scanning in 4 ms. Found 0 Redis repository interfaces.
2023-07-31 16:18:54 [main] INFO - Netty started on port 8080
2023-07-31 16:18:54 [main] INFO - Started P6eAuthApplication in 1.366 seconds (process running for 1.635)
2023-07-31 16:19:18 [reactor-http-nio-4] INFO - 

---------------------------------------------------------------------
|------------------------   E  M  A  I  L   ------------------------|
---------------------------------------------------------------------
|   account   =>   1234@qq.com   |
|   template   =>   REGISTER_TEMPLATE   |
|   content   =>   {code=379110}   |
--------------------------------------------------------------------


2023-07-31 17:13:42 [main] INFO - Starting P6eAuthApplication using Java 17.0.7 with PID 17580 (D:\CodeContents\github\p6e-coat\p6e-coat\p6e-auth\target\classes started by a1294 in D:\CodeContents\github\p6e-coat\p6e-coat)
2023-07-31 17:13:42 [main] INFO - No active profile set, falling back to 1 default profile: "default"
2023-07-31 17:13:42 [main] INFO - Multiple Spring Data modules found, entering strict repository configuration mode
2023-07-31 17:13:42 [main] INFO - Bootstrapping Spring Data R2DBC repositories in DEFAULT mode.
2023-07-31 17:13:42 [main] INFO - Finished Spring Data repository scanning in 16 ms. Found 0 R2DBC repository interfaces.
2023-07-31 17:13:42 [main] INFO - Multiple Spring Data modules found, entering strict repository configuration mode
2023-07-31 17:13:42 [main] INFO - Bootstrapping Spring Data Redis repositories in DEFAULT mode.
2023-07-31 17:13:42 [main] INFO - Finished Spring Data repository scanning in 4 ms. Found 0 Redis repository interfaces.
2023-07-31 17:13:43 [main] INFO - Netty started on port 8080
2023-07-31 17:13:43 [main] INFO - Started P6eAuthApplication in 1.348 seconds (process running for 1.619)
2023-07-31 17:17:28 [main] INFO - Starting P6eAuthApplication using Java 17.0.7 with PID 12800 (D:\CodeContents\github\p6e-coat\p6e-coat\p6e-auth\target\classes started by a1294 in D:\CodeContents\github\p6e-coat\p6e-coat)
2023-07-31 17:17:28 [main] INFO - No active profile set, falling back to 1 default profile: "default"
2023-07-31 17:17:29 [main] INFO - Multiple Spring Data modules found, entering strict repository configuration mode
2023-07-31 17:17:29 [main] INFO - Bootstrapping Spring Data R2DBC repositories in DEFAULT mode.
2023-07-31 17:17:29 [main] INFO - Finished Spring Data repository scanning in 16 ms. Found 0 R2DBC repository interfaces.
2023-07-31 17:17:29 [main] INFO - Multiple Spring Data modules found, entering strict repository configuration mode
2023-07-31 17:17:29 [main] INFO - Bootstrapping Spring Data Redis repositories in DEFAULT mode.
2023-07-31 17:17:29 [main] INFO - Finished Spring Data repository scanning in 4 ms. Found 0 Redis repository interfaces.
2023-07-31 17:17:29 [main] INFO - Netty started on port 8080
2023-07-31 17:17:29 [main] INFO - Started P6eAuthApplication in 1.396 seconds (process running for 1.662)
2023-07-31 17:18:34 [main] INFO - Starting P6eAuthApplication using Java 17.0.7 with PID 6872 (D:\CodeContents\github\p6e-coat\p6e-coat\p6e-auth\target\classes started by a1294 in D:\CodeContents\github\p6e-coat\p6e-coat)
2023-07-31 17:18:34 [main] INFO - No active profile set, falling back to 1 default profile: "default"
2023-07-31 17:18:34 [main] INFO - Multiple Spring Data modules found, entering strict repository configuration mode
2023-07-31 17:18:34 [main] INFO - Bootstrapping Spring Data R2DBC repositories in DEFAULT mode.
2023-07-31 17:18:34 [main] INFO - Finished Spring Data repository scanning in 16 ms. Found 0 R2DBC repository interfaces.
2023-07-31 17:18:34 [main] INFO - Multiple Spring Data modules found, entering strict repository configuration mode
2023-07-31 17:18:34 [main] INFO - Bootstrapping Spring Data Redis repositories in DEFAULT mode.
2023-07-31 17:18:34 [main] INFO - Finished Spring Data repository scanning in 4 ms. Found 0 Redis repository interfaces.
2023-07-31 17:18:35 [main] INFO - Netty started on port 8080
2023-07-31 17:18:35 [main] INFO - Started P6eAuthApplication in 1.394 seconds (process running for 1.683)
2023-07-31 17:18:56 [reactor-http-nio-2] INFO - 

---------------------------------------------------------------------
|------------------------   E  M  A  I  L   ------------------------|
---------------------------------------------------------------------
|   account   =>   123@qq.com   |
|   template   =>   REGISTER_TEMPLATE   |
|   content   =>   {code=361890}   |
--------------------------------------------------------------------


2023-07-31 17:26:43 [reactor-http-nio-5] INFO - 

---------------------------------------------------------------------
|------------------------   E  M  A  I  L   ------------------------|
---------------------------------------------------------------------
|   account   =>   123@qq.com   |
|   template   =>   REGISTER_TEMPLATE   |
|   content   =>   {code=831673}   |
--------------------------------------------------------------------


2023-07-31 18:13:32 [main] INFO - Starting P6eAuthApplication using Java 17.0.7 with PID 18968 (D:\CodeContents\github\p6e-coat\p6e-coat\p6e-auth\target\classes started by a1294 in D:\CodeContents\github\p6e-coat\p6e-coat)
2023-07-31 18:13:32 [main] INFO - No active profile set, falling back to 1 default profile: "default"
2023-07-31 18:13:32 [main] INFO - Multiple Spring Data modules found, entering strict repository configuration mode
2023-07-31 18:13:32 [main] INFO - Bootstrapping Spring Data R2DBC repositories in DEFAULT mode.
2023-07-31 18:13:32 [main] INFO - Finished Spring Data repository scanning in 17 ms. Found 0 R2DBC repository interfaces.
2023-07-31 18:13:32 [main] INFO - Multiple Spring Data modules found, entering strict repository configuration mode
2023-07-31 18:13:32 [main] INFO - Bootstrapping Spring Data Redis repositories in DEFAULT mode.
2023-07-31 18:13:32 [main] INFO - Finished Spring Data repository scanning in 4 ms. Found 0 Redis repository interfaces.
2023-07-31 18:13:33 [main] INFO - Netty started on port 8080
2023-07-31 18:13:33 [main] INFO - Started P6eAuthApplication in 1.358 seconds (process running for 1.625)
2023-07-31 18:13:51 [reactor-http-nio-4] INFO - 

---------------------------------------------------------------------
|------------------------   E  M  A  I  L   ------------------------|
---------------------------------------------------------------------
|   account   =>   123@qq.com   |
|   template   =>   REGISTER_TEMPLATE   |
|   content   =>   {code=267204}   |
--------------------------------------------------------------------


2023-07-31 18:15:10 [main] INFO - Starting P6eAuthApplication using Java 17.0.7 with PID 8960 (D:\CodeContents\github\p6e-coat\p6e-coat\p6e-auth\target\classes started by a1294 in D:\CodeContents\github\p6e-coat\p6e-coat)
2023-07-31 18:15:10 [main] INFO - No active profile set, falling back to 1 default profile: "default"
2023-07-31 18:15:11 [main] INFO - Multiple Spring Data modules found, entering strict repository configuration mode
2023-07-31 18:15:11 [main] INFO - Bootstrapping Spring Data R2DBC repositories in DEFAULT mode.
2023-07-31 18:15:11 [main] INFO - Finished Spring Data repository scanning in 17 ms. Found 0 R2DBC repository interfaces.
2023-07-31 18:15:11 [main] INFO - Multiple Spring Data modules found, entering strict repository configuration mode
2023-07-31 18:15:11 [main] INFO - Bootstrapping Spring Data Redis repositories in DEFAULT mode.
2023-07-31 18:15:11 [main] INFO - Finished Spring Data repository scanning in 4 ms. Found 0 Redis repository interfaces.
2023-07-31 18:15:12 [main] INFO - Netty started on port 8080
2023-07-31 18:15:12 [main] INFO - Started P6eAuthApplication in 1.363 seconds (process running for 1.633)
2023-07-31 18:15:57 [reactor-http-nio-2] INFO - 

---------------------------------------------------------------------
|------------------------   E  M  A  I  L   ------------------------|
---------------------------------------------------------------------
|   account   =>   123@qq.com   |
|   template   =>   REGISTER_TEMPLATE   |
|   content   =>   {code=723886}   |
--------------------------------------------------------------------


2023-07-31 18:20:57 [main] INFO - Starting P6eAuthApplication using Java 17.0.7 with PID 19104 (D:\CodeContents\github\p6e-coat\p6e-coat\p6e-auth\target\classes started by a1294 in D:\CodeContents\github\p6e-coat\p6e-coat)
2023-07-31 18:20:57 [main] INFO - No active profile set, falling back to 1 default profile: "default"
2023-07-31 18:20:58 [main] INFO - Multiple Spring Data modules found, entering strict repository configuration mode
2023-07-31 18:20:58 [main] INFO - Bootstrapping Spring Data R2DBC repositories in DEFAULT mode.
2023-07-31 18:20:58 [main] INFO - Finished Spring Data repository scanning in 18 ms. Found 0 R2DBC repository interfaces.
2023-07-31 18:20:58 [main] INFO - Multiple Spring Data modules found, entering strict repository configuration mode
2023-07-31 18:20:58 [main] INFO - Bootstrapping Spring Data Redis repositories in DEFAULT mode.
2023-07-31 18:20:58 [main] INFO - Finished Spring Data repository scanning in 4 ms. Found 0 Redis repository interfaces.
2023-07-31 18:20:59 [main] INFO - Netty started on port 8080
2023-07-31 18:20:59 [main] INFO - Started P6eAuthApplication in 1.395 seconds (process running for 1.672)
2023-07-31 18:21:17 [reactor-http-nio-2] INFO - 

---------------------------------------------------------------------
|------------------------   E  M  A  I  L   ------------------------|
---------------------------------------------------------------------
|   account   =>   123@qq.com   |
|   template   =>   REGISTER_TEMPLATE   |
|   content   =>   {code=121124}   |
--------------------------------------------------------------------


