2023-07-26 15:30:02 [main] INFO - Starting P6eAuthApplication using Java 17.0.7 with PID 14784 (D:\CodeContents\github\p6e-coat\p6e-coat\p6e-auth\target\classes started by a1294 in D:\CodeContents\github\p6e-coat\p6e-coat)
2023-07-26 15:30:02 [main] INFO - No active profile set, falling back to 1 default profile: "default"
2023-07-26 15:30:02 [main] INFO - Multiple Spring Data modules found, entering strict repository configuration mode
2023-07-26 15:30:02 [main] INFO - Bootstrapping Spring Data R2DBC repositories in DEFAULT mode.
2023-07-26 15:30:02 [main] INFO - Finished Spring Data repository scanning in 20 ms. Found 0 R2DBC repository interfaces.
2023-07-26 15:30:02 [main] INFO - Multiple Spring Data modules found, entering strict repository configuration mode
2023-07-26 15:30:02 [main] INFO - Bootstrapping Spring Data Redis repositories in DEFAULT mode.
2023-07-26 15:30:02 [main] INFO - Finished Spring Data repository scanning in 5 ms. Found 0 Redis repository interfaces.
2023-07-26 15:30:03 [main] INFO - Netty started on port 8080
2023-07-26 15:30:03 [main] INFO - Started P6eAuthApplication in 1.575 seconds (process running for 1.91)
2023-07-26 17:23:41 [main] INFO - Starting P6eAuthApplication using Java 17.0.7 with PID 21960 (D:\CodeContents\github\p6e-coat\p6e-coat\p6e-auth\target\classes started by a1294 in D:\CodeContents\github\p6e-coat\p6e-coat)
2023-07-26 17:23:41 [main] INFO - No active profile set, falling back to 1 default profile: "default"
2023-07-26 17:23:42 [main] INFO - Multiple Spring Data modules found, entering strict repository configuration mode
2023-07-26 17:23:42 [main] INFO - Bootstrapping Spring Data R2DBC repositories in DEFAULT mode.
2023-07-26 17:23:42 [main] INFO - Finished Spring Data repository scanning in 20 ms. Found 0 R2DBC repository interfaces.
2023-07-26 17:23:42 [main] INFO - Multiple Spring Data modules found, entering strict repository configuration mode
2023-07-26 17:23:42 [main] INFO - Bootstrapping Spring Data Redis repositories in DEFAULT mode.
2023-07-26 17:23:42 [main] INFO - Finished Spring Data repository scanning in 6 ms. Found 0 Redis repository interfaces.
2023-07-26 17:23:42 [main] INFO - Netty started on port 8080
2023-07-26 17:23:42 [main] INFO - Started P6eAuthApplication in 1.451 seconds (process running for 1.736)
2023-07-26 17:30:56 [main] INFO - Starting P6eAuthApplication using Java 17.0.7 with PID 22292 (D:\CodeContents\github\p6e-coat\p6e-coat\p6e-auth\target\classes started by a1294 in D:\CodeContents\github\p6e-coat\p6e-coat)
2023-07-26 17:30:56 [main] INFO - No active profile set, falling back to 1 default profile: "default"
2023-07-26 17:30:57 [main] INFO - Multiple Spring Data modules found, entering strict repository configuration mode
2023-07-26 17:30:57 [main] INFO - Bootstrapping Spring Data R2DBC repositories in DEFAULT mode.
2023-07-26 17:30:57 [main] INFO - Finished Spring Data repository scanning in 21 ms. Found 0 R2DBC repository interfaces.
2023-07-26 17:30:57 [main] INFO - Multiple Spring Data modules found, entering strict repository configuration mode
2023-07-26 17:30:57 [main] INFO - Bootstrapping Spring Data Redis repositories in DEFAULT mode.
2023-07-26 17:30:57 [main] INFO - Finished Spring Data repository scanning in 4 ms. Found 0 Redis repository interfaces.
2023-07-26 17:30:57 [main] INFO - Netty started on port 8080
2023-07-26 17:30:57 [main] INFO - Started P6eAuthApplication in 1.33 seconds (process running for 1.603)
2023-07-26 17:37:17 [reactor-tcp-nio-1] INFO - [ JWT ( ACCESS_TOKEN ) ] INIT >>> 5d9b35660eb5a93c7a819998b86c43fb
2023-07-26 17:37:17 [reactor-tcp-nio-1] INFO - [ JWT ( REFRESH_TOKEN ) ] INIT >>> a3f2e5d998b5fe30579a56d8338b7382
2023-07-26 17:38:16 [reactor-tcp-nio-1] INFO - 

---------------------------------------------------------------------
|------------------------   E  M  A  I  L   ------------------------|
---------------------------------------------------------------------
|   account   =>   123@qq.com   |
|   template   =>   CODE_LOGIN_TEMPLATE   |
|   content   =>   {code=121554}   |
--------------------------------------------------------------------


