2023-05-19 12:41:11 [background-preinit] INFO - HV000001: Hibernate Validator 8.0.0.Final
2023-05-19 12:41:11 [main] INFO - Starting P6eGatewayAuthApplication using Java 17.0.7 with PID 15904 (D:\CodeContents\github\p6e-coat\p6e-coat\p6e-coat-gateway-auth\target\classes started by a1294 in D:\CodeContents\github\p6e-coat\p6e-coat)
2023-05-19 12:41:11 [main] INFO - No active profile set, falling back to 1 default profile: "default"
2023-05-19 12:41:11 [main] INFO - Multiple Spring Data modules found, entering strict repository configuration mode
2023-05-19 12:41:11 [main] INFO - Bootstrapping Spring Data R2DBC repositories in DEFAULT mode.
2023-05-19 12:41:11 [main] INFO - Finished Spring Data repository scanning in 18 ms. Found 0 R2DBC repository interfaces.
2023-05-19 12:41:11 [main] INFO - Multiple Spring Data modules found, entering strict repository configuration mode
2023-05-19 12:41:11 [main] INFO - Bootstrapping Spring Data Redis repositories in DEFAULT mode.
2023-05-19 12:41:11 [main] INFO - Finished Spring Data repository scanning in 2 ms. Found 0 Redis repository interfaces.
2023-05-19 12:41:11 [main] INFO - BeanFactory id=3a2e6473-7648-3c6f-a852-7190e9895d37
2023-05-19 12:41:12 [main] INFO - [ P6E AUTH JSON WEB TOKEN ] DEFAULT SECRET ==> 8tt4dq0pbs976xy7udl5i3sc9s0atscg
2023-05-19 12:41:12 [main] INFO - Loaded RoutePredicateFactory [After]
2023-05-19 12:41:12 [main] INFO - Loaded RoutePredicateFactory [Before]
2023-05-19 12:41:12 [main] INFO - Loaded RoutePredicateFactory [Between]
2023-05-19 12:41:12 [main] INFO - Loaded RoutePredicateFactory [Cookie]
2023-05-19 12:41:12 [main] INFO - Loaded RoutePredicateFactory [Header]
2023-05-19 12:41:12 [main] INFO - Loaded RoutePredicateFactory [Host]
2023-05-19 12:41:12 [main] INFO - Loaded RoutePredicateFactory [Method]
2023-05-19 12:41:12 [main] INFO - Loaded RoutePredicateFactory [Path]
2023-05-19 12:41:12 [main] INFO - Loaded RoutePredicateFactory [Query]
2023-05-19 12:41:12 [main] INFO - Loaded RoutePredicateFactory [ReadBody]
2023-05-19 12:41:12 [main] INFO - Loaded RoutePredicateFactory [RemoteAddr]
2023-05-19 12:41:12 [main] INFO - Loaded RoutePredicateFactory [XForwardedRemoteAddr]
2023-05-19 12:41:12 [main] INFO - Loaded RoutePredicateFactory [Weight]
2023-05-19 12:41:12 [main] INFO - Loaded RoutePredicateFactory [CloudFoundryRouteService]
2023-05-19 12:41:12 [main] INFO - Netty started on port 8080
2023-05-19 12:41:12 [main] INFO - Started P6eGatewayAuthApplication in 2.185 seconds (process running for 2.495)
2023-05-19 13:19:26 [background-preinit] INFO - HV000001: Hibernate Validator 8.0.0.Final
2023-05-19 13:19:26 [main] INFO - Starting P6eGatewayAuthApplication using Java 17.0.7 with PID 10636 (D:\CodeContents\github\p6e-coat\p6e-coat\p6e-coat-gateway-auth\target\classes started by a1294 in D:\CodeContents\github\p6e-coat\p6e-coat)
2023-05-19 13:19:26 [main] INFO - No active profile set, falling back to 1 default profile: "default"
2023-05-19 13:19:26 [main] INFO - Multiple Spring Data modules found, entering strict repository configuration mode
2023-05-19 13:19:26 [main] INFO - Bootstrapping Spring Data R2DBC repositories in DEFAULT mode.
2023-05-19 13:19:27 [main] INFO - Finished Spring Data repository scanning in 13 ms. Found 0 R2DBC repository interfaces.
2023-05-19 13:19:27 [main] INFO - Multiple Spring Data modules found, entering strict repository configuration mode
2023-05-19 13:19:27 [main] INFO - Bootstrapping Spring Data Redis repositories in DEFAULT mode.
2023-05-19 13:19:27 [main] INFO - Finished Spring Data repository scanning in 2 ms. Found 0 Redis repository interfaces.
2023-05-19 13:19:27 [main] INFO - BeanFactory id=f4a755f8-2166-3a4e-ab09-061e15906ec7
2023-05-19 13:19:27 [main] INFO - [ P6E AUTH JSON WEB TOKEN ] DEFAULT SECRET ==> kjpqcf4jdfn59r78tbcy9ichht9o9r4f
2023-05-19 13:19:27 [main] INFO - Loaded RoutePredicateFactory [After]
2023-05-19 13:19:27 [main] INFO - Loaded RoutePredicateFactory [Before]
2023-05-19 13:19:27 [main] INFO - Loaded RoutePredicateFactory [Between]
2023-05-19 13:19:27 [main] INFO - Loaded RoutePredicateFactory [Cookie]
2023-05-19 13:19:27 [main] INFO - Loaded RoutePredicateFactory [Header]
2023-05-19 13:19:27 [main] INFO - Loaded RoutePredicateFactory [Host]
2023-05-19 13:19:27 [main] INFO - Loaded RoutePredicateFactory [Method]
2023-05-19 13:19:27 [main] INFO - Loaded RoutePredicateFactory [Path]
2023-05-19 13:19:27 [main] INFO - Loaded RoutePredicateFactory [Query]
2023-05-19 13:19:27 [main] INFO - Loaded RoutePredicateFactory [ReadBody]
2023-05-19 13:19:27 [main] INFO - Loaded RoutePredicateFactory [RemoteAddr]
2023-05-19 13:19:27 [main] INFO - Loaded RoutePredicateFactory [XForwardedRemoteAddr]
2023-05-19 13:19:27 [main] INFO - Loaded RoutePredicateFactory [Weight]
2023-05-19 13:19:27 [main] INFO - Loaded RoutePredicateFactory [CloudFoundryRouteService]
2023-05-19 13:19:28 [main] INFO - Netty started on port 8080
2023-05-19 13:19:28 [main] INFO - Started P6eGatewayAuthApplication in 2.051 seconds (process running for 2.332)
2023-05-19 13:53:46 [background-preinit] INFO - HV000001: Hibernate Validator 8.0.0.Final
2023-05-19 13:53:46 [main] INFO - Starting P6eGatewayAuthApplication using Java 17.0.7 with PID 23432 (D:\CodeContents\github\p6e-coat\p6e-coat\p6e-coat-gateway-auth\target\classes started by a1294 in D:\CodeContents\github\p6e-coat\p6e-coat)
2023-05-19 13:53:46 [main] INFO - No active profile set, falling back to 1 default profile: "default"
2023-05-19 13:53:46 [main] INFO - Multiple Spring Data modules found, entering strict repository configuration mode
2023-05-19 13:53:46 [main] INFO - Bootstrapping Spring Data R2DBC repositories in DEFAULT mode.
2023-05-19 13:53:46 [main] INFO - Finished Spring Data repository scanning in 16 ms. Found 0 R2DBC repository interfaces.
2023-05-19 13:53:46 [main] INFO - Multiple Spring Data modules found, entering strict repository configuration mode
2023-05-19 13:53:46 [main] INFO - Bootstrapping Spring Data Redis repositories in DEFAULT mode.
2023-05-19 13:53:46 [main] INFO - Finished Spring Data repository scanning in 5 ms. Found 0 Redis repository interfaces.
2023-05-19 13:53:46 [main] INFO - BeanFactory id=f4a755f8-2166-3a4e-ab09-061e15906ec7
2023-05-19 13:53:47 [main] INFO - [ P6E AUTH JSON WEB TOKEN ] DEFAULT SECRET ==> 41ylzg18miig9j2xi8mqovrtwpkaj4rg
2023-05-19 13:53:47 [main] INFO - Loaded RoutePredicateFactory [After]
2023-05-19 13:53:47 [main] INFO - Loaded RoutePredicateFactory [Before]
2023-05-19 13:53:47 [main] INFO - Loaded RoutePredicateFactory [Between]
2023-05-19 13:53:47 [main] INFO - Loaded RoutePredicateFactory [Cookie]
2023-05-19 13:53:47 [main] INFO - Loaded RoutePredicateFactory [Header]
2023-05-19 13:53:47 [main] INFO - Loaded RoutePredicateFactory [Host]
2023-05-19 13:53:47 [main] INFO - Loaded RoutePredicateFactory [Method]
2023-05-19 13:53:47 [main] INFO - Loaded RoutePredicateFactory [Path]
2023-05-19 13:53:47 [main] INFO - Loaded RoutePredicateFactory [Query]
2023-05-19 13:53:47 [main] INFO - Loaded RoutePredicateFactory [ReadBody]
2023-05-19 13:53:47 [main] INFO - Loaded RoutePredicateFactory [RemoteAddr]
2023-05-19 13:53:47 [main] INFO - Loaded RoutePredicateFactory [XForwardedRemoteAddr]
2023-05-19 13:53:47 [main] INFO - Loaded RoutePredicateFactory [Weight]
2023-05-19 13:53:47 [main] INFO - Loaded RoutePredicateFactory [CloudFoundryRouteService]
2023-05-19 13:53:47 [main] INFO - Netty started on port 8080
2023-05-19 13:53:47 [main] INFO - Started P6eGatewayAuthApplication in 2.06 seconds (process running for 2.352)
2023-05-19 14:11:31 [background-preinit] INFO - HV000001: Hibernate Validator 8.0.0.Final
2023-05-19 14:11:31 [main] INFO - Starting P6eGatewayAuthApplication using Java 17.0.7 with PID 18848 (D:\CodeContents\github\p6e-coat\p6e-coat\p6e-coat-gateway-auth\target\classes started by a1294 in D:\CodeContents\github\p6e-coat\p6e-coat)
2023-05-19 14:11:31 [main] INFO - No active profile set, falling back to 1 default profile: "default"
2023-05-19 14:11:32 [main] INFO - Multiple Spring Data modules found, entering strict repository configuration mode
2023-05-19 14:11:32 [main] INFO - Bootstrapping Spring Data R2DBC repositories in DEFAULT mode.
2023-05-19 14:11:32 [main] INFO - Finished Spring Data repository scanning in 14 ms. Found 0 R2DBC repository interfaces.
2023-05-19 14:11:32 [main] INFO - Multiple Spring Data modules found, entering strict repository configuration mode
2023-05-19 14:11:32 [main] INFO - Bootstrapping Spring Data Redis repositories in DEFAULT mode.
2023-05-19 14:11:32 [main] INFO - Finished Spring Data repository scanning in 2 ms. Found 0 Redis repository interfaces.
2023-05-19 14:11:32 [main] INFO - BeanFactory id=41b27c30-deb2-3564-884b-5203113b49b3
2023-05-19 14:11:32 [main] INFO - [ P6E AUTH JSON WEB TOKEN ] DEFAULT SECRET ==> g1gfaumn7vi96wttelg1fiuflyyso2zt
2023-05-19 14:11:33 [main] INFO - Loaded RoutePredicateFactory [After]
2023-05-19 14:11:33 [main] INFO - Loaded RoutePredicateFactory [Before]
2023-05-19 14:11:33 [main] INFO - Loaded RoutePredicateFactory [Between]
2023-05-19 14:11:33 [main] INFO - Loaded RoutePredicateFactory [Cookie]
2023-05-19 14:11:33 [main] INFO - Loaded RoutePredicateFactory [Header]
2023-05-19 14:11:33 [main] INFO - Loaded RoutePredicateFactory [Host]
2023-05-19 14:11:33 [main] INFO - Loaded RoutePredicateFactory [Method]
2023-05-19 14:11:33 [main] INFO - Loaded RoutePredicateFactory [Path]
2023-05-19 14:11:33 [main] INFO - Loaded RoutePredicateFactory [Query]
2023-05-19 14:11:33 [main] INFO - Loaded RoutePredicateFactory [ReadBody]
2023-05-19 14:11:33 [main] INFO - Loaded RoutePredicateFactory [RemoteAddr]
2023-05-19 14:11:33 [main] INFO - Loaded RoutePredicateFactory [XForwardedRemoteAddr]
2023-05-19 14:11:33 [main] INFO - Loaded RoutePredicateFactory [Weight]
2023-05-19 14:11:33 [main] INFO - Loaded RoutePredicateFactory [CloudFoundryRouteService]
2023-05-19 14:11:33 [main] INFO - Netty started on port 8080
2023-05-19 14:11:33 [main] INFO - Started P6eGatewayAuthApplication in 2.087 seconds (process running for 2.378)
2023-05-19 14:51:22 [background-preinit] INFO - HV000001: Hibernate Validator 8.0.0.Final
2023-05-19 14:51:23 [main] INFO - Starting P6eGatewayAuthApplication using Java 17.0.7 with PID 27472 (D:\CodeContents\github\p6e-coat\p6e-coat\p6e-coat-gateway-auth\target\classes started by a1294 in D:\CodeContents\github\p6e-coat\p6e-coat)
2023-05-19 14:51:23 [main] INFO - No active profile set, falling back to 1 default profile: "default"
2023-05-19 14:51:23 [main] INFO - Multiple Spring Data modules found, entering strict repository configuration mode
2023-05-19 14:51:23 [main] INFO - Bootstrapping Spring Data R2DBC repositories in DEFAULT mode.
2023-05-19 14:51:23 [main] INFO - Finished Spring Data repository scanning in 15 ms. Found 0 R2DBC repository interfaces.
2023-05-19 14:51:23 [main] INFO - Multiple Spring Data modules found, entering strict repository configuration mode
2023-05-19 14:51:23 [main] INFO - Bootstrapping Spring Data Redis repositories in DEFAULT mode.
2023-05-19 14:51:23 [main] INFO - Finished Spring Data repository scanning in 2 ms. Found 0 Redis repository interfaces.
2023-05-19 14:51:23 [main] INFO - BeanFactory id=41b27c30-deb2-3564-884b-5203113b49b3
2023-05-19 14:51:24 [main] INFO - [ P6E AUTH JSON WEB TOKEN ] DEFAULT SECRET ==> rxh1gucntzad2xsv66w533sgoccenaea
2023-05-19 14:51:24 [main] INFO - Loaded RoutePredicateFactory [After]
2023-05-19 14:51:24 [main] INFO - Loaded RoutePredicateFactory [Before]
2023-05-19 14:51:24 [main] INFO - Loaded RoutePredicateFactory [Between]
2023-05-19 14:51:24 [main] INFO - Loaded RoutePredicateFactory [Cookie]
2023-05-19 14:51:24 [main] INFO - Loaded RoutePredicateFactory [Header]
2023-05-19 14:51:24 [main] INFO - Loaded RoutePredicateFactory [Host]
2023-05-19 14:51:24 [main] INFO - Loaded RoutePredicateFactory [Method]
2023-05-19 14:51:24 [main] INFO - Loaded RoutePredicateFactory [Path]
2023-05-19 14:51:24 [main] INFO - Loaded RoutePredicateFactory [Query]
2023-05-19 14:51:24 [main] INFO - Loaded RoutePredicateFactory [ReadBody]
2023-05-19 14:51:24 [main] INFO - Loaded RoutePredicateFactory [RemoteAddr]
2023-05-19 14:51:24 [main] INFO - Loaded RoutePredicateFactory [XForwardedRemoteAddr]
2023-05-19 14:51:24 [main] INFO - Loaded RoutePredicateFactory [Weight]
2023-05-19 14:51:24 [main] INFO - Loaded RoutePredicateFactory [CloudFoundryRouteService]
2023-05-19 14:51:24 [main] INFO - Netty started on port 8080
2023-05-19 14:51:24 [main] INFO - Started P6eGatewayAuthApplication in 2.139 seconds (process running for 2.467)
