2023-05-23 09:04:59 [background-preinit] INFO - HV000001: Hibernate Validator 8.0.0.Final
2023-05-23 09:04:59 [main] INFO - Starting P6eGatewayAuthApplication using Java 17.0.7 with PID 32896 (D:\CodeContents\github\p6e-coat\p6e-coat\p6e-coat-gateway-auth\target\classes started by a1294 in D:\CodeContents\github\p6e-coat\p6e-coat)
2023-05-23 09:04:59 [main] INFO - No active profile set, falling back to 1 default profile: "default"
2023-05-23 09:04:59 [main] INFO - Multiple Spring Data modules found, entering strict repository configuration mode
2023-05-23 09:04:59 [main] INFO - Bootstrapping Spring Data R2DBC repositories in DEFAULT mode.
2023-05-23 09:04:59 [main] INFO - Finished Spring Data repository scanning in 17 ms. Found 0 R2DBC repository interfaces.
2023-05-23 09:04:59 [main] INFO - Multiple Spring Data modules found, entering strict repository configuration mode
2023-05-23 09:04:59 [main] INFO - Bootstrapping Spring Data Redis repositories in DEFAULT mode.
2023-05-23 09:04:59 [main] INFO - Finished Spring Data repository scanning in 2 ms. Found 0 Redis repository interfaces.
2023-05-23 09:04:59 [main] INFO - BeanFactory id=6ce46ee7-4f48-3573-8e2c-d26c7d363e52
2023-05-23 09:05:00 [main] INFO - 

Error starting ApplicationContext. To display the condition evaluation report re-run your application with 'debug' enabled.
2023-05-23 09:05:15 [background-preinit] INFO - HV000001: Hibernate Validator 8.0.0.Final
2023-05-23 09:05:15 [main] INFO - Starting P6eGatewayAuthApplication using Java 17.0.7 with PID 1444 (D:\CodeContents\github\p6e-coat\p6e-coat\p6e-coat-gateway-auth\target\classes started by a1294 in D:\CodeContents\github\p6e-coat\p6e-coat)
2023-05-23 09:05:15 [main] INFO - No active profile set, falling back to 1 default profile: "default"
2023-05-23 09:05:15 [main] INFO - Multiple Spring Data modules found, entering strict repository configuration mode
2023-05-23 09:05:15 [main] INFO - Bootstrapping Spring Data R2DBC repositories in DEFAULT mode.
2023-05-23 09:05:15 [main] INFO - Finished Spring Data repository scanning in 16 ms. Found 0 R2DBC repository interfaces.
2023-05-23 09:05:15 [main] INFO - Multiple Spring Data modules found, entering strict repository configuration mode
2023-05-23 09:05:15 [main] INFO - Bootstrapping Spring Data Redis repositories in DEFAULT mode.
2023-05-23 09:05:15 [main] INFO - Finished Spring Data repository scanning in 2 ms. Found 0 Redis repository interfaces.
2023-05-23 09:05:15 [main] INFO - BeanFactory id=6ce46ee7-4f48-3573-8e2c-d26c7d363e52
2023-05-23 09:05:16 [main] INFO - Loaded RoutePredicateFactory [After]
2023-05-23 09:05:16 [main] INFO - Loaded RoutePredicateFactory [Before]
2023-05-23 09:05:16 [main] INFO - Loaded RoutePredicateFactory [Between]
2023-05-23 09:05:16 [main] INFO - Loaded RoutePredicateFactory [Cookie]
2023-05-23 09:05:16 [main] INFO - Loaded RoutePredicateFactory [Header]
2023-05-23 09:05:16 [main] INFO - Loaded RoutePredicateFactory [Host]
2023-05-23 09:05:16 [main] INFO - Loaded RoutePredicateFactory [Method]
2023-05-23 09:05:16 [main] INFO - Loaded RoutePredicateFactory [Path]
2023-05-23 09:05:16 [main] INFO - Loaded RoutePredicateFactory [Query]
2023-05-23 09:05:16 [main] INFO - Loaded RoutePredicateFactory [ReadBody]
2023-05-23 09:05:16 [main] INFO - Loaded RoutePredicateFactory [RemoteAddr]
2023-05-23 09:05:16 [main] INFO - Loaded RoutePredicateFactory [XForwardedRemoteAddr]
2023-05-23 09:05:16 [main] INFO - Loaded RoutePredicateFactory [Weight]
2023-05-23 09:05:16 [main] INFO - Loaded RoutePredicateFactory [CloudFoundryRouteService]
2023-05-23 09:05:16 [main] INFO - Netty started on port 8080
2023-05-23 09:05:16 [main] INFO - Started P6eGatewayAuthApplication in 1.99 seconds (process running for 2.291)
2023-05-23 17:03:28 [background-preinit] INFO - HV000001: Hibernate Validator 8.0.0.Final
2023-05-23 17:03:28 [main] INFO - Starting P6eGatewayAuthApplication using Java 17.0.7 with PID 3596 (D:\CodeContents\github\p6e-coat\p6e-coat\p6e-coat-gateway-auth\target\classes started by a1294 in D:\CodeContents\github\p6e-coat\p6e-coat)
2023-05-23 17:03:28 [main] INFO - No active profile set, falling back to 1 default profile: "default"
2023-05-23 17:03:28 [main] INFO - Multiple Spring Data modules found, entering strict repository configuration mode
2023-05-23 17:03:28 [main] INFO - Bootstrapping Spring Data R2DBC repositories in DEFAULT mode.
2023-05-23 17:03:29 [main] INFO - Finished Spring Data repository scanning in 14 ms. Found 0 R2DBC repository interfaces.
2023-05-23 17:03:29 [main] INFO - Multiple Spring Data modules found, entering strict repository configuration mode
2023-05-23 17:03:29 [main] INFO - Bootstrapping Spring Data Redis repositories in DEFAULT mode.
2023-05-23 17:03:29 [main] INFO - Finished Spring Data repository scanning in 2 ms. Found 0 Redis repository interfaces.
2023-05-23 17:03:29 [main] INFO - BeanFactory id=efd8153e-862c-39bf-8b70-89a6974d21c0
2023-05-23 17:03:29 [main] INFO - Loaded RoutePredicateFactory [After]
2023-05-23 17:03:29 [main] INFO - Loaded RoutePredicateFactory [Before]
2023-05-23 17:03:29 [main] INFO - Loaded RoutePredicateFactory [Between]
2023-05-23 17:03:29 [main] INFO - Loaded RoutePredicateFactory [Cookie]
2023-05-23 17:03:29 [main] INFO - Loaded RoutePredicateFactory [Header]
2023-05-23 17:03:29 [main] INFO - Loaded RoutePredicateFactory [Host]
2023-05-23 17:03:29 [main] INFO - Loaded RoutePredicateFactory [Method]
2023-05-23 17:03:29 [main] INFO - Loaded RoutePredicateFactory [Path]
2023-05-23 17:03:29 [main] INFO - Loaded RoutePredicateFactory [Query]
2023-05-23 17:03:29 [main] INFO - Loaded RoutePredicateFactory [ReadBody]
2023-05-23 17:03:29 [main] INFO - Loaded RoutePredicateFactory [RemoteAddr]
2023-05-23 17:03:29 [main] INFO - Loaded RoutePredicateFactory [XForwardedRemoteAddr]
2023-05-23 17:03:29 [main] INFO - Loaded RoutePredicateFactory [Weight]
2023-05-23 17:03:29 [main] INFO - Loaded RoutePredicateFactory [CloudFoundryRouteService]
2023-05-23 17:03:30 [main] INFO - Netty started on port 8080
2023-05-23 17:03:30 [main] INFO - Started P6eGatewayAuthApplication in 2.008 seconds (process running for 2.297)
2023-05-23 17:09:08 [background-preinit] INFO - HV000001: Hibernate Validator 8.0.0.Final
2023-05-23 17:09:08 [main] INFO - Starting P6eGatewayAuthApplication using Java 17.0.7 with PID 5732 (D:\CodeContents\github\p6e-coat\p6e-coat\p6e-coat-gateway-auth\target\classes started by a1294 in D:\CodeContents\github\p6e-coat\p6e-coat)
2023-05-23 17:09:08 [main] INFO - No active profile set, falling back to 1 default profile: "default"
2023-05-23 17:09:08 [main] INFO - Multiple Spring Data modules found, entering strict repository configuration mode
2023-05-23 17:09:08 [main] INFO - Bootstrapping Spring Data R2DBC repositories in DEFAULT mode.
2023-05-23 17:09:08 [main] INFO - Finished Spring Data repository scanning in 18 ms. Found 0 R2DBC repository interfaces.
2023-05-23 17:09:08 [main] INFO - Multiple Spring Data modules found, entering strict repository configuration mode
2023-05-23 17:09:08 [main] INFO - Bootstrapping Spring Data Redis repositories in DEFAULT mode.
2023-05-23 17:09:08 [main] INFO - Finished Spring Data repository scanning in 2 ms. Found 0 Redis repository interfaces.
2023-05-23 17:09:08 [main] INFO - BeanFactory id=0e93dd87-c4be-3489-a4ca-6bb0786a5daf
2023-05-23 17:09:09 [main] INFO - Loaded RoutePredicateFactory [After]
2023-05-23 17:09:09 [main] INFO - Loaded RoutePredicateFactory [Before]
2023-05-23 17:09:09 [main] INFO - Loaded RoutePredicateFactory [Between]
2023-05-23 17:09:09 [main] INFO - Loaded RoutePredicateFactory [Cookie]
2023-05-23 17:09:09 [main] INFO - Loaded RoutePredicateFactory [Header]
2023-05-23 17:09:09 [main] INFO - Loaded RoutePredicateFactory [Host]
2023-05-23 17:09:09 [main] INFO - Loaded RoutePredicateFactory [Method]
2023-05-23 17:09:09 [main] INFO - Loaded RoutePredicateFactory [Path]
2023-05-23 17:09:09 [main] INFO - Loaded RoutePredicateFactory [Query]
2023-05-23 17:09:09 [main] INFO - Loaded RoutePredicateFactory [ReadBody]
2023-05-23 17:09:09 [main] INFO - Loaded RoutePredicateFactory [RemoteAddr]
2023-05-23 17:09:09 [main] INFO - Loaded RoutePredicateFactory [XForwardedRemoteAddr]
2023-05-23 17:09:09 [main] INFO - Loaded RoutePredicateFactory [Weight]
2023-05-23 17:09:09 [main] INFO - Loaded RoutePredicateFactory [CloudFoundryRouteService]
2023-05-23 17:09:09 [main] INFO - Netty started on port 8080
2023-05-23 17:09:09 [main] INFO - Started P6eGatewayAuthApplication in 1.975 seconds (process running for 2.262)
2023-05-23 17:16:08 [background-preinit] INFO - HV000001: Hibernate Validator 8.0.0.Final
2023-05-23 17:16:08 [main] INFO - Starting P6eGatewayAuthApplication using Java 17.0.7 with PID 15156 (D:\CodeContents\github\p6e-coat\p6e-coat\p6e-coat-gateway-auth\target\classes started by a1294 in D:\CodeContents\github\p6e-coat\p6e-coat)
2023-05-23 17:16:08 [main] INFO - No active profile set, falling back to 1 default profile: "default"
2023-05-23 17:16:09 [main] INFO - Multiple Spring Data modules found, entering strict repository configuration mode
2023-05-23 17:16:09 [main] INFO - Bootstrapping Spring Data R2DBC repositories in DEFAULT mode.
2023-05-23 17:16:09 [main] INFO - Finished Spring Data repository scanning in 16 ms. Found 0 R2DBC repository interfaces.
2023-05-23 17:16:09 [main] INFO - Multiple Spring Data modules found, entering strict repository configuration mode
2023-05-23 17:16:09 [main] INFO - Bootstrapping Spring Data Redis repositories in DEFAULT mode.
2023-05-23 17:16:09 [main] INFO - Finished Spring Data repository scanning in 3 ms. Found 0 Redis repository interfaces.
2023-05-23 17:16:09 [main] INFO - BeanFactory id=6d21e136-24c2-3331-a905-2799e6f9f7d1
2023-05-23 17:16:09 [main] INFO - 

Error starting ApplicationContext. To display the condition evaluation report re-run your application with 'debug' enabled.
2023-05-23 17:16:31 [background-preinit] INFO - HV000001: Hibernate Validator 8.0.0.Final
2023-05-23 17:16:31 [main] INFO - Starting P6eGatewayAuthApplication using Java 17.0.7 with PID 9464 (D:\CodeContents\github\p6e-coat\p6e-coat\p6e-coat-gateway-auth\target\classes started by a1294 in D:\CodeContents\github\p6e-coat\p6e-coat)
2023-05-23 17:16:31 [main] INFO - No active profile set, falling back to 1 default profile: "default"
2023-05-23 17:16:32 [main] INFO - Multiple Spring Data modules found, entering strict repository configuration mode
2023-05-23 17:16:32 [main] INFO - Bootstrapping Spring Data R2DBC repositories in DEFAULT mode.
2023-05-23 17:16:32 [main] INFO - Finished Spring Data repository scanning in 20 ms. Found 0 R2DBC repository interfaces.
2023-05-23 17:16:32 [main] INFO - Multiple Spring Data modules found, entering strict repository configuration mode
2023-05-23 17:16:32 [main] INFO - Bootstrapping Spring Data Redis repositories in DEFAULT mode.
2023-05-23 17:16:32 [main] INFO - Finished Spring Data repository scanning in 3 ms. Found 0 Redis repository interfaces.
2023-05-23 17:16:32 [main] INFO - BeanFactory id=0e93dd87-c4be-3489-a4ca-6bb0786a5daf
2023-05-23 17:16:32 [main] INFO - Loaded RoutePredicateFactory [After]
2023-05-23 17:16:32 [main] INFO - Loaded RoutePredicateFactory [Before]
2023-05-23 17:16:32 [main] INFO - Loaded RoutePredicateFactory [Between]
2023-05-23 17:16:32 [main] INFO - Loaded RoutePredicateFactory [Cookie]
2023-05-23 17:16:32 [main] INFO - Loaded RoutePredicateFactory [Header]
2023-05-23 17:16:32 [main] INFO - Loaded RoutePredicateFactory [Host]
2023-05-23 17:16:32 [main] INFO - Loaded RoutePredicateFactory [Method]
2023-05-23 17:16:32 [main] INFO - Loaded RoutePredicateFactory [Path]
2023-05-23 17:16:32 [main] INFO - Loaded RoutePredicateFactory [Query]
2023-05-23 17:16:32 [main] INFO - Loaded RoutePredicateFactory [ReadBody]
2023-05-23 17:16:32 [main] INFO - Loaded RoutePredicateFactory [RemoteAddr]
2023-05-23 17:16:32 [main] INFO - Loaded RoutePredicateFactory [XForwardedRemoteAddr]
2023-05-23 17:16:32 [main] INFO - Loaded RoutePredicateFactory [Weight]
2023-05-23 17:16:32 [main] INFO - Loaded RoutePredicateFactory [CloudFoundryRouteService]
2023-05-23 17:16:33 [main] INFO - Netty started on port 8080
2023-05-23 17:16:33 [main] INFO - Started P6eGatewayAuthApplication in 2.023 seconds (process running for 2.297)
2023-05-23 17:21:37 [background-preinit] INFO - HV000001: Hibernate Validator 8.0.0.Final
2023-05-23 17:21:37 [main] INFO - Starting P6eGatewayAuthApplication using Java 17.0.7 with PID 8940 (D:\CodeContents\github\p6e-coat\p6e-coat\p6e-coat-gateway-auth\target\classes started by a1294 in D:\CodeContents\github\p6e-coat\p6e-coat)
2023-05-23 17:21:37 [main] INFO - No active profile set, falling back to 1 default profile: "default"
2023-05-23 17:21:37 [main] INFO - Multiple Spring Data modules found, entering strict repository configuration mode
2023-05-23 17:21:37 [main] INFO - Bootstrapping Spring Data R2DBC repositories in DEFAULT mode.
2023-05-23 17:21:37 [main] INFO - Finished Spring Data repository scanning in 20 ms. Found 0 R2DBC repository interfaces.
2023-05-23 17:21:37 [main] INFO - Multiple Spring Data modules found, entering strict repository configuration mode
2023-05-23 17:21:37 [main] INFO - Bootstrapping Spring Data Redis repositories in DEFAULT mode.
2023-05-23 17:21:37 [main] INFO - Finished Spring Data repository scanning in 2 ms. Found 0 Redis repository interfaces.
2023-05-23 17:21:37 [main] INFO - BeanFactory id=0e93dd87-c4be-3489-a4ca-6bb0786a5daf
2023-05-23 17:21:38 [main] INFO - Loaded RoutePredicateFactory [After]
2023-05-23 17:21:38 [main] INFO - Loaded RoutePredicateFactory [Before]
2023-05-23 17:21:38 [main] INFO - Loaded RoutePredicateFactory [Between]
2023-05-23 17:21:38 [main] INFO - Loaded RoutePredicateFactory [Cookie]
2023-05-23 17:21:38 [main] INFO - Loaded RoutePredicateFactory [Header]
2023-05-23 17:21:38 [main] INFO - Loaded RoutePredicateFactory [Host]
2023-05-23 17:21:38 [main] INFO - Loaded RoutePredicateFactory [Method]
2023-05-23 17:21:38 [main] INFO - Loaded RoutePredicateFactory [Path]
2023-05-23 17:21:38 [main] INFO - Loaded RoutePredicateFactory [Query]
2023-05-23 17:21:38 [main] INFO - Loaded RoutePredicateFactory [ReadBody]
2023-05-23 17:21:38 [main] INFO - Loaded RoutePredicateFactory [RemoteAddr]
2023-05-23 17:21:38 [main] INFO - Loaded RoutePredicateFactory [XForwardedRemoteAddr]
2023-05-23 17:21:38 [main] INFO - Loaded RoutePredicateFactory [Weight]
2023-05-23 17:21:38 [main] INFO - Loaded RoutePredicateFactory [CloudFoundryRouteService]
2023-05-23 17:21:38 [main] INFO - Netty started on port 8080
2023-05-23 17:21:39 [main] INFO - Started P6eGatewayAuthApplication in 2.052 seconds (process running for 2.318)
2023-05-23 17:26:06 [background-preinit] INFO - HV000001: Hibernate Validator 8.0.0.Final
2023-05-23 17:26:06 [main] INFO - Starting P6eGatewayAuthApplication using Java 17.0.7 with PID 6132 (D:\CodeContents\github\p6e-coat\p6e-coat\p6e-coat-gateway-auth\target\classes started by a1294 in D:\CodeContents\github\p6e-coat\p6e-coat)
2023-05-23 17:26:06 [main] INFO - No active profile set, falling back to 1 default profile: "default"
2023-05-23 17:26:06 [main] INFO - Multiple Spring Data modules found, entering strict repository configuration mode
2023-05-23 17:26:06 [main] INFO - Bootstrapping Spring Data R2DBC repositories in DEFAULT mode.
2023-05-23 17:26:06 [main] INFO - Finished Spring Data repository scanning in 15 ms. Found 0 R2DBC repository interfaces.
2023-05-23 17:26:06 [main] INFO - Multiple Spring Data modules found, entering strict repository configuration mode
2023-05-23 17:26:06 [main] INFO - Bootstrapping Spring Data Redis repositories in DEFAULT mode.
2023-05-23 17:26:06 [main] INFO - Finished Spring Data repository scanning in 3 ms. Found 0 Redis repository interfaces.
2023-05-23 17:26:06 [main] INFO - BeanFactory id=0e93dd87-c4be-3489-a4ca-6bb0786a5daf
2023-05-23 17:26:07 [main] INFO - Loaded RoutePredicateFactory [After]
2023-05-23 17:26:07 [main] INFO - Loaded RoutePredicateFactory [Before]
2023-05-23 17:26:07 [main] INFO - Loaded RoutePredicateFactory [Between]
2023-05-23 17:26:07 [main] INFO - Loaded RoutePredicateFactory [Cookie]
2023-05-23 17:26:07 [main] INFO - Loaded RoutePredicateFactory [Header]
2023-05-23 17:26:07 [main] INFO - Loaded RoutePredicateFactory [Host]
2023-05-23 17:26:07 [main] INFO - Loaded RoutePredicateFactory [Method]
2023-05-23 17:26:07 [main] INFO - Loaded RoutePredicateFactory [Path]
2023-05-23 17:26:07 [main] INFO - Loaded RoutePredicateFactory [Query]
2023-05-23 17:26:07 [main] INFO - Loaded RoutePredicateFactory [ReadBody]
2023-05-23 17:26:07 [main] INFO - Loaded RoutePredicateFactory [RemoteAddr]
2023-05-23 17:26:07 [main] INFO - Loaded RoutePredicateFactory [XForwardedRemoteAddr]
2023-05-23 17:26:07 [main] INFO - Loaded RoutePredicateFactory [Weight]
2023-05-23 17:26:07 [main] INFO - Loaded RoutePredicateFactory [CloudFoundryRouteService]
2023-05-23 17:26:07 [main] INFO - Netty started on port 8080
2023-05-23 17:26:07 [main] INFO - Started P6eGatewayAuthApplication in 1.94 seconds (process running for 2.211)
2023-05-23 17:42:12 [background-preinit] INFO - HV000001: Hibernate Validator 8.0.0.Final
2023-05-23 17:42:12 [main] INFO - Starting P6eGatewayAuthApplication using Java 17.0.7 with PID 13764 (D:\CodeContents\github\p6e-coat\p6e-coat\p6e-coat-gateway-auth\target\classes started by a1294 in D:\CodeContents\github\p6e-coat\p6e-coat)
2023-05-23 17:42:12 [main] INFO - No active profile set, falling back to 1 default profile: "default"
2023-05-23 17:42:12 [main] INFO - Multiple Spring Data modules found, entering strict repository configuration mode
2023-05-23 17:42:12 [main] INFO - Bootstrapping Spring Data R2DBC repositories in DEFAULT mode.
2023-05-23 17:42:12 [main] INFO - Finished Spring Data repository scanning in 14 ms. Found 0 R2DBC repository interfaces.
2023-05-23 17:42:12 [main] INFO - Multiple Spring Data modules found, entering strict repository configuration mode
2023-05-23 17:42:12 [main] INFO - Bootstrapping Spring Data Redis repositories in DEFAULT mode.
2023-05-23 17:42:12 [main] INFO - Finished Spring Data repository scanning in 2 ms. Found 0 Redis repository interfaces.
2023-05-23 17:42:12 [main] INFO - BeanFactory id=0e93dd87-c4be-3489-a4ca-6bb0786a5daf
2023-05-23 17:42:13 [main] INFO - Loaded RoutePredicateFactory [After]
2023-05-23 17:42:13 [main] INFO - Loaded RoutePredicateFactory [Before]
2023-05-23 17:42:13 [main] INFO - Loaded RoutePredicateFactory [Between]
2023-05-23 17:42:13 [main] INFO - Loaded RoutePredicateFactory [Cookie]
2023-05-23 17:42:13 [main] INFO - Loaded RoutePredicateFactory [Header]
2023-05-23 17:42:13 [main] INFO - Loaded RoutePredicateFactory [Host]
2023-05-23 17:42:13 [main] INFO - Loaded RoutePredicateFactory [Method]
2023-05-23 17:42:13 [main] INFO - Loaded RoutePredicateFactory [Path]
2023-05-23 17:42:13 [main] INFO - Loaded RoutePredicateFactory [Query]
2023-05-23 17:42:13 [main] INFO - Loaded RoutePredicateFactory [ReadBody]
2023-05-23 17:42:13 [main] INFO - Loaded RoutePredicateFactory [RemoteAddr]
2023-05-23 17:42:13 [main] INFO - Loaded RoutePredicateFactory [XForwardedRemoteAddr]
2023-05-23 17:42:13 [main] INFO - Loaded RoutePredicateFactory [Weight]
2023-05-23 17:42:13 [main] INFO - Loaded RoutePredicateFactory [CloudFoundryRouteService]
2023-05-23 17:42:13 [main] INFO - Netty started on port 8080
2023-05-23 17:42:13 [main] INFO - Started P6eGatewayAuthApplication in 1.935 seconds (process running for 2.204)
2023-05-23 17:43:37 [background-preinit] INFO - HV000001: Hibernate Validator 8.0.0.Final
2023-05-23 17:43:37 [main] INFO - Starting P6eGatewayAuthApplication using Java 17.0.7 with PID 15512 (D:\CodeContents\github\p6e-coat\p6e-coat\p6e-coat-gateway-auth\target\classes started by a1294 in D:\CodeContents\github\p6e-coat\p6e-coat)
2023-05-23 17:43:37 [main] INFO - No active profile set, falling back to 1 default profile: "default"
2023-05-23 17:43:38 [main] INFO - Multiple Spring Data modules found, entering strict repository configuration mode
2023-05-23 17:43:38 [main] INFO - Bootstrapping Spring Data R2DBC repositories in DEFAULT mode.
2023-05-23 17:43:38 [main] INFO - Finished Spring Data repository scanning in 15 ms. Found 0 R2DBC repository interfaces.
2023-05-23 17:43:38 [main] INFO - Multiple Spring Data modules found, entering strict repository configuration mode
2023-05-23 17:43:38 [main] INFO - Bootstrapping Spring Data Redis repositories in DEFAULT mode.
2023-05-23 17:43:38 [main] INFO - Finished Spring Data repository scanning in 3 ms. Found 0 Redis repository interfaces.
2023-05-23 17:43:38 [main] INFO - BeanFactory id=0e93dd87-c4be-3489-a4ca-6bb0786a5daf
2023-05-23 17:43:39 [main] INFO - Loaded RoutePredicateFactory [After]
2023-05-23 17:43:39 [main] INFO - Loaded RoutePredicateFactory [Before]
2023-05-23 17:43:39 [main] INFO - Loaded RoutePredicateFactory [Between]
2023-05-23 17:43:39 [main] INFO - Loaded RoutePredicateFactory [Cookie]
2023-05-23 17:43:39 [main] INFO - Loaded RoutePredicateFactory [Header]
2023-05-23 17:43:39 [main] INFO - Loaded RoutePredicateFactory [Host]
2023-05-23 17:43:39 [main] INFO - Loaded RoutePredicateFactory [Method]
2023-05-23 17:43:39 [main] INFO - Loaded RoutePredicateFactory [Path]
2023-05-23 17:43:39 [main] INFO - Loaded RoutePredicateFactory [Query]
2023-05-23 17:43:39 [main] INFO - Loaded RoutePredicateFactory [ReadBody]
2023-05-23 17:43:39 [main] INFO - Loaded RoutePredicateFactory [RemoteAddr]
2023-05-23 17:43:39 [main] INFO - Loaded RoutePredicateFactory [XForwardedRemoteAddr]
2023-05-23 17:43:39 [main] INFO - Loaded RoutePredicateFactory [Weight]
2023-05-23 17:43:39 [main] INFO - Loaded RoutePredicateFactory [CloudFoundryRouteService]
2023-05-23 17:43:39 [main] INFO - Netty started on port 8080
2023-05-23 17:43:39 [main] INFO - Started P6eGatewayAuthApplication in 1.962 seconds (process running for 2.241)
2023-05-23 18:18:27 [background-preinit] INFO - HV000001: Hibernate Validator 8.0.0.Final
2023-05-23 18:18:27 [main] INFO - Starting P6eGatewayAuthApplication using Java 17.0.7 with PID 4476 (D:\CodeContents\github\p6e-coat\p6e-coat\p6e-coat-gateway-auth\target\classes started by a1294 in D:\CodeContents\github\p6e-coat\p6e-coat)
2023-05-23 18:18:27 [main] INFO - No active profile set, falling back to 1 default profile: "default"
2023-05-23 18:18:28 [main] INFO - Multiple Spring Data modules found, entering strict repository configuration mode
2023-05-23 18:18:28 [main] INFO - Bootstrapping Spring Data R2DBC repositories in DEFAULT mode.
2023-05-23 18:18:28 [main] INFO - Finished Spring Data repository scanning in 22 ms. Found 0 R2DBC repository interfaces.
2023-05-23 18:18:28 [main] INFO - Multiple Spring Data modules found, entering strict repository configuration mode
2023-05-23 18:18:28 [main] INFO - Bootstrapping Spring Data Redis repositories in DEFAULT mode.
2023-05-23 18:18:28 [main] INFO - Finished Spring Data repository scanning in 2 ms. Found 0 Redis repository interfaces.
2023-05-23 18:18:28 [main] INFO - BeanFactory id=d02fce61-7a3d-3e10-b62e-c927ce383587
2023-05-23 18:18:29 [main] INFO - Loaded RoutePredicateFactory [After]
2023-05-23 18:18:29 [main] INFO - Loaded RoutePredicateFactory [Before]
2023-05-23 18:18:29 [main] INFO - Loaded RoutePredicateFactory [Between]
2023-05-23 18:18:29 [main] INFO - Loaded RoutePredicateFactory [Cookie]
2023-05-23 18:18:29 [main] INFO - Loaded RoutePredicateFactory [Header]
2023-05-23 18:18:29 [main] INFO - Loaded RoutePredicateFactory [Host]
2023-05-23 18:18:29 [main] INFO - Loaded RoutePredicateFactory [Method]
2023-05-23 18:18:29 [main] INFO - Loaded RoutePredicateFactory [Path]
2023-05-23 18:18:29 [main] INFO - Loaded RoutePredicateFactory [Query]
2023-05-23 18:18:29 [main] INFO - Loaded RoutePredicateFactory [ReadBody]
2023-05-23 18:18:29 [main] INFO - Loaded RoutePredicateFactory [RemoteAddr]
2023-05-23 18:18:29 [main] INFO - Loaded RoutePredicateFactory [XForwardedRemoteAddr]
2023-05-23 18:18:29 [main] INFO - Loaded RoutePredicateFactory [Weight]
2023-05-23 18:18:29 [main] INFO - Loaded RoutePredicateFactory [CloudFoundryRouteService]
2023-05-23 18:18:29 [main] INFO - Netty started on port 8080
2023-05-23 18:18:29 [main] INFO - Started P6eGatewayAuthApplication in 2.131 seconds (process running for 2.4)
2023-05-23 18:47:28 [background-preinit] INFO - HV000001: Hibernate Validator 8.0.0.Final
2023-05-23 18:47:28 [main] INFO - Starting P6eGatewayAuthApplication using Java 17.0.7 with PID 3252 (D:\CodeContents\github\p6e-coat\p6e-coat\p6e-coat-gateway-auth\target\classes started by a1294 in D:\CodeContents\github\p6e-coat\p6e-coat)
2023-05-23 18:47:28 [main] INFO - No active profile set, falling back to 1 default profile: "default"
2023-05-23 18:47:28 [main] INFO - Multiple Spring Data modules found, entering strict repository configuration mode
2023-05-23 18:47:28 [main] INFO - Bootstrapping Spring Data R2DBC repositories in DEFAULT mode.
2023-05-23 18:47:28 [main] INFO - Finished Spring Data repository scanning in 19 ms. Found 0 R2DBC repository interfaces.
2023-05-23 18:47:28 [main] INFO - Multiple Spring Data modules found, entering strict repository configuration mode
2023-05-23 18:47:28 [main] INFO - Bootstrapping Spring Data Redis repositories in DEFAULT mode.
2023-05-23 18:47:28 [main] INFO - Finished Spring Data repository scanning in 3 ms. Found 0 Redis repository interfaces.
2023-05-23 18:47:28 [main] INFO - BeanFactory id=d02fce61-7a3d-3e10-b62e-c927ce383587
2023-05-23 18:47:29 [main] INFO - Loaded RoutePredicateFactory [After]
2023-05-23 18:47:29 [main] INFO - Loaded RoutePredicateFactory [Before]
2023-05-23 18:47:29 [main] INFO - Loaded RoutePredicateFactory [Between]
2023-05-23 18:47:29 [main] INFO - Loaded RoutePredicateFactory [Cookie]
2023-05-23 18:47:29 [main] INFO - Loaded RoutePredicateFactory [Header]
2023-05-23 18:47:29 [main] INFO - Loaded RoutePredicateFactory [Host]
2023-05-23 18:47:29 [main] INFO - Loaded RoutePredicateFactory [Method]
2023-05-23 18:47:29 [main] INFO - Loaded RoutePredicateFactory [Path]
2023-05-23 18:47:29 [main] INFO - Loaded RoutePredicateFactory [Query]
2023-05-23 18:47:29 [main] INFO - Loaded RoutePredicateFactory [ReadBody]
2023-05-23 18:47:29 [main] INFO - Loaded RoutePredicateFactory [RemoteAddr]
2023-05-23 18:47:29 [main] INFO - Loaded RoutePredicateFactory [XForwardedRemoteAddr]
2023-05-23 18:47:29 [main] INFO - Loaded RoutePredicateFactory [Weight]
2023-05-23 18:47:29 [main] INFO - Loaded RoutePredicateFactory [CloudFoundryRouteService]
2023-05-23 18:47:29 [main] INFO - Netty started on port 8080
2023-05-23 18:47:30 [main] INFO - Started P6eGatewayAuthApplication in 2.142 seconds (process running for 2.43)
2023-05-23 18:48:58 [background-preinit] INFO - HV000001: Hibernate Validator 8.0.0.Final
2023-05-23 18:48:58 [main] INFO - Starting P6eGatewayAuthApplication using Java 17.0.7 with PID 11044 (D:\CodeContents\github\p6e-coat\p6e-coat\p6e-coat-gateway-auth\target\classes started by a1294 in D:\CodeContents\github\p6e-coat\p6e-coat)
2023-05-23 18:48:58 [main] INFO - No active profile set, falling back to 1 default profile: "default"
2023-05-23 18:48:58 [main] INFO - Multiple Spring Data modules found, entering strict repository configuration mode
2023-05-23 18:48:58 [main] INFO - Bootstrapping Spring Data R2DBC repositories in DEFAULT mode.
2023-05-23 18:48:58 [main] INFO - Finished Spring Data repository scanning in 15 ms. Found 0 R2DBC repository interfaces.
2023-05-23 18:48:58 [main] INFO - Multiple Spring Data modules found, entering strict repository configuration mode
2023-05-23 18:48:58 [main] INFO - Bootstrapping Spring Data Redis repositories in DEFAULT mode.
2023-05-23 18:48:58 [main] INFO - Finished Spring Data repository scanning in 2 ms. Found 0 Redis repository interfaces.
2023-05-23 18:48:58 [main] INFO - BeanFactory id=d02fce61-7a3d-3e10-b62e-c927ce383587
2023-05-23 18:48:59 [main] INFO - Loaded RoutePredicateFactory [After]
2023-05-23 18:48:59 [main] INFO - Loaded RoutePredicateFactory [Before]
2023-05-23 18:48:59 [main] INFO - Loaded RoutePredicateFactory [Between]
2023-05-23 18:48:59 [main] INFO - Loaded RoutePredicateFactory [Cookie]
2023-05-23 18:48:59 [main] INFO - Loaded RoutePredicateFactory [Header]
2023-05-23 18:48:59 [main] INFO - Loaded RoutePredicateFactory [Host]
2023-05-23 18:48:59 [main] INFO - Loaded RoutePredicateFactory [Method]
2023-05-23 18:48:59 [main] INFO - Loaded RoutePredicateFactory [Path]
2023-05-23 18:48:59 [main] INFO - Loaded RoutePredicateFactory [Query]
2023-05-23 18:48:59 [main] INFO - Loaded RoutePredicateFactory [ReadBody]
2023-05-23 18:48:59 [main] INFO - Loaded RoutePredicateFactory [RemoteAddr]
2023-05-23 18:48:59 [main] INFO - Loaded RoutePredicateFactory [XForwardedRemoteAddr]
2023-05-23 18:48:59 [main] INFO - Loaded RoutePredicateFactory [Weight]
2023-05-23 18:48:59 [main] INFO - Loaded RoutePredicateFactory [CloudFoundryRouteService]
2023-05-23 18:48:59 [main] INFO - Netty started on port 8080
2023-05-23 18:49:00 [main] INFO - Started P6eGatewayAuthApplication in 2.06 seconds (process running for 2.328)
2023-05-23 18:52:04 [background-preinit] INFO - HV000001: Hibernate Validator 8.0.0.Final
2023-05-23 18:52:04 [main] INFO - Starting P6eGatewayAuthApplication using Java 17.0.7 with PID 11852 (D:\CodeContents\github\p6e-coat\p6e-coat\p6e-coat-gateway-auth\target\classes started by a1294 in D:\CodeContents\github\p6e-coat\p6e-coat)
2023-05-23 18:52:04 [main] INFO - No active profile set, falling back to 1 default profile: "default"
2023-05-23 18:52:04 [main] INFO - Multiple Spring Data modules found, entering strict repository configuration mode
2023-05-23 18:52:04 [main] INFO - Bootstrapping Spring Data R2DBC repositories in DEFAULT mode.
2023-05-23 18:52:04 [main] INFO - Finished Spring Data repository scanning in 18 ms. Found 0 R2DBC repository interfaces.
2023-05-23 18:52:04 [main] INFO - Multiple Spring Data modules found, entering strict repository configuration mode
2023-05-23 18:52:04 [main] INFO - Bootstrapping Spring Data Redis repositories in DEFAULT mode.
2023-05-23 18:52:04 [main] INFO - Finished Spring Data repository scanning in 2 ms. Found 0 Redis repository interfaces.
2023-05-23 18:52:04 [main] INFO - BeanFactory id=d02fce61-7a3d-3e10-b62e-c927ce383587
2023-05-23 18:52:05 [main] INFO - Loaded RoutePredicateFactory [After]
2023-05-23 18:52:05 [main] INFO - Loaded RoutePredicateFactory [Before]
2023-05-23 18:52:05 [main] INFO - Loaded RoutePredicateFactory [Between]
2023-05-23 18:52:05 [main] INFO - Loaded RoutePredicateFactory [Cookie]
2023-05-23 18:52:05 [main] INFO - Loaded RoutePredicateFactory [Header]
2023-05-23 18:52:05 [main] INFO - Loaded RoutePredicateFactory [Host]
2023-05-23 18:52:05 [main] INFO - Loaded RoutePredicateFactory [Method]
2023-05-23 18:52:05 [main] INFO - Loaded RoutePredicateFactory [Path]
2023-05-23 18:52:05 [main] INFO - Loaded RoutePredicateFactory [Query]
2023-05-23 18:52:05 [main] INFO - Loaded RoutePredicateFactory [ReadBody]
2023-05-23 18:52:05 [main] INFO - Loaded RoutePredicateFactory [RemoteAddr]
2023-05-23 18:52:05 [main] INFO - Loaded RoutePredicateFactory [XForwardedRemoteAddr]
2023-05-23 18:52:05 [main] INFO - Loaded RoutePredicateFactory [Weight]
2023-05-23 18:52:05 [main] INFO - Loaded RoutePredicateFactory [CloudFoundryRouteService]
2023-05-23 18:52:05 [main] INFO - Netty started on port 8080
2023-05-23 18:52:05 [main] INFO - Started P6eGatewayAuthApplication in 2.105 seconds (process running for 2.383)
2023-05-23 18:57:39 [background-preinit] INFO - HV000001: Hibernate Validator 8.0.0.Final
2023-05-23 18:57:39 [main] INFO - Starting P6eGatewayAuthApplication using Java 17.0.7 with PID 440 (D:\CodeContents\github\p6e-coat\p6e-coat\p6e-coat-gateway-auth\target\classes started by a1294 in D:\CodeContents\github\p6e-coat\p6e-coat)
2023-05-23 18:57:39 [main] INFO - No active profile set, falling back to 1 default profile: "default"
2023-05-23 18:57:39 [main] INFO - Multiple Spring Data modules found, entering strict repository configuration mode
2023-05-23 18:57:39 [main] INFO - Bootstrapping Spring Data R2DBC repositories in DEFAULT mode.
2023-05-23 18:57:39 [main] INFO - Finished Spring Data repository scanning in 20 ms. Found 0 R2DBC repository interfaces.
2023-05-23 18:57:39 [main] INFO - Multiple Spring Data modules found, entering strict repository configuration mode
2023-05-23 18:57:39 [main] INFO - Bootstrapping Spring Data Redis repositories in DEFAULT mode.
2023-05-23 18:57:39 [main] INFO - Finished Spring Data repository scanning in 2 ms. Found 0 Redis repository interfaces.
2023-05-23 18:57:39 [main] INFO - BeanFactory id=d02fce61-7a3d-3e10-b62e-c927ce383587
2023-05-23 18:57:40 [main] INFO - Loaded RoutePredicateFactory [After]
2023-05-23 18:57:40 [main] INFO - Loaded RoutePredicateFactory [Before]
2023-05-23 18:57:40 [main] INFO - Loaded RoutePredicateFactory [Between]
2023-05-23 18:57:40 [main] INFO - Loaded RoutePredicateFactory [Cookie]
2023-05-23 18:57:40 [main] INFO - Loaded RoutePredicateFactory [Header]
2023-05-23 18:57:40 [main] INFO - Loaded RoutePredicateFactory [Host]
2023-05-23 18:57:40 [main] INFO - Loaded RoutePredicateFactory [Method]
2023-05-23 18:57:40 [main] INFO - Loaded RoutePredicateFactory [Path]
2023-05-23 18:57:40 [main] INFO - Loaded RoutePredicateFactory [Query]
2023-05-23 18:57:40 [main] INFO - Loaded RoutePredicateFactory [ReadBody]
2023-05-23 18:57:40 [main] INFO - Loaded RoutePredicateFactory [RemoteAddr]
2023-05-23 18:57:40 [main] INFO - Loaded RoutePredicateFactory [XForwardedRemoteAddr]
2023-05-23 18:57:40 [main] INFO - Loaded RoutePredicateFactory [Weight]
2023-05-23 18:57:40 [main] INFO - Loaded RoutePredicateFactory [CloudFoundryRouteService]
2023-05-23 18:57:40 [main] INFO - Netty started on port 8080
2023-05-23 18:57:40 [main] INFO - Started P6eGatewayAuthApplication in 2.082 seconds (process running for 2.356)
2023-05-23 18:58:08 [background-preinit] INFO - HV000001: Hibernate Validator 8.0.0.Final
2023-05-23 18:58:08 [main] INFO - Starting P6eGatewayAuthApplication using Java 17.0.7 with PID 14912 (D:\CodeContents\github\p6e-coat\p6e-coat\p6e-coat-gateway-auth\target\classes started by a1294 in D:\CodeContents\github\p6e-coat\p6e-coat)
2023-05-23 18:58:08 [main] INFO - No active profile set, falling back to 1 default profile: "default"
2023-05-23 18:58:08 [main] INFO - Multiple Spring Data modules found, entering strict repository configuration mode
2023-05-23 18:58:08 [main] INFO - Bootstrapping Spring Data R2DBC repositories in DEFAULT mode.
2023-05-23 18:58:08 [main] INFO - Finished Spring Data repository scanning in 15 ms. Found 0 R2DBC repository interfaces.
2023-05-23 18:58:08 [main] INFO - Multiple Spring Data modules found, entering strict repository configuration mode
2023-05-23 18:58:08 [main] INFO - Bootstrapping Spring Data Redis repositories in DEFAULT mode.
2023-05-23 18:58:08 [main] INFO - Finished Spring Data repository scanning in 3 ms. Found 0 Redis repository interfaces.
2023-05-23 18:58:08 [main] INFO - BeanFactory id=d02fce61-7a3d-3e10-b62e-c927ce383587
2023-05-23 18:58:09 [main] INFO - Loaded RoutePredicateFactory [After]
2023-05-23 18:58:09 [main] INFO - Loaded RoutePredicateFactory [Before]
2023-05-23 18:58:09 [main] INFO - Loaded RoutePredicateFactory [Between]
2023-05-23 18:58:09 [main] INFO - Loaded RoutePredicateFactory [Cookie]
2023-05-23 18:58:09 [main] INFO - Loaded RoutePredicateFactory [Header]
2023-05-23 18:58:09 [main] INFO - Loaded RoutePredicateFactory [Host]
2023-05-23 18:58:09 [main] INFO - Loaded RoutePredicateFactory [Method]
2023-05-23 18:58:09 [main] INFO - Loaded RoutePredicateFactory [Path]
2023-05-23 18:58:09 [main] INFO - Loaded RoutePredicateFactory [Query]
2023-05-23 18:58:09 [main] INFO - Loaded RoutePredicateFactory [ReadBody]
2023-05-23 18:58:09 [main] INFO - Loaded RoutePredicateFactory [RemoteAddr]
2023-05-23 18:58:09 [main] INFO - Loaded RoutePredicateFactory [XForwardedRemoteAddr]
2023-05-23 18:58:09 [main] INFO - Loaded RoutePredicateFactory [Weight]
2023-05-23 18:58:09 [main] INFO - Loaded RoutePredicateFactory [CloudFoundryRouteService]
2023-05-23 18:58:09 [main] INFO - Netty started on port 8080
2023-05-23 18:58:09 [main] INFO - Started P6eGatewayAuthApplication in 2.057 seconds (process running for 2.322)
2023-05-23 18:58:48 [background-preinit] INFO - HV000001: Hibernate Validator 8.0.0.Final
2023-05-23 18:58:48 [main] INFO - Starting P6eGatewayAuthApplication using Java 17.0.7 with PID 14588 (D:\CodeContents\github\p6e-coat\p6e-coat\p6e-coat-gateway-auth\target\classes started by a1294 in D:\CodeContents\github\p6e-coat\p6e-coat)
2023-05-23 18:58:48 [main] INFO - No active profile set, falling back to 1 default profile: "default"
2023-05-23 18:58:48 [main] INFO - Multiple Spring Data modules found, entering strict repository configuration mode
2023-05-23 18:58:48 [main] INFO - Bootstrapping Spring Data R2DBC repositories in DEFAULT mode.
2023-05-23 18:58:48 [main] INFO - Finished Spring Data repository scanning in 15 ms. Found 0 R2DBC repository interfaces.
2023-05-23 18:58:48 [main] INFO - Multiple Spring Data modules found, entering strict repository configuration mode
2023-05-23 18:58:48 [main] INFO - Bootstrapping Spring Data Redis repositories in DEFAULT mode.
2023-05-23 18:58:48 [main] INFO - Finished Spring Data repository scanning in 3 ms. Found 0 Redis repository interfaces.
2023-05-23 18:58:48 [main] INFO - BeanFactory id=d02fce61-7a3d-3e10-b62e-c927ce383587
2023-05-23 18:58:49 [main] INFO - Loaded RoutePredicateFactory [After]
2023-05-23 18:58:49 [main] INFO - Loaded RoutePredicateFactory [Before]
2023-05-23 18:58:49 [main] INFO - Loaded RoutePredicateFactory [Between]
2023-05-23 18:58:49 [main] INFO - Loaded RoutePredicateFactory [Cookie]
2023-05-23 18:58:49 [main] INFO - Loaded RoutePredicateFactory [Header]
2023-05-23 18:58:49 [main] INFO - Loaded RoutePredicateFactory [Host]
2023-05-23 18:58:49 [main] INFO - Loaded RoutePredicateFactory [Method]
2023-05-23 18:58:49 [main] INFO - Loaded RoutePredicateFactory [Path]
2023-05-23 18:58:49 [main] INFO - Loaded RoutePredicateFactory [Query]
2023-05-23 18:58:49 [main] INFO - Loaded RoutePredicateFactory [ReadBody]
2023-05-23 18:58:49 [main] INFO - Loaded RoutePredicateFactory [RemoteAddr]
2023-05-23 18:58:49 [main] INFO - Loaded RoutePredicateFactory [XForwardedRemoteAddr]
2023-05-23 18:58:49 [main] INFO - Loaded RoutePredicateFactory [Weight]
2023-05-23 18:58:49 [main] INFO - Loaded RoutePredicateFactory [CloudFoundryRouteService]
2023-05-23 18:58:49 [main] INFO - Netty started on port 8080
2023-05-23 18:58:50 [main] INFO - Started P6eGatewayAuthApplication in 2.088 seconds (process running for 2.357)
2023-05-23 18:59:35 [background-preinit] INFO - HV000001: Hibernate Validator 8.0.0.Final
2023-05-23 18:59:35 [main] INFO - Starting P6eGatewayAuthApplication using Java 17.0.7 with PID 2888 (D:\CodeContents\github\p6e-coat\p6e-coat\p6e-coat-gateway-auth\target\classes started by a1294 in D:\CodeContents\github\p6e-coat\p6e-coat)
2023-05-23 18:59:35 [main] INFO - No active profile set, falling back to 1 default profile: "default"
2023-05-23 18:59:36 [main] INFO - Multiple Spring Data modules found, entering strict repository configuration mode
2023-05-23 18:59:36 [main] INFO - Bootstrapping Spring Data R2DBC repositories in DEFAULT mode.
2023-05-23 18:59:36 [main] INFO - Finished Spring Data repository scanning in 16 ms. Found 0 R2DBC repository interfaces.
2023-05-23 18:59:36 [main] INFO - Multiple Spring Data modules found, entering strict repository configuration mode
2023-05-23 18:59:36 [main] INFO - Bootstrapping Spring Data Redis repositories in DEFAULT mode.
2023-05-23 18:59:36 [main] INFO - Finished Spring Data repository scanning in 3 ms. Found 0 Redis repository interfaces.
2023-05-23 18:59:36 [main] INFO - BeanFactory id=12cf569e-f261-3585-bd7f-9b727c9a363d
2023-05-23 18:59:37 [main] INFO - Loaded RoutePredicateFactory [After]
2023-05-23 18:59:37 [main] INFO - Loaded RoutePredicateFactory [Before]
2023-05-23 18:59:37 [main] INFO - Loaded RoutePredicateFactory [Between]
2023-05-23 18:59:37 [main] INFO - Loaded RoutePredicateFactory [Cookie]
2023-05-23 18:59:37 [main] INFO - Loaded RoutePredicateFactory [Header]
2023-05-23 18:59:37 [main] INFO - Loaded RoutePredicateFactory [Host]
2023-05-23 18:59:37 [main] INFO - Loaded RoutePredicateFactory [Method]
2023-05-23 18:59:37 [main] INFO - Loaded RoutePredicateFactory [Path]
2023-05-23 18:59:37 [main] INFO - Loaded RoutePredicateFactory [Query]
2023-05-23 18:59:37 [main] INFO - Loaded RoutePredicateFactory [ReadBody]
2023-05-23 18:59:37 [main] INFO - Loaded RoutePredicateFactory [RemoteAddr]
2023-05-23 18:59:37 [main] INFO - Loaded RoutePredicateFactory [XForwardedRemoteAddr]
2023-05-23 18:59:37 [main] INFO - Loaded RoutePredicateFactory [Weight]
2023-05-23 18:59:37 [main] INFO - Loaded RoutePredicateFactory [CloudFoundryRouteService]
2023-05-23 18:59:37 [main] INFO - Netty started on port 8080
2023-05-23 18:59:37 [main] INFO - Started P6eGatewayAuthApplication in 2.089 seconds (process running for 2.37)
2023-05-23 19:52:15 [background-preinit] INFO - HV000001: Hibernate Validator 8.0.0.Final
2023-05-23 19:52:15 [main] INFO - Starting P6eGatewayAuthApplication using Java 17.0.7 with PID 10676 (D:\CodeContents\github\p6e-coat\p6e-coat\p6e-coat-gateway-auth\target\classes started by a1294 in D:\CodeContents\github\p6e-coat\p6e-coat)
2023-05-23 19:52:15 [main] INFO - No active profile set, falling back to 1 default profile: "default"
2023-05-23 19:52:15 [main] INFO - Multiple Spring Data modules found, entering strict repository configuration mode
2023-05-23 19:52:15 [main] INFO - Bootstrapping Spring Data R2DBC repositories in DEFAULT mode.
2023-05-23 19:52:15 [main] INFO - Finished Spring Data repository scanning in 16 ms. Found 0 R2DBC repository interfaces.
2023-05-23 19:52:15 [main] INFO - Multiple Spring Data modules found, entering strict repository configuration mode
2023-05-23 19:52:15 [main] INFO - Bootstrapping Spring Data Redis repositories in DEFAULT mode.
2023-05-23 19:52:15 [main] INFO - Finished Spring Data repository scanning in 2 ms. Found 0 Redis repository interfaces.
2023-05-23 19:52:15 [main] INFO - BeanFactory id=12cf569e-f261-3585-bd7f-9b727c9a363d
2023-05-23 19:52:16 [main] INFO - Loaded RoutePredicateFactory [After]
2023-05-23 19:52:16 [main] INFO - Loaded RoutePredicateFactory [Before]
2023-05-23 19:52:16 [main] INFO - Loaded RoutePredicateFactory [Between]
2023-05-23 19:52:16 [main] INFO - Loaded RoutePredicateFactory [Cookie]
2023-05-23 19:52:16 [main] INFO - Loaded RoutePredicateFactory [Header]
2023-05-23 19:52:16 [main] INFO - Loaded RoutePredicateFactory [Host]
2023-05-23 19:52:16 [main] INFO - Loaded RoutePredicateFactory [Method]
2023-05-23 19:52:16 [main] INFO - Loaded RoutePredicateFactory [Path]
2023-05-23 19:52:16 [main] INFO - Loaded RoutePredicateFactory [Query]
2023-05-23 19:52:16 [main] INFO - Loaded RoutePredicateFactory [ReadBody]
2023-05-23 19:52:16 [main] INFO - Loaded RoutePredicateFactory [RemoteAddr]
2023-05-23 19:52:16 [main] INFO - Loaded RoutePredicateFactory [XForwardedRemoteAddr]
2023-05-23 19:52:16 [main] INFO - Loaded RoutePredicateFactory [Weight]
2023-05-23 19:52:16 [main] INFO - Loaded RoutePredicateFactory [CloudFoundryRouteService]
2023-05-23 19:52:16 [main] INFO - Netty started on port 8080
2023-05-23 19:52:17 [main] INFO - Started P6eGatewayAuthApplication in 2.136 seconds (process running for 2.411)
