2023-09-15 15:05:07 [main] INFO - Starting P6eAuthApplication using Java 17.0.7 with PID 7960 (D:\CodeContents\github\p6e-coat\p6e-coat\p6e-auth\target\classes started by a1294 in D:\CodeContents\github\p6e-coat\p6e-coat)
2023-09-15 15:05:07 [main] INFO - No active profile set, falling back to 1 default profile: "default"
2023-09-15 15:05:08 [main] INFO - Multiple Spring Data modules found, entering strict repository configuration mode
2023-09-15 15:05:08 [main] INFO - Bootstrapping Spring Data R2DBC repositories in DEFAULT mode.
2023-09-15 15:05:08 [main] INFO - Finished Spring Data repository scanning in 23 ms. Found 0 R2DBC repository interfaces.
2023-09-15 15:05:08 [main] INFO - Multiple Spring Data modules found, entering strict repository configuration mode
2023-09-15 15:05:08 [main] INFO - Bootstrapping Spring Data Redis repositories in DEFAULT mode.
2023-09-15 15:05:08 [main] INFO - Finished Spring Data repository scanning in 4 ms. Found 0 Redis repository interfaces.
2023-09-15 15:05:08 [main] INFO - 

Error starting ApplicationContext. To display the condition evaluation report re-run your application with 'debug' enabled.
2023-09-15 15:08:34 [main] INFO - Starting P6eAuthApplication using Java 17.0.7 with PID 6484 (D:\CodeContents\github\p6e-coat\p6e-coat\p6e-auth\target\classes started by a1294 in D:\CodeContents\github\p6e-coat\p6e-coat)
2023-09-15 15:08:34 [main] INFO - No active profile set, falling back to 1 default profile: "default"
2023-09-15 15:08:34 [main] INFO - Multiple Spring Data modules found, entering strict repository configuration mode
2023-09-15 15:08:34 [main] INFO - Bootstrapping Spring Data R2DBC repositories in DEFAULT mode.
2023-09-15 15:08:34 [main] INFO - Finished Spring Data repository scanning in 23 ms. Found 0 R2DBC repository interfaces.
2023-09-15 15:08:34 [main] INFO - Multiple Spring Data modules found, entering strict repository configuration mode
2023-09-15 15:08:34 [main] INFO - Bootstrapping Spring Data Redis repositories in DEFAULT mode.
2023-09-15 15:08:34 [main] INFO - Finished Spring Data repository scanning in 4 ms. Found 0 Redis repository interfaces.
2023-09-15 15:08:34 [main] INFO - 

Error starting ApplicationContext. To display the condition evaluation report re-run your application with 'debug' enabled.
2023-09-15 15:09:05 [main] INFO - Starting P6eAuthApplication using Java 17.0.7 with PID 2800 (D:\CodeContents\github\p6e-coat\p6e-coat\p6e-auth\target\classes started by a1294 in D:\CodeContents\github\p6e-coat\p6e-coat)
2023-09-15 15:09:05 [main] INFO - No active profile set, falling back to 1 default profile: "default"
2023-09-15 15:09:05 [main] INFO - Multiple Spring Data modules found, entering strict repository configuration mode
2023-09-15 15:09:05 [main] INFO - Bootstrapping Spring Data R2DBC repositories in DEFAULT mode.
2023-09-15 15:09:05 [main] INFO - Finished Spring Data repository scanning in 24 ms. Found 0 R2DBC repository interfaces.
2023-09-15 15:09:05 [main] INFO - Multiple Spring Data modules found, entering strict repository configuration mode
2023-09-15 15:09:05 [main] INFO - Bootstrapping Spring Data Redis repositories in DEFAULT mode.
2023-09-15 15:09:05 [main] INFO - Finished Spring Data repository scanning in 4 ms. Found 0 Redis repository interfaces.
2023-09-15 15:09:06 [main] INFO - Netty started on port 8080
2023-09-15 15:09:06 [main] INFO - Started P6eAuthApplication in 1.501 seconds (process running for 1.779)
2023-09-15 15:12:35 [main] INFO - Starting P6eAuthApplication using Java 17.0.7 with PID 4564 (D:\CodeContents\github\p6e-coat\p6e-coat\p6e-auth\target\classes started by a1294 in D:\CodeContents\github\p6e-coat\p6e-coat)
2023-09-15 15:12:35 [main] INFO - No active profile set, falling back to 1 default profile: "default"
2023-09-15 15:12:35 [main] INFO - Multiple Spring Data modules found, entering strict repository configuration mode
2023-09-15 15:12:35 [main] INFO - Bootstrapping Spring Data R2DBC repositories in DEFAULT mode.
2023-09-15 15:12:35 [main] INFO - Finished Spring Data repository scanning in 23 ms. Found 0 R2DBC repository interfaces.
2023-09-15 15:12:35 [main] INFO - Multiple Spring Data modules found, entering strict repository configuration mode
2023-09-15 15:12:35 [main] INFO - Bootstrapping Spring Data Redis repositories in DEFAULT mode.
2023-09-15 15:12:35 [main] INFO - Finished Spring Data repository scanning in 4 ms. Found 0 Redis repository interfaces.
2023-09-15 15:12:36 [main] INFO - Auto Auth >>> Properties(enable=true, interceptor=[], redirectIndexPage=false, redirectIndexPagePath=/, jwtAccessTokenSecret=null, jwtRefreshTokenSecret=null, referer=Properties.Referer(enabled=false, whiteList=[*]), crossDomain=Properties.CrossDomain(enabled=true), mode=PHONE_OR_MAILBOX, auth=Properties.Auth(validator=Properties.Bean(name=HTTP_LOCAL_JWT, dependency=[]), authority=Properties.Bean(name=HTTP_LOCAL_JWT, dependency=[])), cache=Properties.Cache(type=MEMORY), login=Properties.Login(enable=true, accountPassword=Properties.Login.AccountPassword(enable=true, enableTransmissionEncryption=false), verificationCode=Properties.Login.VerificationCode(enable=true), qrCode=Properties.Login.QrCode(enable=true), others={QQ=Properties.Login.Other(enable=false, config={#token_redirect_uri=@{redirect_uri}, @home=https://graph.qq.com/oauth2.0/authorize?response_type=@{#home_response_type}&client_id=@{#home_client_id}&redirect_uri=@{#home_redirect_uri}&scope=@{#home_scope}, secret=my_secret, #home_scope=get_user_info, #token_client_secret=@{secret}, #token_client_id=@{key}, #token_grant_type=authorization_code, #home_redirect_uri=@{redirect_uri}, @token=https://graph.qq.com/oauth2.0/token?grant_type=@{#token_grant_type}&client_id=@{#token_client_id}&client_secret=@{#token_client_secret}&redirect_uri=@{#token_redirect_uri}, #home_client_id=@{key}, @me=https://graph.qq.com/oauth2.0/me, #home_response_type=code, @info=https://graph.qq.com/user/get_user_info?oauth_consumer_key=@{#info_oauth_consumer_key}, redirect_uri=my_redirect_uri, #info_oauth_consumer_key=@{key}, key=my_key})}), oauth2=Properties.Oauth2(enable=true, client=Properties.Oauth2.Client(enable=true), password=Properties.Oauth2.Password(enable=true), authorizationCode=Properties.Oauth2.AuthorizationCode(enable=true)), register=Properties.Register(enable=true, enableOtherLoginBinding=true), page=Properties.Page(me=classpath:page/me.html, login=classpath:page/login.html, register=classpath:page/register.html), signature=Properties.Signature(enable=false, secret=ch2b8wh8t57n6r8p6wj6m5nu7ku8nde8))
2023-09-15 15:12:36 [main] INFO - Netty started on port 8080
2023-09-15 15:12:36 [main] INFO - Started P6eAuthApplication in 1.482 seconds (process running for 1.772)
2023-09-15 15:17:00 [main] INFO - Starting P6eAuthApplication using Java 17.0.7 with PID 19416 (D:\CodeContents\github\p6e-coat\p6e-coat\p6e-auth\target\classes started by a1294 in D:\CodeContents\github\p6e-coat\p6e-coat)
2023-09-15 15:17:00 [main] INFO - No active profile set, falling back to 1 default profile: "default"
2023-09-15 15:17:00 [main] INFO - Multiple Spring Data modules found, entering strict repository configuration mode
2023-09-15 15:17:00 [main] INFO - Bootstrapping Spring Data R2DBC repositories in DEFAULT mode.
2023-09-15 15:17:00 [main] INFO - Finished Spring Data repository scanning in 23 ms. Found 0 R2DBC repository interfaces.
2023-09-15 15:17:00 [main] INFO - Multiple Spring Data modules found, entering strict repository configuration mode
2023-09-15 15:17:00 [main] INFO - Bootstrapping Spring Data Redis repositories in DEFAULT mode.
2023-09-15 15:17:00 [main] INFO - Finished Spring Data repository scanning in 4 ms. Found 0 Redis repository interfaces.
2023-09-15 15:17:01 [main] INFO - Auto Auth >>> Properties(enable=true, interceptor=[], redirectIndexPage=false, redirectIndexPagePath=/, jwtAccessTokenSecret=null, jwtRefreshTokenSecret=null, referer=Properties.Referer(enabled=false, whiteList=[*]), crossDomain=Properties.CrossDomain(enabled=true), mode=PHONE_OR_MAILBOX, auth=Properties.Auth(validator=Properties.Bean(name=HTTP_LOCAL_JWT, dependency=[]), authority=Properties.Bean(name=HTTP_LOCAL_JWT, dependency=[])), cache=Properties.Cache(type=MEMORY), login=Properties.Login(enable=true, accountPassword=Properties.Login.AccountPassword(enable=true, enableTransmissionEncryption=false), verificationCode=Properties.Login.VerificationCode(enable=true), qrCode=Properties.Login.QrCode(enable=true), others={QQ=Properties.Login.Other(enable=false, config={#token_redirect_uri=@{redirect_uri}, @home=https://graph.qq.com/oauth2.0/authorize?response_type=@{#home_response_type}&client_id=@{#home_client_id}&redirect_uri=@{#home_redirect_uri}&scope=@{#home_scope}, secret=my_secret, #home_scope=get_user_info, #token_client_secret=@{secret}, #token_client_id=@{key}, #token_grant_type=authorization_code, #home_redirect_uri=@{redirect_uri}, @token=https://graph.qq.com/oauth2.0/token?grant_type=@{#token_grant_type}&client_id=@{#token_client_id}&client_secret=@{#token_client_secret}&redirect_uri=@{#token_redirect_uri}, #home_client_id=@{key}, @me=https://graph.qq.com/oauth2.0/me, #home_response_type=code, @info=https://graph.qq.com/user/get_user_info?oauth_consumer_key=@{#info_oauth_consumer_key}, redirect_uri=my_redirect_uri, #info_oauth_consumer_key=@{key}, key=my_key})}), oauth2=Properties.Oauth2(enable=true, client=Properties.Oauth2.Client(enable=true), password=Properties.Oauth2.Password(enable=true), authorizationCode=Properties.Oauth2.AuthorizationCode(enable=true)), register=Properties.Register(enable=true, enableOtherLoginBinding=true), page=Properties.Page(me=classpath:page/me.html, login=classpath:page/login.html, register=classpath:page/register.html), signature=Properties.Signature(enable=false, secret=ch2b8wh8t57n6r8p6wj6m5nu7ku8nde8))
2023-09-15 15:17:01 [main] INFO - Netty started on port 8080
2023-09-15 15:17:01 [main] INFO - Started P6eAuthApplication in 1.482 seconds (process running for 1.768)
2023-09-15 15:19:15 [main] INFO - Starting P6eAuthApplication using Java 17.0.7 with PID 13344 (D:\CodeContents\github\p6e-coat\p6e-coat\p6e-auth\target\classes started by a1294 in D:\CodeContents\github\p6e-coat\p6e-coat)
2023-09-15 15:19:15 [main] INFO - No active profile set, falling back to 1 default profile: "default"
2023-09-15 15:19:15 [main] INFO - Multiple Spring Data modules found, entering strict repository configuration mode
2023-09-15 15:19:15 [main] INFO - Bootstrapping Spring Data R2DBC repositories in DEFAULT mode.
2023-09-15 15:19:15 [main] INFO - Finished Spring Data repository scanning in 23 ms. Found 0 R2DBC repository interfaces.
2023-09-15 15:19:15 [main] INFO - Multiple Spring Data modules found, entering strict repository configuration mode
2023-09-15 15:19:15 [main] INFO - Bootstrapping Spring Data Redis repositories in DEFAULT mode.
2023-09-15 15:19:15 [main] INFO - Finished Spring Data repository scanning in 4 ms. Found 0 Redis repository interfaces.
2023-09-15 15:19:15 [main] INFO - Auto Auth >>> Properties(enable=true, interceptor=[], redirectIndexPage=false, redirectIndexPagePath=/, jwtAccessTokenSecret=null, jwtRefreshTokenSecret=null, referer=Properties.Referer(enabled=false, whiteList=[*]), crossDomain=Properties.CrossDomain(enabled=true), mode=PHONE_OR_MAILBOX, auth=Properties.Auth(validator=Properties.Bean(name=HTTP_LOCAL_JWT, dependency=[]), authority=Properties.Bean(name=HTTP_LOCAL_JWT, dependency=[])), cache=Properties.Cache(type=MEMORY), login=Properties.Login(enable=false, accountPassword=Properties.Login.AccountPassword(enable=true, enableTransmissionEncryption=false), verificationCode=Properties.Login.VerificationCode(enable=true), qrCode=Properties.Login.QrCode(enable=true), others={QQ=Properties.Login.Other(enable=false, config={#token_redirect_uri=@{redirect_uri}, @home=https://graph.qq.com/oauth2.0/authorize?response_type=@{#home_response_type}&client_id=@{#home_client_id}&redirect_uri=@{#home_redirect_uri}&scope=@{#home_scope}, secret=my_secret, #home_scope=get_user_info, #token_client_secret=@{secret}, #token_client_id=@{key}, #token_grant_type=authorization_code, #home_redirect_uri=@{redirect_uri}, @token=https://graph.qq.com/oauth2.0/token?grant_type=@{#token_grant_type}&client_id=@{#token_client_id}&client_secret=@{#token_client_secret}&redirect_uri=@{#token_redirect_uri}, #home_client_id=@{key}, @me=https://graph.qq.com/oauth2.0/me, #home_response_type=code, @info=https://graph.qq.com/user/get_user_info?oauth_consumer_key=@{#info_oauth_consumer_key}, redirect_uri=my_redirect_uri, #info_oauth_consumer_key=@{key}, key=my_key})}), oauth2=Properties.Oauth2(enable=true, client=Properties.Oauth2.Client(enable=true), password=Properties.Oauth2.Password(enable=true), authorizationCode=Properties.Oauth2.AuthorizationCode(enable=true)), register=Properties.Register(enable=true, enableOtherLoginBinding=true), page=Properties.Page(me=classpath:page/me.html, login=classpath:page/login.html, register=classpath:page/register.html), signature=Properties.Signature(enable=false, secret=ch2b8wh8t57n6r8p6wj6m5nu7ku8nde8))
2023-09-15 15:19:16 [main] INFO - Netty started on port 8080
2023-09-15 15:19:16 [main] INFO - Started P6eAuthApplication in 1.488 seconds (process running for 1.792)
2023-09-15 15:19:46 [main] INFO - Starting P6eAuthApplication using Java 17.0.7 with PID 19620 (D:\CodeContents\github\p6e-coat\p6e-coat\p6e-auth\target\classes started by a1294 in D:\CodeContents\github\p6e-coat\p6e-coat)
2023-09-15 15:19:46 [main] INFO - No active profile set, falling back to 1 default profile: "default"
2023-09-15 15:19:47 [main] INFO - Multiple Spring Data modules found, entering strict repository configuration mode
2023-09-15 15:19:47 [main] INFO - Bootstrapping Spring Data R2DBC repositories in DEFAULT mode.
2023-09-15 15:19:47 [main] INFO - Finished Spring Data repository scanning in 23 ms. Found 0 R2DBC repository interfaces.
2023-09-15 15:19:47 [main] INFO - Multiple Spring Data modules found, entering strict repository configuration mode
2023-09-15 15:19:47 [main] INFO - Bootstrapping Spring Data Redis repositories in DEFAULT mode.
2023-09-15 15:19:47 [main] INFO - Finished Spring Data repository scanning in 4 ms. Found 0 Redis repository interfaces.
2023-09-15 15:19:47 [main] INFO - Auto Auth >>> Properties(enable=true, interceptor=[], redirectIndexPage=false, redirectIndexPagePath=/, jwtAccessTokenSecret=null, jwtRefreshTokenSecret=null, referer=Properties.Referer(enabled=false, whiteList=[*]), crossDomain=Properties.CrossDomain(enabled=true), mode=PHONE_OR_MAILBOX, auth=Properties.Auth(validator=Properties.Bean(name=HTTP_LOCAL_JWT, dependency=[]), authority=Properties.Bean(name=HTTP_LOCAL_JWT, dependency=[])), cache=Properties.Cache(type=MEMORY), login=Properties.Login(enable=false, accountPassword=Properties.Login.AccountPassword(enable=true, enableTransmissionEncryption=false), verificationCode=Properties.Login.VerificationCode(enable=true), qrCode=Properties.Login.QrCode(enable=true), others={QQ=Properties.Login.Other(enable=false, config={#token_redirect_uri=@{redirect_uri}, @home=https://graph.qq.com/oauth2.0/authorize?response_type=@{#home_response_type}&client_id=@{#home_client_id}&redirect_uri=@{#home_redirect_uri}&scope=@{#home_scope}, secret=my_secret, #home_scope=get_user_info, #token_client_secret=@{secret}, #token_client_id=@{key}, #token_grant_type=authorization_code, #home_redirect_uri=@{redirect_uri}, @token=https://graph.qq.com/oauth2.0/token?grant_type=@{#token_grant_type}&client_id=@{#token_client_id}&client_secret=@{#token_client_secret}&redirect_uri=@{#token_redirect_uri}, #home_client_id=@{key}, @me=https://graph.qq.com/oauth2.0/me, #home_response_type=code, @info=https://graph.qq.com/user/get_user_info?oauth_consumer_key=@{#info_oauth_consumer_key}, redirect_uri=my_redirect_uri, #info_oauth_consumer_key=@{key}, key=my_key})}), oauth2=Properties.Oauth2(enable=false, client=Properties.Oauth2.Client(enable=true), password=Properties.Oauth2.Password(enable=true), authorizationCode=Properties.Oauth2.AuthorizationCode(enable=true)), register=Properties.Register(enable=false, enableOtherLoginBinding=true), page=Properties.Page(me=classpath:page/me.html, login=classpath:page/login.html, register=classpath:page/register.html), signature=Properties.Signature(enable=false, secret=ch2b8wh8t57n6r8p6wj6m5nu7ku8nde8))
2023-09-15 15:19:47 [main] INFO - Netty started on port 8080
2023-09-15 15:19:47 [main] INFO - Started P6eAuthApplication in 1.392 seconds (process running for 1.672)
2023-09-15 15:25:50 [main] INFO - Starting P6eAuthApplication using Java 17.0.7 with PID 2988 (D:\CodeContents\github\p6e-coat\p6e-coat\p6e-auth\target\classes started by a1294 in D:\CodeContents\github\p6e-coat\p6e-coat)
2023-09-15 15:25:50 [main] INFO - No active profile set, falling back to 1 default profile: "default"
2023-09-15 15:25:50 [main] INFO - Multiple Spring Data modules found, entering strict repository configuration mode
2023-09-15 15:25:50 [main] INFO - Bootstrapping Spring Data R2DBC repositories in DEFAULT mode.
2023-09-15 15:25:50 [main] INFO - Finished Spring Data repository scanning in 23 ms. Found 0 R2DBC repository interfaces.
2023-09-15 15:25:50 [main] INFO - Multiple Spring Data modules found, entering strict repository configuration mode
2023-09-15 15:25:50 [main] INFO - Bootstrapping Spring Data Redis repositories in DEFAULT mode.
2023-09-15 15:25:50 [main] INFO - Finished Spring Data repository scanning in 4 ms. Found 0 Redis repository interfaces.
2023-09-15 15:25:50 [main] INFO - Auto Auth >>> Properties(enable=true, interceptor=[], redirectIndexPage=false, redirectIndexPagePath=/, jwtAccessTokenSecret=null, jwtRefreshTokenSecret=null, referer=Properties.Referer(enabled=false, whiteList=[*]), crossDomain=Properties.CrossDomain(enabled=true), mode=PHONE_OR_MAILBOX, auth=Properties.Auth(validator=Properties.Bean(name=HTTP_LOCAL_JWT, dependency=[]), authority=Properties.Bean(name=HTTP_LOCAL_JWT, dependency=[])), cache=Properties.Cache(type=MEMORY), login=Properties.Login(enable=false, accountPassword=Properties.Login.AccountPassword(enable=true, enableTransmissionEncryption=false), verificationCode=Properties.Login.VerificationCode(enable=true), qrCode=Properties.Login.QrCode(enable=true), others={QQ=Properties.Login.Other(enable=false, config={#token_redirect_uri=@{redirect_uri}, @home=https://graph.qq.com/oauth2.0/authorize?response_type=@{#home_response_type}&client_id=@{#home_client_id}&redirect_uri=@{#home_redirect_uri}&scope=@{#home_scope}, secret=my_secret, #home_scope=get_user_info, #token_client_secret=@{secret}, #token_client_id=@{key}, #token_grant_type=authorization_code, #home_redirect_uri=@{redirect_uri}, @token=https://graph.qq.com/oauth2.0/token?grant_type=@{#token_grant_type}&client_id=@{#token_client_id}&client_secret=@{#token_client_secret}&redirect_uri=@{#token_redirect_uri}, #home_client_id=@{key}, @me=https://graph.qq.com/oauth2.0/me, #home_response_type=code, @info=https://graph.qq.com/user/get_user_info?oauth_consumer_key=@{#info_oauth_consumer_key}, redirect_uri=my_redirect_uri, #info_oauth_consumer_key=@{key}, key=my_key})}), oauth2=Properties.Oauth2(enable=false, client=Properties.Oauth2.Client(enable=true), password=Properties.Oauth2.Password(enable=true), authorizationCode=Properties.Oauth2.AuthorizationCode(enable=true)), register=Properties.Register(enable=false, enableOtherLoginBinding=true), page=Properties.Page(me=classpath:page/me.html, login=classpath:page/login.html, register=classpath:page/register.html), signature=Properties.Signature(enable=false, secret=ch2b8wh8t57n6r8p6wj6m5nu7ku8nde8))
2023-09-15 15:25:51 [main] INFO - Netty started on port 8080
2023-09-15 15:25:51 [main] INFO - Started P6eAuthApplication in 1.436 seconds (process running for 1.717)
2023-09-15 15:26:12 [main] INFO - Starting P6eAuthApplication using Java 17.0.7 with PID 21708 (D:\CodeContents\github\p6e-coat\p6e-coat\p6e-auth\target\classes started by a1294 in D:\CodeContents\github\p6e-coat\p6e-coat)
2023-09-15 15:26:12 [main] INFO - No active profile set, falling back to 1 default profile: "default"
2023-09-15 15:26:12 [main] INFO - Multiple Spring Data modules found, entering strict repository configuration mode
2023-09-15 15:26:12 [main] INFO - Bootstrapping Spring Data R2DBC repositories in DEFAULT mode.
2023-09-15 15:26:12 [main] INFO - Finished Spring Data repository scanning in 22 ms. Found 0 R2DBC repository interfaces.
2023-09-15 15:26:12 [main] INFO - Multiple Spring Data modules found, entering strict repository configuration mode
2023-09-15 15:26:12 [main] INFO - Bootstrapping Spring Data Redis repositories in DEFAULT mode.
2023-09-15 15:26:12 [main] INFO - Finished Spring Data repository scanning in 4 ms. Found 0 Redis repository interfaces.
2023-09-15 15:26:12 [main] INFO - Auto Auth >>> Properties(enable=true, interceptor=[], redirectIndexPage=false, redirectIndexPagePath=/, jwtAccessTokenSecret=null, jwtRefreshTokenSecret=null, referer=Properties.Referer(enabled=false, whiteList=[*]), crossDomain=Properties.CrossDomain(enabled=true), mode=PHONE_OR_MAILBOX, auth=Properties.Auth(validator=Properties.Bean(name=HTTP_LOCAL_JWT, dependency=[]), authority=Properties.Bean(name=HTTP_LOCAL_JWT, dependency=[])), cache=Properties.Cache(type=MEMORY), login=Properties.Login(enable=false, accountPassword=Properties.Login.AccountPassword(enable=true, enableTransmissionEncryption=false), verificationCode=Properties.Login.VerificationCode(enable=true), qrCode=Properties.Login.QrCode(enable=true), others={QQ=Properties.Login.Other(enable=false, config={#token_redirect_uri=@{redirect_uri}, @home=https://graph.qq.com/oauth2.0/authorize?response_type=@{#home_response_type}&client_id=@{#home_client_id}&redirect_uri=@{#home_redirect_uri}&scope=@{#home_scope}, secret=my_secret, #home_scope=get_user_info, #token_client_secret=@{secret}, #token_client_id=@{key}, #token_grant_type=authorization_code, #home_redirect_uri=@{redirect_uri}, @token=https://graph.qq.com/oauth2.0/token?grant_type=@{#token_grant_type}&client_id=@{#token_client_id}&client_secret=@{#token_client_secret}&redirect_uri=@{#token_redirect_uri}, #home_client_id=@{key}, @me=https://graph.qq.com/oauth2.0/me, #home_response_type=code, @info=https://graph.qq.com/user/get_user_info?oauth_consumer_key=@{#info_oauth_consumer_key}, redirect_uri=my_redirect_uri, #info_oauth_consumer_key=@{key}, key=my_key})}), oauth2=Properties.Oauth2(enable=false, client=Properties.Oauth2.Client(enable=true), password=Properties.Oauth2.Password(enable=true), authorizationCode=Properties.Oauth2.AuthorizationCode(enable=true)), register=Properties.Register(enable=false, enableOtherLoginBinding=true), page=Properties.Page(me=classpath:page/me.html, login=classpath:page/login.html, register=classpath:page/register.html), signature=Properties.Signature(enable=false, secret=ch2b8wh8t57n6r8p6wj6m5nu7ku8nde8))
2023-09-15 15:26:13 [main] INFO - Netty started on port 8080
2023-09-15 15:26:13 [main] INFO - Started P6eAuthApplication in 1.415 seconds (process running for 1.773)
2023-09-15 15:28:01 [main] INFO - Starting P6eAuthApplication using Java 17.0.7 with PID 20300 (D:\CodeContents\github\p6e-coat\p6e-coat\p6e-auth\target\classes started by a1294 in D:\CodeContents\github\p6e-coat\p6e-coat)
2023-09-15 15:28:01 [main] INFO - No active profile set, falling back to 1 default profile: "default"
2023-09-15 15:28:02 [main] INFO - Multiple Spring Data modules found, entering strict repository configuration mode
2023-09-15 15:28:02 [main] INFO - Bootstrapping Spring Data R2DBC repositories in DEFAULT mode.
2023-09-15 15:28:02 [main] INFO - Finished Spring Data repository scanning in 21 ms. Found 0 R2DBC repository interfaces.
2023-09-15 15:28:02 [main] INFO - Multiple Spring Data modules found, entering strict repository configuration mode
2023-09-15 15:28:02 [main] INFO - Bootstrapping Spring Data Redis repositories in DEFAULT mode.
2023-09-15 15:28:02 [main] INFO - Finished Spring Data repository scanning in 4 ms. Found 0 Redis repository interfaces.
2023-09-15 15:28:02 [main] INFO - Auto Auth >>> Properties(enable=true, interceptor=[], redirectIndexPage=false, redirectIndexPagePath=/, jwtAccessTokenSecret=null, jwtRefreshTokenSecret=null, referer=Properties.Referer(enabled=false, whiteList=[*]), crossDomain=Properties.CrossDomain(enabled=true), mode=PHONE_OR_MAILBOX, auth=Properties.Auth(validator=Properties.Bean(name=HTTP_LOCAL_JWT, dependency=[]), authority=Properties.Bean(name=HTTP_LOCAL_JWT, dependency=[])), cache=Properties.Cache(type=MEMORY), login=Properties.Login(enable=false, accountPassword=Properties.Login.AccountPassword(enable=true, enableTransmissionEncryption=false), verificationCode=Properties.Login.VerificationCode(enable=true), qrCode=Properties.Login.QrCode(enable=true), others={QQ=Properties.Login.Other(enable=false, config={#token_redirect_uri=@{redirect_uri}, @home=https://graph.qq.com/oauth2.0/authorize?response_type=@{#home_response_type}&client_id=@{#home_client_id}&redirect_uri=@{#home_redirect_uri}&scope=@{#home_scope}, secret=my_secret, #home_scope=get_user_info, #token_client_secret=@{secret}, #token_client_id=@{key}, #token_grant_type=authorization_code, #home_redirect_uri=@{redirect_uri}, @token=https://graph.qq.com/oauth2.0/token?grant_type=@{#token_grant_type}&client_id=@{#token_client_id}&client_secret=@{#token_client_secret}&redirect_uri=@{#token_redirect_uri}, #home_client_id=@{key}, @me=https://graph.qq.com/oauth2.0/me, #home_response_type=code, @info=https://graph.qq.com/user/get_user_info?oauth_consumer_key=@{#info_oauth_consumer_key}, redirect_uri=my_redirect_uri, #info_oauth_consumer_key=@{key}, key=my_key})}), oauth2=Properties.Oauth2(enable=false, client=Properties.Oauth2.Client(enable=true), password=Properties.Oauth2.Password(enable=true), authorizationCode=Properties.Oauth2.AuthorizationCode(enable=true)), register=Properties.Register(enable=false, enableOtherLoginBinding=true), page=Properties.Page(me=classpath:page/me.html, login=classpath:page/login.html, register=classpath:page/register.html), signature=Properties.Signature(enable=false, secret=ch2b8wh8t57n6r8p6wj6m5nu7ku8nde8))
2023-09-15 15:28:03 [main] INFO - Netty started on port 8080
2023-09-15 15:28:03 [main] INFO - Started P6eAuthApplication in 1.372 seconds (process running for 1.656)
2023-09-15 15:29:17 [main] INFO - Starting P6eAuthApplication using Java 17.0.7 with PID 23132 (D:\CodeContents\github\p6e-coat\p6e-coat\p6e-auth\target\classes started by a1294 in D:\CodeContents\github\p6e-coat\p6e-coat)
2023-09-15 15:29:17 [main] INFO - No active profile set, falling back to 1 default profile: "default"
2023-09-15 15:29:17 [main] INFO - Multiple Spring Data modules found, entering strict repository configuration mode
2023-09-15 15:29:17 [main] INFO - Bootstrapping Spring Data R2DBC repositories in DEFAULT mode.
2023-09-15 15:29:17 [main] INFO - Finished Spring Data repository scanning in 22 ms. Found 0 R2DBC repository interfaces.
2023-09-15 15:29:17 [main] INFO - Multiple Spring Data modules found, entering strict repository configuration mode
2023-09-15 15:29:17 [main] INFO - Bootstrapping Spring Data Redis repositories in DEFAULT mode.
2023-09-15 15:29:17 [main] INFO - Finished Spring Data repository scanning in 4 ms. Found 0 Redis repository interfaces.
2023-09-15 15:29:18 [main] INFO - Auto Auth >>> Properties(enable=false, interceptor=[], redirectIndexPage=false, redirectIndexPagePath=/, jwtAccessTokenSecret=null, jwtRefreshTokenSecret=null, referer=Properties.Referer(enabled=false, whiteList=[*]), crossDomain=Properties.CrossDomain(enabled=true), mode=PHONE_OR_MAILBOX, auth=Properties.Auth(validator=Properties.Bean(name=HTTP_LOCAL_JWT, dependency=[]), authority=Properties.Bean(name=HTTP_LOCAL_JWT, dependency=[])), cache=Properties.Cache(type=MEMORY), login=Properties.Login(enable=false, accountPassword=Properties.Login.AccountPassword(enable=true, enableTransmissionEncryption=false), verificationCode=Properties.Login.VerificationCode(enable=true), qrCode=Properties.Login.QrCode(enable=true), others={QQ=Properties.Login.Other(enable=false, config={#token_redirect_uri=@{redirect_uri}, @home=https://graph.qq.com/oauth2.0/authorize?response_type=@{#home_response_type}&client_id=@{#home_client_id}&redirect_uri=@{#home_redirect_uri}&scope=@{#home_scope}, secret=my_secret, #home_scope=get_user_info, #token_client_secret=@{secret}, #token_client_id=@{key}, #token_grant_type=authorization_code, #home_redirect_uri=@{redirect_uri}, @token=https://graph.qq.com/oauth2.0/token?grant_type=@{#token_grant_type}&client_id=@{#token_client_id}&client_secret=@{#token_client_secret}&redirect_uri=@{#token_redirect_uri}, #home_client_id=@{key}, @me=https://graph.qq.com/oauth2.0/me, #home_response_type=code, @info=https://graph.qq.com/user/get_user_info?oauth_consumer_key=@{#info_oauth_consumer_key}, redirect_uri=my_redirect_uri, #info_oauth_consumer_key=@{key}, key=my_key})}), oauth2=Properties.Oauth2(enable=false, client=Properties.Oauth2.Client(enable=true), password=Properties.Oauth2.Password(enable=true), authorizationCode=Properties.Oauth2.AuthorizationCode(enable=true)), register=Properties.Register(enable=false, enableOtherLoginBinding=true), page=Properties.Page(me=classpath:page/me.html, login=classpath:page/login.html, register=classpath:page/register.html), signature=Properties.Signature(enable=false, secret=ch2b8wh8t57n6r8p6wj6m5nu7ku8nde8))
2023-09-15 15:29:18 [main] INFO - Netty started on port 8080
2023-09-15 15:29:18 [main] INFO - Started P6eAuthApplication in 1.374 seconds (process running for 1.652)
2023-09-15 15:30:12 [main] INFO - Starting P6eAuthApplication using Java 17.0.7 with PID 19472 (D:\CodeContents\github\p6e-coat\p6e-coat\p6e-auth\target\classes started by a1294 in D:\CodeContents\github\p6e-coat\p6e-coat)
2023-09-15 15:30:12 [main] INFO - No active profile set, falling back to 1 default profile: "default"
2023-09-15 15:30:12 [main] INFO - Multiple Spring Data modules found, entering strict repository configuration mode
2023-09-15 15:30:12 [main] INFO - Bootstrapping Spring Data R2DBC repositories in DEFAULT mode.
2023-09-15 15:30:12 [main] INFO - Finished Spring Data repository scanning in 23 ms. Found 0 R2DBC repository interfaces.
2023-09-15 15:30:12 [main] INFO - Multiple Spring Data modules found, entering strict repository configuration mode
2023-09-15 15:30:12 [main] INFO - Bootstrapping Spring Data Redis repositories in DEFAULT mode.
2023-09-15 15:30:12 [main] INFO - Finished Spring Data repository scanning in 4 ms. Found 0 Redis repository interfaces.
2023-09-15 15:30:12 [main] INFO - Auto Auth >>> Properties(enable=false, interceptor=[], redirectIndexPage=false, redirectIndexPagePath=/, jwtAccessTokenSecret=null, jwtRefreshTokenSecret=null, referer=Properties.Referer(enabled=false, whiteList=[*]), crossDomain=Properties.CrossDomain(enabled=true), mode=PHONE_OR_MAILBOX, auth=Properties.Auth(validator=Properties.Bean(name=HTTP_LOCAL_JWT, dependency=[]), authority=Properties.Bean(name=HTTP_LOCAL_JWT, dependency=[])), cache=Properties.Cache(type=MEMORY), login=Properties.Login(enable=false, accountPassword=Properties.Login.AccountPassword(enable=true, enableTransmissionEncryption=false), verificationCode=Properties.Login.VerificationCode(enable=true), qrCode=Properties.Login.QrCode(enable=true), others={QQ=Properties.Login.Other(enable=false, config={#token_redirect_uri=@{redirect_uri}, @home=https://graph.qq.com/oauth2.0/authorize?response_type=@{#home_response_type}&client_id=@{#home_client_id}&redirect_uri=@{#home_redirect_uri}&scope=@{#home_scope}, secret=my_secret, #home_scope=get_user_info, #token_client_secret=@{secret}, #token_client_id=@{key}, #token_grant_type=authorization_code, #home_redirect_uri=@{redirect_uri}, @token=https://graph.qq.com/oauth2.0/token?grant_type=@{#token_grant_type}&client_id=@{#token_client_id}&client_secret=@{#token_client_secret}&redirect_uri=@{#token_redirect_uri}, #home_client_id=@{key}, @me=https://graph.qq.com/oauth2.0/me, #home_response_type=code, @info=https://graph.qq.com/user/get_user_info?oauth_consumer_key=@{#info_oauth_consumer_key}, redirect_uri=my_redirect_uri, #info_oauth_consumer_key=@{key}, key=my_key})}), oauth2=Properties.Oauth2(enable=false, client=Properties.Oauth2.Client(enable=true), password=Properties.Oauth2.Password(enable=true), authorizationCode=Properties.Oauth2.AuthorizationCode(enable=true)), register=Properties.Register(enable=false, enableOtherLoginBinding=true), page=Properties.Page(me=classpath:page/me.html, login=classpath:page/login.html, register=classpath:page/register.html), signature=Properties.Signature(enable=false, secret=ch2b8wh8t57n6r8p6wj6m5nu7ku8nde8))
2023-09-15 15:30:13 [main] INFO - Netty started on port 8080
2023-09-15 15:30:13 [main] INFO - Started P6eAuthApplication in 1.428 seconds (process running for 1.719)
2023-09-15 15:33:50 [main] INFO - Starting P6eAuthApplication using Java 17.0.7 with PID 16096 (D:\CodeContents\github\p6e-coat\p6e-coat\p6e-auth\target\classes started by a1294 in D:\CodeContents\github\p6e-coat\p6e-coat)
2023-09-15 15:33:50 [main] INFO - No active profile set, falling back to 1 default profile: "default"
2023-09-15 15:33:50 [main] INFO - Multiple Spring Data modules found, entering strict repository configuration mode
2023-09-15 15:33:50 [main] INFO - Bootstrapping Spring Data R2DBC repositories in DEFAULT mode.
2023-09-15 15:33:50 [main] INFO - Finished Spring Data repository scanning in 25 ms. Found 0 R2DBC repository interfaces.
2023-09-15 15:33:50 [main] INFO - Multiple Spring Data modules found, entering strict repository configuration mode
2023-09-15 15:33:50 [main] INFO - Bootstrapping Spring Data Redis repositories in DEFAULT mode.
2023-09-15 15:33:50 [main] INFO - Finished Spring Data repository scanning in 4 ms. Found 0 Redis repository interfaces.
2023-09-15 15:33:51 [main] INFO - Auto Auth >>> Properties(enable=false, interceptor=[], redirectIndexPage=false, redirectIndexPagePath=/, jwtAccessTokenSecret=null, jwtRefreshTokenSecret=null, referer=Properties.Referer(enabled=false, whiteList=[*]), crossDomain=Properties.CrossDomain(enabled=true), mode=PHONE_OR_MAILBOX, auth=Properties.Auth(validator=Properties.Bean(name=HTTP_LOCAL_JWT, dependency=[]), authority=Properties.Bean(name=HTTP_LOCAL_JWT, dependency=[])), cache=Properties.Cache(type=MEMORY), login=Properties.Login(enable=false, accountPassword=Properties.Login.AccountPassword(enable=true, enableTransmissionEncryption=false), verificationCode=Properties.Login.VerificationCode(enable=true), qrCode=Properties.Login.QrCode(enable=true), others={QQ=Properties.Login.Other(enable=false, config={#token_redirect_uri=@{redirect_uri}, @home=https://graph.qq.com/oauth2.0/authorize?response_type=@{#home_response_type}&client_id=@{#home_client_id}&redirect_uri=@{#home_redirect_uri}&scope=@{#home_scope}, secret=my_secret, #home_scope=get_user_info, #token_client_secret=@{secret}, #token_client_id=@{key}, #token_grant_type=authorization_code, #home_redirect_uri=@{redirect_uri}, @token=https://graph.qq.com/oauth2.0/token?grant_type=@{#token_grant_type}&client_id=@{#token_client_id}&client_secret=@{#token_client_secret}&redirect_uri=@{#token_redirect_uri}, #home_client_id=@{key}, @me=https://graph.qq.com/oauth2.0/me, #home_response_type=code, @info=https://graph.qq.com/user/get_user_info?oauth_consumer_key=@{#info_oauth_consumer_key}, redirect_uri=my_redirect_uri, #info_oauth_consumer_key=@{key}, key=my_key})}), oauth2=Properties.Oauth2(enable=false, client=Properties.Oauth2.Client(enable=true), password=Properties.Oauth2.Password(enable=true), authorizationCode=Properties.Oauth2.AuthorizationCode(enable=true)), register=Properties.Register(enable=false, enableOtherLoginBinding=true), page=Properties.Page(me=classpath:page/me.html, login=classpath:page/login.html, register=classpath:page/register.html), signature=Properties.Signature(enable=false, secret=ch2b8wh8t57n6r8p6wj6m5nu7ku8nde8))
2023-09-15 15:33:51 [main] INFO - Netty started on port 8080
2023-09-15 15:33:51 [main] INFO - Started P6eAuthApplication in 1.432 seconds (process running for 1.71)
2023-09-15 15:47:44 [main] INFO - Starting P6eAuthApplication using Java 17.0.7 with PID 11560 (D:\CodeContents\github\p6e-coat\p6e-coat\p6e-auth\target\classes started by a1294 in D:\CodeContents\github\p6e-coat\p6e-coat)
2023-09-15 15:47:44 [main] INFO - No active profile set, falling back to 1 default profile: "default"
2023-09-15 15:47:44 [main] INFO - Multiple Spring Data modules found, entering strict repository configuration mode
2023-09-15 15:47:44 [main] INFO - Bootstrapping Spring Data R2DBC repositories in DEFAULT mode.
2023-09-15 15:47:44 [main] INFO - Finished Spring Data repository scanning in 28 ms. Found 0 R2DBC repository interfaces.
2023-09-15 15:47:44 [main] INFO - Multiple Spring Data modules found, entering strict repository configuration mode
2023-09-15 15:47:44 [main] INFO - Bootstrapping Spring Data Redis repositories in DEFAULT mode.
2023-09-15 15:47:44 [main] INFO - Finished Spring Data repository scanning in 4 ms. Found 0 Redis repository interfaces.
2023-09-15 15:47:44 [main] INFO - Auto Auth >>> Properties(enable=false, interceptor=[], redirectIndexPage=false, redirectIndexPagePath=/, jwtAccessTokenSecret=null, jwtRefreshTokenSecret=null, referer=Properties.Referer(enabled=false, whiteList=[*]), crossDomain=Properties.CrossDomain(enabled=true), mode=PHONE_OR_MAILBOX, auth=Properties.Auth(validator=Properties.Bean(name=HTTP_LOCAL_JWT, dependency=[]), authority=Properties.Bean(name=HTTP_LOCAL_JWT, dependency=[])), cache=Properties.Cache(type=MEMORY), login=Properties.Login(enable=false, accountPassword=Properties.Login.AccountPassword(enable=true, enableTransmissionEncryption=false), verificationCode=Properties.Login.VerificationCode(enable=true), qrCode=Properties.Login.QrCode(enable=true), others={QQ=Properties.Login.Other(enable=false, config={#token_redirect_uri=@{redirect_uri}, @home=https://graph.qq.com/oauth2.0/authorize?response_type=@{#home_response_type}&client_id=@{#home_client_id}&redirect_uri=@{#home_redirect_uri}&scope=@{#home_scope}, secret=my_secret, #home_scope=get_user_info, #token_client_secret=@{secret}, #token_client_id=@{key}, #token_grant_type=authorization_code, #home_redirect_uri=@{redirect_uri}, @token=https://graph.qq.com/oauth2.0/token?grant_type=@{#token_grant_type}&client_id=@{#token_client_id}&client_secret=@{#token_client_secret}&redirect_uri=@{#token_redirect_uri}, #home_client_id=@{key}, @me=https://graph.qq.com/oauth2.0/me, #home_response_type=code, @info=https://graph.qq.com/user/get_user_info?oauth_consumer_key=@{#info_oauth_consumer_key}, redirect_uri=my_redirect_uri, #info_oauth_consumer_key=@{key}, key=my_key})}), oauth2=Properties.Oauth2(enable=false, client=Properties.Oauth2.Client(enable=true), password=Properties.Oauth2.Password(enable=true), authorizationCode=Properties.Oauth2.AuthorizationCode(enable=true)), register=Properties.Register(enable=false, enableOtherLoginBinding=true), page=Properties.Page(me=classpath:page/me.html, login=classpath:page/login.html, register=classpath:page/register.html), signature=Properties.Signature(enable=false, secret=ch2b8wh8t57n6r8p6wj6m5nu7ku8nde8))
2023-09-15 15:47:45 [main] INFO - Netty started on port 8080
2023-09-15 15:47:45 [main] INFO - Started P6eAuthApplication in 1.506 seconds (process running for 1.807)
2023-09-15 15:48:15 [main] INFO - Starting P6eAuthApplication using Java 17.0.7 with PID 16792 (D:\CodeContents\github\p6e-coat\p6e-coat\p6e-auth\target\classes started by a1294 in D:\CodeContents\github\p6e-coat\p6e-coat)
2023-09-15 15:48:15 [main] INFO - No active profile set, falling back to 1 default profile: "default"
2023-09-15 15:48:16 [main] INFO - Multiple Spring Data modules found, entering strict repository configuration mode
2023-09-15 15:48:16 [main] INFO - Bootstrapping Spring Data R2DBC repositories in DEFAULT mode.
2023-09-15 15:48:16 [main] INFO - Finished Spring Data repository scanning in 26 ms. Found 0 R2DBC repository interfaces.
2023-09-15 15:48:16 [main] INFO - Multiple Spring Data modules found, entering strict repository configuration mode
2023-09-15 15:48:16 [main] INFO - Bootstrapping Spring Data Redis repositories in DEFAULT mode.
2023-09-15 15:48:16 [main] INFO - Finished Spring Data repository scanning in 4 ms. Found 0 Redis repository interfaces.
2023-09-15 15:48:16 [main] INFO - Auto Auth >>> Properties(enable=true, interceptor=[], redirectIndexPage=true, redirectIndexPagePath=/, jwtAccessTokenSecret=null, jwtRefreshTokenSecret=null, referer=Properties.Referer(enabled=false, whiteList=[*]), crossDomain=Properties.CrossDomain(enabled=true), mode=PHONE_OR_MAILBOX, auth=Properties.Auth(validator=Properties.Bean(name=HTTP_LOCAL_JWT, dependency=[]), authority=Properties.Bean(name=HTTP_LOCAL_JWT, dependency=[])), cache=Properties.Cache(type=MEMORY), login=Properties.Login(enable=false, accountPassword=Properties.Login.AccountPassword(enable=true, enableTransmissionEncryption=false), verificationCode=Properties.Login.VerificationCode(enable=true), qrCode=Properties.Login.QrCode(enable=true), others={QQ=Properties.Login.Other(enable=false, config={#token_redirect_uri=@{redirect_uri}, @home=https://graph.qq.com/oauth2.0/authorize?response_type=@{#home_response_type}&client_id=@{#home_client_id}&redirect_uri=@{#home_redirect_uri}&scope=@{#home_scope}, secret=my_secret, #home_scope=get_user_info, #token_client_secret=@{secret}, #token_client_id=@{key}, #token_grant_type=authorization_code, #home_redirect_uri=@{redirect_uri}, @token=https://graph.qq.com/oauth2.0/token?grant_type=@{#token_grant_type}&client_id=@{#token_client_id}&client_secret=@{#token_client_secret}&redirect_uri=@{#token_redirect_uri}, #home_client_id=@{key}, @me=https://graph.qq.com/oauth2.0/me, #home_response_type=code, @info=https://graph.qq.com/user/get_user_info?oauth_consumer_key=@{#info_oauth_consumer_key}, redirect_uri=my_redirect_uri, #info_oauth_consumer_key=@{key}, key=my_key})}), oauth2=Properties.Oauth2(enable=false, client=Properties.Oauth2.Client(enable=true), password=Properties.Oauth2.Password(enable=true), authorizationCode=Properties.Oauth2.AuthorizationCode(enable=true)), register=Properties.Register(enable=false, enableOtherLoginBinding=true), page=Properties.Page(me=classpath:page/me.html, login=classpath:page/login.html, register=classpath:page/register.html), signature=Properties.Signature(enable=false, secret=ch2b8wh8t57n6r8p6wj6m5nu7ku8nde8))
2023-09-15 15:48:17 [main] INFO - Netty started on port 8080
2023-09-15 15:48:17 [main] INFO - Started P6eAuthApplication in 1.399 seconds (process running for 1.678)
2023-09-15 15:50:27 [main] INFO - Starting P6eAuthApplication using Java 17.0.7 with PID 19332 (D:\CodeContents\github\p6e-coat\p6e-coat\p6e-auth\target\classes started by a1294 in D:\CodeContents\github\p6e-coat\p6e-coat)
2023-09-15 15:50:27 [main] INFO - No active profile set, falling back to 1 default profile: "default"
2023-09-15 15:50:28 [main] INFO - Multiple Spring Data modules found, entering strict repository configuration mode
2023-09-15 15:50:28 [main] INFO - Bootstrapping Spring Data R2DBC repositories in DEFAULT mode.
2023-09-15 15:50:28 [main] INFO - Finished Spring Data repository scanning in 22 ms. Found 0 R2DBC repository interfaces.
2023-09-15 15:50:28 [main] INFO - Multiple Spring Data modules found, entering strict repository configuration mode
2023-09-15 15:50:28 [main] INFO - Bootstrapping Spring Data Redis repositories in DEFAULT mode.
2023-09-15 15:50:28 [main] INFO - Finished Spring Data repository scanning in 4 ms. Found 0 Redis repository interfaces.
2023-09-15 15:50:28 [main] INFO - Auto Auth >>> Properties(enable=true, interceptor=[], redirectIndexPage=true, redirectIndexPagePath=/, jwtAccessTokenSecret=null, jwtRefreshTokenSecret=null, referer=Properties.Referer(enabled=false, whiteList=[*]), crossDomain=Properties.CrossDomain(enabled=true), mode=PHONE_OR_MAILBOX, auth=Properties.Auth(validator=Properties.Bean(name=HTTP_LOCAL_JWT, dependency=[]), authority=Properties.Bean(name=HTTP_LOCAL_JWT, dependency=[])), cache=Properties.Cache(type=MEMORY), login=Properties.Login(enable=false, accountPassword=Properties.Login.AccountPassword(enable=true, enableTransmissionEncryption=false), verificationCode=Properties.Login.VerificationCode(enable=true), qrCode=Properties.Login.QrCode(enable=true), others={QQ=Properties.Login.Other(enable=false, config={#token_redirect_uri=@{redirect_uri}, @home=https://graph.qq.com/oauth2.0/authorize?response_type=@{#home_response_type}&client_id=@{#home_client_id}&redirect_uri=@{#home_redirect_uri}&scope=@{#home_scope}, secret=my_secret, #home_scope=get_user_info, #token_client_secret=@{secret}, #token_client_id=@{key}, #token_grant_type=authorization_code, #home_redirect_uri=@{redirect_uri}, @token=https://graph.qq.com/oauth2.0/token?grant_type=@{#token_grant_type}&client_id=@{#token_client_id}&client_secret=@{#token_client_secret}&redirect_uri=@{#token_redirect_uri}, #home_client_id=@{key}, @me=https://graph.qq.com/oauth2.0/me, #home_response_type=code, @info=https://graph.qq.com/user/get_user_info?oauth_consumer_key=@{#info_oauth_consumer_key}, redirect_uri=my_redirect_uri, #info_oauth_consumer_key=@{key}, key=my_key})}), oauth2=Properties.Oauth2(enable=false, client=Properties.Oauth2.Client(enable=true), password=Properties.Oauth2.Password(enable=true), authorizationCode=Properties.Oauth2.AuthorizationCode(enable=true)), register=Properties.Register(enable=false, enableOtherLoginBinding=true), page=Properties.Page(me=classpath:page/me.html, login=classpath:page/login.html, register=classpath:page/register.html), signature=Properties.Signature(enable=false, secret=ch2b8wh8t57n6r8p6wj6m5nu7ku8nde8))
2023-09-15 15:50:28 [main] INFO - Netty started on port 8080
2023-09-15 15:50:28 [main] INFO - Started P6eAuthApplication in 1.394 seconds (process running for 1.676)
2023-09-15 15:51:02 [main] INFO - Starting P6eAuthApplication using Java 17.0.7 with PID 14572 (D:\CodeContents\github\p6e-coat\p6e-coat\p6e-auth\target\classes started by a1294 in D:\CodeContents\github\p6e-coat\p6e-coat)
2023-09-15 15:51:02 [main] INFO - No active profile set, falling back to 1 default profile: "default"
2023-09-15 15:51:03 [main] INFO - Multiple Spring Data modules found, entering strict repository configuration mode
2023-09-15 15:51:03 [main] INFO - Bootstrapping Spring Data R2DBC repositories in DEFAULT mode.
2023-09-15 15:51:03 [main] INFO - Finished Spring Data repository scanning in 23 ms. Found 0 R2DBC repository interfaces.
2023-09-15 15:51:03 [main] INFO - Multiple Spring Data modules found, entering strict repository configuration mode
2023-09-15 15:51:03 [main] INFO - Bootstrapping Spring Data Redis repositories in DEFAULT mode.
2023-09-15 15:51:03 [main] INFO - Finished Spring Data repository scanning in 4 ms. Found 0 Redis repository interfaces.
2023-09-15 15:51:03 [main] INFO - Auto Auth >>> Properties(enable=true, interceptor=[], redirectIndexPage=false, redirectIndexPagePath=/, jwtAccessTokenSecret=null, jwtRefreshTokenSecret=null, referer=Properties.Referer(enabled=false, whiteList=[*]), crossDomain=Properties.CrossDomain(enabled=true), mode=PHONE_OR_MAILBOX, auth=Properties.Auth(validator=Properties.Bean(name=HTTP_LOCAL_JWT, dependency=[]), authority=Properties.Bean(name=HTTP_LOCAL_JWT, dependency=[])), cache=Properties.Cache(type=MEMORY), login=Properties.Login(enable=false, accountPassword=Properties.Login.AccountPassword(enable=true, enableTransmissionEncryption=false), verificationCode=Properties.Login.VerificationCode(enable=true), qrCode=Properties.Login.QrCode(enable=true), others={QQ=Properties.Login.Other(enable=false, config={#token_redirect_uri=@{redirect_uri}, @home=https://graph.qq.com/oauth2.0/authorize?response_type=@{#home_response_type}&client_id=@{#home_client_id}&redirect_uri=@{#home_redirect_uri}&scope=@{#home_scope}, secret=my_secret, #home_scope=get_user_info, #token_client_secret=@{secret}, #token_client_id=@{key}, #token_grant_type=authorization_code, #home_redirect_uri=@{redirect_uri}, @token=https://graph.qq.com/oauth2.0/token?grant_type=@{#token_grant_type}&client_id=@{#token_client_id}&client_secret=@{#token_client_secret}&redirect_uri=@{#token_redirect_uri}, #home_client_id=@{key}, @me=https://graph.qq.com/oauth2.0/me, #home_response_type=code, @info=https://graph.qq.com/user/get_user_info?oauth_consumer_key=@{#info_oauth_consumer_key}, redirect_uri=my_redirect_uri, #info_oauth_consumer_key=@{key}, key=my_key})}), oauth2=Properties.Oauth2(enable=false, client=Properties.Oauth2.Client(enable=true), password=Properties.Oauth2.Password(enable=true), authorizationCode=Properties.Oauth2.AuthorizationCode(enable=true)), register=Properties.Register(enable=false, enableOtherLoginBinding=true), page=Properties.Page(me=classpath:page/me.html, login=classpath:page/login.html, register=classpath:page/register.html), signature=Properties.Signature(enable=false, secret=ch2b8wh8t57n6r8p6wj6m5nu7ku8nde8))
2023-09-15 15:51:03 [main] INFO - Netty started on port 8080
2023-09-15 15:51:03 [main] INFO - Started P6eAuthApplication in 1.37 seconds (process running for 1.66)
2023-09-15 15:52:18 [main] INFO - Starting P6eAuthApplication using Java 17.0.7 with PID 10396 (D:\CodeContents\github\p6e-coat\p6e-coat\p6e-auth\target\classes started by a1294 in D:\CodeContents\github\p6e-coat\p6e-coat)
2023-09-15 15:52:18 [main] INFO - No active profile set, falling back to 1 default profile: "default"
2023-09-15 15:52:18 [main] INFO - Multiple Spring Data modules found, entering strict repository configuration mode
2023-09-15 15:52:18 [main] INFO - Bootstrapping Spring Data R2DBC repositories in DEFAULT mode.
2023-09-15 15:52:18 [main] INFO - Finished Spring Data repository scanning in 22 ms. Found 0 R2DBC repository interfaces.
2023-09-15 15:52:18 [main] INFO - Multiple Spring Data modules found, entering strict repository configuration mode
2023-09-15 15:52:18 [main] INFO - Bootstrapping Spring Data Redis repositories in DEFAULT mode.
2023-09-15 15:52:18 [main] INFO - Finished Spring Data repository scanning in 4 ms. Found 0 Redis repository interfaces.
2023-09-15 15:52:18 [main] INFO - Auto Auth >>> Properties(enable=true, interceptor=[], redirectIndexPage=false, redirectIndexPagePath=/, jwtAccessTokenSecret=null, jwtRefreshTokenSecret=null, referer=Properties.Referer(enabled=false, whiteList=[*]), crossDomain=Properties.CrossDomain(enabled=true), mode=PHONE_OR_MAILBOX, auth=Properties.Auth(validator=Properties.Bean(name=HTTP_LOCAL_JWT, dependency=[]), authority=Properties.Bean(name=HTTP_LOCAL_JWT, dependency=[])), cache=Properties.Cache(type=MEMORY), login=Properties.Login(enable=false, accountPassword=Properties.Login.AccountPassword(enable=true, enableTransmissionEncryption=false), verificationCode=Properties.Login.VerificationCode(enable=true), qrCode=Properties.Login.QrCode(enable=true), others={QQ=Properties.Login.Other(enable=false, config={#token_redirect_uri=@{redirect_uri}, @home=https://graph.qq.com/oauth2.0/authorize?response_type=@{#home_response_type}&client_id=@{#home_client_id}&redirect_uri=@{#home_redirect_uri}&scope=@{#home_scope}, secret=my_secret, #home_scope=get_user_info, #token_client_secret=@{secret}, #token_client_id=@{key}, #token_grant_type=authorization_code, #home_redirect_uri=@{redirect_uri}, @token=https://graph.qq.com/oauth2.0/token?grant_type=@{#token_grant_type}&client_id=@{#token_client_id}&client_secret=@{#token_client_secret}&redirect_uri=@{#token_redirect_uri}, #home_client_id=@{key}, @me=https://graph.qq.com/oauth2.0/me, #home_response_type=code, @info=https://graph.qq.com/user/get_user_info?oauth_consumer_key=@{#info_oauth_consumer_key}, redirect_uri=my_redirect_uri, #info_oauth_consumer_key=@{key}, key=my_key})}), oauth2=Properties.Oauth2(enable=false, client=Properties.Oauth2.Client(enable=true), password=Properties.Oauth2.Password(enable=true), authorizationCode=Properties.Oauth2.AuthorizationCode(enable=true)), register=Properties.Register(enable=false, enableOtherLoginBinding=true), page=Properties.Page(me=classpath:page/me.html, login=classpath:page/login.html, register=classpath:page/register.html), signature=Properties.Signature(enable=false, secret=ch2b8wh8t57n6r8p6wj6m5nu7ku8nde8))
2023-09-15 15:52:19 [main] INFO - Netty started on port 8080
2023-09-15 15:52:19 [main] INFO - Started P6eAuthApplication in 1.356 seconds (process running for 1.642)
2023-09-15 15:53:59 [main] INFO - Starting P6eAuthApplication using Java 17.0.7 with PID 15456 (D:\CodeContents\github\p6e-coat\p6e-coat\p6e-auth\target\classes started by a1294 in D:\CodeContents\github\p6e-coat\p6e-coat)
2023-09-15 15:53:59 [main] INFO - No active profile set, falling back to 1 default profile: "default"
2023-09-15 15:53:59 [main] INFO - Multiple Spring Data modules found, entering strict repository configuration mode
2023-09-15 15:53:59 [main] INFO - Bootstrapping Spring Data R2DBC repositories in DEFAULT mode.
2023-09-15 15:53:59 [main] INFO - Finished Spring Data repository scanning in 24 ms. Found 0 R2DBC repository interfaces.
2023-09-15 15:53:59 [main] INFO - Multiple Spring Data modules found, entering strict repository configuration mode
2023-09-15 15:53:59 [main] INFO - Bootstrapping Spring Data Redis repositories in DEFAULT mode.
2023-09-15 15:53:59 [main] INFO - Finished Spring Data repository scanning in 4 ms. Found 0 Redis repository interfaces.
2023-09-15 15:53:59 [main] INFO - Auto Auth >>> Properties(enable=true, interceptor=[], redirectIndexPage=false, redirectIndexPagePath=/, jwtAccessTokenSecret=null, jwtRefreshTokenSecret=null, referer=Properties.Referer(enabled=false, whiteList=[*]), crossDomain=Properties.CrossDomain(enabled=true), mode=PHONE_OR_MAILBOX, auth=Properties.Auth(validator=Properties.Bean(name=HTTP_LOCAL_JWT, dependency=[]), authority=Properties.Bean(name=HTTP_LOCAL_JWT, dependency=[])), cache=Properties.Cache(type=MEMORY), login=Properties.Login(enable=true, accountPassword=Properties.Login.AccountPassword(enable=true, enableTransmissionEncryption=false), verificationCode=Properties.Login.VerificationCode(enable=true), qrCode=Properties.Login.QrCode(enable=true), others={QQ=Properties.Login.Other(enable=false, config={#token_redirect_uri=@{redirect_uri}, @home=https://graph.qq.com/oauth2.0/authorize?response_type=@{#home_response_type}&client_id=@{#home_client_id}&redirect_uri=@{#home_redirect_uri}&scope=@{#home_scope}, secret=my_secret, #home_scope=get_user_info, #token_client_secret=@{secret}, #token_client_id=@{key}, #token_grant_type=authorization_code, #home_redirect_uri=@{redirect_uri}, @token=https://graph.qq.com/oauth2.0/token?grant_type=@{#token_grant_type}&client_id=@{#token_client_id}&client_secret=@{#token_client_secret}&redirect_uri=@{#token_redirect_uri}, #home_client_id=@{key}, @me=https://graph.qq.com/oauth2.0/me, #home_response_type=code, @info=https://graph.qq.com/user/get_user_info?oauth_consumer_key=@{#info_oauth_consumer_key}, redirect_uri=my_redirect_uri, #info_oauth_consumer_key=@{key}, key=my_key})}), oauth2=Properties.Oauth2(enable=false, client=Properties.Oauth2.Client(enable=true), password=Properties.Oauth2.Password(enable=true), authorizationCode=Properties.Oauth2.AuthorizationCode(enable=true)), register=Properties.Register(enable=false, enableOtherLoginBinding=true), page=Properties.Page(me=classpath:page/me.html, login=classpath:page/login.html, register=classpath:page/register.html), signature=Properties.Signature(enable=false, secret=ch2b8wh8t57n6r8p6wj6m5nu7ku8nde8))
2023-09-15 15:54:00 [main] INFO - Netty started on port 8080
2023-09-15 15:54:00 [main] INFO - Started P6eAuthApplication in 1.494 seconds (process running for 1.774)
2023-09-15 15:55:00 [main] INFO - Starting P6eAuthApplication using Java 17.0.7 with PID 13972 (D:\CodeContents\github\p6e-coat\p6e-coat\p6e-auth\target\classes started by a1294 in D:\CodeContents\github\p6e-coat\p6e-coat)
2023-09-15 15:55:00 [main] INFO - No active profile set, falling back to 1 default profile: "default"
2023-09-15 15:55:00 [main] INFO - Multiple Spring Data modules found, entering strict repository configuration mode
2023-09-15 15:55:00 [main] INFO - Bootstrapping Spring Data R2DBC repositories in DEFAULT mode.
2023-09-15 15:55:00 [main] INFO - Finished Spring Data repository scanning in 22 ms. Found 0 R2DBC repository interfaces.
2023-09-15 15:55:00 [main] INFO - Multiple Spring Data modules found, entering strict repository configuration mode
2023-09-15 15:55:00 [main] INFO - Bootstrapping Spring Data Redis repositories in DEFAULT mode.
2023-09-15 15:55:00 [main] INFO - Finished Spring Data repository scanning in 4 ms. Found 0 Redis repository interfaces.
2023-09-15 15:55:00 [main] INFO - Auto Auth >>> Properties(enable=true, interceptor=[], redirectIndexPage=false, redirectIndexPagePath=/, jwtAccessTokenSecret=null, jwtRefreshTokenSecret=null, referer=Properties.Referer(enabled=false, whiteList=[*]), crossDomain=Properties.CrossDomain(enabled=true), mode=PHONE_OR_MAILBOX, auth=Properties.Auth(validator=Properties.Bean(name=HTTP_LOCAL_JWT, dependency=[]), authority=Properties.Bean(name=HTTP_LOCAL_JWT, dependency=[])), cache=Properties.Cache(type=MEMORY), login=Properties.Login(enable=true, accountPassword=Properties.Login.AccountPassword(enable=true, enableTransmissionEncryption=false), verificationCode=Properties.Login.VerificationCode(enable=true), qrCode=Properties.Login.QrCode(enable=true), others={QQ=Properties.Login.Other(enable=false, config={#token_redirect_uri=@{redirect_uri}, @home=https://graph.qq.com/oauth2.0/authorize?response_type=@{#home_response_type}&client_id=@{#home_client_id}&redirect_uri=@{#home_redirect_uri}&scope=@{#home_scope}, secret=my_secret, #home_scope=get_user_info, #token_client_secret=@{secret}, #token_client_id=@{key}, #token_grant_type=authorization_code, #home_redirect_uri=@{redirect_uri}, @token=https://graph.qq.com/oauth2.0/token?grant_type=@{#token_grant_type}&client_id=@{#token_client_id}&client_secret=@{#token_client_secret}&redirect_uri=@{#token_redirect_uri}, #home_client_id=@{key}, @me=https://graph.qq.com/oauth2.0/me, #home_response_type=code, @info=https://graph.qq.com/user/get_user_info?oauth_consumer_key=@{#info_oauth_consumer_key}, redirect_uri=my_redirect_uri, #info_oauth_consumer_key=@{key}, key=my_key})}), oauth2=Properties.Oauth2(enable=false, client=Properties.Oauth2.Client(enable=true), password=Properties.Oauth2.Password(enable=true), authorizationCode=Properties.Oauth2.AuthorizationCode(enable=true)), register=Properties.Register(enable=false, enableOtherLoginBinding=true), page=Properties.Page(me=classpath:page/me.html, login=classpath:page/login.html, register=classpath:page/register.html), signature=Properties.Signature(enable=false, secret=ch2b8wh8t57n6r8p6wj6m5nu7ku8nde8))
2023-09-15 15:55:01 [main] INFO - Netty started on port 8080
2023-09-15 15:55:01 [main] INFO - Started P6eAuthApplication in 1.387 seconds (process running for 1.679)
2023-09-15 15:56:23 [main] INFO - Starting P6eAuthApplication using Java 17.0.7 with PID 7216 (D:\CodeContents\github\p6e-coat\p6e-coat\p6e-auth\target\classes started by a1294 in D:\CodeContents\github\p6e-coat\p6e-coat)
2023-09-15 15:56:23 [main] INFO - No active profile set, falling back to 1 default profile: "default"
2023-09-15 15:56:23 [main] INFO - Multiple Spring Data modules found, entering strict repository configuration mode
2023-09-15 15:56:23 [main] INFO - Bootstrapping Spring Data R2DBC repositories in DEFAULT mode.
2023-09-15 15:56:23 [main] INFO - Finished Spring Data repository scanning in 23 ms. Found 0 R2DBC repository interfaces.
2023-09-15 15:56:23 [main] INFO - Multiple Spring Data modules found, entering strict repository configuration mode
2023-09-15 15:56:23 [main] INFO - Bootstrapping Spring Data Redis repositories in DEFAULT mode.
2023-09-15 15:56:23 [main] INFO - Finished Spring Data repository scanning in 4 ms. Found 0 Redis repository interfaces.
2023-09-15 15:56:24 [main] INFO - Auto Auth >>> Properties(enable=true, interceptor=[], redirectIndexPage=false, redirectIndexPagePath=/, jwtAccessTokenSecret=null, jwtRefreshTokenSecret=null, referer=Properties.Referer(enabled=false, whiteList=[*]), crossDomain=Properties.CrossDomain(enabled=true), mode=PHONE_OR_MAILBOX, auth=Properties.Auth(validator=Properties.Bean(name=HTTP_LOCAL_JWT, dependency=[]), authority=Properties.Bean(name=HTTP_LOCAL_JWT, dependency=[])), cache=Properties.Cache(type=MEMORY), login=Properties.Login(enable=true, accountPassword=Properties.Login.AccountPassword(enable=true, enableTransmissionEncryption=false), verificationCode=Properties.Login.VerificationCode(enable=true), qrCode=Properties.Login.QrCode(enable=true), others={QQ=Properties.Login.Other(enable=false, config={#token_redirect_uri=@{redirect_uri}, @home=https://graph.qq.com/oauth2.0/authorize?response_type=@{#home_response_type}&client_id=@{#home_client_id}&redirect_uri=@{#home_redirect_uri}&scope=@{#home_scope}, secret=my_secret, #home_scope=get_user_info, #token_client_secret=@{secret}, #token_client_id=@{key}, #token_grant_type=authorization_code, #home_redirect_uri=@{redirect_uri}, @token=https://graph.qq.com/oauth2.0/token?grant_type=@{#token_grant_type}&client_id=@{#token_client_id}&client_secret=@{#token_client_secret}&redirect_uri=@{#token_redirect_uri}, #home_client_id=@{key}, @me=https://graph.qq.com/oauth2.0/me, #home_response_type=code, @info=https://graph.qq.com/user/get_user_info?oauth_consumer_key=@{#info_oauth_consumer_key}, redirect_uri=my_redirect_uri, #info_oauth_consumer_key=@{key}, key=my_key})}), oauth2=Properties.Oauth2(enable=false, client=Properties.Oauth2.Client(enable=true), password=Properties.Oauth2.Password(enable=true), authorizationCode=Properties.Oauth2.AuthorizationCode(enable=true)), register=Properties.Register(enable=false, enableOtherLoginBinding=true), page=Properties.Page(me=classpath:page/me.html, login=classpath:page/login.html, register=classpath:page/register.html), signature=Properties.Signature(enable=false, secret=ch2b8wh8t57n6r8p6wj6m5nu7ku8nde8))
2023-09-15 15:56:24 [main] INFO - Netty started on port 8080
2023-09-15 15:56:24 [main] INFO - Started P6eAuthApplication in 1.388 seconds (process running for 1.665)
2023-09-15 16:12:01 [main] INFO - Starting P6eAuthApplication using Java 17.0.7 with PID 8444 (D:\CodeContents\github\p6e-coat\p6e-coat\p6e-auth\target\classes started by a1294 in D:\CodeContents\github\p6e-coat\p6e-coat)
2023-09-15 16:12:01 [main] INFO - No active profile set, falling back to 1 default profile: "default"
2023-09-15 16:12:01 [main] INFO - Multiple Spring Data modules found, entering strict repository configuration mode
2023-09-15 16:12:01 [main] INFO - Bootstrapping Spring Data R2DBC repositories in DEFAULT mode.
2023-09-15 16:12:01 [main] INFO - Finished Spring Data repository scanning in 25 ms. Found 0 R2DBC repository interfaces.
2023-09-15 16:12:01 [main] INFO - Multiple Spring Data modules found, entering strict repository configuration mode
2023-09-15 16:12:01 [main] INFO - Bootstrapping Spring Data Redis repositories in DEFAULT mode.
2023-09-15 16:12:01 [main] INFO - Finished Spring Data repository scanning in 4 ms. Found 0 Redis repository interfaces.
2023-09-15 16:12:02 [main] INFO - Auto Auth >>> Properties(enable=true, interceptor=[], redirectIndexPage=false, redirectIndexPagePath=/, jwtAccessTokenSecret=null, jwtRefreshTokenSecret=null, referer=Properties.Referer(enabled=false, whiteList=[*]), crossDomain=Properties.CrossDomain(enabled=true), mode=PHONE_OR_MAILBOX, auth=Properties.Auth(validator=Properties.Bean(name=HTTP_LOCAL_JWT, dependency=[]), authority=Properties.Bean(name=HTTP_LOCAL_JWT, dependency=[])), cache=Properties.Cache(type=MEMORY), login=Properties.Login(enable=true, accountPassword=Properties.Login.AccountPassword(enable=true, enableTransmissionEncryption=false), verificationCode=Properties.Login.VerificationCode(enable=true), qrCode=Properties.Login.QrCode(enable=true), others={QQ=Properties.Login.Other(enable=false, config={#token_redirect_uri=@{redirect_uri}, @home=https://graph.qq.com/oauth2.0/authorize?response_type=@{#home_response_type}&client_id=@{#home_client_id}&redirect_uri=@{#home_redirect_uri}&scope=@{#home_scope}, secret=my_secret, #home_scope=get_user_info, #token_client_secret=@{secret}, #token_client_id=@{key}, #token_grant_type=authorization_code, #home_redirect_uri=@{redirect_uri}, @token=https://graph.qq.com/oauth2.0/token?grant_type=@{#token_grant_type}&client_id=@{#token_client_id}&client_secret=@{#token_client_secret}&redirect_uri=@{#token_redirect_uri}, #home_client_id=@{key}, @me=https://graph.qq.com/oauth2.0/me, #home_response_type=code, @info=https://graph.qq.com/user/get_user_info?oauth_consumer_key=@{#info_oauth_consumer_key}, redirect_uri=my_redirect_uri, #info_oauth_consumer_key=@{key}, key=my_key})}), oauth2=Properties.Oauth2(enable=false, client=Properties.Oauth2.Client(enable=true), password=Properties.Oauth2.Password(enable=true), authorizationCode=Properties.Oauth2.AuthorizationCode(enable=true)), register=Properties.Register(enable=false, enableOtherLoginBinding=true), forgotPassword=Properties.ForgotPassword(enable=false), page=Properties.Page(me=classpath:page/me.html, login=classpath:page/login.html, register=classpath:page/register.html), signature=Properties.Signature(enable=false, secret=ch2b8wh8t57n6r8p6wj6m5nu7ku8nde8))
2023-09-15 16:12:02 [main] INFO - Netty started on port 8080
2023-09-15 16:12:02 [main] INFO - Started P6eAuthApplication in 1.386 seconds (process running for 1.663)
2023-09-15 18:13:06 [main] INFO - Starting P6eAuthApplication using Java 17.0.7 with PID 16228 (D:\CodeContents\github\p6e-coat\p6e-coat\p6e-auth\target\classes started by a1294 in D:\CodeContents\github\p6e-coat\p6e-coat)
2023-09-15 18:13:06 [main] INFO - No active profile set, falling back to 1 default profile: "default"
2023-09-15 18:13:06 [main] INFO - Multiple Spring Data modules found, entering strict repository configuration mode
2023-09-15 18:13:06 [main] INFO - Bootstrapping Spring Data R2DBC repositories in DEFAULT mode.
2023-09-15 18:13:06 [main] INFO - Finished Spring Data repository scanning in 22 ms. Found 0 R2DBC repository interfaces.
2023-09-15 18:13:06 [main] INFO - Multiple Spring Data modules found, entering strict repository configuration mode
2023-09-15 18:13:06 [main] INFO - Bootstrapping Spring Data Redis repositories in DEFAULT mode.
2023-09-15 18:13:06 [main] INFO - Finished Spring Data repository scanning in 4 ms. Found 0 Redis repository interfaces.
2023-09-15 18:13:06 [main] INFO - Auto Auth >>> Properties(enable=true, interceptor=[], redirectIndexPage=false, redirectIndexPagePath=/, jwtAccessTokenSecret=null, jwtRefreshTokenSecret=null, referer=Properties.Referer(enabled=false, whiteList=[*]), crossDomain=Properties.CrossDomain(enabled=true), mode=PHONE_OR_MAILBOX, auth=Properties.Auth(validator=Properties.Bean(name=HTTP_LOCAL_JWT, dependency=[]), authority=Properties.Bean(name=HTTP_LOCAL_JWT, dependency=[])), cache=Properties.Cache(type=MEMORY), login=Properties.Login(enable=true, accountPassword=Properties.Login.AccountPassword(enable=true, enableTransmissionEncryption=false), verificationCode=Properties.Login.VerificationCode(enable=true), qrCode=Properties.Login.QrCode(enable=true), others={QQ=Properties.Login.Other(enable=false, config={#token_redirect_uri=@{redirect_uri}, @home=https://graph.qq.com/oauth2.0/authorize?response_type=@{#home_response_type}&client_id=@{#home_client_id}&redirect_uri=@{#home_redirect_uri}&scope=@{#home_scope}, secret=my_secret, #home_scope=get_user_info, #token_client_secret=@{secret}, #token_client_id=@{key}, #token_grant_type=authorization_code, #home_redirect_uri=@{redirect_uri}, @token=https://graph.qq.com/oauth2.0/token?grant_type=@{#token_grant_type}&client_id=@{#token_client_id}&client_secret=@{#token_client_secret}&redirect_uri=@{#token_redirect_uri}, #home_client_id=@{key}, @me=https://graph.qq.com/oauth2.0/me, #home_response_type=code, @info=https://graph.qq.com/user/get_user_info?oauth_consumer_key=@{#info_oauth_consumer_key}, redirect_uri=my_redirect_uri, #info_oauth_consumer_key=@{key}, key=my_key})}), oauth2=Properties.Oauth2(enable=false, client=Properties.Oauth2.Client(enable=true), password=Properties.Oauth2.Password(enable=true), authorizationCode=Properties.Oauth2.AuthorizationCode(enable=true)), register=Properties.Register(enable=false, enableOtherLoginBinding=true), forgotPassword=Properties.ForgotPassword(enable=false), page=Properties.Page(me=classpath:page/me.html, login=classpath:page/login.html, register=classpath:page/register.html), signature=Properties.Signature(enable=false, secret=ch2b8wh8t57n6r8p6wj6m5nu7ku8nde8))
2023-09-15 18:13:07 [main] INFO - Netty started on port 8080
2023-09-15 18:13:07 [main] INFO - Started P6eAuthApplication in 1.377 seconds (process running for 1.655)
2023-09-15 18:16:44 [main] INFO - Starting P6eAuthApplication using Java 17.0.7 with PID 11988 (D:\CodeContents\github\p6e-coat\p6e-coat\p6e-auth\target\classes started by a1294 in D:\CodeContents\github\p6e-coat\p6e-coat)
2023-09-15 18:16:44 [main] INFO - No active profile set, falling back to 1 default profile: "default"
2023-09-15 18:16:44 [main] INFO - Multiple Spring Data modules found, entering strict repository configuration mode
2023-09-15 18:16:44 [main] INFO - Bootstrapping Spring Data R2DBC repositories in DEFAULT mode.
2023-09-15 18:16:44 [main] INFO - Finished Spring Data repository scanning in 24 ms. Found 0 R2DBC repository interfaces.
2023-09-15 18:16:44 [main] INFO - Multiple Spring Data modules found, entering strict repository configuration mode
2023-09-15 18:16:44 [main] INFO - Bootstrapping Spring Data Redis repositories in DEFAULT mode.
2023-09-15 18:16:44 [main] INFO - Finished Spring Data repository scanning in 4 ms. Found 0 Redis repository interfaces.
2023-09-15 18:16:45 [main] INFO - Auto Auth >>> Properties(enable=true, interceptor=[], redirectIndexPage=false, redirectIndexPagePath=/, jwtAccessTokenSecret=null, jwtRefreshTokenSecret=null, referer=Properties.Referer(enabled=false, whiteList=[*]), crossDomain=Properties.CrossDomain(enabled=true), mode=PHONE_OR_MAILBOX, auth=Properties.Auth(validator=Properties.Bean(name=HTTP_LOCAL_JWT, dependency=[]), authority=Properties.Bean(name=HTTP_LOCAL_JWT, dependency=[])), cache=Properties.Cache(type=MEMORY), login=Properties.Login(enable=true, accountPassword=Properties.Login.AccountPassword(enable=true, enableTransmissionEncryption=false), verificationCode=Properties.Login.VerificationCode(enable=true), qrCode=Properties.Login.QrCode(enable=true), others={QQ=Properties.Login.Other(enable=false, config={#token_redirect_uri=@{redirect_uri}, @home=https://graph.qq.com/oauth2.0/authorize?response_type=@{#home_response_type}&client_id=@{#home_client_id}&redirect_uri=@{#home_redirect_uri}&scope=@{#home_scope}, secret=my_secret, #home_scope=get_user_info, #token_client_secret=@{secret}, #token_client_id=@{key}, #token_grant_type=authorization_code, #home_redirect_uri=@{redirect_uri}, @token=https://graph.qq.com/oauth2.0/token?grant_type=@{#token_grant_type}&client_id=@{#token_client_id}&client_secret=@{#token_client_secret}&redirect_uri=@{#token_redirect_uri}, #home_client_id=@{key}, @me=https://graph.qq.com/oauth2.0/me, #home_response_type=code, @info=https://graph.qq.com/user/get_user_info?oauth_consumer_key=@{#info_oauth_consumer_key}, redirect_uri=my_redirect_uri, #info_oauth_consumer_key=@{key}, key=my_key})}), oauth2=Properties.Oauth2(enable=false, client=Properties.Oauth2.Client(enable=true), password=Properties.Oauth2.Password(enable=true), authorizationCode=Properties.Oauth2.AuthorizationCode(enable=true)), register=Properties.Register(enable=false, enableOtherLoginBinding=true), forgotPassword=Properties.ForgotPassword(enable=false), page=Properties.Page(me=classpath:page/me.html, login=classpath:page/login.html, register=classpath:page/register.html), signature=Properties.Signature(enable=false, secret=ch2b8wh8t57n6r8p6wj6m5nu7ku8nde8))
2023-09-15 18:16:45 [main] INFO - Netty started on port 8080
2023-09-15 18:16:45 [main] INFO - Started P6eAuthApplication in 1.409 seconds (process running for 1.698)
