2023-06-02 13:34:39 [background-preinit] INFO - HV000001: Hibernate Validator 8.0.0.Final
2023-06-02 13:34:39 [main] INFO - Starting P6eCloudIndexApplication using Java 17.0.7 with PID 5352 (D:\CodeContents\github\p6e-coat\p6e-coat\p6e-coat-console\target\classes started by a1294 in D:\CodeContents\github\p6e-coat\p6e-coat)
2023-06-02 13:34:39 [main] INFO - No active profile set, falling back to 1 default profile: "default"
2023-06-02 13:34:40 [main] INFO - Multiple Spring Data modules found, entering strict repository configuration mode
2023-06-02 13:34:40 [main] INFO - Bootstrapping Spring Data JPA repositories in DEFAULT mode.
2023-06-02 13:34:40 [main] INFO - Finished Spring Data repository scanning in 92 ms. Found 6 JPA repository interfaces.
2023-06-02 13:34:40 [main] INFO - Multiple Spring Data modules found, entering strict repository configuration mode
2023-06-02 13:34:40 [main] INFO - Bootstrapping Spring Data Redis repositories in DEFAULT mode.
2023-06-02 13:34:40 [main] INFO - Spring Data Redis - Could not safely identify store assignment for repository candidate interface club.p6e.cloud.test.infrastructure.repository.ConfigRepository; If you want this repository to be a Redis repository, consider annotating your entities with one of these annotations: org.springframework.data.redis.core.RedisHash (preferred), or consider extending one of the following types with your repository: org.springframework.data.keyvalue.repository.KeyValueRepository
2023-06-02 13:34:40 [main] INFO - Spring Data Redis - Could not safely identify store assignment for repository candidate interface club.p6e.cloud.test.infrastructure.repository.DictionaryRepository; If you want this repository to be a Redis repository, consider annotating your entities with one of these annotations: org.springframework.data.redis.core.RedisHash (preferred), or consider extending one of the following types with your repository: org.springframework.data.keyvalue.repository.KeyValueRepository
2023-06-02 13:34:40 [main] INFO - Spring Data Redis - Could not safely identify store assignment for repository candidate interface club.p6e.cloud.test.infrastructure.repository.PermissionUrlGroupRelationUrlRepository; If you want this repository to be a Redis repository, consider annotating your entities with one of these annotations: org.springframework.data.redis.core.RedisHash (preferred), or consider extending one of the following types with your repository: org.springframework.data.keyvalue.repository.KeyValueRepository
2023-06-02 13:34:40 [main] INFO - Spring Data Redis - Could not safely identify store assignment for repository candidate interface club.p6e.cloud.test.infrastructure.repository.PermissionUrlGroupRepository; If you want this repository to be a Redis repository, consider annotating your entities with one of these annotations: org.springframework.data.redis.core.RedisHash (preferred), or consider extending one of the following types with your repository: org.springframework.data.keyvalue.repository.KeyValueRepository
2023-06-02 13:34:40 [main] INFO - Spring Data Redis - Could not safely identify store assignment for repository candidate interface club.p6e.cloud.test.infrastructure.repository.PermissionUrlRepository; If you want this repository to be a Redis repository, consider annotating your entities with one of these annotations: org.springframework.data.redis.core.RedisHash (preferred), or consider extending one of the following types with your repository: org.springframework.data.keyvalue.repository.KeyValueRepository
2023-06-02 13:34:40 [main] INFO - Spring Data Redis - Could not safely identify store assignment for repository candidate interface club.p6e.cloud.test.infrastructure.repository.UserRepository; If you want this repository to be a Redis repository, consider annotating your entities with one of these annotations: org.springframework.data.redis.core.RedisHash (preferred), or consider extending one of the following types with your repository: org.springframework.data.keyvalue.repository.KeyValueRepository
2023-06-02 13:34:40 [main] INFO - Finished Spring Data repository scanning in 4 ms. Found 0 Redis repository interfaces.
2023-06-02 13:34:40 [main] INFO - Tomcat initialized with port(s): 8080 (http)
2023-06-02 13:34:40 [main] INFO - Initializing ProtocolHandler ["http-nio-8080"]
2023-06-02 13:34:40 [main] INFO - Starting service [Tomcat]
2023-06-02 13:34:40 [main] INFO - Starting Servlet engine: [Apache Tomcat/10.1.1]
2023-06-02 13:34:40 [main] INFO - Initializing Spring embedded WebApplicationContext
2023-06-02 13:34:40 [main] INFO - Root WebApplicationContext: initialization completed in 773 ms
2023-06-02 13:34:40 [main] WARN - Exception encountered during context initialization - cancelling refresh attempt: org.springframework.beans.factory.UnsatisfiedDependencyException: Error creating bean with name 'dataSourceScriptDatabaseInitializer' defined in class path resource [org/springframework/boot/autoconfigure/sql/init/DataSourceInitializationConfiguration.class]: Unsatisfied dependency expressed through method 'dataSourceScriptDatabaseInitializer' parameter 0: Error creating bean with name 'dataSource' defined in class path resource [org/springframework/boot/autoconfigure/jdbc/DataSourceConfiguration$Hikari.class]: Failed to instantiate [com.zaxxer.hikari.HikariDataSource]: Factory method 'dataSource' threw exception with message: Failed to determine a suitable driver class
2023-06-02 13:34:40 [main] INFO - Stopping service [Tomcat]
2023-06-02 13:34:40 [main] INFO - 

Error starting ApplicationContext. To display the condition evaluation report re-run your application with 'debug' enabled.
2023-06-02 13:34:40 [main] ERROR - 

***************************
APPLICATION FAILED TO START
***************************

Description:

Failed to configure a DataSource: 'url' attribute is not specified and no embedded datasource could be configured.

Reason: Failed to determine a suitable driver class


Action:

Consider the following:
	If you want an embedded database (H2, HSQL or Derby), please put it on the classpath.
	If you have database settings to be loaded from a particular profile you may need to activate it (no profiles are currently active).

2023-06-02 13:35:19 [background-preinit] INFO - HV000001: Hibernate Validator 8.0.0.Final
2023-06-02 13:35:19 [main] INFO - Starting P6eCloudIndexApplication using Java 17.0.7 with PID 26032 (D:\CodeContents\github\p6e-coat\p6e-coat\p6e-coat-console\target\classes started by a1294 in D:\CodeContents\github\p6e-coat\p6e-coat)
2023-06-02 13:35:19 [main] INFO - No active profile set, falling back to 1 default profile: "default"
2023-06-02 13:35:19 [main] INFO - Multiple Spring Data modules found, entering strict repository configuration mode
2023-06-02 13:35:19 [main] INFO - Bootstrapping Spring Data JPA repositories in DEFAULT mode.
2023-06-02 13:35:20 [main] INFO - Finished Spring Data repository scanning in 100 ms. Found 6 JPA repository interfaces.
2023-06-02 13:35:20 [main] INFO - Multiple Spring Data modules found, entering strict repository configuration mode
2023-06-02 13:35:20 [main] INFO - Bootstrapping Spring Data Redis repositories in DEFAULT mode.
2023-06-02 13:35:20 [main] INFO - Spring Data Redis - Could not safely identify store assignment for repository candidate interface club.p6e.cloud.test.infrastructure.repository.ConfigRepository; If you want this repository to be a Redis repository, consider annotating your entities with one of these annotations: org.springframework.data.redis.core.RedisHash (preferred), or consider extending one of the following types with your repository: org.springframework.data.keyvalue.repository.KeyValueRepository
2023-06-02 13:35:20 [main] INFO - Spring Data Redis - Could not safely identify store assignment for repository candidate interface club.p6e.cloud.test.infrastructure.repository.DictionaryRepository; If you want this repository to be a Redis repository, consider annotating your entities with one of these annotations: org.springframework.data.redis.core.RedisHash (preferred), or consider extending one of the following types with your repository: org.springframework.data.keyvalue.repository.KeyValueRepository
2023-06-02 13:35:20 [main] INFO - Spring Data Redis - Could not safely identify store assignment for repository candidate interface club.p6e.cloud.test.infrastructure.repository.PermissionUrlGroupRelationUrlRepository; If you want this repository to be a Redis repository, consider annotating your entities with one of these annotations: org.springframework.data.redis.core.RedisHash (preferred), or consider extending one of the following types with your repository: org.springframework.data.keyvalue.repository.KeyValueRepository
2023-06-02 13:35:20 [main] INFO - Spring Data Redis - Could not safely identify store assignment for repository candidate interface club.p6e.cloud.test.infrastructure.repository.PermissionUrlGroupRepository; If you want this repository to be a Redis repository, consider annotating your entities with one of these annotations: org.springframework.data.redis.core.RedisHash (preferred), or consider extending one of the following types with your repository: org.springframework.data.keyvalue.repository.KeyValueRepository
2023-06-02 13:35:20 [main] INFO - Spring Data Redis - Could not safely identify store assignment for repository candidate interface club.p6e.cloud.test.infrastructure.repository.PermissionUrlRepository; If you want this repository to be a Redis repository, consider annotating your entities with one of these annotations: org.springframework.data.redis.core.RedisHash (preferred), or consider extending one of the following types with your repository: org.springframework.data.keyvalue.repository.KeyValueRepository
2023-06-02 13:35:20 [main] INFO - Spring Data Redis - Could not safely identify store assignment for repository candidate interface club.p6e.cloud.test.infrastructure.repository.UserRepository; If you want this repository to be a Redis repository, consider annotating your entities with one of these annotations: org.springframework.data.redis.core.RedisHash (preferred), or consider extending one of the following types with your repository: org.springframework.data.keyvalue.repository.KeyValueRepository
2023-06-02 13:35:20 [main] INFO - Finished Spring Data repository scanning in 5 ms. Found 0 Redis repository interfaces.
2023-06-02 13:35:20 [main] INFO - Tomcat initialized with port(s): 8080 (http)
2023-06-02 13:35:20 [main] INFO - Initializing ProtocolHandler ["http-nio-8080"]
2023-06-02 13:35:20 [main] INFO - Starting service [Tomcat]
2023-06-02 13:35:20 [main] INFO - Starting Servlet engine: [Apache Tomcat/10.1.1]
2023-06-02 13:35:20 [main] INFO - Initializing Spring embedded WebApplicationContext
2023-06-02 13:35:20 [main] INFO - Root WebApplicationContext: initialization completed in 799 ms
2023-06-02 13:35:20 [main] WARN - Exception encountered during context initialization - cancelling refresh attempt: org.springframework.beans.factory.UnsatisfiedDependencyException: Error creating bean with name 'dataSourceScriptDatabaseInitializer' defined in class path resource [org/springframework/boot/autoconfigure/sql/init/DataSourceInitializationConfiguration.class]: Unsatisfied dependency expressed through method 'dataSourceScriptDatabaseInitializer' parameter 0: Error creating bean with name 'dataSource' defined in class path resource [org/springframework/boot/autoconfigure/jdbc/DataSourceConfiguration$Hikari.class]: Failed to instantiate [com.zaxxer.hikari.HikariDataSource]: Factory method 'dataSource' threw exception with message: Failed to determine a suitable driver class
2023-06-02 13:35:20 [main] INFO - Stopping service [Tomcat]
2023-06-02 13:35:20 [main] INFO - 

Error starting ApplicationContext. To display the condition evaluation report re-run your application with 'debug' enabled.
2023-06-02 13:35:20 [main] ERROR - 

***************************
APPLICATION FAILED TO START
***************************

Description:

Failed to configure a DataSource: 'url' attribute is not specified and no embedded datasource could be configured.

Reason: Failed to determine a suitable driver class


Action:

Consider the following:
	If you want an embedded database (H2, HSQL or Derby), please put it on the classpath.
	If you have database settings to be loaded from a particular profile you may need to activate it (no profiles are currently active).

2023-06-02 13:35:43 [background-preinit] INFO - HV000001: Hibernate Validator 8.0.0.Final
2023-06-02 13:35:43 [main] INFO - Starting P6eCloudIndexApplication using Java 17.0.7 with PID 5148 (D:\CodeContents\github\p6e-coat\p6e-coat\p6e-coat-console\target\classes started by a1294 in D:\CodeContents\github\p6e-coat\p6e-coat)
2023-06-02 13:35:43 [main] INFO - No active profile set, falling back to 1 default profile: "default"
2023-06-02 13:35:44 [main] INFO - Multiple Spring Data modules found, entering strict repository configuration mode
2023-06-02 13:35:44 [main] INFO - Bootstrapping Spring Data JPA repositories in DEFAULT mode.
2023-06-02 13:35:44 [main] INFO - Finished Spring Data repository scanning in 86 ms. Found 6 JPA repository interfaces.
2023-06-02 13:35:44 [main] INFO - Multiple Spring Data modules found, entering strict repository configuration mode
2023-06-02 13:35:44 [main] INFO - Bootstrapping Spring Data Redis repositories in DEFAULT mode.
2023-06-02 13:35:44 [main] INFO - Spring Data Redis - Could not safely identify store assignment for repository candidate interface club.p6e.cloud.test.infrastructure.repository.ConfigRepository; If you want this repository to be a Redis repository, consider annotating your entities with one of these annotations: org.springframework.data.redis.core.RedisHash (preferred), or consider extending one of the following types with your repository: org.springframework.data.keyvalue.repository.KeyValueRepository
2023-06-02 13:35:44 [main] INFO - Spring Data Redis - Could not safely identify store assignment for repository candidate interface club.p6e.cloud.test.infrastructure.repository.DictionaryRepository; If you want this repository to be a Redis repository, consider annotating your entities with one of these annotations: org.springframework.data.redis.core.RedisHash (preferred), or consider extending one of the following types with your repository: org.springframework.data.keyvalue.repository.KeyValueRepository
2023-06-02 13:35:44 [main] INFO - Spring Data Redis - Could not safely identify store assignment for repository candidate interface club.p6e.cloud.test.infrastructure.repository.PermissionUrlGroupRelationUrlRepository; If you want this repository to be a Redis repository, consider annotating your entities with one of these annotations: org.springframework.data.redis.core.RedisHash (preferred), or consider extending one of the following types with your repository: org.springframework.data.keyvalue.repository.KeyValueRepository
2023-06-02 13:35:44 [main] INFO - Spring Data Redis - Could not safely identify store assignment for repository candidate interface club.p6e.cloud.test.infrastructure.repository.PermissionUrlGroupRepository; If you want this repository to be a Redis repository, consider annotating your entities with one of these annotations: org.springframework.data.redis.core.RedisHash (preferred), or consider extending one of the following types with your repository: org.springframework.data.keyvalue.repository.KeyValueRepository
2023-06-02 13:35:44 [main] INFO - Spring Data Redis - Could not safely identify store assignment for repository candidate interface club.p6e.cloud.test.infrastructure.repository.PermissionUrlRepository; If you want this repository to be a Redis repository, consider annotating your entities with one of these annotations: org.springframework.data.redis.core.RedisHash (preferred), or consider extending one of the following types with your repository: org.springframework.data.keyvalue.repository.KeyValueRepository
2023-06-02 13:35:44 [main] INFO - Spring Data Redis - Could not safely identify store assignment for repository candidate interface club.p6e.cloud.test.infrastructure.repository.UserRepository; If you want this repository to be a Redis repository, consider annotating your entities with one of these annotations: org.springframework.data.redis.core.RedisHash (preferred), or consider extending one of the following types with your repository: org.springframework.data.keyvalue.repository.KeyValueRepository
2023-06-02 13:35:44 [main] INFO - Finished Spring Data repository scanning in 4 ms. Found 0 Redis repository interfaces.
2023-06-02 13:35:44 [main] INFO - Tomcat initialized with port(s): 8080 (http)
2023-06-02 13:35:44 [main] INFO - Initializing ProtocolHandler ["http-nio-8080"]
2023-06-02 13:35:44 [main] INFO - Starting service [Tomcat]
2023-06-02 13:35:44 [main] INFO - Starting Servlet engine: [Apache Tomcat/10.1.1]
2023-06-02 13:35:44 [main] INFO - Initializing Spring embedded WebApplicationContext
2023-06-02 13:35:44 [main] INFO - Root WebApplicationContext: initialization completed in 828 ms
2023-06-02 13:35:44 [main] WARN - Exception encountered during context initialization - cancelling refresh attempt: org.springframework.beans.factory.UnsatisfiedDependencyException: Error creating bean with name 'dataSourceScriptDatabaseInitializer' defined in class path resource [org/springframework/boot/autoconfigure/sql/init/DataSourceInitializationConfiguration.class]: Unsatisfied dependency expressed through method 'dataSourceScriptDatabaseInitializer' parameter 0: Error creating bean with name 'dataSource' defined in class path resource [org/springframework/boot/autoconfigure/jdbc/DataSourceConfiguration$Hikari.class]: Failed to instantiate [com.zaxxer.hikari.HikariDataSource]: Factory method 'dataSource' threw exception with message: URL must start with 'jdbc'
2023-06-02 13:35:44 [main] INFO - Stopping service [Tomcat]
2023-06-02 13:35:44 [main] INFO - 

Error starting ApplicationContext. To display the condition evaluation report re-run your application with 'debug' enabled.
2023-06-02 13:35:44 [main] ERROR - Application run failed
org.springframework.beans.factory.UnsatisfiedDependencyException: Error creating bean with name 'dataSourceScriptDatabaseInitializer' defined in class path resource [org/springframework/boot/autoconfigure/sql/init/DataSourceInitializationConfiguration.class]: Unsatisfied dependency expressed through method 'dataSourceScriptDatabaseInitializer' parameter 0: Error creating bean with name 'dataSource' defined in class path resource [org/springframework/boot/autoconfigure/jdbc/DataSourceConfiguration$Hikari.class]: Failed to instantiate [com.zaxxer.hikari.HikariDataSource]: Factory method 'dataSource' threw exception with message: URL must start with 'jdbc'
	at org.springframework.beans.factory.support.ConstructorResolver.createArgumentArray(ConstructorResolver.java:793) ~[spring-beans-6.0.2.jar:6.0.2]
	at org.springframework.beans.factory.support.ConstructorResolver.instantiateUsingFactoryMethod(ConstructorResolver.java:543) ~[spring-beans-6.0.2.jar:6.0.2]
	at org.springframework.beans.factory.support.AbstractAutowireCapableBeanFactory.instantiateUsingFactoryMethod(AbstractAutowireCapableBeanFactory.java:1324) ~[spring-beans-6.0.2.jar:6.0.2]
	at org.springframework.beans.factory.support.AbstractAutowireCapableBeanFactory.createBeanInstance(AbstractAutowireCapableBeanFactory.java:1161) ~[spring-beans-6.0.2.jar:6.0.2]
	at org.springframework.beans.factory.support.AbstractAutowireCapableBeanFactory.doCreateBean(AbstractAutowireCapableBeanFactory.java:561) ~[spring-beans-6.0.2.jar:6.0.2]
	at org.springframework.beans.factory.support.AbstractAutowireCapableBeanFactory.createBean(AbstractAutowireCapableBeanFactory.java:521) ~[spring-beans-6.0.2.jar:6.0.2]
	at org.springframework.beans.factory.support.AbstractBeanFactory.lambda$doGetBean$0(AbstractBeanFactory.java:326) ~[spring-beans-6.0.2.jar:6.0.2]
	at org.springframework.beans.factory.support.DefaultSingletonBeanRegistry.getSingleton(DefaultSingletonBeanRegistry.java:234) ~[spring-beans-6.0.2.jar:6.0.2]
	at org.springframework.beans.factory.support.AbstractBeanFactory.doGetBean(AbstractBeanFactory.java:324) ~[spring-beans-6.0.2.jar:6.0.2]
	at org.springframework.beans.factory.support.AbstractBeanFactory.getBean(AbstractBeanFactory.java:200) ~[spring-beans-6.0.2.jar:6.0.2]
	at org.springframework.beans.factory.support.AbstractBeanFactory.doGetBean(AbstractBeanFactory.java:313) ~[spring-beans-6.0.2.jar:6.0.2]
	at org.springframework.beans.factory.support.AbstractBeanFactory.getBean(AbstractBeanFactory.java:200) ~[spring-beans-6.0.2.jar:6.0.2]
	at org.springframework.context.support.AbstractApplicationContext.getBean(AbstractApplicationContext.java:1130) ~[spring-context-6.0.2.jar:6.0.2]
	at org.springframework.context.support.AbstractApplicationContext.finishBeanFactoryInitialization(AbstractApplicationContext.java:905) ~[spring-context-6.0.2.jar:6.0.2]
	at org.springframework.context.support.AbstractApplicationContext.refresh(AbstractApplicationContext.java:584) ~[spring-context-6.0.2.jar:6.0.2]
	at org.springframework.boot.web.servlet.context.ServletWebServerApplicationContext.refresh(ServletWebServerApplicationContext.java:146) ~[spring-boot-3.0.0.jar:3.0.0]
	at org.springframework.boot.SpringApplication.refresh(SpringApplication.java:730) ~[spring-boot-3.0.0.jar:3.0.0]
	at org.springframework.boot.SpringApplication.refreshContext(SpringApplication.java:432) ~[spring-boot-3.0.0.jar:3.0.0]
	at org.springframework.boot.SpringApplication.run(SpringApplication.java:308) ~[spring-boot-3.0.0.jar:3.0.0]
	at org.springframework.boot.SpringApplication.run(SpringApplication.java:1302) ~[spring-boot-3.0.0.jar:3.0.0]
	at org.springframework.boot.SpringApplication.run(SpringApplication.java:1291) ~[spring-boot-3.0.0.jar:3.0.0]
	at club.p6e.cloud.test.P6eCloudIndexApplication.main(P6eCloudIndexApplication.java:10) ~[classes/:na]
Caused by: org.springframework.beans.factory.BeanCreationException: Error creating bean with name 'dataSource' defined in class path resource [org/springframework/boot/autoconfigure/jdbc/DataSourceConfiguration$Hikari.class]: Failed to instantiate [com.zaxxer.hikari.HikariDataSource]: Factory method 'dataSource' threw exception with message: URL must start with 'jdbc'
	at org.springframework.beans.factory.support.ConstructorResolver.instantiate(ConstructorResolver.java:652) ~[spring-beans-6.0.2.jar:6.0.2]
	at org.springframework.beans.factory.support.ConstructorResolver.instantiateUsingFactoryMethod(ConstructorResolver.java:640) ~[spring-beans-6.0.2.jar:6.0.2]
	at org.springframework.beans.factory.support.AbstractAutowireCapableBeanFactory.instantiateUsingFactoryMethod(AbstractAutowireCapableBeanFactory.java:1324) ~[spring-beans-6.0.2.jar:6.0.2]
	at org.springframework.beans.factory.support.AbstractAutowireCapableBeanFactory.createBeanInstance(AbstractAutowireCapableBeanFactory.java:1161) ~[spring-beans-6.0.2.jar:6.0.2]
	at org.springframework.beans.factory.support.AbstractAutowireCapableBeanFactory.doCreateBean(AbstractAutowireCapableBeanFactory.java:561) ~[spring-beans-6.0.2.jar:6.0.2]
	at org.springframework.beans.factory.support.AbstractAutowireCapableBeanFactory.createBean(AbstractAutowireCapableBeanFactory.java:521) ~[spring-beans-6.0.2.jar:6.0.2]
	at org.springframework.beans.factory.support.AbstractBeanFactory.lambda$doGetBean$0(AbstractBeanFactory.java:326) ~[spring-beans-6.0.2.jar:6.0.2]
	at org.springframework.beans.factory.support.DefaultSingletonBeanRegistry.getSingleton(DefaultSingletonBeanRegistry.java:234) ~[spring-beans-6.0.2.jar:6.0.2]
	at org.springframework.beans.factory.support.AbstractBeanFactory.doGetBean(AbstractBeanFactory.java:324) ~[spring-beans-6.0.2.jar:6.0.2]
	at org.springframework.beans.factory.support.AbstractBeanFactory.getBean(AbstractBeanFactory.java:200) ~[spring-beans-6.0.2.jar:6.0.2]
	at org.springframework.beans.factory.config.DependencyDescriptor.resolveCandidate(DependencyDescriptor.java:254) ~[spring-beans-6.0.2.jar:6.0.2]
	at org.springframework.beans.factory.support.DefaultListableBeanFactory.doResolveDependency(DefaultListableBeanFactory.java:1405) ~[spring-beans-6.0.2.jar:6.0.2]
	at org.springframework.beans.factory.support.DefaultListableBeanFactory.resolveDependency(DefaultListableBeanFactory.java:1325) ~[spring-beans-6.0.2.jar:6.0.2]
	at org.springframework.beans.factory.support.ConstructorResolver.resolveAutowiredArgument(ConstructorResolver.java:880) ~[spring-beans-6.0.2.jar:6.0.2]
	at org.springframework.beans.factory.support.ConstructorResolver.createArgumentArray(ConstructorResolver.java:784) ~[spring-beans-6.0.2.jar:6.0.2]
	... 21 common frames omitted
Caused by: org.springframework.beans.BeanInstantiationException: Failed to instantiate [com.zaxxer.hikari.HikariDataSource]: Factory method 'dataSource' threw exception with message: URL must start with 'jdbc'
	at org.springframework.beans.factory.support.SimpleInstantiationStrategy.instantiate(SimpleInstantiationStrategy.java:171) ~[spring-beans-6.0.2.jar:6.0.2]
	at org.springframework.beans.factory.support.ConstructorResolver.instantiate(ConstructorResolver.java:648) ~[spring-beans-6.0.2.jar:6.0.2]
	... 35 common frames omitted
Caused by: java.lang.IllegalArgumentException: URL must start with 'jdbc'
	at org.springframework.util.Assert.isTrue(Assert.java:122) ~[spring-core-6.0.2.jar:6.0.2]
	at org.springframework.boot.jdbc.DatabaseDriver.fromJdbcUrl(DatabaseDriver.java:282) ~[spring-boot-3.0.0.jar:3.0.0]
	at org.springframework.boot.autoconfigure.jdbc.DataSourceProperties.determineDriverClassName(DataSourceProperties.java:176) ~[spring-boot-autoconfigure-3.0.0.jar:3.0.0]
	at org.springframework.boot.autoconfigure.jdbc.DataSourceProperties.initializeDataSourceBuilder(DataSourceProperties.java:123) ~[spring-boot-autoconfigure-3.0.0.jar:3.0.0]
	at org.springframework.boot.autoconfigure.jdbc.DataSourceConfiguration.createDataSource(DataSourceConfiguration.java:48) ~[spring-boot-autoconfigure-3.0.0.jar:3.0.0]
	at org.springframework.boot.autoconfigure.jdbc.DataSourceConfiguration$Hikari.dataSource(DataSourceConfiguration.java:90) ~[spring-boot-autoconfigure-3.0.0.jar:3.0.0]
	at java.base/jdk.internal.reflect.NativeMethodAccessorImpl.invoke0(Native Method) ~[na:na]
	at java.base/jdk.internal.reflect.NativeMethodAccessorImpl.invoke(NativeMethodAccessorImpl.java:77) ~[na:na]
	at java.base/jdk.internal.reflect.DelegatingMethodAccessorImpl.invoke(DelegatingMethodAccessorImpl.java:43) ~[na:na]
	at java.base/java.lang.reflect.Method.invoke(Method.java:568) ~[na:na]
	at org.springframework.beans.factory.support.SimpleInstantiationStrategy.instantiate(SimpleInstantiationStrategy.java:139) ~[spring-beans-6.0.2.jar:6.0.2]
	... 36 common frames omitted
2023-06-02 13:37:09 [background-preinit] INFO - HV000001: Hibernate Validator 8.0.0.Final
2023-06-02 13:37:09 [main] INFO - Starting P6eCloudIndexApplication using Java 17.0.7 with PID 9272 (D:\CodeContents\github\p6e-coat\p6e-coat\p6e-coat-console\target\classes started by a1294 in D:\CodeContents\github\p6e-coat\p6e-coat)
2023-06-02 13:37:09 [main] INFO - No active profile set, falling back to 1 default profile: "default"
2023-06-02 13:37:09 [main] INFO - Multiple Spring Data modules found, entering strict repository configuration mode
2023-06-02 13:37:09 [main] INFO - Bootstrapping Spring Data JPA repositories in DEFAULT mode.
2023-06-02 13:37:09 [main] INFO - Finished Spring Data repository scanning in 91 ms. Found 6 JPA repository interfaces.
2023-06-02 13:37:09 [main] INFO - Multiple Spring Data modules found, entering strict repository configuration mode
2023-06-02 13:37:09 [main] INFO - Bootstrapping Spring Data Redis repositories in DEFAULT mode.
2023-06-02 13:37:09 [main] INFO - Spring Data Redis - Could not safely identify store assignment for repository candidate interface club.p6e.cloud.test.infrastructure.repository.ConfigRepository; If you want this repository to be a Redis repository, consider annotating your entities with one of these annotations: org.springframework.data.redis.core.RedisHash (preferred), or consider extending one of the following types with your repository: org.springframework.data.keyvalue.repository.KeyValueRepository
2023-06-02 13:37:09 [main] INFO - Spring Data Redis - Could not safely identify store assignment for repository candidate interface club.p6e.cloud.test.infrastructure.repository.DictionaryRepository; If you want this repository to be a Redis repository, consider annotating your entities with one of these annotations: org.springframework.data.redis.core.RedisHash (preferred), or consider extending one of the following types with your repository: org.springframework.data.keyvalue.repository.KeyValueRepository
2023-06-02 13:37:09 [main] INFO - Spring Data Redis - Could not safely identify store assignment for repository candidate interface club.p6e.cloud.test.infrastructure.repository.PermissionUrlGroupRelationUrlRepository; If you want this repository to be a Redis repository, consider annotating your entities with one of these annotations: org.springframework.data.redis.core.RedisHash (preferred), or consider extending one of the following types with your repository: org.springframework.data.keyvalue.repository.KeyValueRepository
2023-06-02 13:37:09 [main] INFO - Spring Data Redis - Could not safely identify store assignment for repository candidate interface club.p6e.cloud.test.infrastructure.repository.PermissionUrlGroupRepository; If you want this repository to be a Redis repository, consider annotating your entities with one of these annotations: org.springframework.data.redis.core.RedisHash (preferred), or consider extending one of the following types with your repository: org.springframework.data.keyvalue.repository.KeyValueRepository
2023-06-02 13:37:09 [main] INFO - Spring Data Redis - Could not safely identify store assignment for repository candidate interface club.p6e.cloud.test.infrastructure.repository.PermissionUrlRepository; If you want this repository to be a Redis repository, consider annotating your entities with one of these annotations: org.springframework.data.redis.core.RedisHash (preferred), or consider extending one of the following types with your repository: org.springframework.data.keyvalue.repository.KeyValueRepository
2023-06-02 13:37:09 [main] INFO - Spring Data Redis - Could not safely identify store assignment for repository candidate interface club.p6e.cloud.test.infrastructure.repository.UserRepository; If you want this repository to be a Redis repository, consider annotating your entities with one of these annotations: org.springframework.data.redis.core.RedisHash (preferred), or consider extending one of the following types with your repository: org.springframework.data.keyvalue.repository.KeyValueRepository
2023-06-02 13:37:09 [main] INFO - Finished Spring Data repository scanning in 5 ms. Found 0 Redis repository interfaces.
2023-06-02 13:37:10 [main] INFO - Tomcat initialized with port(s): 8080 (http)
2023-06-02 13:37:10 [main] INFO - Initializing ProtocolHandler ["http-nio-8080"]
2023-06-02 13:37:10 [main] INFO - Starting service [Tomcat]
2023-06-02 13:37:10 [main] INFO - Starting Servlet engine: [Apache Tomcat/10.1.1]
2023-06-02 13:37:10 [main] INFO - Initializing Spring embedded WebApplicationContext
2023-06-02 13:37:10 [main] INFO - Root WebApplicationContext: initialization completed in 1031 ms
2023-06-02 13:37:10 [main] INFO - HikariPool-1 - Starting...
2023-06-02 13:37:10 [main] INFO - HikariPool-1 - Added connection org.postgresql.jdbc.PgConnection@54ccb3
2023-06-02 13:37:10 [main] INFO - HikariPool-1 - Start completed.
2023-06-02 13:37:10 [main] INFO - HHH000204: Processing PersistenceUnitInfo [name: default]
2023-06-02 13:37:10 [main] INFO - HHH000412: Hibernate ORM core version 6.1.5.Final
2023-06-02 13:37:10 [main] WARN - HHH90000021: Encountered deprecated setting [javax.persistence.sharedCache.mode], use [jakarta.persistence.sharedCache.mode] instead
2023-06-02 13:37:10 [main] INFO - HHH000400: Using dialect: org.hibernate.dialect.PostgreSQLDialect
2023-06-02 13:37:11 [main] INFO - HHH000490: Using JtaPlatform implementation: [org.hibernate.engine.transaction.jta.platform.internal.NoJtaPlatform]
2023-06-02 13:37:11 [main] INFO - Initialized JPA EntityManagerFactory for persistence unit 'default'
2023-06-02 13:37:11 [main] WARN - spring.jpa.open-in-view is enabled by default. Therefore, database queries may be performed during view rendering. Explicitly configure spring.jpa.open-in-view to disable this warning
2023-06-02 13:37:11 [main] WARN - Exception encountered during context initialization - cancelling refresh attempt: org.springframework.beans.factory.BeanCreationException: Error creating bean with name 'requestMappingHandlerMapping' defined in class path resource [org/springframework/boot/autoconfigure/web/servlet/WebMvcAutoConfiguration$EnableWebMvcConfiguration.class]: Ambiguous mapping. Cannot map 'configController' method 
club.p6e.cloud.test.controller.ConfigController#postList(Request)
to {POST [/config/list]}: There is already 'configController' bean method
club.p6e.cloud.test.controller.ConfigController#getList(Request) mapped.
2023-06-02 13:37:11 [main] INFO - Closing JPA EntityManagerFactory for persistence unit 'default'
2023-06-02 13:37:11 [main] INFO - HikariPool-1 - Shutdown initiated...
2023-06-02 13:37:11 [main] INFO - HikariPool-1 - Shutdown completed.
2023-06-02 13:37:11 [main] INFO - Stopping service [Tomcat]
2023-06-02 13:37:11 [main] INFO - 

Error starting ApplicationContext. To display the condition evaluation report re-run your application with 'debug' enabled.
2023-06-02 13:37:11 [main] ERROR - Application run failed
org.springframework.beans.factory.BeanCreationException: Error creating bean with name 'requestMappingHandlerMapping' defined in class path resource [org/springframework/boot/autoconfigure/web/servlet/WebMvcAutoConfiguration$EnableWebMvcConfiguration.class]: Ambiguous mapping. Cannot map 'configController' method 
club.p6e.cloud.test.controller.ConfigController#postList(Request)
to {POST [/config/list]}: There is already 'configController' bean method
club.p6e.cloud.test.controller.ConfigController#getList(Request) mapped.
	at org.springframework.beans.factory.support.AbstractAutowireCapableBeanFactory.initializeBean(AbstractAutowireCapableBeanFactory.java:1751) ~[spring-beans-6.0.2.jar:6.0.2]
	at org.springframework.beans.factory.support.AbstractAutowireCapableBeanFactory.doCreateBean(AbstractAutowireCapableBeanFactory.java:599) ~[spring-beans-6.0.2.jar:6.0.2]
	at org.springframework.beans.factory.support.AbstractAutowireCapableBeanFactory.createBean(AbstractAutowireCapableBeanFactory.java:521) ~[spring-beans-6.0.2.jar:6.0.2]
	at org.springframework.beans.factory.support.AbstractBeanFactory.lambda$doGetBean$0(AbstractBeanFactory.java:326) ~[spring-beans-6.0.2.jar:6.0.2]
	at org.springframework.beans.factory.support.DefaultSingletonBeanRegistry.getSingleton(DefaultSingletonBeanRegistry.java:234) ~[spring-beans-6.0.2.jar:6.0.2]
	at org.springframework.beans.factory.support.AbstractBeanFactory.doGetBean(AbstractBeanFactory.java:324) ~[spring-beans-6.0.2.jar:6.0.2]
	at org.springframework.beans.factory.support.AbstractBeanFactory.getBean(AbstractBeanFactory.java:200) ~[spring-beans-6.0.2.jar:6.0.2]
	at org.springframework.beans.factory.support.DefaultListableBeanFactory.preInstantiateSingletons(DefaultListableBeanFactory.java:961) ~[spring-beans-6.0.2.jar:6.0.2]
	at org.springframework.context.support.AbstractApplicationContext.finishBeanFactoryInitialization(AbstractApplicationContext.java:915) ~[spring-context-6.0.2.jar:6.0.2]
	at org.springframework.context.support.AbstractApplicationContext.refresh(AbstractApplicationContext.java:584) ~[spring-context-6.0.2.jar:6.0.2]
	at org.springframework.boot.web.servlet.context.ServletWebServerApplicationContext.refresh(ServletWebServerApplicationContext.java:146) ~[spring-boot-3.0.0.jar:3.0.0]
	at org.springframework.boot.SpringApplication.refresh(SpringApplication.java:730) ~[spring-boot-3.0.0.jar:3.0.0]
	at org.springframework.boot.SpringApplication.refreshContext(SpringApplication.java:432) ~[spring-boot-3.0.0.jar:3.0.0]
	at org.springframework.boot.SpringApplication.run(SpringApplication.java:308) ~[spring-boot-3.0.0.jar:3.0.0]
	at org.springframework.boot.SpringApplication.run(SpringApplication.java:1302) ~[spring-boot-3.0.0.jar:3.0.0]
	at org.springframework.boot.SpringApplication.run(SpringApplication.java:1291) ~[spring-boot-3.0.0.jar:3.0.0]
	at club.p6e.cloud.test.P6eCloudIndexApplication.main(P6eCloudIndexApplication.java:10) ~[classes/:na]
Caused by: java.lang.IllegalStateException: Ambiguous mapping. Cannot map 'configController' method 
club.p6e.cloud.test.controller.ConfigController#postList(Request)
to {POST [/config/list]}: There is already 'configController' bean method
club.p6e.cloud.test.controller.ConfigController#getList(Request) mapped.
	at org.springframework.web.servlet.handler.AbstractHandlerMethodMapping$MappingRegistry.validateMethodMapping(AbstractHandlerMethodMapping.java:667) ~[spring-webmvc-6.0.2.jar:6.0.2]
	at org.springframework.web.servlet.handler.AbstractHandlerMethodMapping$MappingRegistry.register(AbstractHandlerMethodMapping.java:633) ~[spring-webmvc-6.0.2.jar:6.0.2]
	at org.springframework.web.servlet.handler.AbstractHandlerMethodMapping.registerHandlerMethod(AbstractHandlerMethodMapping.java:331) ~[spring-webmvc-6.0.2.jar:6.0.2]
	at org.springframework.web.servlet.mvc.method.annotation.RequestMappingHandlerMapping.registerHandlerMethod(RequestMappingHandlerMapping.java:438) ~[spring-webmvc-6.0.2.jar:6.0.2]
	at org.springframework.web.servlet.mvc.method.annotation.RequestMappingHandlerMapping.registerHandlerMethod(RequestMappingHandlerMapping.java:76) ~[spring-webmvc-6.0.2.jar:6.0.2]
	at org.springframework.web.servlet.handler.AbstractHandlerMethodMapping.lambda$detectHandlerMethods$2(AbstractHandlerMethodMapping.java:298) ~[spring-webmvc-6.0.2.jar:6.0.2]
	at java.base/java.util.LinkedHashMap.forEach(LinkedHashMap.java:721) ~[na:na]
	at org.springframework.web.servlet.handler.AbstractHandlerMethodMapping.detectHandlerMethods(AbstractHandlerMethodMapping.java:296) ~[spring-webmvc-6.0.2.jar:6.0.2]
	at org.springframework.web.servlet.handler.AbstractHandlerMethodMapping.processCandidateBean(AbstractHandlerMethodMapping.java:265) ~[spring-webmvc-6.0.2.jar:6.0.2]
	at org.springframework.web.servlet.handler.AbstractHandlerMethodMapping.initHandlerMethods(AbstractHandlerMethodMapping.java:224) ~[spring-webmvc-6.0.2.jar:6.0.2]
	at org.springframework.web.servlet.handler.AbstractHandlerMethodMapping.afterPropertiesSet(AbstractHandlerMethodMapping.java:212) ~[spring-webmvc-6.0.2.jar:6.0.2]
	at org.springframework.web.servlet.mvc.method.annotation.RequestMappingHandlerMapping.afterPropertiesSet(RequestMappingHandlerMapping.java:225) ~[spring-webmvc-6.0.2.jar:6.0.2]
	at org.springframework.beans.factory.support.AbstractAutowireCapableBeanFactory.invokeInitMethods(AbstractAutowireCapableBeanFactory.java:1797) ~[spring-beans-6.0.2.jar:6.0.2]
	at org.springframework.beans.factory.support.AbstractAutowireCapableBeanFactory.initializeBean(AbstractAutowireCapableBeanFactory.java:1747) ~[spring-beans-6.0.2.jar:6.0.2]
	... 16 common frames omitted
2023-06-02 13:39:15 [background-preinit] INFO - HV000001: Hibernate Validator 8.0.0.Final
2023-06-02 13:39:15 [main] INFO - Starting P6eCloudIndexApplication using Java 17.0.7 with PID 33020 (D:\CodeContents\github\p6e-coat\p6e-coat\p6e-coat-console\target\classes started by a1294 in D:\CodeContents\github\p6e-coat\p6e-coat)
2023-06-02 13:39:15 [main] INFO - No active profile set, falling back to 1 default profile: "default"
2023-06-02 13:39:16 [main] INFO - Multiple Spring Data modules found, entering strict repository configuration mode
2023-06-02 13:39:16 [main] INFO - Bootstrapping Spring Data JPA repositories in DEFAULT mode.
2023-06-02 13:39:16 [main] INFO - Finished Spring Data repository scanning in 82 ms. Found 6 JPA repository interfaces.
2023-06-02 13:39:16 [main] INFO - Multiple Spring Data modules found, entering strict repository configuration mode
2023-06-02 13:39:16 [main] INFO - Bootstrapping Spring Data Redis repositories in DEFAULT mode.
2023-06-02 13:39:16 [main] INFO - Spring Data Redis - Could not safely identify store assignment for repository candidate interface club.p6e.cloud.test.infrastructure.repository.ConfigRepository; If you want this repository to be a Redis repository, consider annotating your entities with one of these annotations: org.springframework.data.redis.core.RedisHash (preferred), or consider extending one of the following types with your repository: org.springframework.data.keyvalue.repository.KeyValueRepository
2023-06-02 13:39:16 [main] INFO - Spring Data Redis - Could not safely identify store assignment for repository candidate interface club.p6e.cloud.test.infrastructure.repository.DictionaryRepository; If you want this repository to be a Redis repository, consider annotating your entities with one of these annotations: org.springframework.data.redis.core.RedisHash (preferred), or consider extending one of the following types with your repository: org.springframework.data.keyvalue.repository.KeyValueRepository
2023-06-02 13:39:16 [main] INFO - Spring Data Redis - Could not safely identify store assignment for repository candidate interface club.p6e.cloud.test.infrastructure.repository.PermissionUrlGroupRelationUrlRepository; If you want this repository to be a Redis repository, consider annotating your entities with one of these annotations: org.springframework.data.redis.core.RedisHash (preferred), or consider extending one of the following types with your repository: org.springframework.data.keyvalue.repository.KeyValueRepository
2023-06-02 13:39:16 [main] INFO - Spring Data Redis - Could not safely identify store assignment for repository candidate interface club.p6e.cloud.test.infrastructure.repository.PermissionUrlGroupRepository; If you want this repository to be a Redis repository, consider annotating your entities with one of these annotations: org.springframework.data.redis.core.RedisHash (preferred), or consider extending one of the following types with your repository: org.springframework.data.keyvalue.repository.KeyValueRepository
2023-06-02 13:39:16 [main] INFO - Spring Data Redis - Could not safely identify store assignment for repository candidate interface club.p6e.cloud.test.infrastructure.repository.PermissionUrlRepository; If you want this repository to be a Redis repository, consider annotating your entities with one of these annotations: org.springframework.data.redis.core.RedisHash (preferred), or consider extending one of the following types with your repository: org.springframework.data.keyvalue.repository.KeyValueRepository
2023-06-02 13:39:16 [main] INFO - Spring Data Redis - Could not safely identify store assignment for repository candidate interface club.p6e.cloud.test.infrastructure.repository.UserRepository; If you want this repository to be a Redis repository, consider annotating your entities with one of these annotations: org.springframework.data.redis.core.RedisHash (preferred), or consider extending one of the following types with your repository: org.springframework.data.keyvalue.repository.KeyValueRepository
2023-06-02 13:39:16 [main] INFO - Finished Spring Data repository scanning in 7 ms. Found 0 Redis repository interfaces.
2023-06-02 13:39:16 [main] INFO - Tomcat initialized with port(s): 8080 (http)
2023-06-02 13:39:16 [main] INFO - Initializing ProtocolHandler ["http-nio-8080"]
2023-06-02 13:39:16 [main] INFO - Starting service [Tomcat]
2023-06-02 13:39:16 [main] INFO - Starting Servlet engine: [Apache Tomcat/10.1.1]
2023-06-02 13:39:16 [main] INFO - Initializing Spring embedded WebApplicationContext
2023-06-02 13:39:16 [main] INFO - Root WebApplicationContext: initialization completed in 747 ms
2023-06-02 13:39:16 [main] INFO - HikariPool-1 - Starting...
2023-06-02 13:39:17 [main] INFO - HikariPool-1 - Added connection org.postgresql.jdbc.PgConnection@6d6cd1e0
2023-06-02 13:39:17 [main] INFO - HikariPool-1 - Start completed.
2023-06-02 13:39:17 [main] INFO - HHH000204: Processing PersistenceUnitInfo [name: default]
2023-06-02 13:39:17 [main] INFO - HHH000412: Hibernate ORM core version 6.1.5.Final
2023-06-02 13:39:17 [main] WARN - HHH90000021: Encountered deprecated setting [javax.persistence.sharedCache.mode], use [jakarta.persistence.sharedCache.mode] instead
2023-06-02 13:39:17 [main] INFO - HHH000400: Using dialect: org.hibernate.dialect.PostgreSQLDialect
2023-06-02 13:39:17 [main] INFO - HHH000490: Using JtaPlatform implementation: [org.hibernate.engine.transaction.jta.platform.internal.NoJtaPlatform]
2023-06-02 13:39:17 [main] INFO - Initialized JPA EntityManagerFactory for persistence unit 'default'
2023-06-02 13:39:17 [main] WARN - spring.jpa.open-in-view is enabled by default. Therefore, database queries may be performed during view rendering. Explicitly configure spring.jpa.open-in-view to disable this warning
2023-06-02 13:39:17 [main] WARN - Exception encountered during context initialization - cancelling refresh attempt: org.springframework.beans.factory.BeanCreationException: Error creating bean with name 'requestMappingHandlerMapping' defined in class path resource [org/springframework/boot/autoconfigure/web/servlet/WebMvcAutoConfiguration$EnableWebMvcConfiguration.class]: Ambiguous mapping. Cannot map 'XXXXXXXXXXXXXXXXXXX' method 
club.p6e.cloud.test.controller.ConfigController#postList(Request)
to {POST [/config/list]}: There is already 'XXXXXXXXXXXXXXXXXXX' bean method
club.p6e.cloud.test.controller.ConfigController#getList(Request) mapped.
2023-06-02 13:39:17 [main] INFO - Closing JPA EntityManagerFactory for persistence unit 'default'
2023-06-02 13:39:17 [main] INFO - HikariPool-1 - Shutdown initiated...
2023-06-02 13:39:18 [main] INFO - HikariPool-1 - Shutdown completed.
2023-06-02 13:39:18 [main] INFO - Stopping service [Tomcat]
2023-06-02 13:39:18 [main] INFO - 

Error starting ApplicationContext. To display the condition evaluation report re-run your application with 'debug' enabled.
2023-06-02 13:39:18 [main] ERROR - Application run failed
org.springframework.beans.factory.BeanCreationException: Error creating bean with name 'requestMappingHandlerMapping' defined in class path resource [org/springframework/boot/autoconfigure/web/servlet/WebMvcAutoConfiguration$EnableWebMvcConfiguration.class]: Ambiguous mapping. Cannot map 'XXXXXXXXXXXXXXXXXXX' method 
club.p6e.cloud.test.controller.ConfigController#postList(Request)
to {POST [/config/list]}: There is already 'XXXXXXXXXXXXXXXXXXX' bean method
club.p6e.cloud.test.controller.ConfigController#getList(Request) mapped.
	at org.springframework.beans.factory.support.AbstractAutowireCapableBeanFactory.initializeBean(AbstractAutowireCapableBeanFactory.java:1751) ~[spring-beans-6.0.2.jar:6.0.2]
	at org.springframework.beans.factory.support.AbstractAutowireCapableBeanFactory.doCreateBean(AbstractAutowireCapableBeanFactory.java:599) ~[spring-beans-6.0.2.jar:6.0.2]
	at org.springframework.beans.factory.support.AbstractAutowireCapableBeanFactory.createBean(AbstractAutowireCapableBeanFactory.java:521) ~[spring-beans-6.0.2.jar:6.0.2]
	at org.springframework.beans.factory.support.AbstractBeanFactory.lambda$doGetBean$0(AbstractBeanFactory.java:326) ~[spring-beans-6.0.2.jar:6.0.2]
	at org.springframework.beans.factory.support.DefaultSingletonBeanRegistry.getSingleton(DefaultSingletonBeanRegistry.java:234) ~[spring-beans-6.0.2.jar:6.0.2]
	at org.springframework.beans.factory.support.AbstractBeanFactory.doGetBean(AbstractBeanFactory.java:324) ~[spring-beans-6.0.2.jar:6.0.2]
	at org.springframework.beans.factory.support.AbstractBeanFactory.getBean(AbstractBeanFactory.java:200) ~[spring-beans-6.0.2.jar:6.0.2]
	at org.springframework.beans.factory.support.DefaultListableBeanFactory.preInstantiateSingletons(DefaultListableBeanFactory.java:961) ~[spring-beans-6.0.2.jar:6.0.2]
	at org.springframework.context.support.AbstractApplicationContext.finishBeanFactoryInitialization(AbstractApplicationContext.java:915) ~[spring-context-6.0.2.jar:6.0.2]
	at org.springframework.context.support.AbstractApplicationContext.refresh(AbstractApplicationContext.java:584) ~[spring-context-6.0.2.jar:6.0.2]
	at org.springframework.boot.web.servlet.context.ServletWebServerApplicationContext.refresh(ServletWebServerApplicationContext.java:146) ~[spring-boot-3.0.0.jar:3.0.0]
	at org.springframework.boot.SpringApplication.refresh(SpringApplication.java:730) ~[spring-boot-3.0.0.jar:3.0.0]
	at org.springframework.boot.SpringApplication.refreshContext(SpringApplication.java:432) ~[spring-boot-3.0.0.jar:3.0.0]
	at org.springframework.boot.SpringApplication.run(SpringApplication.java:308) ~[spring-boot-3.0.0.jar:3.0.0]
	at org.springframework.boot.SpringApplication.run(SpringApplication.java:1302) ~[spring-boot-3.0.0.jar:3.0.0]
	at org.springframework.boot.SpringApplication.run(SpringApplication.java:1291) ~[spring-boot-3.0.0.jar:3.0.0]
	at club.p6e.cloud.test.P6eCloudIndexApplication.main(P6eCloudIndexApplication.java:10) ~[classes/:na]
Caused by: java.lang.IllegalStateException: Ambiguous mapping. Cannot map 'XXXXXXXXXXXXXXXXXXX' method 
club.p6e.cloud.test.controller.ConfigController#postList(Request)
to {POST [/config/list]}: There is already 'XXXXXXXXXXXXXXXXXXX' bean method
club.p6e.cloud.test.controller.ConfigController#getList(Request) mapped.
	at org.springframework.web.servlet.handler.AbstractHandlerMethodMapping$MappingRegistry.validateMethodMapping(AbstractHandlerMethodMapping.java:667) ~[spring-webmvc-6.0.2.jar:6.0.2]
	at org.springframework.web.servlet.handler.AbstractHandlerMethodMapping$MappingRegistry.register(AbstractHandlerMethodMapping.java:633) ~[spring-webmvc-6.0.2.jar:6.0.2]
	at org.springframework.web.servlet.handler.AbstractHandlerMethodMapping.registerHandlerMethod(AbstractHandlerMethodMapping.java:331) ~[spring-webmvc-6.0.2.jar:6.0.2]
	at org.springframework.web.servlet.mvc.method.annotation.RequestMappingHandlerMapping.registerHandlerMethod(RequestMappingHandlerMapping.java:438) ~[spring-webmvc-6.0.2.jar:6.0.2]
	at org.springframework.web.servlet.mvc.method.annotation.RequestMappingHandlerMapping.registerHandlerMethod(RequestMappingHandlerMapping.java:76) ~[spring-webmvc-6.0.2.jar:6.0.2]
	at org.springframework.web.servlet.handler.AbstractHandlerMethodMapping.lambda$detectHandlerMethods$2(AbstractHandlerMethodMapping.java:298) ~[spring-webmvc-6.0.2.jar:6.0.2]
	at java.base/java.util.LinkedHashMap.forEach(LinkedHashMap.java:721) ~[na:na]
	at org.springframework.web.servlet.handler.AbstractHandlerMethodMapping.detectHandlerMethods(AbstractHandlerMethodMapping.java:296) ~[spring-webmvc-6.0.2.jar:6.0.2]
	at org.springframework.web.servlet.handler.AbstractHandlerMethodMapping.processCandidateBean(AbstractHandlerMethodMapping.java:265) ~[spring-webmvc-6.0.2.jar:6.0.2]
	at org.springframework.web.servlet.handler.AbstractHandlerMethodMapping.initHandlerMethods(AbstractHandlerMethodMapping.java:224) ~[spring-webmvc-6.0.2.jar:6.0.2]
	at org.springframework.web.servlet.handler.AbstractHandlerMethodMapping.afterPropertiesSet(AbstractHandlerMethodMapping.java:212) ~[spring-webmvc-6.0.2.jar:6.0.2]
	at org.springframework.web.servlet.mvc.method.annotation.RequestMappingHandlerMapping.afterPropertiesSet(RequestMappingHandlerMapping.java:225) ~[spring-webmvc-6.0.2.jar:6.0.2]
	at org.springframework.beans.factory.support.AbstractAutowireCapableBeanFactory.invokeInitMethods(AbstractAutowireCapableBeanFactory.java:1797) ~[spring-beans-6.0.2.jar:6.0.2]
	at org.springframework.beans.factory.support.AbstractAutowireCapableBeanFactory.initializeBean(AbstractAutowireCapableBeanFactory.java:1747) ~[spring-beans-6.0.2.jar:6.0.2]
	... 16 common frames omitted
2023-06-02 13:40:03 [background-preinit] INFO - HV000001: Hibernate Validator 8.0.0.Final
2023-06-02 13:40:03 [main] INFO - Starting P6eCloudIndexApplication using Java 17.0.7 with PID 17712 (D:\CodeContents\github\p6e-coat\p6e-coat\p6e-coat-console\target\classes started by a1294 in D:\CodeContents\github\p6e-coat\p6e-coat)
2023-06-02 13:40:03 [main] INFO - No active profile set, falling back to 1 default profile: "default"
2023-06-02 13:40:03 [main] INFO - Multiple Spring Data modules found, entering strict repository configuration mode
2023-06-02 13:40:03 [main] INFO - Bootstrapping Spring Data JPA repositories in DEFAULT mode.
2023-06-02 13:40:03 [main] INFO - Finished Spring Data repository scanning in 110 ms. Found 6 JPA repository interfaces.
2023-06-02 13:40:03 [main] INFO - Multiple Spring Data modules found, entering strict repository configuration mode
2023-06-02 13:40:03 [main] INFO - Bootstrapping Spring Data Redis repositories in DEFAULT mode.
2023-06-02 13:40:03 [main] INFO - Spring Data Redis - Could not safely identify store assignment for repository candidate interface club.p6e.cloud.test.infrastructure.repository.ConfigRepository; If you want this repository to be a Redis repository, consider annotating your entities with one of these annotations: org.springframework.data.redis.core.RedisHash (preferred), or consider extending one of the following types with your repository: org.springframework.data.keyvalue.repository.KeyValueRepository
2023-06-02 13:40:03 [main] INFO - Spring Data Redis - Could not safely identify store assignment for repository candidate interface club.p6e.cloud.test.infrastructure.repository.DictionaryRepository; If you want this repository to be a Redis repository, consider annotating your entities with one of these annotations: org.springframework.data.redis.core.RedisHash (preferred), or consider extending one of the following types with your repository: org.springframework.data.keyvalue.repository.KeyValueRepository
2023-06-02 13:40:03 [main] INFO - Spring Data Redis - Could not safely identify store assignment for repository candidate interface club.p6e.cloud.test.infrastructure.repository.PermissionUrlGroupRelationUrlRepository; If you want this repository to be a Redis repository, consider annotating your entities with one of these annotations: org.springframework.data.redis.core.RedisHash (preferred), or consider extending one of the following types with your repository: org.springframework.data.keyvalue.repository.KeyValueRepository
2023-06-02 13:40:03 [main] INFO - Spring Data Redis - Could not safely identify store assignment for repository candidate interface club.p6e.cloud.test.infrastructure.repository.PermissionUrlGroupRepository; If you want this repository to be a Redis repository, consider annotating your entities with one of these annotations: org.springframework.data.redis.core.RedisHash (preferred), or consider extending one of the following types with your repository: org.springframework.data.keyvalue.repository.KeyValueRepository
2023-06-02 13:40:03 [main] INFO - Spring Data Redis - Could not safely identify store assignment for repository candidate interface club.p6e.cloud.test.infrastructure.repository.PermissionUrlRepository; If you want this repository to be a Redis repository, consider annotating your entities with one of these annotations: org.springframework.data.redis.core.RedisHash (preferred), or consider extending one of the following types with your repository: org.springframework.data.keyvalue.repository.KeyValueRepository
2023-06-02 13:40:03 [main] INFO - Spring Data Redis - Could not safely identify store assignment for repository candidate interface club.p6e.cloud.test.infrastructure.repository.UserRepository; If you want this repository to be a Redis repository, consider annotating your entities with one of these annotations: org.springframework.data.redis.core.RedisHash (preferred), or consider extending one of the following types with your repository: org.springframework.data.keyvalue.repository.KeyValueRepository
2023-06-02 13:40:03 [main] INFO - Finished Spring Data repository scanning in 6 ms. Found 0 Redis repository interfaces.
2023-06-02 13:40:04 [main] INFO - Tomcat initialized with port(s): 8080 (http)
2023-06-02 13:40:04 [main] INFO - Initializing ProtocolHandler ["http-nio-8080"]
2023-06-02 13:40:04 [main] INFO - Starting service [Tomcat]
2023-06-02 13:40:04 [main] INFO - Starting Servlet engine: [Apache Tomcat/10.1.1]
2023-06-02 13:40:04 [main] INFO - Initializing Spring embedded WebApplicationContext
2023-06-02 13:40:04 [main] INFO - Root WebApplicationContext: initialization completed in 816 ms
2023-06-02 13:40:04 [main] INFO - HikariPool-1 - Starting...
2023-06-02 13:40:04 [main] INFO - HikariPool-1 - Added connection org.postgresql.jdbc.PgConnection@19fbc594
2023-06-02 13:40:04 [main] INFO - HikariPool-1 - Start completed.
2023-06-02 13:40:04 [main] INFO - HHH000204: Processing PersistenceUnitInfo [name: default]
2023-06-02 13:40:04 [main] INFO - HHH000412: Hibernate ORM core version 6.1.5.Final
2023-06-02 13:40:04 [main] WARN - HHH90000021: Encountered deprecated setting [javax.persistence.sharedCache.mode], use [jakarta.persistence.sharedCache.mode] instead
2023-06-02 13:40:04 [main] INFO - HHH000400: Using dialect: org.hibernate.dialect.PostgreSQLDialect
2023-06-02 13:40:05 [main] INFO - HHH000490: Using JtaPlatform implementation: [org.hibernate.engine.transaction.jta.platform.internal.NoJtaPlatform]
2023-06-02 13:40:05 [main] INFO - Initialized JPA EntityManagerFactory for persistence unit 'default'
2023-06-02 13:40:05 [main] WARN - spring.jpa.open-in-view is enabled by default. Therefore, database queries may be performed during view rendering. Explicitly configure spring.jpa.open-in-view to disable this warning
2023-06-02 13:40:05 [main] WARN - Exception encountered during context initialization - cancelling refresh attempt: org.springframework.beans.factory.BeanCreationException: Error creating bean with name 'requestMappingHandlerMapping' defined in class path resource [org/springframework/boot/autoconfigure/web/servlet/WebMvcAutoConfiguration$EnableWebMvcConfiguration.class]: Ambiguous mapping. Cannot map 'XXXXXXXXXXXXXXXXXXX' method 
club.p6e.cloud.test.controller.ConfigController#postList(Request)
to {POST [/config/list]}: There is already 'XXXXXXXXXXXXXXXXXXX' bean method
club.p6e.cloud.test.controller.ConfigController#getList(Request) mapped.
2023-06-02 13:40:05 [main] INFO - Closing JPA EntityManagerFactory for persistence unit 'default'
2023-06-02 13:40:05 [main] INFO - HikariPool-1 - Shutdown initiated...
2023-06-02 13:40:05 [main] INFO - HikariPool-1 - Shutdown completed.
2023-06-02 13:40:05 [main] INFO - Stopping service [Tomcat]
2023-06-02 13:40:05 [main] INFO - 

Error starting ApplicationContext. To display the condition evaluation report re-run your application with 'debug' enabled.
2023-06-02 13:40:05 [main] ERROR - Application run failed
org.springframework.beans.factory.BeanCreationException: Error creating bean with name 'requestMappingHandlerMapping' defined in class path resource [org/springframework/boot/autoconfigure/web/servlet/WebMvcAutoConfiguration$EnableWebMvcConfiguration.class]: Ambiguous mapping. Cannot map 'XXXXXXXXXXXXXXXXXXX' method 
club.p6e.cloud.test.controller.ConfigController#postList(Request)
to {POST [/config/list]}: There is already 'XXXXXXXXXXXXXXXXXXX' bean method
club.p6e.cloud.test.controller.ConfigController#getList(Request) mapped.
	at org.springframework.beans.factory.support.AbstractAutowireCapableBeanFactory.initializeBean(AbstractAutowireCapableBeanFactory.java:1751) ~[spring-beans-6.0.2.jar:6.0.2]
	at org.springframework.beans.factory.support.AbstractAutowireCapableBeanFactory.doCreateBean(AbstractAutowireCapableBeanFactory.java:599) ~[spring-beans-6.0.2.jar:6.0.2]
	at org.springframework.beans.factory.support.AbstractAutowireCapableBeanFactory.createBean(AbstractAutowireCapableBeanFactory.java:521) ~[spring-beans-6.0.2.jar:6.0.2]
	at org.springframework.beans.factory.support.AbstractBeanFactory.lambda$doGetBean$0(AbstractBeanFactory.java:326) ~[spring-beans-6.0.2.jar:6.0.2]
	at org.springframework.beans.factory.support.DefaultSingletonBeanRegistry.getSingleton(DefaultSingletonBeanRegistry.java:234) ~[spring-beans-6.0.2.jar:6.0.2]
	at org.springframework.beans.factory.support.AbstractBeanFactory.doGetBean(AbstractBeanFactory.java:324) ~[spring-beans-6.0.2.jar:6.0.2]
	at org.springframework.beans.factory.support.AbstractBeanFactory.getBean(AbstractBeanFactory.java:200) ~[spring-beans-6.0.2.jar:6.0.2]
	at org.springframework.beans.factory.support.DefaultListableBeanFactory.preInstantiateSingletons(DefaultListableBeanFactory.java:961) ~[spring-beans-6.0.2.jar:6.0.2]
	at org.springframework.context.support.AbstractApplicationContext.finishBeanFactoryInitialization(AbstractApplicationContext.java:915) ~[spring-context-6.0.2.jar:6.0.2]
	at org.springframework.context.support.AbstractApplicationContext.refresh(AbstractApplicationContext.java:584) ~[spring-context-6.0.2.jar:6.0.2]
	at org.springframework.boot.web.servlet.context.ServletWebServerApplicationContext.refresh(ServletWebServerApplicationContext.java:146) ~[spring-boot-3.0.0.jar:3.0.0]
	at org.springframework.boot.SpringApplication.refresh(SpringApplication.java:730) ~[spring-boot-3.0.0.jar:3.0.0]
	at org.springframework.boot.SpringApplication.refreshContext(SpringApplication.java:432) ~[spring-boot-3.0.0.jar:3.0.0]
	at org.springframework.boot.SpringApplication.run(SpringApplication.java:308) ~[spring-boot-3.0.0.jar:3.0.0]
	at org.springframework.boot.SpringApplication.run(SpringApplication.java:1302) ~[spring-boot-3.0.0.jar:3.0.0]
	at org.springframework.boot.SpringApplication.run(SpringApplication.java:1291) ~[spring-boot-3.0.0.jar:3.0.0]
	at club.p6e.cloud.test.P6eCloudIndexApplication.main(P6eCloudIndexApplication.java:10) ~[classes/:na]
Caused by: java.lang.IllegalStateException: Ambiguous mapping. Cannot map 'XXXXXXXXXXXXXXXXXXX' method 
club.p6e.cloud.test.controller.ConfigController#postList(Request)
to {POST [/config/list]}: There is already 'XXXXXXXXXXXXXXXXXXX' bean method
club.p6e.cloud.test.controller.ConfigController#getList(Request) mapped.
	at org.springframework.web.servlet.handler.AbstractHandlerMethodMapping$MappingRegistry.validateMethodMapping(AbstractHandlerMethodMapping.java:667) ~[spring-webmvc-6.0.2.jar:6.0.2]
	at org.springframework.web.servlet.handler.AbstractHandlerMethodMapping$MappingRegistry.register(AbstractHandlerMethodMapping.java:633) ~[spring-webmvc-6.0.2.jar:6.0.2]
	at org.springframework.web.servlet.handler.AbstractHandlerMethodMapping.registerHandlerMethod(AbstractHandlerMethodMapping.java:331) ~[spring-webmvc-6.0.2.jar:6.0.2]
	at org.springframework.web.servlet.mvc.method.annotation.RequestMappingHandlerMapping.registerHandlerMethod(RequestMappingHandlerMapping.java:438) ~[spring-webmvc-6.0.2.jar:6.0.2]
	at org.springframework.web.servlet.mvc.method.annotation.RequestMappingHandlerMapping.registerHandlerMethod(RequestMappingHandlerMapping.java:76) ~[spring-webmvc-6.0.2.jar:6.0.2]
	at org.springframework.web.servlet.handler.AbstractHandlerMethodMapping.lambda$detectHandlerMethods$2(AbstractHandlerMethodMapping.java:298) ~[spring-webmvc-6.0.2.jar:6.0.2]
	at java.base/java.util.LinkedHashMap.forEach(LinkedHashMap.java:721) ~[na:na]
	at org.springframework.web.servlet.handler.AbstractHandlerMethodMapping.detectHandlerMethods(AbstractHandlerMethodMapping.java:296) ~[spring-webmvc-6.0.2.jar:6.0.2]
	at org.springframework.web.servlet.handler.AbstractHandlerMethodMapping.processCandidateBean(AbstractHandlerMethodMapping.java:265) ~[spring-webmvc-6.0.2.jar:6.0.2]
	at org.springframework.web.servlet.handler.AbstractHandlerMethodMapping.initHandlerMethods(AbstractHandlerMethodMapping.java:224) ~[spring-webmvc-6.0.2.jar:6.0.2]
	at org.springframework.web.servlet.handler.AbstractHandlerMethodMapping.afterPropertiesSet(AbstractHandlerMethodMapping.java:212) ~[spring-webmvc-6.0.2.jar:6.0.2]
	at org.springframework.web.servlet.mvc.method.annotation.RequestMappingHandlerMapping.afterPropertiesSet(RequestMappingHandlerMapping.java:225) ~[spring-webmvc-6.0.2.jar:6.0.2]
	at org.springframework.beans.factory.support.AbstractAutowireCapableBeanFactory.invokeInitMethods(AbstractAutowireCapableBeanFactory.java:1797) ~[spring-beans-6.0.2.jar:6.0.2]
	at org.springframework.beans.factory.support.AbstractAutowireCapableBeanFactory.initializeBean(AbstractAutowireCapableBeanFactory.java:1747) ~[spring-beans-6.0.2.jar:6.0.2]
	... 16 common frames omitted
2023-06-02 13:41:47 [background-preinit] INFO - HV000001: Hibernate Validator 8.0.0.Final
2023-06-02 13:41:47 [main] INFO - Starting P6eCloudIndexApplication using Java 17.0.7 with PID 31132 (D:\CodeContents\github\p6e-coat\p6e-coat\p6e-coat-console\target\classes started by a1294 in D:\CodeContents\github\p6e-coat\p6e-coat)
2023-06-02 13:41:47 [main] INFO - No active profile set, falling back to 1 default profile: "default"
2023-06-02 13:41:48 [main] INFO - Multiple Spring Data modules found, entering strict repository configuration mode
2023-06-02 13:41:48 [main] INFO - Bootstrapping Spring Data JPA repositories in DEFAULT mode.
2023-06-02 13:41:48 [main] INFO - Finished Spring Data repository scanning in 106 ms. Found 6 JPA repository interfaces.
2023-06-02 13:41:48 [main] INFO - Multiple Spring Data modules found, entering strict repository configuration mode
2023-06-02 13:41:48 [main] INFO - Bootstrapping Spring Data Redis repositories in DEFAULT mode.
2023-06-02 13:41:48 [main] INFO - Spring Data Redis - Could not safely identify store assignment for repository candidate interface club.p6e.cloud.test.infrastructure.repository.ConfigRepository; If you want this repository to be a Redis repository, consider annotating your entities with one of these annotations: org.springframework.data.redis.core.RedisHash (preferred), or consider extending one of the following types with your repository: org.springframework.data.keyvalue.repository.KeyValueRepository
2023-06-02 13:41:48 [main] INFO - Spring Data Redis - Could not safely identify store assignment for repository candidate interface club.p6e.cloud.test.infrastructure.repository.DictionaryRepository; If you want this repository to be a Redis repository, consider annotating your entities with one of these annotations: org.springframework.data.redis.core.RedisHash (preferred), or consider extending one of the following types with your repository: org.springframework.data.keyvalue.repository.KeyValueRepository
2023-06-02 13:41:48 [main] INFO - Spring Data Redis - Could not safely identify store assignment for repository candidate interface club.p6e.cloud.test.infrastructure.repository.PermissionUrlGroupRelationUrlRepository; If you want this repository to be a Redis repository, consider annotating your entities with one of these annotations: org.springframework.data.redis.core.RedisHash (preferred), or consider extending one of the following types with your repository: org.springframework.data.keyvalue.repository.KeyValueRepository
2023-06-02 13:41:48 [main] INFO - Spring Data Redis - Could not safely identify store assignment for repository candidate interface club.p6e.cloud.test.infrastructure.repository.PermissionUrlGroupRepository; If you want this repository to be a Redis repository, consider annotating your entities with one of these annotations: org.springframework.data.redis.core.RedisHash (preferred), or consider extending one of the following types with your repository: org.springframework.data.keyvalue.repository.KeyValueRepository
2023-06-02 13:41:48 [main] INFO - Spring Data Redis - Could not safely identify store assignment for repository candidate interface club.p6e.cloud.test.infrastructure.repository.PermissionUrlRepository; If you want this repository to be a Redis repository, consider annotating your entities with one of these annotations: org.springframework.data.redis.core.RedisHash (preferred), or consider extending one of the following types with your repository: org.springframework.data.keyvalue.repository.KeyValueRepository
2023-06-02 13:41:48 [main] INFO - Spring Data Redis - Could not safely identify store assignment for repository candidate interface club.p6e.cloud.test.infrastructure.repository.UserRepository; If you want this repository to be a Redis repository, consider annotating your entities with one of these annotations: org.springframework.data.redis.core.RedisHash (preferred), or consider extending one of the following types with your repository: org.springframework.data.keyvalue.repository.KeyValueRepository
2023-06-02 13:41:48 [main] INFO - Finished Spring Data repository scanning in 5 ms. Found 0 Redis repository interfaces.
2023-06-02 13:41:48 [main] INFO - Tomcat initialized with port(s): 8080 (http)
2023-06-02 13:41:48 [main] INFO - Initializing ProtocolHandler ["http-nio-8080"]
2023-06-02 13:41:48 [main] INFO - Starting service [Tomcat]
2023-06-02 13:41:48 [main] INFO - Starting Servlet engine: [Apache Tomcat/10.1.1]
2023-06-02 13:41:48 [main] INFO - Initializing Spring embedded WebApplicationContext
2023-06-02 13:41:48 [main] INFO - Root WebApplicationContext: initialization completed in 801 ms
2023-06-02 13:41:48 [main] INFO - HikariPool-1 - Starting...
2023-06-02 13:41:48 [main] INFO - HikariPool-1 - Added connection org.postgresql.jdbc.PgConnection@4b3a01d8
2023-06-02 13:41:48 [main] INFO - HikariPool-1 - Start completed.
2023-06-02 13:41:48 [main] INFO - HHH000204: Processing PersistenceUnitInfo [name: default]
2023-06-02 13:41:48 [main] INFO - HHH000412: Hibernate ORM core version 6.1.5.Final
2023-06-02 13:41:49 [main] WARN - HHH90000021: Encountered deprecated setting [javax.persistence.sharedCache.mode], use [jakarta.persistence.sharedCache.mode] instead
2023-06-02 13:41:49 [main] INFO - HHH000400: Using dialect: org.hibernate.dialect.PostgreSQLDialect
2023-06-02 13:41:49 [main] INFO - HHH000490: Using JtaPlatform implementation: [org.hibernate.engine.transaction.jta.platform.internal.NoJtaPlatform]
2023-06-02 13:41:49 [main] INFO - Initialized JPA EntityManagerFactory for persistence unit 'default'
2023-06-02 13:41:49 [main] WARN - spring.jpa.open-in-view is enabled by default. Therefore, database queries may be performed during view rendering. Explicitly configure spring.jpa.open-in-view to disable this warning
2023-06-02 13:41:49 [main] WARN - Exception encountered during context initialization - cancelling refresh attempt: org.springframework.beans.factory.BeanCreationException: Error creating bean with name 'requestMappingHandlerMapping' defined in class path resource [org/springframework/boot/autoconfigure/web/servlet/WebMvcAutoConfiguration$EnableWebMvcConfiguration.class]: Ambiguous mapping. Cannot map 'dictionaryController' method 
club.p6e.cloud.test.controller.DictionaryController#postList(Request)
to {POST [/dictionary/list]}: There is already 'dictionaryController' bean method
club.p6e.cloud.test.controller.DictionaryController#getList(Request) mapped.
2023-06-02 13:41:49 [main] INFO - Closing JPA EntityManagerFactory for persistence unit 'default'
2023-06-02 13:41:49 [main] INFO - HikariPool-1 - Shutdown initiated...
2023-06-02 13:41:49 [main] INFO - HikariPool-1 - Shutdown completed.
2023-06-02 13:41:49 [main] INFO - Stopping service [Tomcat]
2023-06-02 13:41:49 [main] INFO - 

Error starting ApplicationContext. To display the condition evaluation report re-run your application with 'debug' enabled.
2023-06-02 13:41:49 [main] ERROR - Application run failed
org.springframework.beans.factory.BeanCreationException: Error creating bean with name 'requestMappingHandlerMapping' defined in class path resource [org/springframework/boot/autoconfigure/web/servlet/WebMvcAutoConfiguration$EnableWebMvcConfiguration.class]: Ambiguous mapping. Cannot map 'dictionaryController' method 
club.p6e.cloud.test.controller.DictionaryController#postList(Request)
to {POST [/dictionary/list]}: There is already 'dictionaryController' bean method
club.p6e.cloud.test.controller.DictionaryController#getList(Request) mapped.
	at org.springframework.beans.factory.support.AbstractAutowireCapableBeanFactory.initializeBean(AbstractAutowireCapableBeanFactory.java:1751) ~[spring-beans-6.0.2.jar:6.0.2]
	at org.springframework.beans.factory.support.AbstractAutowireCapableBeanFactory.doCreateBean(AbstractAutowireCapableBeanFactory.java:599) ~[spring-beans-6.0.2.jar:6.0.2]
	at org.springframework.beans.factory.support.AbstractAutowireCapableBeanFactory.createBean(AbstractAutowireCapableBeanFactory.java:521) ~[spring-beans-6.0.2.jar:6.0.2]
	at org.springframework.beans.factory.support.AbstractBeanFactory.lambda$doGetBean$0(AbstractBeanFactory.java:326) ~[spring-beans-6.0.2.jar:6.0.2]
	at org.springframework.beans.factory.support.DefaultSingletonBeanRegistry.getSingleton(DefaultSingletonBeanRegistry.java:234) ~[spring-beans-6.0.2.jar:6.0.2]
	at org.springframework.beans.factory.support.AbstractBeanFactory.doGetBean(AbstractBeanFactory.java:324) ~[spring-beans-6.0.2.jar:6.0.2]
	at org.springframework.beans.factory.support.AbstractBeanFactory.getBean(AbstractBeanFactory.java:200) ~[spring-beans-6.0.2.jar:6.0.2]
	at org.springframework.beans.factory.support.DefaultListableBeanFactory.preInstantiateSingletons(DefaultListableBeanFactory.java:961) ~[spring-beans-6.0.2.jar:6.0.2]
	at org.springframework.context.support.AbstractApplicationContext.finishBeanFactoryInitialization(AbstractApplicationContext.java:915) ~[spring-context-6.0.2.jar:6.0.2]
	at org.springframework.context.support.AbstractApplicationContext.refresh(AbstractApplicationContext.java:584) ~[spring-context-6.0.2.jar:6.0.2]
	at org.springframework.boot.web.servlet.context.ServletWebServerApplicationContext.refresh(ServletWebServerApplicationContext.java:146) ~[spring-boot-3.0.0.jar:3.0.0]
	at org.springframework.boot.SpringApplication.refresh(SpringApplication.java:730) ~[spring-boot-3.0.0.jar:3.0.0]
	at org.springframework.boot.SpringApplication.refreshContext(SpringApplication.java:432) ~[spring-boot-3.0.0.jar:3.0.0]
	at org.springframework.boot.SpringApplication.run(SpringApplication.java:308) ~[spring-boot-3.0.0.jar:3.0.0]
	at org.springframework.boot.SpringApplication.run(SpringApplication.java:1302) ~[spring-boot-3.0.0.jar:3.0.0]
	at org.springframework.boot.SpringApplication.run(SpringApplication.java:1291) ~[spring-boot-3.0.0.jar:3.0.0]
	at club.p6e.cloud.test.P6eCloudIndexApplication.main(P6eCloudIndexApplication.java:10) ~[classes/:na]
Caused by: java.lang.IllegalStateException: Ambiguous mapping. Cannot map 'dictionaryController' method 
club.p6e.cloud.test.controller.DictionaryController#postList(Request)
to {POST [/dictionary/list]}: There is already 'dictionaryController' bean method
club.p6e.cloud.test.controller.DictionaryController#getList(Request) mapped.
	at org.springframework.web.servlet.handler.AbstractHandlerMethodMapping$MappingRegistry.validateMethodMapping(AbstractHandlerMethodMapping.java:667) ~[spring-webmvc-6.0.2.jar:6.0.2]
	at org.springframework.web.servlet.handler.AbstractHandlerMethodMapping$MappingRegistry.register(AbstractHandlerMethodMapping.java:633) ~[spring-webmvc-6.0.2.jar:6.0.2]
	at org.springframework.web.servlet.handler.AbstractHandlerMethodMapping.registerHandlerMethod(AbstractHandlerMethodMapping.java:331) ~[spring-webmvc-6.0.2.jar:6.0.2]
	at org.springframework.web.servlet.mvc.method.annotation.RequestMappingHandlerMapping.registerHandlerMethod(RequestMappingHandlerMapping.java:438) ~[spring-webmvc-6.0.2.jar:6.0.2]
	at org.springframework.web.servlet.mvc.method.annotation.RequestMappingHandlerMapping.registerHandlerMethod(RequestMappingHandlerMapping.java:76) ~[spring-webmvc-6.0.2.jar:6.0.2]
	at org.springframework.web.servlet.handler.AbstractHandlerMethodMapping.lambda$detectHandlerMethods$2(AbstractHandlerMethodMapping.java:298) ~[spring-webmvc-6.0.2.jar:6.0.2]
	at java.base/java.util.LinkedHashMap.forEach(LinkedHashMap.java:721) ~[na:na]
	at org.springframework.web.servlet.handler.AbstractHandlerMethodMapping.detectHandlerMethods(AbstractHandlerMethodMapping.java:296) ~[spring-webmvc-6.0.2.jar:6.0.2]
	at org.springframework.web.servlet.handler.AbstractHandlerMethodMapping.processCandidateBean(AbstractHandlerMethodMapping.java:265) ~[spring-webmvc-6.0.2.jar:6.0.2]
	at org.springframework.web.servlet.handler.AbstractHandlerMethodMapping.initHandlerMethods(AbstractHandlerMethodMapping.java:224) ~[spring-webmvc-6.0.2.jar:6.0.2]
	at org.springframework.web.servlet.handler.AbstractHandlerMethodMapping.afterPropertiesSet(AbstractHandlerMethodMapping.java:212) ~[spring-webmvc-6.0.2.jar:6.0.2]
	at org.springframework.web.servlet.mvc.method.annotation.RequestMappingHandlerMapping.afterPropertiesSet(RequestMappingHandlerMapping.java:225) ~[spring-webmvc-6.0.2.jar:6.0.2]
	at org.springframework.beans.factory.support.AbstractAutowireCapableBeanFactory.invokeInitMethods(AbstractAutowireCapableBeanFactory.java:1797) ~[spring-beans-6.0.2.jar:6.0.2]
	at org.springframework.beans.factory.support.AbstractAutowireCapableBeanFactory.initializeBean(AbstractAutowireCapableBeanFactory.java:1747) ~[spring-beans-6.0.2.jar:6.0.2]
	... 16 common frames omitted
2023-06-02 13:42:34 [background-preinit] INFO - HV000001: Hibernate Validator 8.0.0.Final
2023-06-02 13:42:34 [main] INFO - Starting P6eCloudIndexApplication using Java 17.0.7 with PID 8960 (D:\CodeContents\github\p6e-coat\p6e-coat\p6e-coat-console\target\classes started by a1294 in D:\CodeContents\github\p6e-coat\p6e-coat)
2023-06-02 13:42:34 [main] INFO - No active profile set, falling back to 1 default profile: "default"
2023-06-02 13:42:35 [main] INFO - Multiple Spring Data modules found, entering strict repository configuration mode
2023-06-02 13:42:35 [main] INFO - Bootstrapping Spring Data JPA repositories in DEFAULT mode.
2023-06-02 13:42:35 [main] INFO - Finished Spring Data repository scanning in 88 ms. Found 6 JPA repository interfaces.
2023-06-02 13:42:35 [main] INFO - Multiple Spring Data modules found, entering strict repository configuration mode
2023-06-02 13:42:35 [main] INFO - Bootstrapping Spring Data Redis repositories in DEFAULT mode.
2023-06-02 13:42:35 [main] INFO - Spring Data Redis - Could not safely identify store assignment for repository candidate interface club.p6e.cloud.test.infrastructure.repository.ConfigRepository; If you want this repository to be a Redis repository, consider annotating your entities with one of these annotations: org.springframework.data.redis.core.RedisHash (preferred), or consider extending one of the following types with your repository: org.springframework.data.keyvalue.repository.KeyValueRepository
2023-06-02 13:42:35 [main] INFO - Spring Data Redis - Could not safely identify store assignment for repository candidate interface club.p6e.cloud.test.infrastructure.repository.DictionaryRepository; If you want this repository to be a Redis repository, consider annotating your entities with one of these annotations: org.springframework.data.redis.core.RedisHash (preferred), or consider extending one of the following types with your repository: org.springframework.data.keyvalue.repository.KeyValueRepository
2023-06-02 13:42:35 [main] INFO - Spring Data Redis - Could not safely identify store assignment for repository candidate interface club.p6e.cloud.test.infrastructure.repository.PermissionUrlGroupRelationUrlRepository; If you want this repository to be a Redis repository, consider annotating your entities with one of these annotations: org.springframework.data.redis.core.RedisHash (preferred), or consider extending one of the following types with your repository: org.springframework.data.keyvalue.repository.KeyValueRepository
2023-06-02 13:42:35 [main] INFO - Spring Data Redis - Could not safely identify store assignment for repository candidate interface club.p6e.cloud.test.infrastructure.repository.PermissionUrlGroupRepository; If you want this repository to be a Redis repository, consider annotating your entities with one of these annotations: org.springframework.data.redis.core.RedisHash (preferred), or consider extending one of the following types with your repository: org.springframework.data.keyvalue.repository.KeyValueRepository
2023-06-02 13:42:35 [main] INFO - Spring Data Redis - Could not safely identify store assignment for repository candidate interface club.p6e.cloud.test.infrastructure.repository.PermissionUrlRepository; If you want this repository to be a Redis repository, consider annotating your entities with one of these annotations: org.springframework.data.redis.core.RedisHash (preferred), or consider extending one of the following types with your repository: org.springframework.data.keyvalue.repository.KeyValueRepository
2023-06-02 13:42:35 [main] INFO - Spring Data Redis - Could not safely identify store assignment for repository candidate interface club.p6e.cloud.test.infrastructure.repository.UserRepository; If you want this repository to be a Redis repository, consider annotating your entities with one of these annotations: org.springframework.data.redis.core.RedisHash (preferred), or consider extending one of the following types with your repository: org.springframework.data.keyvalue.repository.KeyValueRepository
2023-06-02 13:42:35 [main] INFO - Finished Spring Data repository scanning in 4 ms. Found 0 Redis repository interfaces.
2023-06-02 13:42:35 [main] INFO - Tomcat initialized with port(s): 8080 (http)
2023-06-02 13:42:35 [main] INFO - Initializing ProtocolHandler ["http-nio-8080"]
2023-06-02 13:42:35 [main] INFO - Starting service [Tomcat]
2023-06-02 13:42:35 [main] INFO - Starting Servlet engine: [Apache Tomcat/10.1.1]
2023-06-02 13:42:35 [main] INFO - Initializing Spring embedded WebApplicationContext
2023-06-02 13:42:35 [main] INFO - Root WebApplicationContext: initialization completed in 767 ms
2023-06-02 13:42:35 [main] INFO - HikariPool-1 - Starting...
2023-06-02 13:42:35 [main] INFO - HikariPool-1 - Added connection org.postgresql.jdbc.PgConnection@6d6cd1e0
2023-06-02 13:42:35 [main] INFO - HikariPool-1 - Start completed.
2023-06-02 13:42:35 [main] INFO - HHH000204: Processing PersistenceUnitInfo [name: default]
2023-06-02 13:42:35 [main] INFO - HHH000412: Hibernate ORM core version 6.1.5.Final
2023-06-02 13:42:35 [main] WARN - HHH90000021: Encountered deprecated setting [javax.persistence.sharedCache.mode], use [jakarta.persistence.sharedCache.mode] instead
2023-06-02 13:42:36 [main] INFO - HHH000400: Using dialect: org.hibernate.dialect.PostgreSQLDialect
2023-06-02 13:42:36 [main] INFO - HHH000490: Using JtaPlatform implementation: [org.hibernate.engine.transaction.jta.platform.internal.NoJtaPlatform]
2023-06-02 13:42:36 [main] INFO - Initialized JPA EntityManagerFactory for persistence unit 'default'
2023-06-02 13:42:36 [main] WARN - spring.jpa.open-in-view is enabled by default. Therefore, database queries may be performed during view rendering. Explicitly configure spring.jpa.open-in-view to disable this warning
2023-06-02 13:42:37 [main] INFO - Starting ProtocolHandler ["http-nio-8080"]
2023-06-02 13:42:37 [main] INFO - Tomcat started on port(s): 8080 (http) with context path ''
2023-06-02 13:42:37 [main] INFO - Started P6eCloudIndexApplication in 2.812 seconds (process running for 3.13)
2023-06-02 13:42:37 [main] INFO - smart construction application initialization complete ...
2023-06-02 17:09:40 [SpringApplicationShutdownHook] INFO - Closing JPA EntityManagerFactory for persistence unit 'default'
2023-06-02 17:09:40 [SpringApplicationShutdownHook] INFO - HikariPool-1 - Shutdown initiated...
2023-06-02 17:09:40 [SpringApplicationShutdownHook] INFO - HikariPool-1 - Shutdown completed.
