2023-05-22 10:00:24 [background-preinit] INFO - HV000001: Hibernate Validator 8.0.0.Final
2023-05-22 10:00:25 [main] INFO - Starting P6eGatewayAuthApplication using Java 17.0.7 with PID 30208 (D:\CodeContents\github\p6e-coat\p6e-coat\p6e-coat-gateway-auth\target\classes started by a1294 in D:\CodeContents\github\p6e-coat\p6e-coat)
2023-05-22 10:00:25 [main] INFO - No active profile set, falling back to 1 default profile: "default"
2023-05-22 10:00:25 [main] INFO - Multiple Spring Data modules found, entering strict repository configuration mode
2023-05-22 10:00:25 [main] INFO - Bootstrapping Spring Data R2DBC repositories in DEFAULT mode.
2023-05-22 10:00:25 [main] INFO - Finished Spring Data repository scanning in 17 ms. Found 0 R2DBC repository interfaces.
2023-05-22 10:00:25 [main] INFO - Multiple Spring Data modules found, entering strict repository configuration mode
2023-05-22 10:00:25 [main] INFO - Bootstrapping Spring Data Redis repositories in DEFAULT mode.
2023-05-22 10:00:25 [main] INFO - Finished Spring Data repository scanning in 2 ms. Found 0 Redis repository interfaces.
2023-05-22 10:00:25 [main] INFO - BeanFactory id=41b27c30-deb2-3564-884b-5203113b49b3
2023-05-22 10:00:26 [main] INFO - [ P6E AUTH JSON WEB TOKEN ] DEFAULT SECRET ==> p2mdxwnlr6kithrxltq4uap5dkjpjoun
2023-05-22 10:00:26 [main] INFO - Loaded RoutePredicateFactory [After]
2023-05-22 10:00:26 [main] INFO - Loaded RoutePredicateFactory [Before]
2023-05-22 10:00:26 [main] INFO - Loaded RoutePredicateFactory [Between]
2023-05-22 10:00:26 [main] INFO - Loaded RoutePredicateFactory [Cookie]
2023-05-22 10:00:26 [main] INFO - Loaded RoutePredicateFactory [Header]
2023-05-22 10:00:26 [main] INFO - Loaded RoutePredicateFactory [Host]
2023-05-22 10:00:26 [main] INFO - Loaded RoutePredicateFactory [Method]
2023-05-22 10:00:26 [main] INFO - Loaded RoutePredicateFactory [Path]
2023-05-22 10:00:26 [main] INFO - Loaded RoutePredicateFactory [Query]
2023-05-22 10:00:26 [main] INFO - Loaded RoutePredicateFactory [ReadBody]
2023-05-22 10:00:26 [main] INFO - Loaded RoutePredicateFactory [RemoteAddr]
2023-05-22 10:00:26 [main] INFO - Loaded RoutePredicateFactory [XForwardedRemoteAddr]
2023-05-22 10:00:26 [main] INFO - Loaded RoutePredicateFactory [Weight]
2023-05-22 10:00:26 [main] INFO - Loaded RoutePredicateFactory [CloudFoundryRouteService]
2023-05-22 10:00:26 [main] INFO - Netty started on port 8080
2023-05-22 10:00:26 [main] INFO - Started P6eGatewayAuthApplication in 2.226 seconds (process running for 2.575)
2023-05-22 10:01:26 [lettuce-nioEventLoop-5-1] INFO - 

---------------------------------------------------------------------
|------------------------   E  M  A  I  L   ------------------------|
---------------------------------------------------------------------
|   account   =>   123@qq.com   |
|   template   =>   CODE_LOGIN_TEMPLATE   |
|   content   =>   {code=018570}   |
--------------------------------------------------------------------


2023-05-22 10:02:26 [background-preinit] INFO - HV000001: Hibernate Validator 8.0.0.Final
2023-05-22 10:02:26 [main] INFO - Starting P6eGatewayAuthApplication using Java 17.0.7 with PID 11092 (D:\CodeContents\github\p6e-coat\p6e-coat\p6e-coat-gateway-auth\target\classes started by a1294 in D:\CodeContents\github\p6e-coat\p6e-coat)
2023-05-22 10:02:26 [main] INFO - No active profile set, falling back to 1 default profile: "default"
2023-05-22 10:02:27 [main] INFO - Multiple Spring Data modules found, entering strict repository configuration mode
2023-05-22 10:02:27 [main] INFO - Bootstrapping Spring Data R2DBC repositories in DEFAULT mode.
2023-05-22 10:02:27 [main] INFO - Finished Spring Data repository scanning in 21 ms. Found 0 R2DBC repository interfaces.
2023-05-22 10:02:27 [main] INFO - Multiple Spring Data modules found, entering strict repository configuration mode
2023-05-22 10:02:27 [main] INFO - Bootstrapping Spring Data Redis repositories in DEFAULT mode.
2023-05-22 10:02:27 [main] INFO - Finished Spring Data repository scanning in 2 ms. Found 0 Redis repository interfaces.
2023-05-22 10:02:27 [main] INFO - BeanFactory id=41b27c30-deb2-3564-884b-5203113b49b3
2023-05-22 10:02:27 [main] INFO - [ P6E AUTH JSON WEB TOKEN ] DEFAULT SECRET ==> utfdnaizofgieu1ti8i6p78wj0bodkas
2023-05-22 10:02:28 [main] INFO - Loaded RoutePredicateFactory [After]
2023-05-22 10:02:28 [main] INFO - Loaded RoutePredicateFactory [Before]
2023-05-22 10:02:28 [main] INFO - Loaded RoutePredicateFactory [Between]
2023-05-22 10:02:28 [main] INFO - Loaded RoutePredicateFactory [Cookie]
2023-05-22 10:02:28 [main] INFO - Loaded RoutePredicateFactory [Header]
2023-05-22 10:02:28 [main] INFO - Loaded RoutePredicateFactory [Host]
2023-05-22 10:02:28 [main] INFO - Loaded RoutePredicateFactory [Method]
2023-05-22 10:02:28 [main] INFO - Loaded RoutePredicateFactory [Path]
2023-05-22 10:02:28 [main] INFO - Loaded RoutePredicateFactory [Query]
2023-05-22 10:02:28 [main] INFO - Loaded RoutePredicateFactory [ReadBody]
2023-05-22 10:02:28 [main] INFO - Loaded RoutePredicateFactory [RemoteAddr]
2023-05-22 10:02:28 [main] INFO - Loaded RoutePredicateFactory [XForwardedRemoteAddr]
2023-05-22 10:02:28 [main] INFO - Loaded RoutePredicateFactory [Weight]
2023-05-22 10:02:28 [main] INFO - Loaded RoutePredicateFactory [CloudFoundryRouteService]
2023-05-22 10:02:28 [main] INFO - Netty started on port 8080
2023-05-22 10:02:28 [main] INFO - Started P6eGatewayAuthApplication in 2.171 seconds (process running for 2.475)
2023-05-22 10:02:34 [lettuce-nioEventLoop-5-1] INFO - 

---------------------------------------------------------------------
|------------------------   E  M  A  I  L   ------------------------|
---------------------------------------------------------------------
|   account   =>   123@qq.com   |
|   template   =>   CODE_LOGIN_TEMPLATE   |
|   content   =>   {code=728985}   |
--------------------------------------------------------------------


2023-05-22 10:12:03 [lettuce-nioEventLoop-5-1] ERROR - [e2c34570-8]  500 Server Error for HTTP GET "/a/b?accessToken=139e8a15ae6f4b86bbd4a6d0092f5ac5d2c5454a7b8d81f3c8e4f345df234770"
java.lang.IllegalArgumentException: A granted authority textual representation is required
	at org.springframework.util.Assert.hasText(Assert.java:294) ~[spring-core-6.0.2.jar:6.0.2]
	Suppressed: reactor.core.publisher.FluxOnAssembly$OnAssemblyException: 
Error has been observed at the following site(s):
	*__checkpoint ⇢ org.springframework.security.web.server.authentication.AuthenticationWebFilter [DefaultWebFilterChain]
	*__checkpoint ⇢ org.springframework.security.web.server.context.ReactorContextWebFilter [DefaultWebFilterChain]
	*__checkpoint ⇢ org.springframework.security.web.server.header.HttpHeaderWriterWebFilter [DefaultWebFilterChain]
	*__checkpoint ⇢ org.springframework.security.config.web.server.ServerHttpSecurity$ServerWebExchangeReactorContextWebFilter [DefaultWebFilterChain]
	*__checkpoint ⇢ org.springframework.security.web.server.WebFilterChainProxy [DefaultWebFilterChain]
	*__checkpoint ⇢ HTTP GET "/a/b?accessToken=139e8a15ae6f4b86bbd4a6d0092f5ac5d2c5454a7b8d81f3c8e4f345df234770" [ExceptionHandlingWebHandler]
Original Stack Trace:
		at org.springframework.util.Assert.hasText(Assert.java:294) ~[spring-core-6.0.2.jar:6.0.2]
		at org.springframework.security.core.authority.SimpleGrantedAuthority.<init>(SimpleGrantedAuthority.java:39) ~[spring-security-core-6.0.0.jar:6.0.0]
		at org.springframework.security.core.authority.AuthorityUtils.createAuthorityList(AuthorityUtils.java:76) ~[spring-security-core-6.0.0.jar:6.0.0]
		at org.springframework.security.authentication.TestingAuthenticationToken.<init>(TestingAuthenticationToken.java:47) ~[spring-security-core-6.0.0.jar:6.0.0]
		at club.p6e.coat.gateway.auth.certificate.AuthServerHttpLocalStorageCacheAuthenticationConverter.lambda$convert$0(AuthServerHttpLocalStorageCacheAuthenticationConverter.java:101) ~[classes/:na]
		at reactor.core.publisher.FluxMap$MapSubscriber.onNext(FluxMap.java:106) ~[reactor-core-3.5.0.jar:3.5.0]
		at reactor.core.publisher.MonoNext$NextSubscriber.onNext(MonoNext.java:82) ~[reactor-core-3.5.0.jar:3.5.0]
		at reactor.core.publisher.FluxUsingWhen$UsingWhenSubscriber.onNext(FluxUsingWhen.java:345) ~[reactor-core-3.5.0.jar:3.5.0]
		at reactor.core.publisher.FluxMap$MapSubscriber.onNext(FluxMap.java:122) ~[reactor-core-3.5.0.jar:3.5.0]
		at reactor.core.publisher.FluxMap$MapSubscriber.onNext(FluxMap.java:122) ~[reactor-core-3.5.0.jar:3.5.0]
		at reactor.core.publisher.FluxFilter$FilterSubscriber.onNext(FluxFilter.java:113) ~[reactor-core-3.5.0.jar:3.5.0]
		at reactor.core.publisher.MonoNext$NextSubscriber.onNext(MonoNext.java:82) ~[reactor-core-3.5.0.jar:3.5.0]
		at reactor.core.publisher.FluxOnErrorResume$ResumeSubscriber.onNext(FluxOnErrorResume.java:79) ~[reactor-core-3.5.0.jar:3.5.0]
		at reactor.core.publisher.MonoFlatMapMany$FlatMapManyInner.onNext(MonoFlatMapMany.java:250) ~[reactor-core-3.5.0.jar:3.5.0]
		at reactor.core.publisher.FluxDefaultIfEmpty$DefaultIfEmptySubscriber.onNext(FluxDefaultIfEmpty.java:122) ~[reactor-core-3.5.0.jar:3.5.0]
		at reactor.core.publisher.FluxMap$MapSubscriber.onNext(FluxMap.java:122) ~[reactor-core-3.5.0.jar:3.5.0]
		at reactor.core.publisher.MonoNext$NextSubscriber.onNext(MonoNext.java:82) ~[reactor-core-3.5.0.jar:3.5.0]
		at reactor.core.publisher.MonoNext$NextSubscriber.onNext(MonoNext.java:82) ~[reactor-core-3.5.0.jar:3.5.0]
		at io.lettuce.core.RedisPublisher$ImmediateSubscriber.onNext(RedisPublisher.java:886) ~[lettuce-core-6.2.1.RELEASE.jar:6.2.1.RELEASE]
		at io.lettuce.core.RedisPublisher$RedisSubscription.onNext(RedisPublisher.java:291) ~[lettuce-core-6.2.1.RELEASE.jar:6.2.1.RELEASE]
		at io.lettuce.core.RedisPublisher$SubscriptionCommand.doOnComplete(RedisPublisher.java:773) ~[lettuce-core-6.2.1.RELEASE.jar:6.2.1.RELEASE]
		at io.lettuce.core.protocol.CommandWrapper.complete(CommandWrapper.java:65) ~[lettuce-core-6.2.1.RELEASE.jar:6.2.1.RELEASE]
		at io.lettuce.core.protocol.CommandHandler.complete(CommandHandler.java:747) ~[lettuce-core-6.2.1.RELEASE.jar:6.2.1.RELEASE]
		at io.lettuce.core.protocol.CommandHandler.decode(CommandHandler.java:682) ~[lettuce-core-6.2.1.RELEASE.jar:6.2.1.RELEASE]
		at io.lettuce.core.protocol.CommandHandler.channelRead(CommandHandler.java:599) ~[lettuce-core-6.2.1.RELEASE.jar:6.2.1.RELEASE]
		at io.netty.channel.AbstractChannelHandlerContext.invokeChannelRead(AbstractChannelHandlerContext.java:442) ~[netty-transport-4.1.85.Final.jar:4.1.85.Final]
		at io.netty.channel.AbstractChannelHandlerContext.invokeChannelRead(AbstractChannelHandlerContext.java:420) ~[netty-transport-4.1.85.Final.jar:4.1.85.Final]
		at io.netty.channel.AbstractChannelHandlerContext.fireChannelRead(AbstractChannelHandlerContext.java:412) ~[netty-transport-4.1.85.Final.jar:4.1.85.Final]
		at io.netty.channel.DefaultChannelPipeline$HeadContext.channelRead(DefaultChannelPipeline.java:1410) ~[netty-transport-4.1.85.Final.jar:4.1.85.Final]
		at io.netty.channel.AbstractChannelHandlerContext.invokeChannelRead(AbstractChannelHandlerContext.java:440) ~[netty-transport-4.1.85.Final.jar:4.1.85.Final]
		at io.netty.channel.AbstractChannelHandlerContext.invokeChannelRead(AbstractChannelHandlerContext.java:420) ~[netty-transport-4.1.85.Final.jar:4.1.85.Final]
		at io.netty.channel.DefaultChannelPipeline.fireChannelRead(DefaultChannelPipeline.java:919) ~[netty-transport-4.1.85.Final.jar:4.1.85.Final]
		at io.netty.channel.nio.AbstractNioByteChannel$NioByteUnsafe.read(AbstractNioByteChannel.java:166) ~[netty-transport-4.1.85.Final.jar:4.1.85.Final]
		at io.netty.channel.nio.NioEventLoop.processSelectedKey(NioEventLoop.java:788) ~[netty-transport-4.1.85.Final.jar:4.1.85.Final]
		at io.netty.channel.nio.NioEventLoop.processSelectedKeysOptimized(NioEventLoop.java:724) ~[netty-transport-4.1.85.Final.jar:4.1.85.Final]
		at io.netty.channel.nio.NioEventLoop.processSelectedKeys(NioEventLoop.java:650) ~[netty-transport-4.1.85.Final.jar:4.1.85.Final]
		at io.netty.channel.nio.NioEventLoop.run(NioEventLoop.java:562) ~[netty-transport-4.1.85.Final.jar:4.1.85.Final]
		at io.netty.util.concurrent.SingleThreadEventExecutor$4.run(SingleThreadEventExecutor.java:997) ~[netty-common-4.1.85.Final.jar:4.1.85.Final]
		at io.netty.util.internal.ThreadExecutorMap$2.run(ThreadExecutorMap.java:74) ~[netty-common-4.1.85.Final.jar:4.1.85.Final]
		at io.netty.util.concurrent.FastThreadLocalRunnable.run(FastThreadLocalRunnable.java:30) ~[netty-common-4.1.85.Final.jar:4.1.85.Final]
		at java.base/java.lang.Thread.run(Thread.java:833) ~[na:na]
2023-05-22 10:13:16 [background-preinit] INFO - HV000001: Hibernate Validator 8.0.0.Final
2023-05-22 10:13:16 [main] INFO - Starting P6eGatewayAuthApplication using Java 17.0.7 with PID 32760 (D:\CodeContents\github\p6e-coat\p6e-coat\p6e-coat-gateway-auth\target\classes started by a1294 in D:\CodeContents\github\p6e-coat\p6e-coat)
2023-05-22 10:13:16 [main] INFO - No active profile set, falling back to 1 default profile: "default"
2023-05-22 10:13:17 [main] INFO - Multiple Spring Data modules found, entering strict repository configuration mode
2023-05-22 10:13:17 [main] INFO - Bootstrapping Spring Data R2DBC repositories in DEFAULT mode.
2023-05-22 10:13:17 [main] INFO - Finished Spring Data repository scanning in 18 ms. Found 0 R2DBC repository interfaces.
2023-05-22 10:13:17 [main] INFO - Multiple Spring Data modules found, entering strict repository configuration mode
2023-05-22 10:13:17 [main] INFO - Bootstrapping Spring Data Redis repositories in DEFAULT mode.
2023-05-22 10:13:17 [main] INFO - Finished Spring Data repository scanning in 2 ms. Found 0 Redis repository interfaces.
2023-05-22 10:13:17 [main] INFO - BeanFactory id=1eb86717-eee8-3cc2-83d4-cf6a05ec888f
2023-05-22 10:13:18 [main] INFO - Loaded RoutePredicateFactory [After]
2023-05-22 10:13:18 [main] INFO - Loaded RoutePredicateFactory [Before]
2023-05-22 10:13:18 [main] INFO - Loaded RoutePredicateFactory [Between]
2023-05-22 10:13:18 [main] INFO - Loaded RoutePredicateFactory [Cookie]
2023-05-22 10:13:18 [main] INFO - Loaded RoutePredicateFactory [Header]
2023-05-22 10:13:18 [main] INFO - Loaded RoutePredicateFactory [Host]
2023-05-22 10:13:18 [main] INFO - Loaded RoutePredicateFactory [Method]
2023-05-22 10:13:18 [main] INFO - Loaded RoutePredicateFactory [Path]
2023-05-22 10:13:18 [main] INFO - Loaded RoutePredicateFactory [Query]
2023-05-22 10:13:18 [main] INFO - Loaded RoutePredicateFactory [ReadBody]
2023-05-22 10:13:18 [main] INFO - Loaded RoutePredicateFactory [RemoteAddr]
2023-05-22 10:13:18 [main] INFO - Loaded RoutePredicateFactory [XForwardedRemoteAddr]
2023-05-22 10:13:18 [main] INFO - Loaded RoutePredicateFactory [Weight]
2023-05-22 10:13:18 [main] INFO - Loaded RoutePredicateFactory [CloudFoundryRouteService]
2023-05-22 10:13:18 [main] INFO - Netty started on port 8080
2023-05-22 10:13:18 [main] INFO - Started P6eGatewayAuthApplication in 2.066 seconds (process running for 2.346)
2023-05-22 10:13:20 [lettuce-nioEventLoop-5-1] ERROR - [929f5f7b-1]  500 Server Error for HTTP GET "/a/b?accessToken=139e8a15ae6f4b86bbd4a6d0092f5ac5d2c5454a7b8d81f3c8e4f345df234770"
java.lang.IllegalArgumentException: A granted authority textual representation is required
	at org.springframework.util.Assert.hasText(Assert.java:294) ~[spring-core-6.0.2.jar:6.0.2]
	Suppressed: reactor.core.publisher.FluxOnAssembly$OnAssemblyException: 
Error has been observed at the following site(s):
	*__checkpoint ⇢ org.springframework.security.web.server.authentication.AuthenticationWebFilter [DefaultWebFilterChain]
	*__checkpoint ⇢ org.springframework.security.web.server.context.ReactorContextWebFilter [DefaultWebFilterChain]
	*__checkpoint ⇢ org.springframework.security.web.server.header.HttpHeaderWriterWebFilter [DefaultWebFilterChain]
	*__checkpoint ⇢ club.p6e.coat.gateway.auth.AuthHttpHeaderInitWebFilter [DefaultWebFilterChain]
	*__checkpoint ⇢ org.springframework.security.config.web.server.ServerHttpSecurity$ServerWebExchangeReactorContextWebFilter [DefaultWebFilterChain]
	*__checkpoint ⇢ org.springframework.security.web.server.WebFilterChainProxy [DefaultWebFilterChain]
	*__checkpoint ⇢ HTTP GET "/a/b?accessToken=139e8a15ae6f4b86bbd4a6d0092f5ac5d2c5454a7b8d81f3c8e4f345df234770" [ExceptionHandlingWebHandler]
Original Stack Trace:
		at org.springframework.util.Assert.hasText(Assert.java:294) ~[spring-core-6.0.2.jar:6.0.2]
		at org.springframework.security.core.authority.SimpleGrantedAuthority.<init>(SimpleGrantedAuthority.java:39) ~[spring-security-core-6.0.0.jar:6.0.0]
		at org.springframework.security.core.authority.AuthorityUtils.createAuthorityList(AuthorityUtils.java:76) ~[spring-security-core-6.0.0.jar:6.0.0]
		at org.springframework.security.authentication.TestingAuthenticationToken.<init>(TestingAuthenticationToken.java:47) ~[spring-security-core-6.0.0.jar:6.0.0]
		at club.p6e.coat.gateway.auth.certificate.AuthServerHttpLocalStorageCacheAuthenticationConverter.lambda$convert$0(AuthServerHttpLocalStorageCacheAuthenticationConverter.java:101) ~[classes/:na]
		at reactor.core.publisher.FluxMap$MapSubscriber.onNext(FluxMap.java:106) ~[reactor-core-3.5.0.jar:3.5.0]
		at reactor.core.publisher.MonoNext$NextSubscriber.onNext(MonoNext.java:82) ~[reactor-core-3.5.0.jar:3.5.0]
		at reactor.core.publisher.FluxUsingWhen$UsingWhenSubscriber.onNext(FluxUsingWhen.java:345) ~[reactor-core-3.5.0.jar:3.5.0]
		at reactor.core.publisher.FluxMap$MapSubscriber.onNext(FluxMap.java:122) ~[reactor-core-3.5.0.jar:3.5.0]
		at reactor.core.publisher.FluxMap$MapSubscriber.onNext(FluxMap.java:122) ~[reactor-core-3.5.0.jar:3.5.0]
		at reactor.core.publisher.FluxFilter$FilterSubscriber.onNext(FluxFilter.java:113) ~[reactor-core-3.5.0.jar:3.5.0]
		at reactor.core.publisher.MonoNext$NextSubscriber.onNext(MonoNext.java:82) ~[reactor-core-3.5.0.jar:3.5.0]
		at reactor.core.publisher.FluxOnErrorResume$ResumeSubscriber.onNext(FluxOnErrorResume.java:79) ~[reactor-core-3.5.0.jar:3.5.0]
		at reactor.core.publisher.MonoFlatMapMany$FlatMapManyInner.onNext(MonoFlatMapMany.java:250) ~[reactor-core-3.5.0.jar:3.5.0]
		at reactor.core.publisher.FluxDefaultIfEmpty$DefaultIfEmptySubscriber.onNext(FluxDefaultIfEmpty.java:122) ~[reactor-core-3.5.0.jar:3.5.0]
		at reactor.core.publisher.FluxMap$MapSubscriber.onNext(FluxMap.java:122) ~[reactor-core-3.5.0.jar:3.5.0]
		at reactor.core.publisher.MonoNext$NextSubscriber.onNext(MonoNext.java:82) ~[reactor-core-3.5.0.jar:3.5.0]
		at reactor.core.publisher.MonoNext$NextSubscriber.onNext(MonoNext.java:82) ~[reactor-core-3.5.0.jar:3.5.0]
		at io.lettuce.core.RedisPublisher$ImmediateSubscriber.onNext(RedisPublisher.java:886) ~[lettuce-core-6.2.1.RELEASE.jar:6.2.1.RELEASE]
		at io.lettuce.core.RedisPublisher$RedisSubscription.onNext(RedisPublisher.java:291) ~[lettuce-core-6.2.1.RELEASE.jar:6.2.1.RELEASE]
		at io.lettuce.core.RedisPublisher$SubscriptionCommand.doOnComplete(RedisPublisher.java:773) ~[lettuce-core-6.2.1.RELEASE.jar:6.2.1.RELEASE]
		at io.lettuce.core.protocol.CommandWrapper.complete(CommandWrapper.java:65) ~[lettuce-core-6.2.1.RELEASE.jar:6.2.1.RELEASE]
		at io.lettuce.core.protocol.CommandHandler.complete(CommandHandler.java:747) ~[lettuce-core-6.2.1.RELEASE.jar:6.2.1.RELEASE]
		at io.lettuce.core.protocol.CommandHandler.decode(CommandHandler.java:682) ~[lettuce-core-6.2.1.RELEASE.jar:6.2.1.RELEASE]
		at io.lettuce.core.protocol.CommandHandler.channelRead(CommandHandler.java:599) ~[lettuce-core-6.2.1.RELEASE.jar:6.2.1.RELEASE]
		at io.netty.channel.AbstractChannelHandlerContext.invokeChannelRead(AbstractChannelHandlerContext.java:442) ~[netty-transport-4.1.85.Final.jar:4.1.85.Final]
		at io.netty.channel.AbstractChannelHandlerContext.invokeChannelRead(AbstractChannelHandlerContext.java:420) ~[netty-transport-4.1.85.Final.jar:4.1.85.Final]
		at io.netty.channel.AbstractChannelHandlerContext.fireChannelRead(AbstractChannelHandlerContext.java:412) ~[netty-transport-4.1.85.Final.jar:4.1.85.Final]
		at io.netty.channel.DefaultChannelPipeline$HeadContext.channelRead(DefaultChannelPipeline.java:1410) ~[netty-transport-4.1.85.Final.jar:4.1.85.Final]
		at io.netty.channel.AbstractChannelHandlerContext.invokeChannelRead(AbstractChannelHandlerContext.java:440) ~[netty-transport-4.1.85.Final.jar:4.1.85.Final]
		at io.netty.channel.AbstractChannelHandlerContext.invokeChannelRead(AbstractChannelHandlerContext.java:420) ~[netty-transport-4.1.85.Final.jar:4.1.85.Final]
		at io.netty.channel.DefaultChannelPipeline.fireChannelRead(DefaultChannelPipeline.java:919) ~[netty-transport-4.1.85.Final.jar:4.1.85.Final]
		at io.netty.channel.nio.AbstractNioByteChannel$NioByteUnsafe.read(AbstractNioByteChannel.java:166) ~[netty-transport-4.1.85.Final.jar:4.1.85.Final]
		at io.netty.channel.nio.NioEventLoop.processSelectedKey(NioEventLoop.java:788) ~[netty-transport-4.1.85.Final.jar:4.1.85.Final]
		at io.netty.channel.nio.NioEventLoop.processSelectedKeysOptimized(NioEventLoop.java:724) ~[netty-transport-4.1.85.Final.jar:4.1.85.Final]
		at io.netty.channel.nio.NioEventLoop.processSelectedKeys(NioEventLoop.java:650) ~[netty-transport-4.1.85.Final.jar:4.1.85.Final]
		at io.netty.channel.nio.NioEventLoop.run(NioEventLoop.java:562) ~[netty-transport-4.1.85.Final.jar:4.1.85.Final]
		at io.netty.util.concurrent.SingleThreadEventExecutor$4.run(SingleThreadEventExecutor.java:997) ~[netty-common-4.1.85.Final.jar:4.1.85.Final]
		at io.netty.util.internal.ThreadExecutorMap$2.run(ThreadExecutorMap.java:74) ~[netty-common-4.1.85.Final.jar:4.1.85.Final]
		at io.netty.util.concurrent.FastThreadLocalRunnable.run(FastThreadLocalRunnable.java:30) ~[netty-common-4.1.85.Final.jar:4.1.85.Final]
		at java.base/java.lang.Thread.run(Thread.java:833) ~[na:na]
2023-05-22 10:14:19 [background-preinit] INFO - HV000001: Hibernate Validator 8.0.0.Final
2023-05-22 10:14:19 [main] INFO - Starting P6eGatewayAuthApplication using Java 17.0.7 with PID 11180 (D:\CodeContents\github\p6e-coat\p6e-coat\p6e-coat-gateway-auth\target\classes started by a1294 in D:\CodeContents\github\p6e-coat\p6e-coat)
2023-05-22 10:14:19 [main] INFO - No active profile set, falling back to 1 default profile: "default"
2023-05-22 10:14:19 [main] INFO - Multiple Spring Data modules found, entering strict repository configuration mode
2023-05-22 10:14:19 [main] INFO - Bootstrapping Spring Data R2DBC repositories in DEFAULT mode.
2023-05-22 10:14:19 [main] INFO - Finished Spring Data repository scanning in 14 ms. Found 0 R2DBC repository interfaces.
2023-05-22 10:14:19 [main] INFO - Multiple Spring Data modules found, entering strict repository configuration mode
2023-05-22 10:14:19 [main] INFO - Bootstrapping Spring Data Redis repositories in DEFAULT mode.
2023-05-22 10:14:19 [main] INFO - Finished Spring Data repository scanning in 2 ms. Found 0 Redis repository interfaces.
2023-05-22 10:14:19 [main] INFO - BeanFactory id=1eb86717-eee8-3cc2-83d4-cf6a05ec888f
2023-05-22 10:14:20 [main] INFO - Loaded RoutePredicateFactory [After]
2023-05-22 10:14:20 [main] INFO - Loaded RoutePredicateFactory [Before]
2023-05-22 10:14:20 [main] INFO - Loaded RoutePredicateFactory [Between]
2023-05-22 10:14:20 [main] INFO - Loaded RoutePredicateFactory [Cookie]
2023-05-22 10:14:20 [main] INFO - Loaded RoutePredicateFactory [Header]
2023-05-22 10:14:20 [main] INFO - Loaded RoutePredicateFactory [Host]
2023-05-22 10:14:20 [main] INFO - Loaded RoutePredicateFactory [Method]
2023-05-22 10:14:20 [main] INFO - Loaded RoutePredicateFactory [Path]
2023-05-22 10:14:20 [main] INFO - Loaded RoutePredicateFactory [Query]
2023-05-22 10:14:20 [main] INFO - Loaded RoutePredicateFactory [ReadBody]
2023-05-22 10:14:20 [main] INFO - Loaded RoutePredicateFactory [RemoteAddr]
2023-05-22 10:14:20 [main] INFO - Loaded RoutePredicateFactory [XForwardedRemoteAddr]
2023-05-22 10:14:20 [main] INFO - Loaded RoutePredicateFactory [Weight]
2023-05-22 10:14:20 [main] INFO - Loaded RoutePredicateFactory [CloudFoundryRouteService]
2023-05-22 10:14:20 [main] INFO - Netty started on port 8080
2023-05-22 10:14:20 [main] INFO - Started P6eGatewayAuthApplication in 2.057 seconds (process running for 2.38)
2023-05-22 10:14:23 [lettuce-nioEventLoop-5-1] ERROR - [4e2cf64a-1]  500 Server Error for HTTP GET "/a/b?accessToken=139e8a15ae6f4b86bbd4a6d0092f5ac5d2c5454a7b8d81f3c8e4f345df234770"
java.lang.RuntimeException: Not support authentication.
	at club.p6e.coat.gateway.auth.AuthReactiveAuthenticationManager.authenticate(AuthReactiveAuthenticationManager.java:22) ~[classes/:na]
	Suppressed: reactor.core.publisher.FluxOnAssembly$OnAssemblyException: 
Error has been observed at the following site(s):
	*__checkpoint ⇢ org.springframework.security.web.server.authentication.AuthenticationWebFilter [DefaultWebFilterChain]
	*__checkpoint ⇢ org.springframework.security.web.server.context.ReactorContextWebFilter [DefaultWebFilterChain]
	*__checkpoint ⇢ org.springframework.security.web.server.header.HttpHeaderWriterWebFilter [DefaultWebFilterChain]
	*__checkpoint ⇢ club.p6e.coat.gateway.auth.AuthHttpHeaderInitWebFilter [DefaultWebFilterChain]
	*__checkpoint ⇢ org.springframework.security.config.web.server.ServerHttpSecurity$ServerWebExchangeReactorContextWebFilter [DefaultWebFilterChain]
	*__checkpoint ⇢ org.springframework.security.web.server.WebFilterChainProxy [DefaultWebFilterChain]
	*__checkpoint ⇢ HTTP GET "/a/b?accessToken=139e8a15ae6f4b86bbd4a6d0092f5ac5d2c5454a7b8d81f3c8e4f345df234770" [ExceptionHandlingWebHandler]
Original Stack Trace:
		at club.p6e.coat.gateway.auth.AuthReactiveAuthenticationManager.authenticate(AuthReactiveAuthenticationManager.java:22) ~[classes/:na]
		at org.springframework.security.web.server.authentication.AuthenticationWebFilter.lambda$authenticate$5(AuthenticationWebFilter.java:121) ~[spring-security-web-6.0.0.jar:6.0.0]
		at reactor.core.publisher.FluxFlatMap.trySubscribeScalarMap(FluxFlatMap.java:152) ~[reactor-core-3.5.0.jar:3.5.0]
		at reactor.core.publisher.MonoFlatMap.subscribeOrReturn(MonoFlatMap.java:53) ~[reactor-core-3.5.0.jar:3.5.0]
		at reactor.core.publisher.InternalMonoOperator.subscribe(InternalMonoOperator.java:57) ~[reactor-core-3.5.0.jar:3.5.0]
		at reactor.core.publisher.MonoFlatMap$FlatMapMain.onNext(MonoFlatMap.java:165) ~[reactor-core-3.5.0.jar:3.5.0]
		at reactor.core.publisher.FluxSwitchIfEmpty$SwitchIfEmptySubscriber.onNext(FluxSwitchIfEmpty.java:74) ~[reactor-core-3.5.0.jar:3.5.0]
		at reactor.core.publisher.MonoFlatMap$FlatMapMain.secondComplete(MonoFlatMap.java:245) ~[reactor-core-3.5.0.jar:3.5.0]
		at reactor.core.publisher.MonoFlatMap$FlatMapInner.onNext(MonoFlatMap.java:305) ~[reactor-core-3.5.0.jar:3.5.0]
		at reactor.core.publisher.MonoFlatMap$FlatMapMain.secondComplete(MonoFlatMap.java:245) ~[reactor-core-3.5.0.jar:3.5.0]
		at reactor.core.publisher.MonoFlatMap$FlatMapInner.onNext(MonoFlatMap.java:305) ~[reactor-core-3.5.0.jar:3.5.0]
		at reactor.core.publisher.FluxMap$MapSubscriber.onNext(FluxMap.java:122) ~[reactor-core-3.5.0.jar:3.5.0]
		at reactor.core.publisher.MonoNext$NextSubscriber.onNext(MonoNext.java:82) ~[reactor-core-3.5.0.jar:3.5.0]
		at reactor.core.publisher.FluxUsingWhen$UsingWhenSubscriber.onNext(FluxUsingWhen.java:345) ~[reactor-core-3.5.0.jar:3.5.0]
		at reactor.core.publisher.FluxMap$MapSubscriber.onNext(FluxMap.java:122) ~[reactor-core-3.5.0.jar:3.5.0]
		at reactor.core.publisher.FluxMap$MapSubscriber.onNext(FluxMap.java:122) ~[reactor-core-3.5.0.jar:3.5.0]
		at reactor.core.publisher.FluxFilter$FilterSubscriber.onNext(FluxFilter.java:113) ~[reactor-core-3.5.0.jar:3.5.0]
		at reactor.core.publisher.MonoNext$NextSubscriber.onNext(MonoNext.java:82) ~[reactor-core-3.5.0.jar:3.5.0]
		at reactor.core.publisher.FluxOnErrorResume$ResumeSubscriber.onNext(FluxOnErrorResume.java:79) ~[reactor-core-3.5.0.jar:3.5.0]
		at reactor.core.publisher.MonoFlatMapMany$FlatMapManyInner.onNext(MonoFlatMapMany.java:250) ~[reactor-core-3.5.0.jar:3.5.0]
		at reactor.core.publisher.FluxDefaultIfEmpty$DefaultIfEmptySubscriber.onNext(FluxDefaultIfEmpty.java:122) ~[reactor-core-3.5.0.jar:3.5.0]
		at reactor.core.publisher.FluxMap$MapSubscriber.onNext(FluxMap.java:122) ~[reactor-core-3.5.0.jar:3.5.0]
		at reactor.core.publisher.MonoNext$NextSubscriber.onNext(MonoNext.java:82) ~[reactor-core-3.5.0.jar:3.5.0]
		at reactor.core.publisher.MonoNext$NextSubscriber.onNext(MonoNext.java:82) ~[reactor-core-3.5.0.jar:3.5.0]
		at io.lettuce.core.RedisPublisher$ImmediateSubscriber.onNext(RedisPublisher.java:886) ~[lettuce-core-6.2.1.RELEASE.jar:6.2.1.RELEASE]
		at io.lettuce.core.RedisPublisher$RedisSubscription.onNext(RedisPublisher.java:291) ~[lettuce-core-6.2.1.RELEASE.jar:6.2.1.RELEASE]
		at io.lettuce.core.RedisPublisher$SubscriptionCommand.doOnComplete(RedisPublisher.java:773) ~[lettuce-core-6.2.1.RELEASE.jar:6.2.1.RELEASE]
		at io.lettuce.core.protocol.CommandWrapper.complete(CommandWrapper.java:65) ~[lettuce-core-6.2.1.RELEASE.jar:6.2.1.RELEASE]
		at io.lettuce.core.protocol.CommandHandler.complete(CommandHandler.java:747) ~[lettuce-core-6.2.1.RELEASE.jar:6.2.1.RELEASE]
		at io.lettuce.core.protocol.CommandHandler.decode(CommandHandler.java:682) ~[lettuce-core-6.2.1.RELEASE.jar:6.2.1.RELEASE]
		at io.lettuce.core.protocol.CommandHandler.channelRead(CommandHandler.java:599) ~[lettuce-core-6.2.1.RELEASE.jar:6.2.1.RELEASE]
		at io.netty.channel.AbstractChannelHandlerContext.invokeChannelRead(AbstractChannelHandlerContext.java:442) ~[netty-transport-4.1.85.Final.jar:4.1.85.Final]
		at io.netty.channel.AbstractChannelHandlerContext.invokeChannelRead(AbstractChannelHandlerContext.java:420) ~[netty-transport-4.1.85.Final.jar:4.1.85.Final]
		at io.netty.channel.AbstractChannelHandlerContext.fireChannelRead(AbstractChannelHandlerContext.java:412) ~[netty-transport-4.1.85.Final.jar:4.1.85.Final]
		at io.netty.channel.DefaultChannelPipeline$HeadContext.channelRead(DefaultChannelPipeline.java:1410) ~[netty-transport-4.1.85.Final.jar:4.1.85.Final]
		at io.netty.channel.AbstractChannelHandlerContext.invokeChannelRead(AbstractChannelHandlerContext.java:440) ~[netty-transport-4.1.85.Final.jar:4.1.85.Final]
		at io.netty.channel.AbstractChannelHandlerContext.invokeChannelRead(AbstractChannelHandlerContext.java:420) ~[netty-transport-4.1.85.Final.jar:4.1.85.Final]
		at io.netty.channel.DefaultChannelPipeline.fireChannelRead(DefaultChannelPipeline.java:919) ~[netty-transport-4.1.85.Final.jar:4.1.85.Final]
		at io.netty.channel.nio.AbstractNioByteChannel$NioByteUnsafe.read(AbstractNioByteChannel.java:166) ~[netty-transport-4.1.85.Final.jar:4.1.85.Final]
		at io.netty.channel.nio.NioEventLoop.processSelectedKey(NioEventLoop.java:788) ~[netty-transport-4.1.85.Final.jar:4.1.85.Final]
		at io.netty.channel.nio.NioEventLoop.processSelectedKeysOptimized(NioEventLoop.java:724) ~[netty-transport-4.1.85.Final.jar:4.1.85.Final]
		at io.netty.channel.nio.NioEventLoop.processSelectedKeys(NioEventLoop.java:650) ~[netty-transport-4.1.85.Final.jar:4.1.85.Final]
		at io.netty.channel.nio.NioEventLoop.run(NioEventLoop.java:562) ~[netty-transport-4.1.85.Final.jar:4.1.85.Final]
		at io.netty.util.concurrent.SingleThreadEventExecutor$4.run(SingleThreadEventExecutor.java:997) ~[netty-common-4.1.85.Final.jar:4.1.85.Final]
		at io.netty.util.internal.ThreadExecutorMap$2.run(ThreadExecutorMap.java:74) ~[netty-common-4.1.85.Final.jar:4.1.85.Final]
		at io.netty.util.concurrent.FastThreadLocalRunnable.run(FastThreadLocalRunnable.java:30) ~[netty-common-4.1.85.Final.jar:4.1.85.Final]
		at java.base/java.lang.Thread.run(Thread.java:833) ~[na:na]
2023-05-22 10:21:52 [background-preinit] INFO - HV000001: Hibernate Validator 8.0.0.Final
2023-05-22 10:21:52 [main] INFO - Starting P6eGatewayAuthApplication using Java 17.0.7 with PID 11828 (D:\CodeContents\github\p6e-coat\p6e-coat\p6e-coat-gateway-auth\target\classes started by a1294 in D:\CodeContents\github\p6e-coat\p6e-coat)
2023-05-22 10:21:52 [main] INFO - No active profile set, falling back to 1 default profile: "default"
2023-05-22 10:21:53 [main] INFO - Multiple Spring Data modules found, entering strict repository configuration mode
2023-05-22 10:21:53 [main] INFO - Bootstrapping Spring Data R2DBC repositories in DEFAULT mode.
2023-05-22 10:21:53 [main] INFO - Finished Spring Data repository scanning in 17 ms. Found 0 R2DBC repository interfaces.
2023-05-22 10:21:53 [main] INFO - Multiple Spring Data modules found, entering strict repository configuration mode
2023-05-22 10:21:53 [main] INFO - Bootstrapping Spring Data Redis repositories in DEFAULT mode.
2023-05-22 10:21:53 [main] INFO - Finished Spring Data repository scanning in 2 ms. Found 0 Redis repository interfaces.
2023-05-22 10:21:53 [main] INFO - BeanFactory id=1eb86717-eee8-3cc2-83d4-cf6a05ec888f
2023-05-22 10:21:53 [main] INFO - Loaded RoutePredicateFactory [After]
2023-05-22 10:21:53 [main] INFO - Loaded RoutePredicateFactory [Before]
2023-05-22 10:21:53 [main] INFO - Loaded RoutePredicateFactory [Between]
2023-05-22 10:21:53 [main] INFO - Loaded RoutePredicateFactory [Cookie]
2023-05-22 10:21:53 [main] INFO - Loaded RoutePredicateFactory [Header]
2023-05-22 10:21:53 [main] INFO - Loaded RoutePredicateFactory [Host]
2023-05-22 10:21:53 [main] INFO - Loaded RoutePredicateFactory [Method]
2023-05-22 10:21:53 [main] INFO - Loaded RoutePredicateFactory [Path]
2023-05-22 10:21:53 [main] INFO - Loaded RoutePredicateFactory [Query]
2023-05-22 10:21:53 [main] INFO - Loaded RoutePredicateFactory [ReadBody]
2023-05-22 10:21:53 [main] INFO - Loaded RoutePredicateFactory [RemoteAddr]
2023-05-22 10:21:53 [main] INFO - Loaded RoutePredicateFactory [XForwardedRemoteAddr]
2023-05-22 10:21:53 [main] INFO - Loaded RoutePredicateFactory [Weight]
2023-05-22 10:21:53 [main] INFO - Loaded RoutePredicateFactory [CloudFoundryRouteService]
2023-05-22 10:21:54 [main] INFO - Netty started on port 8080
2023-05-22 10:21:54 [main] INFO - Started P6eGatewayAuthApplication in 2.038 seconds (process running for 2.326)
2023-05-22 10:24:18 [background-preinit] INFO - HV000001: Hibernate Validator 8.0.0.Final
2023-05-22 10:24:18 [main] INFO - Starting P6eGatewayAuthApplication using Java 17.0.7 with PID 11484 (D:\CodeContents\github\p6e-coat\p6e-coat\p6e-coat-gateway-auth\target\classes started by a1294 in D:\CodeContents\github\p6e-coat\p6e-coat)
2023-05-22 10:24:18 [main] INFO - No active profile set, falling back to 1 default profile: "default"
2023-05-22 10:24:18 [main] INFO - Multiple Spring Data modules found, entering strict repository configuration mode
2023-05-22 10:24:18 [main] INFO - Bootstrapping Spring Data R2DBC repositories in DEFAULT mode.
2023-05-22 10:24:18 [main] INFO - Finished Spring Data repository scanning in 16 ms. Found 0 R2DBC repository interfaces.
2023-05-22 10:24:18 [main] INFO - Multiple Spring Data modules found, entering strict repository configuration mode
2023-05-22 10:24:18 [main] INFO - Bootstrapping Spring Data Redis repositories in DEFAULT mode.
2023-05-22 10:24:18 [main] INFO - Finished Spring Data repository scanning in 2 ms. Found 0 Redis repository interfaces.
2023-05-22 10:24:18 [main] INFO - BeanFactory id=1eb86717-eee8-3cc2-83d4-cf6a05ec888f
2023-05-22 10:24:19 [main] INFO - Loaded RoutePredicateFactory [After]
2023-05-22 10:24:19 [main] INFO - Loaded RoutePredicateFactory [Before]
2023-05-22 10:24:19 [main] INFO - Loaded RoutePredicateFactory [Between]
2023-05-22 10:24:19 [main] INFO - Loaded RoutePredicateFactory [Cookie]
2023-05-22 10:24:19 [main] INFO - Loaded RoutePredicateFactory [Header]
2023-05-22 10:24:19 [main] INFO - Loaded RoutePredicateFactory [Host]
2023-05-22 10:24:19 [main] INFO - Loaded RoutePredicateFactory [Method]
2023-05-22 10:24:19 [main] INFO - Loaded RoutePredicateFactory [Path]
2023-05-22 10:24:19 [main] INFO - Loaded RoutePredicateFactory [Query]
2023-05-22 10:24:19 [main] INFO - Loaded RoutePredicateFactory [ReadBody]
2023-05-22 10:24:19 [main] INFO - Loaded RoutePredicateFactory [RemoteAddr]
2023-05-22 10:24:19 [main] INFO - Loaded RoutePredicateFactory [XForwardedRemoteAddr]
2023-05-22 10:24:19 [main] INFO - Loaded RoutePredicateFactory [Weight]
2023-05-22 10:24:19 [main] INFO - Loaded RoutePredicateFactory [CloudFoundryRouteService]
2023-05-22 10:24:19 [main] INFO - Netty started on port 8080
2023-05-22 10:24:19 [main] INFO - Started P6eGatewayAuthApplication in 2.066 seconds (process running for 2.345)
2023-05-22 10:24:53 [background-preinit] INFO - HV000001: Hibernate Validator 8.0.0.Final
2023-05-22 10:24:53 [main] INFO - Starting P6eGatewayAuthApplication using Java 17.0.7 with PID 1640 (D:\CodeContents\github\p6e-coat\p6e-coat\p6e-coat-gateway-auth\target\classes started by a1294 in D:\CodeContents\github\p6e-coat\p6e-coat)
2023-05-22 10:24:53 [main] INFO - No active profile set, falling back to 1 default profile: "default"
2023-05-22 10:24:53 [main] INFO - Multiple Spring Data modules found, entering strict repository configuration mode
2023-05-22 10:24:53 [main] INFO - Bootstrapping Spring Data R2DBC repositories in DEFAULT mode.
2023-05-22 10:24:53 [main] INFO - Finished Spring Data repository scanning in 17 ms. Found 0 R2DBC repository interfaces.
2023-05-22 10:24:53 [main] INFO - Multiple Spring Data modules found, entering strict repository configuration mode
2023-05-22 10:24:53 [main] INFO - Bootstrapping Spring Data Redis repositories in DEFAULT mode.
2023-05-22 10:24:53 [main] INFO - Finished Spring Data repository scanning in 2 ms. Found 0 Redis repository interfaces.
2023-05-22 10:24:53 [main] INFO - BeanFactory id=1eb86717-eee8-3cc2-83d4-cf6a05ec888f
2023-05-22 10:24:54 [main] INFO - Loaded RoutePredicateFactory [After]
2023-05-22 10:24:54 [main] INFO - Loaded RoutePredicateFactory [Before]
2023-05-22 10:24:54 [main] INFO - Loaded RoutePredicateFactory [Between]
2023-05-22 10:24:54 [main] INFO - Loaded RoutePredicateFactory [Cookie]
2023-05-22 10:24:54 [main] INFO - Loaded RoutePredicateFactory [Header]
2023-05-22 10:24:54 [main] INFO - Loaded RoutePredicateFactory [Host]
2023-05-22 10:24:54 [main] INFO - Loaded RoutePredicateFactory [Method]
2023-05-22 10:24:54 [main] INFO - Loaded RoutePredicateFactory [Path]
2023-05-22 10:24:54 [main] INFO - Loaded RoutePredicateFactory [Query]
2023-05-22 10:24:54 [main] INFO - Loaded RoutePredicateFactory [ReadBody]
2023-05-22 10:24:54 [main] INFO - Loaded RoutePredicateFactory [RemoteAddr]
2023-05-22 10:24:54 [main] INFO - Loaded RoutePredicateFactory [XForwardedRemoteAddr]
2023-05-22 10:24:54 [main] INFO - Loaded RoutePredicateFactory [Weight]
2023-05-22 10:24:54 [main] INFO - Loaded RoutePredicateFactory [CloudFoundryRouteService]
2023-05-22 10:24:54 [main] INFO - Netty started on port 8080
2023-05-22 10:24:54 [main] INFO - Started P6eGatewayAuthApplication in 2.007 seconds (process running for 2.301)
2023-05-22 10:25:25 [background-preinit] INFO - HV000001: Hibernate Validator 8.0.0.Final
2023-05-22 10:25:25 [main] INFO - Starting P6eGatewayAuthApplication using Java 17.0.7 with PID 13104 (D:\CodeContents\github\p6e-coat\p6e-coat\p6e-coat-gateway-auth\target\classes started by a1294 in D:\CodeContents\github\p6e-coat\p6e-coat)
2023-05-22 10:25:25 [main] INFO - No active profile set, falling back to 1 default profile: "default"
2023-05-22 10:25:25 [main] INFO - Multiple Spring Data modules found, entering strict repository configuration mode
2023-05-22 10:25:25 [main] INFO - Bootstrapping Spring Data R2DBC repositories in DEFAULT mode.
2023-05-22 10:25:25 [main] INFO - Finished Spring Data repository scanning in 16 ms. Found 0 R2DBC repository interfaces.
2023-05-22 10:25:25 [main] INFO - Multiple Spring Data modules found, entering strict repository configuration mode
2023-05-22 10:25:25 [main] INFO - Bootstrapping Spring Data Redis repositories in DEFAULT mode.
2023-05-22 10:25:25 [main] INFO - Finished Spring Data repository scanning in 2 ms. Found 0 Redis repository interfaces.
2023-05-22 10:25:26 [main] INFO - BeanFactory id=1eb86717-eee8-3cc2-83d4-cf6a05ec888f
2023-05-22 10:25:26 [main] INFO - Loaded RoutePredicateFactory [After]
2023-05-22 10:25:26 [main] INFO - Loaded RoutePredicateFactory [Before]
2023-05-22 10:25:26 [main] INFO - Loaded RoutePredicateFactory [Between]
2023-05-22 10:25:26 [main] INFO - Loaded RoutePredicateFactory [Cookie]
2023-05-22 10:25:26 [main] INFO - Loaded RoutePredicateFactory [Header]
2023-05-22 10:25:26 [main] INFO - Loaded RoutePredicateFactory [Host]
2023-05-22 10:25:26 [main] INFO - Loaded RoutePredicateFactory [Method]
2023-05-22 10:25:26 [main] INFO - Loaded RoutePredicateFactory [Path]
2023-05-22 10:25:26 [main] INFO - Loaded RoutePredicateFactory [Query]
2023-05-22 10:25:26 [main] INFO - Loaded RoutePredicateFactory [ReadBody]
2023-05-22 10:25:26 [main] INFO - Loaded RoutePredicateFactory [RemoteAddr]
2023-05-22 10:25:26 [main] INFO - Loaded RoutePredicateFactory [XForwardedRemoteAddr]
2023-05-22 10:25:26 [main] INFO - Loaded RoutePredicateFactory [Weight]
2023-05-22 10:25:26 [main] INFO - Loaded RoutePredicateFactory [CloudFoundryRouteService]
2023-05-22 10:25:27 [main] INFO - Netty started on port 8080
2023-05-22 10:25:27 [main] INFO - Started P6eGatewayAuthApplication in 2.045 seconds (process running for 2.337)
2023-05-22 10:26:38 [background-preinit] INFO - HV000001: Hibernate Validator 8.0.0.Final
2023-05-22 10:26:38 [main] INFO - Starting P6eGatewayAuthApplication using Java 17.0.7 with PID 8960 (D:\CodeContents\github\p6e-coat\p6e-coat\p6e-coat-gateway-auth\target\classes started by a1294 in D:\CodeContents\github\p6e-coat\p6e-coat)
2023-05-22 10:26:38 [main] INFO - No active profile set, falling back to 1 default profile: "default"
2023-05-22 10:26:38 [main] INFO - Multiple Spring Data modules found, entering strict repository configuration mode
2023-05-22 10:26:38 [main] INFO - Bootstrapping Spring Data R2DBC repositories in DEFAULT mode.
2023-05-22 10:26:38 [main] INFO - Finished Spring Data repository scanning in 17 ms. Found 0 R2DBC repository interfaces.
2023-05-22 10:26:38 [main] INFO - Multiple Spring Data modules found, entering strict repository configuration mode
2023-05-22 10:26:38 [main] INFO - Bootstrapping Spring Data Redis repositories in DEFAULT mode.
2023-05-22 10:26:38 [main] INFO - Finished Spring Data repository scanning in 2 ms. Found 0 Redis repository interfaces.
2023-05-22 10:26:38 [main] INFO - BeanFactory id=1eb86717-eee8-3cc2-83d4-cf6a05ec888f
2023-05-22 10:26:39 [main] INFO - Loaded RoutePredicateFactory [After]
2023-05-22 10:26:39 [main] INFO - Loaded RoutePredicateFactory [Before]
2023-05-22 10:26:39 [main] INFO - Loaded RoutePredicateFactory [Between]
2023-05-22 10:26:39 [main] INFO - Loaded RoutePredicateFactory [Cookie]
2023-05-22 10:26:39 [main] INFO - Loaded RoutePredicateFactory [Header]
2023-05-22 10:26:39 [main] INFO - Loaded RoutePredicateFactory [Host]
2023-05-22 10:26:39 [main] INFO - Loaded RoutePredicateFactory [Method]
2023-05-22 10:26:39 [main] INFO - Loaded RoutePredicateFactory [Path]
2023-05-22 10:26:39 [main] INFO - Loaded RoutePredicateFactory [Query]
2023-05-22 10:26:39 [main] INFO - Loaded RoutePredicateFactory [ReadBody]
2023-05-22 10:26:39 [main] INFO - Loaded RoutePredicateFactory [RemoteAddr]
2023-05-22 10:26:39 [main] INFO - Loaded RoutePredicateFactory [XForwardedRemoteAddr]
2023-05-22 10:26:39 [main] INFO - Loaded RoutePredicateFactory [Weight]
2023-05-22 10:26:39 [main] INFO - Loaded RoutePredicateFactory [CloudFoundryRouteService]
2023-05-22 10:26:39 [main] INFO - Netty started on port 8080
2023-05-22 10:26:39 [main] INFO - Started P6eGatewayAuthApplication in 2.071 seconds (process running for 2.351)
2023-05-22 10:27:23 [background-preinit] INFO - HV000001: Hibernate Validator 8.0.0.Final
2023-05-22 10:27:23 [main] INFO - Starting P6eGatewayAuthApplication using Java 17.0.7 with PID 26296 (D:\CodeContents\github\p6e-coat\p6e-coat\p6e-coat-gateway-auth\target\classes started by a1294 in D:\CodeContents\github\p6e-coat\p6e-coat)
2023-05-22 10:27:23 [main] INFO - No active profile set, falling back to 1 default profile: "default"
2023-05-22 10:27:24 [main] INFO - Multiple Spring Data modules found, entering strict repository configuration mode
2023-05-22 10:27:24 [main] INFO - Bootstrapping Spring Data R2DBC repositories in DEFAULT mode.
2023-05-22 10:27:24 [main] INFO - Finished Spring Data repository scanning in 16 ms. Found 0 R2DBC repository interfaces.
2023-05-22 10:27:24 [main] INFO - Multiple Spring Data modules found, entering strict repository configuration mode
2023-05-22 10:27:24 [main] INFO - Bootstrapping Spring Data Redis repositories in DEFAULT mode.
2023-05-22 10:27:24 [main] INFO - Finished Spring Data repository scanning in 4 ms. Found 0 Redis repository interfaces.
2023-05-22 10:27:24 [main] INFO - BeanFactory id=1eb86717-eee8-3cc2-83d4-cf6a05ec888f
2023-05-22 10:27:25 [main] INFO - Loaded RoutePredicateFactory [After]
2023-05-22 10:27:25 [main] INFO - Loaded RoutePredicateFactory [Before]
2023-05-22 10:27:25 [main] INFO - Loaded RoutePredicateFactory [Between]
2023-05-22 10:27:25 [main] INFO - Loaded RoutePredicateFactory [Cookie]
2023-05-22 10:27:25 [main] INFO - Loaded RoutePredicateFactory [Header]
2023-05-22 10:27:25 [main] INFO - Loaded RoutePredicateFactory [Host]
2023-05-22 10:27:25 [main] INFO - Loaded RoutePredicateFactory [Method]
2023-05-22 10:27:25 [main] INFO - Loaded RoutePredicateFactory [Path]
2023-05-22 10:27:25 [main] INFO - Loaded RoutePredicateFactory [Query]
2023-05-22 10:27:25 [main] INFO - Loaded RoutePredicateFactory [ReadBody]
2023-05-22 10:27:25 [main] INFO - Loaded RoutePredicateFactory [RemoteAddr]
2023-05-22 10:27:25 [main] INFO - Loaded RoutePredicateFactory [XForwardedRemoteAddr]
2023-05-22 10:27:25 [main] INFO - Loaded RoutePredicateFactory [Weight]
2023-05-22 10:27:25 [main] INFO - Loaded RoutePredicateFactory [CloudFoundryRouteService]
2023-05-22 10:27:25 [main] INFO - Netty started on port 8080
2023-05-22 10:27:25 [main] INFO - Started P6eGatewayAuthApplication in 2.014 seconds (process running for 2.293)
2023-05-22 10:28:10 [background-preinit] INFO - HV000001: Hibernate Validator 8.0.0.Final
2023-05-22 10:28:10 [main] INFO - Starting P6eGatewayAuthApplication using Java 17.0.7 with PID 12700 (D:\CodeContents\github\p6e-coat\p6e-coat\p6e-coat-gateway-auth\target\classes started by a1294 in D:\CodeContents\github\p6e-coat\p6e-coat)
2023-05-22 10:28:10 [main] INFO - No active profile set, falling back to 1 default profile: "default"
2023-05-22 10:28:11 [main] INFO - Multiple Spring Data modules found, entering strict repository configuration mode
2023-05-22 10:28:11 [main] INFO - Bootstrapping Spring Data R2DBC repositories in DEFAULT mode.
2023-05-22 10:28:11 [main] INFO - Finished Spring Data repository scanning in 14 ms. Found 0 R2DBC repository interfaces.
2023-05-22 10:28:11 [main] INFO - Multiple Spring Data modules found, entering strict repository configuration mode
2023-05-22 10:28:11 [main] INFO - Bootstrapping Spring Data Redis repositories in DEFAULT mode.
2023-05-22 10:28:11 [main] INFO - Finished Spring Data repository scanning in 2 ms. Found 0 Redis repository interfaces.
2023-05-22 10:28:11 [main] INFO - BeanFactory id=1eb86717-eee8-3cc2-83d4-cf6a05ec888f
2023-05-22 10:28:12 [main] INFO - Loaded RoutePredicateFactory [After]
2023-05-22 10:28:12 [main] INFO - Loaded RoutePredicateFactory [Before]
2023-05-22 10:28:12 [main] INFO - Loaded RoutePredicateFactory [Between]
2023-05-22 10:28:12 [main] INFO - Loaded RoutePredicateFactory [Cookie]
2023-05-22 10:28:12 [main] INFO - Loaded RoutePredicateFactory [Header]
2023-05-22 10:28:12 [main] INFO - Loaded RoutePredicateFactory [Host]
2023-05-22 10:28:12 [main] INFO - Loaded RoutePredicateFactory [Method]
2023-05-22 10:28:12 [main] INFO - Loaded RoutePredicateFactory [Path]
2023-05-22 10:28:12 [main] INFO - Loaded RoutePredicateFactory [Query]
2023-05-22 10:28:12 [main] INFO - Loaded RoutePredicateFactory [ReadBody]
2023-05-22 10:28:12 [main] INFO - Loaded RoutePredicateFactory [RemoteAddr]
2023-05-22 10:28:12 [main] INFO - Loaded RoutePredicateFactory [XForwardedRemoteAddr]
2023-05-22 10:28:12 [main] INFO - Loaded RoutePredicateFactory [Weight]
2023-05-22 10:28:12 [main] INFO - Loaded RoutePredicateFactory [CloudFoundryRouteService]
2023-05-22 10:28:12 [main] INFO - Netty started on port 8080
2023-05-22 10:28:12 [main] INFO - Started P6eGatewayAuthApplication in 2.086 seconds (process running for 2.375)
2023-05-22 10:29:52 [background-preinit] INFO - HV000001: Hibernate Validator 8.0.0.Final
2023-05-22 10:29:52 [main] INFO - Starting P6eGatewayAuthApplication using Java 17.0.7 with PID 23768 (D:\CodeContents\github\p6e-coat\p6e-coat\p6e-coat-gateway-auth\target\classes started by a1294 in D:\CodeContents\github\p6e-coat\p6e-coat)
2023-05-22 10:29:52 [main] INFO - No active profile set, falling back to 1 default profile: "default"
2023-05-22 10:29:52 [main] INFO - Multiple Spring Data modules found, entering strict repository configuration mode
2023-05-22 10:29:52 [main] INFO - Bootstrapping Spring Data R2DBC repositories in DEFAULT mode.
2023-05-22 10:29:52 [main] INFO - Finished Spring Data repository scanning in 18 ms. Found 0 R2DBC repository interfaces.
2023-05-22 10:29:52 [main] INFO - Multiple Spring Data modules found, entering strict repository configuration mode
2023-05-22 10:29:52 [main] INFO - Bootstrapping Spring Data Redis repositories in DEFAULT mode.
2023-05-22 10:29:52 [main] INFO - Finished Spring Data repository scanning in 2 ms. Found 0 Redis repository interfaces.
2023-05-22 10:29:52 [main] INFO - BeanFactory id=1eb86717-eee8-3cc2-83d4-cf6a05ec888f
2023-05-22 10:29:53 [main] INFO - Loaded RoutePredicateFactory [After]
2023-05-22 10:29:53 [main] INFO - Loaded RoutePredicateFactory [Before]
2023-05-22 10:29:53 [main] INFO - Loaded RoutePredicateFactory [Between]
2023-05-22 10:29:53 [main] INFO - Loaded RoutePredicateFactory [Cookie]
2023-05-22 10:29:53 [main] INFO - Loaded RoutePredicateFactory [Header]
2023-05-22 10:29:53 [main] INFO - Loaded RoutePredicateFactory [Host]
2023-05-22 10:29:53 [main] INFO - Loaded RoutePredicateFactory [Method]
2023-05-22 10:29:53 [main] INFO - Loaded RoutePredicateFactory [Path]
2023-05-22 10:29:53 [main] INFO - Loaded RoutePredicateFactory [Query]
2023-05-22 10:29:53 [main] INFO - Loaded RoutePredicateFactory [ReadBody]
2023-05-22 10:29:53 [main] INFO - Loaded RoutePredicateFactory [RemoteAddr]
2023-05-22 10:29:53 [main] INFO - Loaded RoutePredicateFactory [XForwardedRemoteAddr]
2023-05-22 10:29:53 [main] INFO - Loaded RoutePredicateFactory [Weight]
2023-05-22 10:29:53 [main] INFO - Loaded RoutePredicateFactory [CloudFoundryRouteService]
2023-05-22 10:29:53 [main] INFO - Netty started on port 8080
2023-05-22 10:29:53 [main] INFO - Started P6eGatewayAuthApplication in 2.115 seconds (process running for 2.407)
2023-05-22 10:33:36 [background-preinit] INFO - HV000001: Hibernate Validator 8.0.0.Final
2023-05-22 10:33:36 [main] INFO - Starting P6eGatewayAuthApplication using Java 17.0.7 with PID 16020 (D:\CodeContents\github\p6e-coat\p6e-coat\p6e-coat-gateway-auth\target\classes started by a1294 in D:\CodeContents\github\p6e-coat\p6e-coat)
2023-05-22 10:33:36 [main] INFO - No active profile set, falling back to 1 default profile: "default"
2023-05-22 10:33:36 [main] INFO - Multiple Spring Data modules found, entering strict repository configuration mode
2023-05-22 10:33:36 [main] INFO - Bootstrapping Spring Data R2DBC repositories in DEFAULT mode.
2023-05-22 10:33:36 [main] INFO - Finished Spring Data repository scanning in 16 ms. Found 0 R2DBC repository interfaces.
2023-05-22 10:33:36 [main] INFO - Multiple Spring Data modules found, entering strict repository configuration mode
2023-05-22 10:33:36 [main] INFO - Bootstrapping Spring Data Redis repositories in DEFAULT mode.
2023-05-22 10:33:36 [main] INFO - Finished Spring Data repository scanning in 2 ms. Found 0 Redis repository interfaces.
2023-05-22 10:33:36 [main] INFO - BeanFactory id=1eb86717-eee8-3cc2-83d4-cf6a05ec888f
2023-05-22 10:33:37 [main] INFO - Loaded RoutePredicateFactory [After]
2023-05-22 10:33:37 [main] INFO - Loaded RoutePredicateFactory [Before]
2023-05-22 10:33:37 [main] INFO - Loaded RoutePredicateFactory [Between]
2023-05-22 10:33:37 [main] INFO - Loaded RoutePredicateFactory [Cookie]
2023-05-22 10:33:37 [main] INFO - Loaded RoutePredicateFactory [Header]
2023-05-22 10:33:37 [main] INFO - Loaded RoutePredicateFactory [Host]
2023-05-22 10:33:37 [main] INFO - Loaded RoutePredicateFactory [Method]
2023-05-22 10:33:37 [main] INFO - Loaded RoutePredicateFactory [Path]
2023-05-22 10:33:37 [main] INFO - Loaded RoutePredicateFactory [Query]
2023-05-22 10:33:37 [main] INFO - Loaded RoutePredicateFactory [ReadBody]
2023-05-22 10:33:37 [main] INFO - Loaded RoutePredicateFactory [RemoteAddr]
2023-05-22 10:33:37 [main] INFO - Loaded RoutePredicateFactory [XForwardedRemoteAddr]
2023-05-22 10:33:37 [main] INFO - Loaded RoutePredicateFactory [Weight]
2023-05-22 10:33:37 [main] INFO - Loaded RoutePredicateFactory [CloudFoundryRouteService]
2023-05-22 10:33:37 [main] INFO - Netty started on port 8080
2023-05-22 10:33:37 [main] INFO - Started P6eGatewayAuthApplication in 2.017 seconds (process running for 2.313)
2023-05-22 10:34:27 [background-preinit] INFO - HV000001: Hibernate Validator 8.0.0.Final
2023-05-22 10:34:27 [main] INFO - Starting P6eGatewayAuthApplication using Java 17.0.7 with PID 2336 (D:\CodeContents\github\p6e-coat\p6e-coat\p6e-coat-gateway-auth\target\classes started by a1294 in D:\CodeContents\github\p6e-coat\p6e-coat)
2023-05-22 10:34:27 [main] INFO - No active profile set, falling back to 1 default profile: "default"
2023-05-22 10:34:27 [main] INFO - Multiple Spring Data modules found, entering strict repository configuration mode
2023-05-22 10:34:27 [main] INFO - Bootstrapping Spring Data R2DBC repositories in DEFAULT mode.
2023-05-22 10:34:27 [main] INFO - Finished Spring Data repository scanning in 15 ms. Found 0 R2DBC repository interfaces.
2023-05-22 10:34:27 [main] INFO - Multiple Spring Data modules found, entering strict repository configuration mode
2023-05-22 10:34:27 [main] INFO - Bootstrapping Spring Data Redis repositories in DEFAULT mode.
2023-05-22 10:34:27 [main] INFO - Finished Spring Data repository scanning in 4 ms. Found 0 Redis repository interfaces.
2023-05-22 10:34:27 [main] INFO - BeanFactory id=11348491-2b8c-3634-b626-935132e2b05a
2023-05-22 10:34:28 [main] WARN - Exception encountered during context initialization - cancelling refresh attempt: org.springframework.beans.factory.UnsatisfiedDependencyException: Error creating bean with name 'org.springframework.security.config.annotation.web.reactive.WebFluxSecurityConfiguration': Unsatisfied dependency expressed through method 'setSecurityWebFilterChains' parameter 0: Error creating bean with name 'injectionSecurityWebFilterChainBean' defined in class path resource [club/p6e/coat/gateway/auth/AuthSecurityConfiguration.class]: Unsatisfied dependency expressed through method 'injectionSecurityWebFilterChainBean' parameter 4: No qualifying bean of type 'club.p6e.coat.gateway.auth.AuthHttpHeaderInitWebFilter' available: expected at least 1 bean which qualifies as autowire candidate. Dependency annotations: {}
2023-05-22 10:34:28 [main] INFO - 

Error starting ApplicationContext. To display the condition evaluation report re-run your application with 'debug' enabled.
2023-05-22 10:34:28 [main] ERROR - 

***************************
APPLICATION FAILED TO START
***************************

Description:

Parameter 4 of method injectionSecurityWebFilterChainBean in club.p6e.coat.gateway.auth.AuthSecurityConfiguration required a bean of type 'club.p6e.coat.gateway.auth.AuthHttpHeaderInitWebFilter' that could not be found.


Action:

Consider defining a bean of type 'club.p6e.coat.gateway.auth.AuthHttpHeaderInitWebFilter' in your configuration.

2023-05-22 10:36:44 [background-preinit] INFO - HV000001: Hibernate Validator 8.0.0.Final
2023-05-22 10:36:44 [main] INFO - Starting P6eGatewayAuthApplication using Java 17.0.7 with PID 18480 (D:\CodeContents\github\p6e-coat\p6e-coat\p6e-coat-gateway-auth\target\classes started by a1294 in D:\CodeContents\github\p6e-coat\p6e-coat)
2023-05-22 10:36:44 [main] INFO - No active profile set, falling back to 1 default profile: "default"
2023-05-22 10:36:45 [main] INFO - Multiple Spring Data modules found, entering strict repository configuration mode
2023-05-22 10:36:45 [main] INFO - Bootstrapping Spring Data R2DBC repositories in DEFAULT mode.
2023-05-22 10:36:45 [main] INFO - Finished Spring Data repository scanning in 16 ms. Found 0 R2DBC repository interfaces.
2023-05-22 10:36:45 [main] INFO - Multiple Spring Data modules found, entering strict repository configuration mode
2023-05-22 10:36:45 [main] INFO - Bootstrapping Spring Data Redis repositories in DEFAULT mode.
2023-05-22 10:36:45 [main] INFO - Finished Spring Data repository scanning in 4 ms. Found 0 Redis repository interfaces.
2023-05-22 10:36:45 [main] INFO - BeanFactory id=1eb86717-eee8-3cc2-83d4-cf6a05ec888f
2023-05-22 10:36:46 [main] INFO - Loaded RoutePredicateFactory [After]
2023-05-22 10:36:46 [main] INFO - Loaded RoutePredicateFactory [Before]
2023-05-22 10:36:46 [main] INFO - Loaded RoutePredicateFactory [Between]
2023-05-22 10:36:46 [main] INFO - Loaded RoutePredicateFactory [Cookie]
2023-05-22 10:36:46 [main] INFO - Loaded RoutePredicateFactory [Header]
2023-05-22 10:36:46 [main] INFO - Loaded RoutePredicateFactory [Host]
2023-05-22 10:36:46 [main] INFO - Loaded RoutePredicateFactory [Method]
2023-05-22 10:36:46 [main] INFO - Loaded RoutePredicateFactory [Path]
2023-05-22 10:36:46 [main] INFO - Loaded RoutePredicateFactory [Query]
2023-05-22 10:36:46 [main] INFO - Loaded RoutePredicateFactory [ReadBody]
2023-05-22 10:36:46 [main] INFO - Loaded RoutePredicateFactory [RemoteAddr]
2023-05-22 10:36:46 [main] INFO - Loaded RoutePredicateFactory [XForwardedRemoteAddr]
2023-05-22 10:36:46 [main] INFO - Loaded RoutePredicateFactory [Weight]
2023-05-22 10:36:46 [main] INFO - Loaded RoutePredicateFactory [CloudFoundryRouteService]
2023-05-22 10:36:46 [main] INFO - Netty started on port 8080
2023-05-22 10:36:46 [main] INFO - Started P6eGatewayAuthApplication in 2.006 seconds (process running for 2.283)
2023-05-22 10:57:17 [background-preinit] INFO - HV000001: Hibernate Validator 8.0.0.Final
2023-05-22 10:57:17 [main] INFO - Starting P6eGatewayAuthApplication using Java 17.0.7 with PID 3212 (D:\CodeContents\github\p6e-coat\p6e-coat\p6e-coat-gateway-auth\target\classes started by a1294 in D:\CodeContents\github\p6e-coat\p6e-coat)
2023-05-22 10:57:17 [main] INFO - No active profile set, falling back to 1 default profile: "default"
2023-05-22 10:57:17 [main] INFO - Multiple Spring Data modules found, entering strict repository configuration mode
2023-05-22 10:57:17 [main] INFO - Bootstrapping Spring Data R2DBC repositories in DEFAULT mode.
2023-05-22 10:57:17 [main] INFO - Finished Spring Data repository scanning in 16 ms. Found 0 R2DBC repository interfaces.
2023-05-22 10:57:17 [main] INFO - Multiple Spring Data modules found, entering strict repository configuration mode
2023-05-22 10:57:17 [main] INFO - Bootstrapping Spring Data Redis repositories in DEFAULT mode.
2023-05-22 10:57:17 [main] INFO - Finished Spring Data repository scanning in 5 ms. Found 0 Redis repository interfaces.
2023-05-22 10:57:17 [main] INFO - BeanFactory id=11348491-2b8c-3634-b626-935132e2b05a
2023-05-22 10:57:18 [main] INFO - Loaded RoutePredicateFactory [After]
2023-05-22 10:57:18 [main] INFO - Loaded RoutePredicateFactory [Before]
2023-05-22 10:57:18 [main] INFO - Loaded RoutePredicateFactory [Between]
2023-05-22 10:57:18 [main] INFO - Loaded RoutePredicateFactory [Cookie]
2023-05-22 10:57:18 [main] INFO - Loaded RoutePredicateFactory [Header]
2023-05-22 10:57:18 [main] INFO - Loaded RoutePredicateFactory [Host]
2023-05-22 10:57:18 [main] INFO - Loaded RoutePredicateFactory [Method]
2023-05-22 10:57:18 [main] INFO - Loaded RoutePredicateFactory [Path]
2023-05-22 10:57:18 [main] INFO - Loaded RoutePredicateFactory [Query]
2023-05-22 10:57:18 [main] INFO - Loaded RoutePredicateFactory [ReadBody]
2023-05-22 10:57:18 [main] INFO - Loaded RoutePredicateFactory [RemoteAddr]
2023-05-22 10:57:18 [main] INFO - Loaded RoutePredicateFactory [XForwardedRemoteAddr]
2023-05-22 10:57:18 [main] INFO - Loaded RoutePredicateFactory [Weight]
2023-05-22 10:57:18 [main] INFO - Loaded RoutePredicateFactory [CloudFoundryRouteService]
2023-05-22 10:57:18 [main] INFO - Netty started on port 8080
2023-05-22 10:57:18 [main] INFO - Started P6eGatewayAuthApplication in 2.024 seconds (process running for 2.299)
2023-05-22 11:09:58 [background-preinit] INFO - HV000001: Hibernate Validator 8.0.0.Final
2023-05-22 11:09:58 [main] INFO - Starting P6eGatewayAuthApplication using Java 17.0.7 with PID 18964 (D:\CodeContents\github\p6e-coat\p6e-coat\p6e-coat-gateway-auth\target\classes started by a1294 in D:\CodeContents\github\p6e-coat\p6e-coat)
2023-05-22 11:09:58 [main] INFO - No active profile set, falling back to 1 default profile: "default"
2023-05-22 11:09:58 [main] INFO - Multiple Spring Data modules found, entering strict repository configuration mode
2023-05-22 11:09:58 [main] INFO - Bootstrapping Spring Data R2DBC repositories in DEFAULT mode.
2023-05-22 11:09:58 [main] INFO - Finished Spring Data repository scanning in 15 ms. Found 0 R2DBC repository interfaces.
2023-05-22 11:09:58 [main] INFO - Multiple Spring Data modules found, entering strict repository configuration mode
2023-05-22 11:09:58 [main] INFO - Bootstrapping Spring Data Redis repositories in DEFAULT mode.
2023-05-22 11:09:58 [main] INFO - Finished Spring Data repository scanning in 2 ms. Found 0 Redis repository interfaces.
2023-05-22 11:09:58 [main] INFO - BeanFactory id=11348491-2b8c-3634-b626-935132e2b05a
2023-05-22 11:09:59 [main] INFO - Loaded RoutePredicateFactory [After]
2023-05-22 11:09:59 [main] INFO - Loaded RoutePredicateFactory [Before]
2023-05-22 11:09:59 [main] INFO - Loaded RoutePredicateFactory [Between]
2023-05-22 11:09:59 [main] INFO - Loaded RoutePredicateFactory [Cookie]
2023-05-22 11:09:59 [main] INFO - Loaded RoutePredicateFactory [Header]
2023-05-22 11:09:59 [main] INFO - Loaded RoutePredicateFactory [Host]
2023-05-22 11:09:59 [main] INFO - Loaded RoutePredicateFactory [Method]
2023-05-22 11:09:59 [main] INFO - Loaded RoutePredicateFactory [Path]
2023-05-22 11:09:59 [main] INFO - Loaded RoutePredicateFactory [Query]
2023-05-22 11:09:59 [main] INFO - Loaded RoutePredicateFactory [ReadBody]
2023-05-22 11:09:59 [main] INFO - Loaded RoutePredicateFactory [RemoteAddr]
2023-05-22 11:09:59 [main] INFO - Loaded RoutePredicateFactory [XForwardedRemoteAddr]
2023-05-22 11:09:59 [main] INFO - Loaded RoutePredicateFactory [Weight]
2023-05-22 11:09:59 [main] INFO - Loaded RoutePredicateFactory [CloudFoundryRouteService]
2023-05-22 11:09:59 [main] INFO - Netty started on port 8080
2023-05-22 11:10:00 [main] INFO - Started P6eGatewayAuthApplication in 2.117 seconds (process running for 2.433)
2023-05-22 11:10:48 [background-preinit] INFO - HV000001: Hibernate Validator 8.0.0.Final
2023-05-22 11:10:48 [main] INFO - Starting P6eGatewayAuthApplication using Java 17.0.7 with PID 10700 (D:\CodeContents\github\p6e-coat\p6e-coat\p6e-coat-gateway-auth\target\classes started by a1294 in D:\CodeContents\github\p6e-coat\p6e-coat)
2023-05-22 11:10:48 [main] INFO - No active profile set, falling back to 1 default profile: "default"
2023-05-22 11:10:48 [main] INFO - Multiple Spring Data modules found, entering strict repository configuration mode
2023-05-22 11:10:48 [main] INFO - Bootstrapping Spring Data R2DBC repositories in DEFAULT mode.
2023-05-22 11:10:48 [main] INFO - Finished Spring Data repository scanning in 15 ms. Found 0 R2DBC repository interfaces.
2023-05-22 11:10:48 [main] INFO - Multiple Spring Data modules found, entering strict repository configuration mode
2023-05-22 11:10:48 [main] INFO - Bootstrapping Spring Data Redis repositories in DEFAULT mode.
2023-05-22 11:10:48 [main] INFO - Finished Spring Data repository scanning in 5 ms. Found 0 Redis repository interfaces.
2023-05-22 11:10:48 [main] INFO - BeanFactory id=11348491-2b8c-3634-b626-935132e2b05a
2023-05-22 11:10:49 [main] INFO - Loaded RoutePredicateFactory [After]
2023-05-22 11:10:49 [main] INFO - Loaded RoutePredicateFactory [Before]
2023-05-22 11:10:49 [main] INFO - Loaded RoutePredicateFactory [Between]
2023-05-22 11:10:49 [main] INFO - Loaded RoutePredicateFactory [Cookie]
2023-05-22 11:10:49 [main] INFO - Loaded RoutePredicateFactory [Header]
2023-05-22 11:10:49 [main] INFO - Loaded RoutePredicateFactory [Host]
2023-05-22 11:10:49 [main] INFO - Loaded RoutePredicateFactory [Method]
2023-05-22 11:10:49 [main] INFO - Loaded RoutePredicateFactory [Path]
2023-05-22 11:10:49 [main] INFO - Loaded RoutePredicateFactory [Query]
2023-05-22 11:10:49 [main] INFO - Loaded RoutePredicateFactory [ReadBody]
2023-05-22 11:10:49 [main] INFO - Loaded RoutePredicateFactory [RemoteAddr]
2023-05-22 11:10:49 [main] INFO - Loaded RoutePredicateFactory [XForwardedRemoteAddr]
2023-05-22 11:10:49 [main] INFO - Loaded RoutePredicateFactory [Weight]
2023-05-22 11:10:49 [main] INFO - Loaded RoutePredicateFactory [CloudFoundryRouteService]
2023-05-22 11:10:49 [main] INFO - Netty started on port 8080
2023-05-22 11:10:49 [main] INFO - Started P6eGatewayAuthApplication in 2.079 seconds (process running for 2.365)
2023-05-22 11:11:28 [background-preinit] INFO - HV000001: Hibernate Validator 8.0.0.Final
2023-05-22 11:11:28 [main] INFO - Starting P6eGatewayAuthApplication using Java 17.0.7 with PID 11524 (D:\CodeContents\github\p6e-coat\p6e-coat\p6e-coat-gateway-auth\target\classes started by a1294 in D:\CodeContents\github\p6e-coat\p6e-coat)
2023-05-22 11:11:28 [main] INFO - No active profile set, falling back to 1 default profile: "default"
2023-05-22 11:11:28 [main] INFO - Multiple Spring Data modules found, entering strict repository configuration mode
2023-05-22 11:11:28 [main] INFO - Bootstrapping Spring Data R2DBC repositories in DEFAULT mode.
2023-05-22 11:11:28 [main] INFO - Finished Spring Data repository scanning in 17 ms. Found 0 R2DBC repository interfaces.
2023-05-22 11:11:29 [main] INFO - Multiple Spring Data modules found, entering strict repository configuration mode
2023-05-22 11:11:29 [main] INFO - Bootstrapping Spring Data Redis repositories in DEFAULT mode.
2023-05-22 11:11:29 [main] INFO - Finished Spring Data repository scanning in 2 ms. Found 0 Redis repository interfaces.
2023-05-22 11:11:29 [main] INFO - BeanFactory id=11348491-2b8c-3634-b626-935132e2b05a
2023-05-22 11:11:29 [main] INFO - Loaded RoutePredicateFactory [After]
2023-05-22 11:11:29 [main] INFO - Loaded RoutePredicateFactory [Before]
2023-05-22 11:11:29 [main] INFO - Loaded RoutePredicateFactory [Between]
2023-05-22 11:11:29 [main] INFO - Loaded RoutePredicateFactory [Cookie]
2023-05-22 11:11:29 [main] INFO - Loaded RoutePredicateFactory [Header]
2023-05-22 11:11:29 [main] INFO - Loaded RoutePredicateFactory [Host]
2023-05-22 11:11:29 [main] INFO - Loaded RoutePredicateFactory [Method]
2023-05-22 11:11:29 [main] INFO - Loaded RoutePredicateFactory [Path]
2023-05-22 11:11:29 [main] INFO - Loaded RoutePredicateFactory [Query]
2023-05-22 11:11:29 [main] INFO - Loaded RoutePredicateFactory [ReadBody]
2023-05-22 11:11:29 [main] INFO - Loaded RoutePredicateFactory [RemoteAddr]
2023-05-22 11:11:29 [main] INFO - Loaded RoutePredicateFactory [XForwardedRemoteAddr]
2023-05-22 11:11:29 [main] INFO - Loaded RoutePredicateFactory [Weight]
2023-05-22 11:11:29 [main] INFO - Loaded RoutePredicateFactory [CloudFoundryRouteService]
2023-05-22 11:11:30 [main] INFO - Netty started on port 8080
2023-05-22 11:11:30 [main] INFO - Started P6eGatewayAuthApplication in 2.07 seconds (process running for 2.375)
2023-05-22 11:28:51 [background-preinit] INFO - HV000001: Hibernate Validator 8.0.0.Final
2023-05-22 11:28:51 [main] INFO - Starting P6eGatewayAuthApplication using Java 17.0.7 with PID 6492 (D:\CodeContents\github\p6e-coat\p6e-coat\p6e-coat-gateway-auth\target\classes started by a1294 in D:\CodeContents\github\p6e-coat\p6e-coat)
2023-05-22 11:28:51 [main] INFO - No active profile set, falling back to 1 default profile: "default"
2023-05-22 11:28:51 [main] INFO - Multiple Spring Data modules found, entering strict repository configuration mode
2023-05-22 11:28:51 [main] INFO - Bootstrapping Spring Data R2DBC repositories in DEFAULT mode.
2023-05-22 11:28:51 [main] INFO - Finished Spring Data repository scanning in 22 ms. Found 0 R2DBC repository interfaces.
2023-05-22 11:28:51 [main] INFO - Multiple Spring Data modules found, entering strict repository configuration mode
2023-05-22 11:28:51 [main] INFO - Bootstrapping Spring Data Redis repositories in DEFAULT mode.
2023-05-22 11:28:51 [main] INFO - Finished Spring Data repository scanning in 2 ms. Found 0 Redis repository interfaces.
2023-05-22 11:28:52 [main] INFO - BeanFactory id=3ddeab11-5556-3de5-860f-4f4c3af07bdb
2023-05-22 11:28:52 [main] INFO - Loaded RoutePredicateFactory [After]
2023-05-22 11:28:52 [main] INFO - Loaded RoutePredicateFactory [Before]
2023-05-22 11:28:52 [main] INFO - Loaded RoutePredicateFactory [Between]
2023-05-22 11:28:52 [main] INFO - Loaded RoutePredicateFactory [Cookie]
2023-05-22 11:28:52 [main] INFO - Loaded RoutePredicateFactory [Header]
2023-05-22 11:28:52 [main] INFO - Loaded RoutePredicateFactory [Host]
2023-05-22 11:28:52 [main] INFO - Loaded RoutePredicateFactory [Method]
2023-05-22 11:28:52 [main] INFO - Loaded RoutePredicateFactory [Path]
2023-05-22 11:28:52 [main] INFO - Loaded RoutePredicateFactory [Query]
2023-05-22 11:28:52 [main] INFO - Loaded RoutePredicateFactory [ReadBody]
2023-05-22 11:28:52 [main] INFO - Loaded RoutePredicateFactory [RemoteAddr]
2023-05-22 11:28:52 [main] INFO - Loaded RoutePredicateFactory [XForwardedRemoteAddr]
2023-05-22 11:28:52 [main] INFO - Loaded RoutePredicateFactory [Weight]
2023-05-22 11:28:52 [main] INFO - Loaded RoutePredicateFactory [CloudFoundryRouteService]
2023-05-22 11:28:53 [main] INFO - Netty started on port 8080
2023-05-22 11:28:53 [main] INFO - Started P6eGatewayAuthApplication in 2.476 seconds (process running for 2.767)
2023-05-22 11:38:24 [background-preinit] INFO - HV000001: Hibernate Validator 8.0.0.Final
2023-05-22 11:38:24 [main] INFO - Starting P6eGatewayAuthApplication using Java 17.0.7 with PID 29808 (D:\CodeContents\github\p6e-coat\p6e-coat\p6e-coat-gateway-auth\target\classes started by a1294 in D:\CodeContents\github\p6e-coat\p6e-coat)
2023-05-22 11:38:24 [main] INFO - No active profile set, falling back to 1 default profile: "default"
2023-05-22 11:38:24 [main] INFO - Multiple Spring Data modules found, entering strict repository configuration mode
2023-05-22 11:38:24 [main] INFO - Bootstrapping Spring Data R2DBC repositories in DEFAULT mode.
2023-05-22 11:38:24 [main] INFO - Finished Spring Data repository scanning in 15 ms. Found 0 R2DBC repository interfaces.
2023-05-22 11:38:24 [main] INFO - Multiple Spring Data modules found, entering strict repository configuration mode
2023-05-22 11:38:24 [main] INFO - Bootstrapping Spring Data Redis repositories in DEFAULT mode.
2023-05-22 11:38:24 [main] INFO - Finished Spring Data repository scanning in 2 ms. Found 0 Redis repository interfaces.
2023-05-22 11:38:24 [main] INFO - BeanFactory id=6ce46ee7-4f48-3573-8e2c-d26c7d363e52
2023-05-22 11:38:25 [main] INFO - Loaded RoutePredicateFactory [After]
2023-05-22 11:38:25 [main] INFO - Loaded RoutePredicateFactory [Before]
2023-05-22 11:38:25 [main] INFO - Loaded RoutePredicateFactory [Between]
2023-05-22 11:38:25 [main] INFO - Loaded RoutePredicateFactory [Cookie]
2023-05-22 11:38:25 [main] INFO - Loaded RoutePredicateFactory [Header]
2023-05-22 11:38:25 [main] INFO - Loaded RoutePredicateFactory [Host]
2023-05-22 11:38:25 [main] INFO - Loaded RoutePredicateFactory [Method]
2023-05-22 11:38:25 [main] INFO - Loaded RoutePredicateFactory [Path]
2023-05-22 11:38:25 [main] INFO - Loaded RoutePredicateFactory [Query]
2023-05-22 11:38:25 [main] INFO - Loaded RoutePredicateFactory [ReadBody]
2023-05-22 11:38:25 [main] INFO - Loaded RoutePredicateFactory [RemoteAddr]
2023-05-22 11:38:25 [main] INFO - Loaded RoutePredicateFactory [XForwardedRemoteAddr]
2023-05-22 11:38:25 [main] INFO - Loaded RoutePredicateFactory [Weight]
2023-05-22 11:38:25 [main] INFO - Loaded RoutePredicateFactory [CloudFoundryRouteService]
2023-05-22 11:38:25 [main] INFO - Netty started on port 8080
2023-05-22 11:38:25 [main] INFO - Started P6eGatewayAuthApplication in 2.17 seconds (process running for 2.48)
2023-05-22 11:39:09 [background-preinit] INFO - HV000001: Hibernate Validator 8.0.0.Final
2023-05-22 11:39:09 [main] INFO - Starting P6eGatewayAuthApplication using Java 17.0.7 with PID 10996 (D:\CodeContents\github\p6e-coat\p6e-coat\p6e-coat-gateway-auth\target\classes started by a1294 in D:\CodeContents\github\p6e-coat\p6e-coat)
2023-05-22 11:39:09 [main] INFO - No active profile set, falling back to 1 default profile: "default"
2023-05-22 11:39:09 [main] INFO - Multiple Spring Data modules found, entering strict repository configuration mode
2023-05-22 11:39:09 [main] INFO - Bootstrapping Spring Data R2DBC repositories in DEFAULT mode.
2023-05-22 11:39:09 [main] INFO - Finished Spring Data repository scanning in 19 ms. Found 0 R2DBC repository interfaces.
2023-05-22 11:39:09 [main] INFO - Multiple Spring Data modules found, entering strict repository configuration mode
2023-05-22 11:39:09 [main] INFO - Bootstrapping Spring Data Redis repositories in DEFAULT mode.
2023-05-22 11:39:09 [main] INFO - Finished Spring Data repository scanning in 2 ms. Found 0 Redis repository interfaces.
2023-05-22 11:39:09 [main] INFO - BeanFactory id=6ce46ee7-4f48-3573-8e2c-d26c7d363e52
2023-05-22 11:39:10 [main] INFO - Loaded RoutePredicateFactory [After]
2023-05-22 11:39:10 [main] INFO - Loaded RoutePredicateFactory [Before]
2023-05-22 11:39:10 [main] INFO - Loaded RoutePredicateFactory [Between]
2023-05-22 11:39:10 [main] INFO - Loaded RoutePredicateFactory [Cookie]
2023-05-22 11:39:10 [main] INFO - Loaded RoutePredicateFactory [Header]
2023-05-22 11:39:10 [main] INFO - Loaded RoutePredicateFactory [Host]
2023-05-22 11:39:10 [main] INFO - Loaded RoutePredicateFactory [Method]
2023-05-22 11:39:10 [main] INFO - Loaded RoutePredicateFactory [Path]
2023-05-22 11:39:10 [main] INFO - Loaded RoutePredicateFactory [Query]
2023-05-22 11:39:10 [main] INFO - Loaded RoutePredicateFactory [ReadBody]
2023-05-22 11:39:10 [main] INFO - Loaded RoutePredicateFactory [RemoteAddr]
2023-05-22 11:39:10 [main] INFO - Loaded RoutePredicateFactory [XForwardedRemoteAddr]
2023-05-22 11:39:10 [main] INFO - Loaded RoutePredicateFactory [Weight]
2023-05-22 11:39:10 [main] INFO - Loaded RoutePredicateFactory [CloudFoundryRouteService]
2023-05-22 11:39:10 [main] INFO - Netty started on port 8080
2023-05-22 11:39:10 [main] INFO - Started P6eGatewayAuthApplication in 2.084 seconds (process running for 2.375)
