2024-03-19 12:38:56 [main] INFO - Starting P6eAuthApplication using Java 17.0.9 with PID 28544 (D:\CodeContents\github\p6e-coat-auth\p6e-coat-starter-auth\target\classes started by a1294 in D:\CodeContents\github\p6e-coat-auth)
2024-03-19 12:38:56 [main] INFO - No active profile set, falling back to 1 default profile: "default"
2024-03-19 12:38:57 [main] INFO - Multiple Spring Data modules found, entering strict repository configuration mode
2024-03-19 12:38:57 [main] INFO - Bootstrapping Spring Data R2DBC repositories in DEFAULT mode.
2024-03-19 12:38:57 [main] INFO - Finished Spring Data repository scanning in 18 ms. Found 0 R2DBC repository interfaces.
2024-03-19 12:38:57 [main] INFO - Multiple Spring Data modules found, entering strict repository configuration mode
2024-03-19 12:38:57 [main] INFO - Bootstrapping Spring Data Redis repositories in DEFAULT mode.
2024-03-19 12:38:57 [main] INFO - Finished Spring Data repository scanning in 4 ms. Found 0 Redis repository interfaces.
2024-03-19 12:38:58 [Thread-2] INFO - [ WEBSOCKET SERVICE ] ==> START SUCCESSFULLY... BIND ( 7422 )
2024-03-19 12:38:58 [main] INFO - Netty started on port 7322
2024-03-19 12:38:58 [main] INFO - Started P6eAuthApplication in 2.169 seconds (process running for 2.597)
2024-03-19 12:41:17 [main] INFO - Starting P6eAuthApplication using Java 17.0.9 with PID 24032 (D:\CodeContents\github\p6e-coat-auth\p6e-coat-starter-auth\target\classes started by a1294 in D:\CodeContents\github\p6e-coat-auth)
2024-03-19 12:41:17 [main] INFO - No active profile set, falling back to 1 default profile: "default"
2024-03-19 12:41:17 [main] INFO - Multiple Spring Data modules found, entering strict repository configuration mode
2024-03-19 12:41:17 [main] INFO - Bootstrapping Spring Data R2DBC repositories in DEFAULT mode.
2024-03-19 12:41:17 [main] INFO - Finished Spring Data repository scanning in 16 ms. Found 0 R2DBC repository interfaces.
2024-03-19 12:41:17 [main] INFO - Multiple Spring Data modules found, entering strict repository configuration mode
2024-03-19 12:41:17 [main] INFO - Bootstrapping Spring Data Redis repositories in DEFAULT mode.
2024-03-19 12:41:17 [main] INFO - Finished Spring Data repository scanning in 4 ms. Found 0 Redis repository interfaces.
2024-03-19 12:41:17 [Thread-2] INFO - [ WEBSOCKET SERVICE ] ==> START SUCCESSFULLY... BIND ( 7422 )
2024-03-19 12:41:18 [main] INFO - Netty started on port 7322
2024-03-19 12:41:18 [main] INFO - Started P6eAuthApplication in 1.368 seconds (process running for 1.71)
2024-03-19 13:01:46 [main] INFO - Starting P6eAuthApplication using Java 17.0.9 with PID 23884 (D:\CodeContents\github\p6e-coat-auth\p6e-coat-starter-auth\target\classes started by a1294 in D:\CodeContents\github\p6e-coat-auth)
2024-03-19 13:01:46 [main] INFO - No active profile set, falling back to 1 default profile: "default"
2024-03-19 13:01:46 [main] INFO - Multiple Spring Data modules found, entering strict repository configuration mode
2024-03-19 13:01:46 [main] INFO - Bootstrapping Spring Data R2DBC repositories in DEFAULT mode.
2024-03-19 13:01:46 [main] INFO - Finished Spring Data repository scanning in 16 ms. Found 0 R2DBC repository interfaces.
2024-03-19 13:01:46 [main] INFO - Multiple Spring Data modules found, entering strict repository configuration mode
2024-03-19 13:01:46 [main] INFO - Bootstrapping Spring Data Redis repositories in DEFAULT mode.
2024-03-19 13:01:46 [main] INFO - Finished Spring Data repository scanning in 3 ms. Found 0 Redis repository interfaces.
2024-03-19 13:01:47 [main] INFO - Netty started on port 7322
2024-03-19 13:01:47 [main] INFO - Started P6eAuthApplication in 1.345 seconds (process running for 1.699)
2024-03-19 13:02:43 [main] INFO - Starting P6eAuthApplication using Java 17.0.9 with PID 1120 (D:\CodeContents\github\p6e-coat-auth\p6e-coat-starter-auth\target\classes started by a1294 in D:\CodeContents\github\p6e-coat-auth)
2024-03-19 13:02:43 [main] INFO - No active profile set, falling back to 1 default profile: "default"
2024-03-19 13:02:43 [main] INFO - Multiple Spring Data modules found, entering strict repository configuration mode
2024-03-19 13:02:43 [main] INFO - Bootstrapping Spring Data R2DBC repositories in DEFAULT mode.
2024-03-19 13:02:43 [main] INFO - Finished Spring Data repository scanning in 15 ms. Found 0 R2DBC repository interfaces.
2024-03-19 13:02:43 [main] INFO - Multiple Spring Data modules found, entering strict repository configuration mode
2024-03-19 13:02:43 [main] INFO - Bootstrapping Spring Data Redis repositories in DEFAULT mode.
2024-03-19 13:02:43 [main] INFO - Finished Spring Data repository scanning in 3 ms. Found 0 Redis repository interfaces.
2024-03-19 13:02:44 [main] INFO - Netty started on port 7322
2024-03-19 13:02:44 [main] INFO - Started P6eAuthApplication in 1.329 seconds (process running for 1.675)
2024-03-19 13:03:43 [main] INFO - Starting P6eAuthApplication using Java 17.0.9 with PID 16360 (D:\CodeContents\github\p6e-coat-auth\p6e-coat-starter-auth\target\classes started by a1294 in D:\CodeContents\github\p6e-coat-auth)
2024-03-19 13:03:43 [main] INFO - No active profile set, falling back to 1 default profile: "default"
2024-03-19 13:03:44 [main] INFO - Multiple Spring Data modules found, entering strict repository configuration mode
2024-03-19 13:03:44 [main] INFO - Bootstrapping Spring Data R2DBC repositories in DEFAULT mode.
2024-03-19 13:03:44 [main] INFO - Finished Spring Data repository scanning in 16 ms. Found 0 R2DBC repository interfaces.
2024-03-19 13:03:44 [main] INFO - Multiple Spring Data modules found, entering strict repository configuration mode
2024-03-19 13:03:44 [main] INFO - Bootstrapping Spring Data Redis repositories in DEFAULT mode.
2024-03-19 13:03:44 [main] INFO - Finished Spring Data repository scanning in 3 ms. Found 0 Redis repository interfaces.
2024-03-19 13:03:44 [main] INFO - Netty started on port 7322
2024-03-19 13:03:44 [main] INFO - Started P6eAuthApplication in 1.322 seconds (process running for 1.675)
2024-03-19 13:03:44 [Thread-4] INFO - [ WEBSOCKET SERVICE ] ==> START SUCCESSFULLY... BIND ( 7422 )
2024-03-19 13:06:21 [main] INFO - Starting P6eAuthApplication using Java 17.0.9 with PID 29192 (D:\CodeContents\github\p6e-coat-auth\p6e-coat-starter-auth\target\classes started by a1294 in D:\CodeContents\github\p6e-coat-auth)
2024-03-19 13:06:21 [main] INFO - No active profile set, falling back to 1 default profile: "default"
2024-03-19 13:06:21 [main] INFO - Multiple Spring Data modules found, entering strict repository configuration mode
2024-03-19 13:06:21 [main] INFO - Bootstrapping Spring Data R2DBC repositories in DEFAULT mode.
2024-03-19 13:06:22 [main] INFO - Finished Spring Data repository scanning in 19 ms. Found 0 R2DBC repository interfaces.
2024-03-19 13:06:22 [main] INFO - Multiple Spring Data modules found, entering strict repository configuration mode
2024-03-19 13:06:22 [main] INFO - Bootstrapping Spring Data Redis repositories in DEFAULT mode.
2024-03-19 13:06:22 [main] INFO - Finished Spring Data repository scanning in 4 ms. Found 0 Redis repository interfaces.
2024-03-19 13:06:22 [main] INFO - Netty started on port 7322
2024-03-19 13:06:22 [main] INFO - Started P6eAuthApplication in 1.409 seconds (process running for 1.822)
2024-03-19 13:06:22 [Thread-4] INFO - [ WEBSOCKET SERVICE ] ==> START SUCCESSFULLY... BIND ( 7422 )
2024-03-19 13:09:08 [main] INFO - Starting P6eAuthApplication using Java 17.0.9 with PID 10040 (D:\CodeContents\github\p6e-coat-auth\p6e-coat-starter-auth\target\classes started by a1294 in D:\CodeContents\github\p6e-coat-auth)
2024-03-19 13:09:08 [main] INFO - No active profile set, falling back to 1 default profile: "default"
2024-03-19 13:09:08 [main] INFO - Multiple Spring Data modules found, entering strict repository configuration mode
2024-03-19 13:09:08 [main] INFO - Bootstrapping Spring Data R2DBC repositories in DEFAULT mode.
2024-03-19 13:09:08 [main] INFO - Finished Spring Data repository scanning in 15 ms. Found 0 R2DBC repository interfaces.
2024-03-19 13:09:08 [main] INFO - Multiple Spring Data modules found, entering strict repository configuration mode
2024-03-19 13:09:08 [main] INFO - Bootstrapping Spring Data Redis repositories in DEFAULT mode.
2024-03-19 13:09:08 [main] INFO - Finished Spring Data repository scanning in 3 ms. Found 0 Redis repository interfaces.
2024-03-19 13:09:09 [main] INFO - Netty started on port 7322
2024-03-19 13:09:09 [main] INFO - Started P6eAuthApplication in 1.33 seconds (process running for 1.681)
2024-03-19 13:09:09 [Thread-4] INFO - [ WEBSOCKET SERVICE ] ==> START SUCCESSFULLY... BIND ( 7422 )
2024-03-19 13:10:42 [main] INFO - Starting P6eAuthApplication using Java 17.0.9 with PID 13172 (D:\CodeContents\github\p6e-coat-auth\p6e-coat-starter-auth\target\classes started by a1294 in D:\CodeContents\github\p6e-coat-auth)
2024-03-19 13:10:42 [main] INFO - No active profile set, falling back to 1 default profile: "default"
2024-03-19 13:10:42 [main] INFO - Multiple Spring Data modules found, entering strict repository configuration mode
2024-03-19 13:10:42 [main] INFO - Bootstrapping Spring Data R2DBC repositories in DEFAULT mode.
2024-03-19 13:10:42 [main] INFO - Finished Spring Data repository scanning in 16 ms. Found 0 R2DBC repository interfaces.
2024-03-19 13:10:42 [main] INFO - Multiple Spring Data modules found, entering strict repository configuration mode
2024-03-19 13:10:42 [main] INFO - Bootstrapping Spring Data Redis repositories in DEFAULT mode.
2024-03-19 13:10:42 [main] INFO - Finished Spring Data repository scanning in 3 ms. Found 0 Redis repository interfaces.
2024-03-19 13:10:43 [main] INFO - Netty started on port 7322
2024-03-19 13:10:43 [main] INFO - Started P6eAuthApplication in 1.321 seconds (process running for 1.667)
2024-03-19 13:10:43 [Thread-4] INFO - [ WEBSOCKET SERVICE ] ==> START SUCCESSFULLY... BIND ( 7422 )
2024-03-19 13:11:23 [main] INFO - Starting P6eAuthApplication using Java 17.0.9 with PID 26708 (D:\CodeContents\github\p6e-coat-auth\p6e-coat-starter-auth\target\classes started by a1294 in D:\CodeContents\github\p6e-coat-auth)
2024-03-19 13:11:23 [main] INFO - No active profile set, falling back to 1 default profile: "default"
2024-03-19 13:11:24 [main] INFO - Multiple Spring Data modules found, entering strict repository configuration mode
2024-03-19 13:11:24 [main] INFO - Bootstrapping Spring Data R2DBC repositories in DEFAULT mode.
2024-03-19 13:11:24 [main] INFO - Finished Spring Data repository scanning in 16 ms. Found 0 R2DBC repository interfaces.
2024-03-19 13:11:24 [main] INFO - Multiple Spring Data modules found, entering strict repository configuration mode
2024-03-19 13:11:24 [main] INFO - Bootstrapping Spring Data Redis repositories in DEFAULT mode.
2024-03-19 13:11:24 [main] INFO - Finished Spring Data repository scanning in 3 ms. Found 0 Redis repository interfaces.
2024-03-19 13:11:24 [main] INFO - Netty started on port 7322
2024-03-19 13:11:24 [main] INFO - Started P6eAuthApplication in 1.33 seconds (process running for 1.672)
2024-03-19 13:11:24 [Thread-4] INFO - [ WEBSOCKET SERVICE ] ==> START SUCCESSFULLY... BIND ( 7422 )
2024-03-19 14:51:13 [main] INFO - Starting P6eAuthApplication using Java 17.0.9 with PID 15748 (D:\CodeContents\github\p6e-coat-auth\p6e-coat-starter-auth\target\classes started by a1294 in D:\CodeContents\github\p6e-coat-auth)
2024-03-19 14:51:13 [main] INFO - No active profile set, falling back to 1 default profile: "default"
2024-03-19 14:51:14 [main] INFO - Multiple Spring Data modules found, entering strict repository configuration mode
2024-03-19 14:51:14 [main] INFO - Bootstrapping Spring Data R2DBC repositories in DEFAULT mode.
2024-03-19 14:51:14 [main] INFO - Finished Spring Data repository scanning in 16 ms. Found 0 R2DBC repository interfaces.
2024-03-19 14:51:14 [main] INFO - Multiple Spring Data modules found, entering strict repository configuration mode
2024-03-19 14:51:14 [main] INFO - Bootstrapping Spring Data Redis repositories in DEFAULT mode.
2024-03-19 14:51:14 [main] INFO - Finished Spring Data repository scanning in 3 ms. Found 0 Redis repository interfaces.
2024-03-19 14:51:14 [main] INFO - Netty started on port 7322
2024-03-19 14:51:14 [main] INFO - Started P6eAuthApplication in 1.338 seconds (process running for 1.689)
2024-03-19 14:51:15 [main] INFO - 

Error starting ApplicationContext. To display the condition evaluation report re-run your application with 'debug' enabled.
2024-03-19 14:51:15 [Thread-4] INFO - [ WEBSOCKET SERVICE ] ==> START SUCCESSFULLY... BIND ( 7422 )
2024-03-19 14:52:39 [main] INFO - Starting P6eAuthApplication using Java 17.0.9 with PID 29688 (D:\CodeContents\github\p6e-coat-auth\p6e-coat-starter-auth\target\classes started by a1294 in D:\CodeContents\github\p6e-coat-auth)
2024-03-19 14:52:39 [main] INFO - No active profile set, falling back to 1 default profile: "default"
2024-03-19 14:52:39 [main] INFO - Multiple Spring Data modules found, entering strict repository configuration mode
2024-03-19 14:52:39 [main] INFO - Bootstrapping Spring Data R2DBC repositories in DEFAULT mode.
2024-03-19 14:52:39 [main] INFO - Finished Spring Data repository scanning in 16 ms. Found 0 R2DBC repository interfaces.
2024-03-19 14:52:39 [main] INFO - Multiple Spring Data modules found, entering strict repository configuration mode
2024-03-19 14:52:39 [main] INFO - Bootstrapping Spring Data Redis repositories in DEFAULT mode.
2024-03-19 14:52:39 [main] INFO - Finished Spring Data repository scanning in 4 ms. Found 0 Redis repository interfaces.
2024-03-19 14:52:40 [main] INFO - Netty started on port 7322
2024-03-19 14:52:40 [main] INFO - Started P6eAuthApplication in 1.344 seconds (process running for 1.69)
2024-03-19 14:52:40 [main] INFO - 

Error starting ApplicationContext. To display the condition evaluation report re-run your application with 'debug' enabled.
2024-03-19 14:52:40 [Thread-4] INFO - [ WEBSOCKET SERVICE ] ==> START SUCCESSFULLY... BIND ( 7422 )
2024-03-19 14:52:58 [main] INFO - Starting P6eAuthApplication using Java 17.0.9 with PID 28452 (D:\CodeContents\github\p6e-coat-auth\p6e-coat-starter-auth\target\classes started by a1294 in D:\CodeContents\github\p6e-coat-auth)
2024-03-19 14:52:58 [main] INFO - No active profile set, falling back to 1 default profile: "default"
2024-03-19 14:52:58 [main] INFO - Multiple Spring Data modules found, entering strict repository configuration mode
2024-03-19 14:52:58 [main] INFO - Bootstrapping Spring Data R2DBC repositories in DEFAULT mode.
2024-03-19 14:52:59 [main] INFO - Finished Spring Data repository scanning in 16 ms. Found 0 R2DBC repository interfaces.
2024-03-19 14:52:59 [main] INFO - Multiple Spring Data modules found, entering strict repository configuration mode
2024-03-19 14:52:59 [main] INFO - Bootstrapping Spring Data Redis repositories in DEFAULT mode.
2024-03-19 14:52:59 [main] INFO - Finished Spring Data repository scanning in 3 ms. Found 0 Redis repository interfaces.
2024-03-19 14:52:59 [main] INFO - Netty started on port 7322
2024-03-19 14:52:59 [main] INFO - Started P6eAuthApplication in 1.31 seconds (process running for 1.655)
2024-03-19 14:52:59 [Thread-4] INFO - [ WEBSOCKET SERVICE ] ==> START SUCCESSFULLY... BIND ( 7422 )
2024-03-19 14:58:32 [main] INFO - Starting P6eAuthApplication using Java 17.0.9 with PID 26304 (D:\CodeContents\github\p6e-coat-auth\p6e-coat-starter-auth\target\classes started by a1294 in D:\CodeContents\github\p6e-coat-auth)
2024-03-19 14:58:32 [main] INFO - No active profile set, falling back to 1 default profile: "default"
2024-03-19 14:58:32 [main] INFO - Multiple Spring Data modules found, entering strict repository configuration mode
2024-03-19 14:58:32 [main] INFO - Bootstrapping Spring Data R2DBC repositories in DEFAULT mode.
2024-03-19 14:58:32 [main] INFO - Finished Spring Data repository scanning in 16 ms. Found 0 R2DBC repository interfaces.
2024-03-19 14:58:32 [main] INFO - Multiple Spring Data modules found, entering strict repository configuration mode
2024-03-19 14:58:32 [main] INFO - Bootstrapping Spring Data Redis repositories in DEFAULT mode.
2024-03-19 14:58:32 [main] INFO - Finished Spring Data repository scanning in 3 ms. Found 0 Redis repository interfaces.
2024-03-19 14:58:33 [main] INFO - Netty started on port 7322
2024-03-19 14:58:33 [main] INFO - Started P6eAuthApplication in 1.335 seconds (process running for 1.676)
2024-03-19 14:58:33 [Thread-4] INFO - [ WEBSOCKET SERVICE ] ==> START SUCCESSFULLY... BIND ( 7422 )
2024-03-19 15:02:34 [main] INFO - Starting P6eAuthApplication using Java 17.0.9 with PID 14024 (D:\CodeContents\github\p6e-coat-auth\p6e-coat-starter-auth\target\classes started by a1294 in D:\CodeContents\github\p6e-coat-auth)
2024-03-19 15:02:34 [main] INFO - No active profile set, falling back to 1 default profile: "default"
2024-03-19 15:02:34 [main] INFO - Multiple Spring Data modules found, entering strict repository configuration mode
2024-03-19 15:02:34 [main] INFO - Bootstrapping Spring Data R2DBC repositories in DEFAULT mode.
2024-03-19 15:02:34 [main] INFO - Finished Spring Data repository scanning in 17 ms. Found 0 R2DBC repository interfaces.
2024-03-19 15:02:34 [main] INFO - Multiple Spring Data modules found, entering strict repository configuration mode
2024-03-19 15:02:34 [main] INFO - Bootstrapping Spring Data Redis repositories in DEFAULT mode.
2024-03-19 15:02:34 [main] INFO - Finished Spring Data repository scanning in 4 ms. Found 0 Redis repository interfaces.
2024-03-19 15:02:35 [main] INFO - Netty started on port 7322
2024-03-19 15:02:35 [main] INFO - Started P6eAuthApplication in 1.37 seconds (process running for 1.714)
2024-03-19 15:02:35 [main] INFO - 

Error starting ApplicationContext. To display the condition evaluation report re-run your application with 'debug' enabled.
2024-03-19 15:06:02 [main] INFO - Starting P6eAuthApplication using Java 17.0.9 with PID 18132 (D:\CodeContents\github\p6e-coat-auth\p6e-coat-starter-auth\target\classes started by a1294 in D:\CodeContents\github\p6e-coat-auth)
2024-03-19 15:06:02 [main] INFO - No active profile set, falling back to 1 default profile: "default"
2024-03-19 15:06:03 [main] INFO - Multiple Spring Data modules found, entering strict repository configuration mode
2024-03-19 15:06:03 [main] INFO - Bootstrapping Spring Data R2DBC repositories in DEFAULT mode.
2024-03-19 15:06:03 [main] INFO - Finished Spring Data repository scanning in 18 ms. Found 0 R2DBC repository interfaces.
2024-03-19 15:06:03 [main] INFO - Multiple Spring Data modules found, entering strict repository configuration mode
2024-03-19 15:06:03 [main] INFO - Bootstrapping Spring Data Redis repositories in DEFAULT mode.
2024-03-19 15:06:03 [main] INFO - Finished Spring Data repository scanning in 3 ms. Found 0 Redis repository interfaces.
2024-03-19 15:06:03 [main] INFO - Netty started on port 7322
2024-03-19 15:06:03 [main] INFO - Started P6eAuthApplication in 1.443 seconds (process running for 1.794)
2024-03-19 15:06:04 [Thread-23] INFO - [ WEBSOCKET SERVICE ] ==> START SUCCESSFULLY... BIND ( 7422 )
2024-03-19 15:15:09 [main] INFO - Starting P6eAuthApplication using Java 17.0.9 with PID 5904 (D:\CodeContents\github\p6e-coat-auth\p6e-coat-starter-auth\target\classes started by a1294 in D:\CodeContents\github\p6e-coat-auth)
2024-03-19 15:15:09 [main] INFO - No active profile set, falling back to 1 default profile: "default"
2024-03-19 15:15:09 [main] INFO - Multiple Spring Data modules found, entering strict repository configuration mode
2024-03-19 15:15:09 [main] INFO - Bootstrapping Spring Data R2DBC repositories in DEFAULT mode.
2024-03-19 15:15:09 [main] INFO - Finished Spring Data repository scanning in 18 ms. Found 0 R2DBC repository interfaces.
2024-03-19 15:15:09 [main] INFO - Multiple Spring Data modules found, entering strict repository configuration mode
2024-03-19 15:15:09 [main] INFO - Bootstrapping Spring Data Redis repositories in DEFAULT mode.
2024-03-19 15:15:09 [main] INFO - Finished Spring Data repository scanning in 4 ms. Found 0 Redis repository interfaces.
2024-03-19 15:15:10 [main] INFO - Netty started on port 7322
2024-03-19 15:15:10 [main] INFO - Started P6eAuthApplication in 1.553 seconds (process running for 1.908)
2024-03-19 15:15:10 [Thread-4] INFO - [ WEBSOCKET SERVICE ] ==> START SUCCESSFULLY... BIND ( 7422 )
2024-03-19 15:15:42 [main] INFO - Starting P6eAuthApplication using Java 17.0.9 with PID 20980 (D:\CodeContents\github\p6e-coat-auth\p6e-coat-starter-auth\target\classes started by a1294 in D:\CodeContents\github\p6e-coat-auth)
2024-03-19 15:15:42 [main] INFO - No active profile set, falling back to 1 default profile: "default"
2024-03-19 15:15:42 [main] INFO - Multiple Spring Data modules found, entering strict repository configuration mode
2024-03-19 15:15:42 [main] INFO - Bootstrapping Spring Data R2DBC repositories in DEFAULT mode.
2024-03-19 15:15:42 [main] INFO - Finished Spring Data repository scanning in 18 ms. Found 0 R2DBC repository interfaces.
2024-03-19 15:15:42 [main] INFO - Multiple Spring Data modules found, entering strict repository configuration mode
2024-03-19 15:15:42 [main] INFO - Bootstrapping Spring Data Redis repositories in DEFAULT mode.
2024-03-19 15:15:42 [main] INFO - Finished Spring Data repository scanning in 4 ms. Found 0 Redis repository interfaces.
2024-03-19 15:15:43 [main] INFO - Netty started on port 7322
2024-03-19 15:15:43 [main] INFO - Started P6eAuthApplication in 1.419 seconds (process running for 1.788)
2024-03-19 15:15:43 [Thread-4] INFO - [ WEBSOCKET SERVICE ] ==> START SUCCESSFULLY... BIND ( 7422 )
2024-03-19 15:21:05 [main] INFO - Starting P6eAuthApplication using Java 17.0.9 with PID 25132 (D:\CodeContents\github\p6e-coat-auth\p6e-coat-starter-auth\target\classes started by a1294 in D:\CodeContents\github\p6e-coat-auth)
2024-03-19 15:21:05 [main] INFO - No active profile set, falling back to 1 default profile: "default"
2024-03-19 15:21:05 [main] INFO - Multiple Spring Data modules found, entering strict repository configuration mode
2024-03-19 15:21:05 [main] INFO - Bootstrapping Spring Data R2DBC repositories in DEFAULT mode.
2024-03-19 15:21:05 [main] INFO - Finished Spring Data repository scanning in 16 ms. Found 0 R2DBC repository interfaces.
2024-03-19 15:21:05 [main] INFO - Multiple Spring Data modules found, entering strict repository configuration mode
2024-03-19 15:21:05 [main] INFO - Bootstrapping Spring Data Redis repositories in DEFAULT mode.
2024-03-19 15:21:05 [main] INFO - Finished Spring Data repository scanning in 4 ms. Found 0 Redis repository interfaces.
2024-03-19 15:21:06 [main] INFO - Netty started on port 7322
2024-03-19 15:21:06 [main] INFO - Started P6eAuthApplication in 1.424 seconds (process running for 1.804)
2024-03-19 15:21:06 [Thread-4] INFO - [ WEBSOCKET SERVICE ] ==> START SUCCESSFULLY... BIND ( 7422 )
2024-03-19 15:25:14 [main] INFO - Starting P6eAuthApplication using Java 17.0.9 with PID 8740 (D:\CodeContents\github\p6e-coat-auth\p6e-coat-starter-auth\target\classes started by a1294 in D:\CodeContents\github\p6e-coat-auth)
2024-03-19 15:25:14 [main] INFO - No active profile set, falling back to 1 default profile: "default"
2024-03-19 15:25:14 [main] INFO - Multiple Spring Data modules found, entering strict repository configuration mode
2024-03-19 15:25:14 [main] INFO - Bootstrapping Spring Data R2DBC repositories in DEFAULT mode.
2024-03-19 15:25:14 [main] INFO - Finished Spring Data repository scanning in 17 ms. Found 0 R2DBC repository interfaces.
2024-03-19 15:25:14 [main] INFO - Multiple Spring Data modules found, entering strict repository configuration mode
2024-03-19 15:25:14 [main] INFO - Bootstrapping Spring Data Redis repositories in DEFAULT mode.
2024-03-19 15:25:14 [main] INFO - Finished Spring Data repository scanning in 3 ms. Found 0 Redis repository interfaces.
2024-03-19 15:25:15 [main] INFO - Netty started on port 7322
2024-03-19 15:25:15 [main] INFO - Started P6eAuthApplication in 1.418 seconds (process running for 1.764)
2024-03-19 15:25:15 [Thread-4] INFO - [ WEBSOCKET SERVICE ] ==> START SUCCESSFULLY... BIND ( 7422 )
2024-03-19 15:26:35 [main] INFO - Starting P6eAuthApplication using Java 17.0.9 with PID 27752 (D:\CodeContents\github\p6e-coat-auth\p6e-coat-starter-auth\target\classes started by a1294 in D:\CodeContents\github\p6e-coat-auth)
2024-03-19 15:26:35 [main] INFO - No active profile set, falling back to 1 default profile: "default"
2024-03-19 15:26:36 [main] INFO - Multiple Spring Data modules found, entering strict repository configuration mode
2024-03-19 15:26:36 [main] INFO - Bootstrapping Spring Data R2DBC repositories in DEFAULT mode.
2024-03-19 15:26:36 [main] INFO - Finished Spring Data repository scanning in 16 ms. Found 0 R2DBC repository interfaces.
2024-03-19 15:26:36 [main] INFO - Multiple Spring Data modules found, entering strict repository configuration mode
2024-03-19 15:26:36 [main] INFO - Bootstrapping Spring Data Redis repositories in DEFAULT mode.
2024-03-19 15:26:36 [main] INFO - Finished Spring Data repository scanning in 3 ms. Found 0 Redis repository interfaces.
2024-03-19 15:26:36 [main] INFO - Netty started on port 7322
2024-03-19 15:26:36 [main] INFO - Started P6eAuthApplication in 1.315 seconds (process running for 1.671)
2024-03-19 15:26:36 [Thread-4] INFO - [ WEBSOCKET SERVICE ] ==> START SUCCESSFULLY... BIND ( 7422 )
2024-03-19 15:28:25 [main] INFO - Starting P6eAuthApplication using Java 17.0.9 with PID 22656 (D:\CodeContents\github\p6e-coat-auth\p6e-coat-starter-auth\target\classes started by a1294 in D:\CodeContents\github\p6e-coat-auth)
2024-03-19 15:28:25 [main] INFO - No active profile set, falling back to 1 default profile: "default"
2024-03-19 15:28:26 [main] INFO - Multiple Spring Data modules found, entering strict repository configuration mode
2024-03-19 15:28:26 [main] INFO - Bootstrapping Spring Data R2DBC repositories in DEFAULT mode.
2024-03-19 15:28:26 [main] INFO - Finished Spring Data repository scanning in 20 ms. Found 0 R2DBC repository interfaces.
2024-03-19 15:28:26 [main] INFO - Multiple Spring Data modules found, entering strict repository configuration mode
2024-03-19 15:28:26 [main] INFO - Bootstrapping Spring Data Redis repositories in DEFAULT mode.
2024-03-19 15:28:26 [main] INFO - Finished Spring Data repository scanning in 4 ms. Found 0 Redis repository interfaces.
2024-03-19 15:28:27 [main] INFO - Netty started on port 7322
2024-03-19 15:28:27 [main] INFO - Started P6eAuthApplication in 1.422 seconds (process running for 1.785)
2024-03-19 15:28:27 [Thread-4] INFO - [ WEBSOCKET SERVICE ] ==> START SUCCESSFULLY... BIND ( 7422 )
2024-03-19 15:29:55 [main] INFO - Starting P6eAuthApplication using Java 17.0.9 with PID 6240 (D:\CodeContents\github\p6e-coat-auth\p6e-coat-starter-auth\target\classes started by a1294 in D:\CodeContents\github\p6e-coat-auth)
2024-03-19 15:29:55 [main] INFO - No active profile set, falling back to 1 default profile: "default"
2024-03-19 15:33:28 [main] INFO - Starting P6eAuthApplication using Java 17.0.9 with PID 16480 (D:\CodeContents\github\p6e-coat-auth\p6e-coat-starter-auth\target\classes started by a1294 in D:\CodeContents\github\p6e-coat-auth)
2024-03-19 15:33:28 [main] INFO - No active profile set, falling back to 1 default profile: "default"
2024-03-19 15:39:37 [main] INFO - Starting P6eAuthApplication using Java 17.0.9 with PID 26008 (D:\CodeContents\github\p6e-coat-auth\p6e-coat-starter-auth\target\classes started by a1294 in D:\CodeContents\github\p6e-coat-auth)
2024-03-19 15:39:37 [main] INFO - No active profile set, falling back to 1 default profile: "default"
2024-03-19 15:39:37 [main] INFO - Multiple Spring Data modules found, entering strict repository configuration mode
2024-03-19 15:39:37 [main] INFO - Bootstrapping Spring Data R2DBC repositories in DEFAULT mode.
2024-03-19 15:39:37 [main] INFO - Finished Spring Data repository scanning in 17 ms. Found 0 R2DBC repository interfaces.
2024-03-19 15:39:37 [main] INFO - Multiple Spring Data modules found, entering strict repository configuration mode
2024-03-19 15:39:37 [main] INFO - Bootstrapping Spring Data Redis repositories in DEFAULT mode.
2024-03-19 15:39:37 [main] INFO - Finished Spring Data repository scanning in 4 ms. Found 0 Redis repository interfaces.
2024-03-19 15:39:38 [main] INFO - Netty started on port 7322
2024-03-19 15:39:38 [main] INFO - Started P6eAuthApplication in 1.444 seconds (process running for 1.799)
2024-03-19 15:40:01 [main] INFO - Starting P6eAuthApplication using Java 17.0.9 with PID 21384 (D:\CodeContents\github\p6e-coat-auth\p6e-coat-starter-auth\target\classes started by a1294 in D:\CodeContents\github\p6e-coat-auth)
2024-03-19 15:40:01 [main] INFO - No active profile set, falling back to 1 default profile: "default"
2024-03-19 15:40:02 [main] INFO - Multiple Spring Data modules found, entering strict repository configuration mode
2024-03-19 15:40:02 [main] INFO - Bootstrapping Spring Data R2DBC repositories in DEFAULT mode.
2024-03-19 15:40:02 [main] INFO - Finished Spring Data repository scanning in 17 ms. Found 0 R2DBC repository interfaces.
2024-03-19 15:40:02 [main] INFO - Multiple Spring Data modules found, entering strict repository configuration mode
2024-03-19 15:40:02 [main] INFO - Bootstrapping Spring Data Redis repositories in DEFAULT mode.
2024-03-19 15:40:02 [main] INFO - Finished Spring Data repository scanning in 3 ms. Found 0 Redis repository interfaces.
2024-03-19 15:40:02 [main] INFO - Netty started on port 7322
2024-03-19 15:40:02 [main] INFO - Started P6eAuthApplication in 1.333 seconds (process running for 1.722)
2024-03-19 15:45:58 [main] INFO - Starting P6eAuthApplication using Java 17.0.9 with PID 18076 (D:\CodeContents\github\p6e-coat-auth\p6e-coat-starter-auth\target\classes started by a1294 in D:\CodeContents\github\p6e-coat-auth)
2024-03-19 15:45:58 [main] INFO - No active profile set, falling back to 1 default profile: "default"
2024-03-19 15:45:59 [main] INFO - Multiple Spring Data modules found, entering strict repository configuration mode
2024-03-19 15:45:59 [main] INFO - Bootstrapping Spring Data R2DBC repositories in DEFAULT mode.
2024-03-19 15:45:59 [main] INFO - Finished Spring Data repository scanning in 17 ms. Found 0 R2DBC repository interfaces.
2024-03-19 15:45:59 [main] INFO - Multiple Spring Data modules found, entering strict repository configuration mode
2024-03-19 15:45:59 [main] INFO - Bootstrapping Spring Data Redis repositories in DEFAULT mode.
2024-03-19 15:45:59 [main] INFO - Finished Spring Data repository scanning in 3 ms. Found 0 Redis repository interfaces.
2024-03-19 15:45:59 [main] INFO - 

Error starting ApplicationContext. To display the condition evaluation report re-run your application with 'debug' enabled.
2024-03-19 15:46:39 [main] INFO - Starting P6eAuthApplication using Java 17.0.9 with PID 24224 (D:\CodeContents\github\p6e-coat-auth\p6e-coat-starter-auth\target\classes started by a1294 in D:\CodeContents\github\p6e-coat-auth)
2024-03-19 15:46:39 [main] INFO - No active profile set, falling back to 1 default profile: "default"
2024-03-19 15:46:40 [main] INFO - Multiple Spring Data modules found, entering strict repository configuration mode
2024-03-19 15:46:40 [main] INFO - Bootstrapping Spring Data R2DBC repositories in DEFAULT mode.
2024-03-19 15:46:40 [main] INFO - Finished Spring Data repository scanning in 16 ms. Found 0 R2DBC repository interfaces.
2024-03-19 15:46:40 [main] INFO - Multiple Spring Data modules found, entering strict repository configuration mode
2024-03-19 15:46:40 [main] INFO - Bootstrapping Spring Data Redis repositories in DEFAULT mode.
2024-03-19 15:46:40 [main] INFO - Finished Spring Data repository scanning in 4 ms. Found 0 Redis repository interfaces.
2024-03-19 15:46:40 [main] INFO - Netty started on port 7322
2024-03-19 15:46:40 [main] INFO - Started P6eAuthApplication in 1.345 seconds (process running for 1.69)
2024-03-19 15:47:58 [main] INFO - Starting P6eAuthApplication using Java 17.0.9 with PID 15512 (D:\CodeContents\github\p6e-coat-auth\p6e-coat-starter-auth\target\classes started by a1294 in D:\CodeContents\github\p6e-coat-auth)
2024-03-19 15:47:58 [main] INFO - No active profile set, falling back to 1 default profile: "default"
2024-03-19 15:47:59 [main] INFO - Multiple Spring Data modules found, entering strict repository configuration mode
2024-03-19 15:47:59 [main] INFO - Bootstrapping Spring Data R2DBC repositories in DEFAULT mode.
2024-03-19 15:47:59 [main] INFO - Finished Spring Data repository scanning in 16 ms. Found 0 R2DBC repository interfaces.
2024-03-19 15:47:59 [main] INFO - Multiple Spring Data modules found, entering strict repository configuration mode
2024-03-19 15:47:59 [main] INFO - Bootstrapping Spring Data Redis repositories in DEFAULT mode.
2024-03-19 15:47:59 [main] INFO - Finished Spring Data repository scanning in 3 ms. Found 0 Redis repository interfaces.
2024-03-19 15:47:59 [main] INFO - Netty started on port 7322
2024-03-19 15:47:59 [main] INFO - Started P6eAuthApplication in 1.39 seconds (process running for 1.749)
2024-03-19 15:52:41 [main] INFO - Starting P6eAuthApplication using Java 17.0.9 with PID 27948 (D:\CodeContents\github\p6e-coat-auth\p6e-coat-starter-auth\target\classes started by a1294 in D:\CodeContents\github\p6e-coat-auth)
2024-03-19 15:52:41 [main] INFO - No active profile set, falling back to 1 default profile: "default"
2024-03-19 15:52:42 [main] INFO - Multiple Spring Data modules found, entering strict repository configuration mode
2024-03-19 15:52:42 [main] INFO - Bootstrapping Spring Data R2DBC repositories in DEFAULT mode.
2024-03-19 15:52:42 [main] INFO - Finished Spring Data repository scanning in 17 ms. Found 0 R2DBC repository interfaces.
2024-03-19 15:52:42 [main] INFO - Multiple Spring Data modules found, entering strict repository configuration mode
2024-03-19 15:52:42 [main] INFO - Bootstrapping Spring Data Redis repositories in DEFAULT mode.
2024-03-19 15:52:42 [main] INFO - Finished Spring Data repository scanning in 4 ms. Found 0 Redis repository interfaces.
2024-03-19 15:53:34 [main] INFO - Starting P6eAuthApplication using Java 17.0.9 with PID 13968 (D:\CodeContents\github\p6e-coat-auth\p6e-coat-starter-auth\target\classes started by a1294 in D:\CodeContents\github\p6e-coat-auth)
2024-03-19 15:53:34 [main] INFO - No active profile set, falling back to 1 default profile: "default"
2024-03-19 15:53:34 [main] INFO - Multiple Spring Data modules found, entering strict repository configuration mode
2024-03-19 15:53:34 [main] INFO - Bootstrapping Spring Data R2DBC repositories in DEFAULT mode.
2024-03-19 15:53:34 [main] INFO - Finished Spring Data repository scanning in 17 ms. Found 0 R2DBC repository interfaces.
2024-03-19 15:53:34 [main] INFO - Multiple Spring Data modules found, entering strict repository configuration mode
2024-03-19 15:53:34 [main] INFO - Bootstrapping Spring Data Redis repositories in DEFAULT mode.
2024-03-19 15:53:34 [main] INFO - Finished Spring Data repository scanning in 3 ms. Found 0 Redis repository interfaces.
2024-03-19 15:54:46 [main] INFO - Starting P6eAuthApplication using Java 17.0.9 with PID 9612 (D:\CodeContents\github\p6e-coat-auth\p6e-coat-starter-auth\target\classes started by a1294 in D:\CodeContents\github\p6e-coat-auth)
2024-03-19 15:54:46 [main] INFO - No active profile set, falling back to 1 default profile: "default"
2024-03-19 15:54:46 [main] INFO - Multiple Spring Data modules found, entering strict repository configuration mode
2024-03-19 15:54:46 [main] INFO - Bootstrapping Spring Data R2DBC repositories in DEFAULT mode.
2024-03-19 15:54:46 [main] INFO - Finished Spring Data repository scanning in 16 ms. Found 0 R2DBC repository interfaces.
2024-03-19 15:54:46 [main] INFO - Multiple Spring Data modules found, entering strict repository configuration mode
2024-03-19 15:54:46 [main] INFO - Bootstrapping Spring Data Redis repositories in DEFAULT mode.
2024-03-19 15:54:46 [main] INFO - Finished Spring Data repository scanning in 3 ms. Found 0 Redis repository interfaces.
2024-03-19 15:55:01 [main] INFO - Starting P6eAuthApplication using Java 17.0.9 with PID 29612 (D:\CodeContents\github\p6e-coat-auth\p6e-coat-starter-auth\target\classes started by a1294 in D:\CodeContents\github\p6e-coat-auth)
2024-03-19 15:55:01 [main] INFO - No active profile set, falling back to 1 default profile: "default"
2024-03-19 15:55:02 [main] INFO - Multiple Spring Data modules found, entering strict repository configuration mode
2024-03-19 15:55:02 [main] INFO - Bootstrapping Spring Data R2DBC repositories in DEFAULT mode.
2024-03-19 15:55:02 [main] INFO - Finished Spring Data repository scanning in 16 ms. Found 0 R2DBC repository interfaces.
2024-03-19 15:55:02 [main] INFO - Multiple Spring Data modules found, entering strict repository configuration mode
2024-03-19 15:55:02 [main] INFO - Bootstrapping Spring Data Redis repositories in DEFAULT mode.
2024-03-19 15:55:02 [main] INFO - Finished Spring Data repository scanning in 3 ms. Found 0 Redis repository interfaces.
2024-03-19 15:55:41 [main] INFO - Starting P6eAuthApplication using Java 17.0.9 with PID 23688 (D:\CodeContents\github\p6e-coat-auth\p6e-coat-starter-auth\target\classes started by a1294 in D:\CodeContents\github\p6e-coat-auth)
2024-03-19 15:55:41 [main] INFO - No active profile set, falling back to 1 default profile: "default"
2024-03-19 15:55:42 [main] INFO - Multiple Spring Data modules found, entering strict repository configuration mode
2024-03-19 15:55:42 [main] INFO - Bootstrapping Spring Data R2DBC repositories in DEFAULT mode.
2024-03-19 15:55:42 [main] INFO - Finished Spring Data repository scanning in 16 ms. Found 0 R2DBC repository interfaces.
2024-03-19 15:55:42 [main] INFO - Multiple Spring Data modules found, entering strict repository configuration mode
2024-03-19 15:55:42 [main] INFO - Bootstrapping Spring Data Redis repositories in DEFAULT mode.
2024-03-19 15:55:42 [main] INFO - Finished Spring Data repository scanning in 3 ms. Found 0 Redis repository interfaces.
2024-03-19 15:55:42 [main] INFO - 

Error starting ApplicationContext. To display the condition evaluation report re-run your application with 'debug' enabled.
2024-03-19 15:56:06 [main] INFO - Starting P6eAuthApplication using Java 17.0.9 with PID 28732 (D:\CodeContents\github\p6e-coat-auth\p6e-coat-starter-auth\target\classes started by a1294 in D:\CodeContents\github\p6e-coat-auth)
2024-03-19 15:56:06 [main] INFO - No active profile set, falling back to 1 default profile: "default"
2024-03-19 15:56:06 [main] INFO - Multiple Spring Data modules found, entering strict repository configuration mode
2024-03-19 15:56:06 [main] INFO - Bootstrapping Spring Data R2DBC repositories in DEFAULT mode.
2024-03-19 15:56:06 [main] INFO - Finished Spring Data repository scanning in 16 ms. Found 0 R2DBC repository interfaces.
2024-03-19 15:56:06 [main] INFO - Multiple Spring Data modules found, entering strict repository configuration mode
2024-03-19 15:56:06 [main] INFO - Bootstrapping Spring Data Redis repositories in DEFAULT mode.
2024-03-19 15:56:06 [main] INFO - Finished Spring Data repository scanning in 3 ms. Found 0 Redis repository interfaces.
2024-03-19 15:56:07 [main] INFO - 

Error starting ApplicationContext. To display the condition evaluation report re-run your application with 'debug' enabled.
2024-03-19 15:56:28 [main] INFO - Starting P6eAuthApplication using Java 17.0.9 with PID 13640 (D:\CodeContents\github\p6e-coat-auth\p6e-coat-starter-auth\target\classes started by a1294 in D:\CodeContents\github\p6e-coat-auth)
2024-03-19 15:56:28 [main] INFO - No active profile set, falling back to 1 default profile: "default"
2024-03-19 15:56:29 [main] INFO - Multiple Spring Data modules found, entering strict repository configuration mode
2024-03-19 15:56:29 [main] INFO - Bootstrapping Spring Data R2DBC repositories in DEFAULT mode.
2024-03-19 15:56:29 [main] INFO - Finished Spring Data repository scanning in 16 ms. Found 0 R2DBC repository interfaces.
2024-03-19 15:56:29 [main] INFO - Multiple Spring Data modules found, entering strict repository configuration mode
2024-03-19 15:56:29 [main] INFO - Bootstrapping Spring Data Redis repositories in DEFAULT mode.
2024-03-19 15:56:29 [main] INFO - Finished Spring Data repository scanning in 3 ms. Found 0 Redis repository interfaces.
2024-03-19 15:56:29 [main] INFO - Netty started on port 7322
2024-03-19 15:56:29 [main] INFO - Started P6eAuthApplication in 1.392 seconds (process running for 1.741)
2024-03-19 16:20:04 [main] INFO - Starting P6eAuthApplication using Java 17.0.9 with PID 18412 (D:\CodeContents\github\p6e-coat-auth\p6e-coat-starter-auth\target\classes started by a1294 in D:\CodeContents\github\p6e-coat-auth)
2024-03-19 16:20:04 [main] INFO - No active profile set, falling back to 1 default profile: "default"
2024-03-19 16:20:05 [main] INFO - Multiple Spring Data modules found, entering strict repository configuration mode
2024-03-19 16:20:05 [main] INFO - Bootstrapping Spring Data R2DBC repositories in DEFAULT mode.
2024-03-19 16:20:05 [main] INFO - Finished Spring Data repository scanning in 18 ms. Found 0 R2DBC repository interfaces.
2024-03-19 16:20:05 [main] INFO - Multiple Spring Data modules found, entering strict repository configuration mode
2024-03-19 16:20:05 [main] INFO - Bootstrapping Spring Data Redis repositories in DEFAULT mode.
2024-03-19 16:20:05 [main] INFO - Finished Spring Data repository scanning in 4 ms. Found 0 Redis repository interfaces.
2024-03-19 16:20:05 [main] INFO - 

Error starting ApplicationContext. To display the condition evaluation report re-run your application with 'debug' enabled.
2024-03-19 16:20:50 [main] INFO - Starting P6eAuthApplication using Java 17.0.9 with PID 23156 (D:\CodeContents\github\p6e-coat-auth\p6e-coat-starter-auth\target\classes started by a1294 in D:\CodeContents\github\p6e-coat-auth)
2024-03-19 16:20:50 [main] INFO - No active profile set, falling back to 1 default profile: "default"
2024-03-19 16:20:50 [main] INFO - Multiple Spring Data modules found, entering strict repository configuration mode
2024-03-19 16:20:50 [main] INFO - Bootstrapping Spring Data R2DBC repositories in DEFAULT mode.
2024-03-19 16:20:50 [main] INFO - Finished Spring Data repository scanning in 16 ms. Found 0 R2DBC repository interfaces.
2024-03-19 16:20:50 [main] INFO - Multiple Spring Data modules found, entering strict repository configuration mode
2024-03-19 16:20:50 [main] INFO - Bootstrapping Spring Data Redis repositories in DEFAULT mode.
2024-03-19 16:20:50 [main] INFO - Finished Spring Data repository scanning in 3 ms. Found 0 Redis repository interfaces.
2024-03-19 16:20:50 [main] INFO - 

Error starting ApplicationContext. To display the condition evaluation report re-run your application with 'debug' enabled.
2024-03-19 16:21:16 [main] INFO - Starting P6eAuthApplication using Java 17.0.9 with PID 28452 (D:\CodeContents\github\p6e-coat-auth\p6e-coat-starter-auth\target\classes started by a1294 in D:\CodeContents\github\p6e-coat-auth)
2024-03-19 16:21:16 [main] INFO - No active profile set, falling back to 1 default profile: "default"
2024-03-19 16:21:16 [main] INFO - Multiple Spring Data modules found, entering strict repository configuration mode
2024-03-19 16:21:16 [main] INFO - Bootstrapping Spring Data R2DBC repositories in DEFAULT mode.
2024-03-19 16:21:16 [main] INFO - Finished Spring Data repository scanning in 16 ms. Found 0 R2DBC repository interfaces.
2024-03-19 16:21:16 [main] INFO - Multiple Spring Data modules found, entering strict repository configuration mode
2024-03-19 16:21:16 [main] INFO - Bootstrapping Spring Data Redis repositories in DEFAULT mode.
2024-03-19 16:21:16 [main] INFO - Finished Spring Data repository scanning in 3 ms. Found 0 Redis repository interfaces.
2024-03-19 16:21:17 [main] INFO - Netty started on port 7322
2024-03-19 16:21:17 [main] INFO - Started P6eAuthApplication in 1.374 seconds (process running for 1.726)
2024-03-19 16:22:21 [main] INFO - Starting P6eAuthApplication using Java 17.0.9 with PID 24056 (D:\CodeContents\github\p6e-coat-auth\p6e-coat-starter-auth\target\classes started by a1294 in D:\CodeContents\github\p6e-coat-auth)
2024-03-19 16:22:21 [main] INFO - No active profile set, falling back to 1 default profile: "default"
2024-03-19 16:22:21 [main] INFO - Multiple Spring Data modules found, entering strict repository configuration mode
2024-03-19 16:22:21 [main] INFO - Bootstrapping Spring Data R2DBC repositories in DEFAULT mode.
2024-03-19 16:22:21 [main] INFO - Finished Spring Data repository scanning in 16 ms. Found 0 R2DBC repository interfaces.
2024-03-19 16:22:21 [main] INFO - Multiple Spring Data modules found, entering strict repository configuration mode
2024-03-19 16:22:21 [main] INFO - Bootstrapping Spring Data Redis repositories in DEFAULT mode.
2024-03-19 16:22:21 [main] INFO - Finished Spring Data repository scanning in 3 ms. Found 0 Redis repository interfaces.
2024-03-19 16:22:22 [main] INFO - Netty started on port 7322
2024-03-19 16:22:22 [main] INFO - Started P6eAuthApplication in 1.391 seconds (process running for 1.744)
2024-03-19 16:24:02 [reactor-tcp-nio-1] INFO - 

---------------------------------------------------------------------
|--------------------------   S   M   S   --------------------------|
---------------------------------------------------------------------
|   account   =>   15549562863   |
|   template   =>   CODE_LOGIN_TEMPLATE   |
|   content   =>   {code=907057}   |
--------------------------------------------------------------------


