2024-03-19 12:38:56 [main] INFO - Starting P6eAuthApplication using Java 17.0.9 with PID 28544 (D:\CodeContents\github\p6e-coat-auth\p6e-coat-starter-auth\target\classes started by a1294 in D:\CodeContents\github\p6e-coat-auth)
2024-03-19 12:38:56 [main] INFO - No active profile set, falling back to 1 default profile: "default"
2024-03-19 12:38:57 [main] INFO - Multiple Spring Data modules found, entering strict repository configuration mode
2024-03-19 12:38:57 [main] INFO - Bootstrapping Spring Data R2DBC repositories in DEFAULT mode.
2024-03-19 12:38:57 [main] INFO - Finished Spring Data repository scanning in 18 ms. Found 0 R2DBC repository interfaces.
2024-03-19 12:38:57 [main] INFO - Multiple Spring Data modules found, entering strict repository configuration mode
2024-03-19 12:38:57 [main] INFO - Bootstrapping Spring Data Redis repositories in DEFAULT mode.
2024-03-19 12:38:57 [main] INFO - Finished Spring Data repository scanning in 4 ms. Found 0 Redis repository interfaces.
2024-03-19 12:38:58 [Thread-2] INFO - [ WEBSOCKET SERVICE ] ==> START SUCCESSFULLY... BIND ( 7422 )
2024-03-19 12:38:58 [main] INFO - Netty started on port 7322
2024-03-19 12:38:58 [main] INFO - Started P6eAuthApplication in 2.169 seconds (process running for 2.597)
2024-03-19 12:41:17 [main] INFO - Starting P6eAuthApplication using Java 17.0.9 with PID 24032 (D:\CodeContents\github\p6e-coat-auth\p6e-coat-starter-auth\target\classes started by a1294 in D:\CodeContents\github\p6e-coat-auth)
2024-03-19 12:41:17 [main] INFO - No active profile set, falling back to 1 default profile: "default"
2024-03-19 12:41:17 [main] INFO - Multiple Spring Data modules found, entering strict repository configuration mode
2024-03-19 12:41:17 [main] INFO - Bootstrapping Spring Data R2DBC repositories in DEFAULT mode.
2024-03-19 12:41:17 [main] INFO - Finished Spring Data repository scanning in 16 ms. Found 0 R2DBC repository interfaces.
2024-03-19 12:41:17 [main] INFO - Multiple Spring Data modules found, entering strict repository configuration mode
2024-03-19 12:41:17 [main] INFO - Bootstrapping Spring Data Redis repositories in DEFAULT mode.
2024-03-19 12:41:17 [main] INFO - Finished Spring Data repository scanning in 4 ms. Found 0 Redis repository interfaces.
2024-03-19 12:41:17 [Thread-2] INFO - [ WEBSOCKET SERVICE ] ==> START SUCCESSFULLY... BIND ( 7422 )
2024-03-19 12:41:18 [main] INFO - Netty started on port 7322
2024-03-19 12:41:18 [main] INFO - Started P6eAuthApplication in 1.368 seconds (process running for 1.71)
2024-03-19 13:01:46 [main] INFO - Starting P6eAuthApplication using Java 17.0.9 with PID 23884 (D:\CodeContents\github\p6e-coat-auth\p6e-coat-starter-auth\target\classes started by a1294 in D:\CodeContents\github\p6e-coat-auth)
2024-03-19 13:01:46 [main] INFO - No active profile set, falling back to 1 default profile: "default"
2024-03-19 13:01:46 [main] INFO - Multiple Spring Data modules found, entering strict repository configuration mode
2024-03-19 13:01:46 [main] INFO - Bootstrapping Spring Data R2DBC repositories in DEFAULT mode.
2024-03-19 13:01:46 [main] INFO - Finished Spring Data repository scanning in 16 ms. Found 0 R2DBC repository interfaces.
2024-03-19 13:01:46 [main] INFO - Multiple Spring Data modules found, entering strict repository configuration mode
2024-03-19 13:01:46 [main] INFO - Bootstrapping Spring Data Redis repositories in DEFAULT mode.
2024-03-19 13:01:46 [main] INFO - Finished Spring Data repository scanning in 3 ms. Found 0 Redis repository interfaces.
2024-03-19 13:01:47 [main] INFO - Netty started on port 7322
2024-03-19 13:01:47 [main] INFO - Started P6eAuthApplication in 1.345 seconds (process running for 1.699)
2024-03-19 13:01:58 [reactor-http-nio-2] ERROR - 404 NOT_FOUND
2024-03-19 13:02:43 [main] INFO - Starting P6eAuthApplication using Java 17.0.9 with PID 1120 (D:\CodeContents\github\p6e-coat-auth\p6e-coat-starter-auth\target\classes started by a1294 in D:\CodeContents\github\p6e-coat-auth)
2024-03-19 13:02:43 [main] INFO - No active profile set, falling back to 1 default profile: "default"
2024-03-19 13:02:43 [main] INFO - Multiple Spring Data modules found, entering strict repository configuration mode
2024-03-19 13:02:43 [main] INFO - Bootstrapping Spring Data R2DBC repositories in DEFAULT mode.
2024-03-19 13:02:43 [main] INFO - Finished Spring Data repository scanning in 15 ms. Found 0 R2DBC repository interfaces.
2024-03-19 13:02:43 [main] INFO - Multiple Spring Data modules found, entering strict repository configuration mode
2024-03-19 13:02:43 [main] INFO - Bootstrapping Spring Data Redis repositories in DEFAULT mode.
2024-03-19 13:02:43 [main] INFO - Finished Spring Data repository scanning in 3 ms. Found 0 Redis repository interfaces.
2024-03-19 13:02:44 [main] INFO - Netty started on port 7322
2024-03-19 13:02:44 [main] INFO - Started P6eAuthApplication in 1.329 seconds (process running for 1.675)
2024-03-19 13:03:43 [main] INFO - Starting P6eAuthApplication using Java 17.0.9 with PID 16360 (D:\CodeContents\github\p6e-coat-auth\p6e-coat-starter-auth\target\classes started by a1294 in D:\CodeContents\github\p6e-coat-auth)
2024-03-19 13:03:43 [main] INFO - No active profile set, falling back to 1 default profile: "default"
2024-03-19 13:03:44 [main] INFO - Multiple Spring Data modules found, entering strict repository configuration mode
2024-03-19 13:03:44 [main] INFO - Bootstrapping Spring Data R2DBC repositories in DEFAULT mode.
2024-03-19 13:03:44 [main] INFO - Finished Spring Data repository scanning in 16 ms. Found 0 R2DBC repository interfaces.
2024-03-19 13:03:44 [main] INFO - Multiple Spring Data modules found, entering strict repository configuration mode
2024-03-19 13:03:44 [main] INFO - Bootstrapping Spring Data Redis repositories in DEFAULT mode.
2024-03-19 13:03:44 [main] INFO - Finished Spring Data repository scanning in 3 ms. Found 0 Redis repository interfaces.
2024-03-19 13:03:44 [main] INFO - Netty started on port 7322
2024-03-19 13:03:44 [main] INFO - Started P6eAuthApplication in 1.322 seconds (process running for 1.675)
2024-03-19 13:03:44 [Thread-4] INFO - [ WEBSOCKET SERVICE ] ==> START SUCCESSFULLY... BIND ( 7422 )
2024-03-19 13:03:48 [reactor-http-nio-2] ERROR - 404 NOT_FOUND
2024-03-19 13:04:06 [reactor-http-nio-2] ERROR - 404 NOT_FOUND
2024-03-19 13:06:21 [main] INFO - Starting P6eAuthApplication using Java 17.0.9 with PID 29192 (D:\CodeContents\github\p6e-coat-auth\p6e-coat-starter-auth\target\classes started by a1294 in D:\CodeContents\github\p6e-coat-auth)
2024-03-19 13:06:21 [main] INFO - No active profile set, falling back to 1 default profile: "default"
2024-03-19 13:06:21 [main] INFO - Multiple Spring Data modules found, entering strict repository configuration mode
2024-03-19 13:06:21 [main] INFO - Bootstrapping Spring Data R2DBC repositories in DEFAULT mode.
2024-03-19 13:06:22 [main] INFO - Finished Spring Data repository scanning in 19 ms. Found 0 R2DBC repository interfaces.
2024-03-19 13:06:22 [main] INFO - Multiple Spring Data modules found, entering strict repository configuration mode
2024-03-19 13:06:22 [main] INFO - Bootstrapping Spring Data Redis repositories in DEFAULT mode.
2024-03-19 13:06:22 [main] INFO - Finished Spring Data repository scanning in 4 ms. Found 0 Redis repository interfaces.
2024-03-19 13:06:22 [main] INFO - Netty started on port 7322
2024-03-19 13:06:22 [main] INFO - Started P6eAuthApplication in 1.409 seconds (process running for 1.822)
2024-03-19 13:06:22 [Thread-4] INFO - [ WEBSOCKET SERVICE ] ==> START SUCCESSFULLY... BIND ( 7422 )
2024-03-19 13:06:25 [reactor-http-nio-2] ERROR - 404 NOT_FOUND
2024-03-19 13:07:17 [reactor-http-nio-2] ERROR - 404 NOT_FOUND
2024-03-19 13:08:44 [reactor-http-nio-2] ERROR - 404 NOT_FOUND
2024-03-19 13:09:08 [main] INFO - Starting P6eAuthApplication using Java 17.0.9 with PID 10040 (D:\CodeContents\github\p6e-coat-auth\p6e-coat-starter-auth\target\classes started by a1294 in D:\CodeContents\github\p6e-coat-auth)
2024-03-19 13:09:08 [main] INFO - No active profile set, falling back to 1 default profile: "default"
2024-03-19 13:09:08 [main] INFO - Multiple Spring Data modules found, entering strict repository configuration mode
2024-03-19 13:09:08 [main] INFO - Bootstrapping Spring Data R2DBC repositories in DEFAULT mode.
2024-03-19 13:09:08 [main] INFO - Finished Spring Data repository scanning in 15 ms. Found 0 R2DBC repository interfaces.
2024-03-19 13:09:08 [main] INFO - Multiple Spring Data modules found, entering strict repository configuration mode
2024-03-19 13:09:08 [main] INFO - Bootstrapping Spring Data Redis repositories in DEFAULT mode.
2024-03-19 13:09:08 [main] INFO - Finished Spring Data repository scanning in 3 ms. Found 0 Redis repository interfaces.
2024-03-19 13:09:09 [main] INFO - Netty started on port 7322
2024-03-19 13:09:09 [main] INFO - Started P6eAuthApplication in 1.33 seconds (process running for 1.681)
2024-03-19 13:09:09 [Thread-4] INFO - [ WEBSOCKET SERVICE ] ==> START SUCCESSFULLY... BIND ( 7422 )
2024-03-19 13:10:42 [main] INFO - Starting P6eAuthApplication using Java 17.0.9 with PID 13172 (D:\CodeContents\github\p6e-coat-auth\p6e-coat-starter-auth\target\classes started by a1294 in D:\CodeContents\github\p6e-coat-auth)
2024-03-19 13:10:42 [main] INFO - No active profile set, falling back to 1 default profile: "default"
2024-03-19 13:10:42 [main] INFO - Multiple Spring Data modules found, entering strict repository configuration mode
2024-03-19 13:10:42 [main] INFO - Bootstrapping Spring Data R2DBC repositories in DEFAULT mode.
2024-03-19 13:10:42 [main] INFO - Finished Spring Data repository scanning in 16 ms. Found 0 R2DBC repository interfaces.
2024-03-19 13:10:42 [main] INFO - Multiple Spring Data modules found, entering strict repository configuration mode
2024-03-19 13:10:42 [main] INFO - Bootstrapping Spring Data Redis repositories in DEFAULT mode.
2024-03-19 13:10:42 [main] INFO - Finished Spring Data repository scanning in 3 ms. Found 0 Redis repository interfaces.
2024-03-19 13:10:43 [main] INFO - Netty started on port 7322
2024-03-19 13:10:43 [main] INFO - Started P6eAuthApplication in 1.321 seconds (process running for 1.667)
2024-03-19 13:10:43 [Thread-4] INFO - [ WEBSOCKET SERVICE ] ==> START SUCCESSFULLY... BIND ( 7422 )
2024-03-19 13:10:47 [reactor-http-nio-2] ERROR - 404 NOT_FOUND
2024-03-19 13:11:23 [main] INFO - Starting P6eAuthApplication using Java 17.0.9 with PID 26708 (D:\CodeContents\github\p6e-coat-auth\p6e-coat-starter-auth\target\classes started by a1294 in D:\CodeContents\github\p6e-coat-auth)
2024-03-19 13:11:23 [main] INFO - No active profile set, falling back to 1 default profile: "default"
2024-03-19 13:11:24 [main] INFO - Multiple Spring Data modules found, entering strict repository configuration mode
2024-03-19 13:11:24 [main] INFO - Bootstrapping Spring Data R2DBC repositories in DEFAULT mode.
2024-03-19 13:11:24 [main] INFO - Finished Spring Data repository scanning in 16 ms. Found 0 R2DBC repository interfaces.
2024-03-19 13:11:24 [main] INFO - Multiple Spring Data modules found, entering strict repository configuration mode
2024-03-19 13:11:24 [main] INFO - Bootstrapping Spring Data Redis repositories in DEFAULT mode.
2024-03-19 13:11:24 [main] INFO - Finished Spring Data repository scanning in 3 ms. Found 0 Redis repository interfaces.
2024-03-19 13:11:24 [main] INFO - Netty started on port 7322
2024-03-19 13:11:24 [main] INFO - Started P6eAuthApplication in 1.33 seconds (process running for 1.672)
2024-03-19 13:11:24 [Thread-4] INFO - [ WEBSOCKET SERVICE ] ==> START SUCCESSFULLY... BIND ( 7422 )
2024-03-19 13:11:53 [reactor-http-nio-2] ERROR - 404 NOT_FOUND
2024-03-19 14:51:13 [main] INFO - Starting P6eAuthApplication using Java 17.0.9 with PID 15748 (D:\CodeContents\github\p6e-coat-auth\p6e-coat-starter-auth\target\classes started by a1294 in D:\CodeContents\github\p6e-coat-auth)
2024-03-19 14:51:13 [main] INFO - No active profile set, falling back to 1 default profile: "default"
2024-03-19 14:51:14 [main] INFO - Multiple Spring Data modules found, entering strict repository configuration mode
2024-03-19 14:51:14 [main] INFO - Bootstrapping Spring Data R2DBC repositories in DEFAULT mode.
2024-03-19 14:51:14 [main] INFO - Finished Spring Data repository scanning in 16 ms. Found 0 R2DBC repository interfaces.
2024-03-19 14:51:14 [main] INFO - Multiple Spring Data modules found, entering strict repository configuration mode
2024-03-19 14:51:14 [main] INFO - Bootstrapping Spring Data Redis repositories in DEFAULT mode.
2024-03-19 14:51:14 [main] INFO - Finished Spring Data repository scanning in 3 ms. Found 0 Redis repository interfaces.
2024-03-19 14:51:14 [main] INFO - Netty started on port 7322
2024-03-19 14:51:14 [main] INFO - Started P6eAuthApplication in 1.338 seconds (process running for 1.689)
2024-03-19 14:51:15 [main] INFO - 

Error starting ApplicationContext. To display the condition evaluation report re-run your application with 'debug' enabled.
2024-03-19 14:51:15 [main] ERROR - Application run failed
java.lang.IllegalStateException: Failed to execute ApplicationRunner
	at org.springframework.boot.SpringApplication.callRunner(SpringApplication.java:764) ~[spring-boot-3.1.0.jar:3.1.0]
	at org.springframework.boot.SpringApplication.callRunners(SpringApplication.java:751) ~[spring-boot-3.1.0.jar:3.1.0]
	at org.springframework.boot.SpringApplication.run(SpringApplication.java:318) ~[spring-boot-3.1.0.jar:3.1.0]
	at org.springframework.boot.SpringApplication.run(SpringApplication.java:1305) ~[spring-boot-3.1.0.jar:3.1.0]
	at org.springframework.boot.SpringApplication.run(SpringApplication.java:1294) ~[spring-boot-3.1.0.jar:3.1.0]
	at club.p6e.coat.auth.P6eAuthApplication.main(P6eAuthApplication.java:16) ~[classes/:na]
Caused by: java.lang.ClassCastException: class org.springframework.boot.web.reactive.context.AnnotationConfigReactiveWebServerApplicationContext cannot be cast to class org.springframework.context.annotation.AnnotationConfigApplicationContext (org.springframework.boot.web.reactive.context.AnnotationConfigReactiveWebServerApplicationContext and org.springframework.context.annotation.AnnotationConfigApplicationContext are in unnamed module of loader 'app')
	at club.p6e.coat.auth.AuthApplicationRunner.run(AuthApplicationRunner.java:228) ~[classes/:na]
	at org.springframework.boot.SpringApplication.callRunner(SpringApplication.java:761) ~[spring-boot-3.1.0.jar:3.1.0]
	... 5 common frames omitted
2024-03-19 14:51:15 [Thread-4] INFO - [ WEBSOCKET SERVICE ] ==> START SUCCESSFULLY... BIND ( 7422 )
2024-03-19 14:52:39 [main] INFO - Starting P6eAuthApplication using Java 17.0.9 with PID 29688 (D:\CodeContents\github\p6e-coat-auth\p6e-coat-starter-auth\target\classes started by a1294 in D:\CodeContents\github\p6e-coat-auth)
2024-03-19 14:52:39 [main] INFO - No active profile set, falling back to 1 default profile: "default"
2024-03-19 14:52:39 [main] INFO - Multiple Spring Data modules found, entering strict repository configuration mode
2024-03-19 14:52:39 [main] INFO - Bootstrapping Spring Data R2DBC repositories in DEFAULT mode.
2024-03-19 14:52:39 [main] INFO - Finished Spring Data repository scanning in 16 ms. Found 0 R2DBC repository interfaces.
2024-03-19 14:52:39 [main] INFO - Multiple Spring Data modules found, entering strict repository configuration mode
2024-03-19 14:52:39 [main] INFO - Bootstrapping Spring Data Redis repositories in DEFAULT mode.
2024-03-19 14:52:39 [main] INFO - Finished Spring Data repository scanning in 4 ms. Found 0 Redis repository interfaces.
2024-03-19 14:52:40 [main] INFO - Netty started on port 7322
2024-03-19 14:52:40 [main] INFO - Started P6eAuthApplication in 1.344 seconds (process running for 1.69)
2024-03-19 14:52:40 [main] INFO - 

Error starting ApplicationContext. To display the condition evaluation report re-run your application with 'debug' enabled.
2024-03-19 14:52:40 [main] ERROR - Application run failed
java.lang.IllegalStateException: Failed to execute ApplicationRunner
	at org.springframework.boot.SpringApplication.callRunner(SpringApplication.java:764) ~[spring-boot-3.1.0.jar:3.1.0]
	at org.springframework.boot.SpringApplication.callRunners(SpringApplication.java:751) ~[spring-boot-3.1.0.jar:3.1.0]
	at org.springframework.boot.SpringApplication.run(SpringApplication.java:318) ~[spring-boot-3.1.0.jar:3.1.0]
	at org.springframework.boot.SpringApplication.run(SpringApplication.java:1305) ~[spring-boot-3.1.0.jar:3.1.0]
	at org.springframework.boot.SpringApplication.run(SpringApplication.java:1294) ~[spring-boot-3.1.0.jar:3.1.0]
	at club.p6e.coat.auth.P6eAuthApplication.main(P6eAuthApplication.java:16) ~[classes/:na]
Caused by: java.lang.ClassCastException: class org.springframework.boot.web.reactive.context.AnnotationConfigReactiveWebServerApplicationContext cannot be cast to class org.springframework.context.annotation.AnnotationConfigApplicationContext (org.springframework.boot.web.reactive.context.AnnotationConfigReactiveWebServerApplicationContext and org.springframework.context.annotation.AnnotationConfigApplicationContext are in unnamed module of loader 'app')
	at club.p6e.coat.auth.AuthApplicationRunner.run(AuthApplicationRunner.java:229) ~[classes/:na]
	at org.springframework.boot.SpringApplication.callRunner(SpringApplication.java:761) ~[spring-boot-3.1.0.jar:3.1.0]
	... 5 common frames omitted
2024-03-19 14:52:40 [Thread-4] INFO - [ WEBSOCKET SERVICE ] ==> START SUCCESSFULLY... BIND ( 7422 )
2024-03-19 14:52:58 [main] INFO - Starting P6eAuthApplication using Java 17.0.9 with PID 28452 (D:\CodeContents\github\p6e-coat-auth\p6e-coat-starter-auth\target\classes started by a1294 in D:\CodeContents\github\p6e-coat-auth)
2024-03-19 14:52:58 [main] INFO - No active profile set, falling back to 1 default profile: "default"
2024-03-19 14:52:58 [main] INFO - Multiple Spring Data modules found, entering strict repository configuration mode
2024-03-19 14:52:58 [main] INFO - Bootstrapping Spring Data R2DBC repositories in DEFAULT mode.
2024-03-19 14:52:59 [main] INFO - Finished Spring Data repository scanning in 16 ms. Found 0 R2DBC repository interfaces.
2024-03-19 14:52:59 [main] INFO - Multiple Spring Data modules found, entering strict repository configuration mode
2024-03-19 14:52:59 [main] INFO - Bootstrapping Spring Data Redis repositories in DEFAULT mode.
2024-03-19 14:52:59 [main] INFO - Finished Spring Data repository scanning in 3 ms. Found 0 Redis repository interfaces.
2024-03-19 14:52:59 [main] INFO - Netty started on port 7322
2024-03-19 14:52:59 [main] INFO - Started P6eAuthApplication in 1.31 seconds (process running for 1.655)
2024-03-19 14:52:59 [main] ERROR - Application run failed
java.lang.IllegalStateException: Failed to execute ApplicationRunner
	at org.springframework.boot.SpringApplication.callRunner(SpringApplication.java:764) ~[spring-boot-3.1.0.jar:3.1.0]
	at org.springframework.boot.SpringApplication.callRunners(SpringApplication.java:751) ~[spring-boot-3.1.0.jar:3.1.0]
	at org.springframework.boot.SpringApplication.run(SpringApplication.java:318) ~[spring-boot-3.1.0.jar:3.1.0]
	at org.springframework.boot.SpringApplication.run(SpringApplication.java:1305) ~[spring-boot-3.1.0.jar:3.1.0]
	at org.springframework.boot.SpringApplication.run(SpringApplication.java:1294) ~[spring-boot-3.1.0.jar:3.1.0]
	at club.p6e.coat.auth.P6eAuthApplication.main(P6eAuthApplication.java:16) ~[classes/:na]
Caused by: java.lang.IllegalStateException: GenericApplicationContext does not support multiple refresh attempts: just call 'refresh' once
	at org.springframework.context.support.GenericApplicationContext.refreshBeanFactory(GenericApplicationContext.java:293) ~[spring-context-6.0.9.jar:6.0.9]
	at org.springframework.context.support.AbstractApplicationContext.obtainFreshBeanFactory(AbstractApplicationContext.java:696) ~[spring-context-6.0.9.jar:6.0.9]
	at org.springframework.context.support.AbstractApplicationContext.refresh(AbstractApplicationContext.java:578) ~[spring-context-6.0.9.jar:6.0.9]
	at org.springframework.boot.web.reactive.context.ReactiveWebServerApplicationContext.refresh(ReactiveWebServerApplicationContext.java:66) ~[spring-boot-3.1.0.jar:3.1.0]
	at club.p6e.coat.auth.AuthApplicationRunner.run(AuthApplicationRunner.java:229) ~[classes/:na]
	at org.springframework.boot.SpringApplication.callRunner(SpringApplication.java:761) ~[spring-boot-3.1.0.jar:3.1.0]
	... 5 common frames omitted
2024-03-19 14:52:59 [Thread-4] INFO - [ WEBSOCKET SERVICE ] ==> START SUCCESSFULLY... BIND ( 7422 )
2024-03-19 14:58:32 [main] INFO - Starting P6eAuthApplication using Java 17.0.9 with PID 26304 (D:\CodeContents\github\p6e-coat-auth\p6e-coat-starter-auth\target\classes started by a1294 in D:\CodeContents\github\p6e-coat-auth)
2024-03-19 14:58:32 [main] INFO - No active profile set, falling back to 1 default profile: "default"
2024-03-19 14:58:32 [main] INFO - Multiple Spring Data modules found, entering strict repository configuration mode
2024-03-19 14:58:32 [main] INFO - Bootstrapping Spring Data R2DBC repositories in DEFAULT mode.
2024-03-19 14:58:32 [main] INFO - Finished Spring Data repository scanning in 16 ms. Found 0 R2DBC repository interfaces.
2024-03-19 14:58:32 [main] INFO - Multiple Spring Data modules found, entering strict repository configuration mode
2024-03-19 14:58:32 [main] INFO - Bootstrapping Spring Data Redis repositories in DEFAULT mode.
2024-03-19 14:58:32 [main] INFO - Finished Spring Data repository scanning in 3 ms. Found 0 Redis repository interfaces.
2024-03-19 14:58:33 [main] INFO - Netty started on port 7322
2024-03-19 14:58:33 [main] INFO - Started P6eAuthApplication in 1.335 seconds (process running for 1.676)
2024-03-19 14:58:33 [main] ERROR - Application run failed
java.lang.IllegalStateException: Failed to execute ApplicationRunner
	at org.springframework.boot.SpringApplication.callRunner(SpringApplication.java:764) ~[spring-boot-3.1.0.jar:3.1.0]
	at org.springframework.boot.SpringApplication.callRunners(SpringApplication.java:751) ~[spring-boot-3.1.0.jar:3.1.0]
	at org.springframework.boot.SpringApplication.run(SpringApplication.java:318) ~[spring-boot-3.1.0.jar:3.1.0]
	at org.springframework.boot.SpringApplication.run(SpringApplication.java:1305) ~[spring-boot-3.1.0.jar:3.1.0]
	at org.springframework.boot.SpringApplication.run(SpringApplication.java:1294) ~[spring-boot-3.1.0.jar:3.1.0]
	at club.p6e.coat.auth.P6eAuthApplication.main(P6eAuthApplication.java:16) ~[classes/:na]
Caused by: java.lang.IllegalStateException: GenericApplicationContext does not support multiple refresh attempts: just call 'refresh' once
	at org.springframework.context.support.GenericApplicationContext.refreshBeanFactory(GenericApplicationContext.java:293) ~[spring-context-6.0.9.jar:6.0.9]
	at org.springframework.context.support.AbstractApplicationContext.obtainFreshBeanFactory(AbstractApplicationContext.java:696) ~[spring-context-6.0.9.jar:6.0.9]
	at org.springframework.context.support.AbstractApplicationContext.refresh(AbstractApplicationContext.java:578) ~[spring-context-6.0.9.jar:6.0.9]
	at org.springframework.boot.web.reactive.context.ReactiveWebServerApplicationContext.refresh(ReactiveWebServerApplicationContext.java:66) ~[spring-boot-3.1.0.jar:3.1.0]
	at club.p6e.coat.auth.AuthApplicationRunner.run(AuthApplicationRunner.java:229) ~[classes/:na]
	at org.springframework.boot.SpringApplication.callRunner(SpringApplication.java:761) ~[spring-boot-3.1.0.jar:3.1.0]
	... 5 common frames omitted
2024-03-19 14:58:33 [Thread-4] INFO - [ WEBSOCKET SERVICE ] ==> START SUCCESSFULLY... BIND ( 7422 )
2024-03-19 15:02:34 [main] INFO - Starting P6eAuthApplication using Java 17.0.9 with PID 14024 (D:\CodeContents\github\p6e-coat-auth\p6e-coat-starter-auth\target\classes started by a1294 in D:\CodeContents\github\p6e-coat-auth)
2024-03-19 15:02:34 [main] INFO - No active profile set, falling back to 1 default profile: "default"
2024-03-19 15:02:34 [main] INFO - Multiple Spring Data modules found, entering strict repository configuration mode
2024-03-19 15:02:34 [main] INFO - Bootstrapping Spring Data R2DBC repositories in DEFAULT mode.
2024-03-19 15:02:34 [main] INFO - Finished Spring Data repository scanning in 17 ms. Found 0 R2DBC repository interfaces.
2024-03-19 15:02:34 [main] INFO - Multiple Spring Data modules found, entering strict repository configuration mode
2024-03-19 15:02:34 [main] INFO - Bootstrapping Spring Data Redis repositories in DEFAULT mode.
2024-03-19 15:02:34 [main] INFO - Finished Spring Data repository scanning in 4 ms. Found 0 Redis repository interfaces.
2024-03-19 15:02:35 [main] INFO - Netty started on port 7322
2024-03-19 15:02:35 [main] INFO - Started P6eAuthApplication in 1.37 seconds (process running for 1.714)
2024-03-19 15:02:35 [main] INFO - 

Error starting ApplicationContext. To display the condition evaluation report re-run your application with 'debug' enabled.
2024-03-19 15:02:35 [main] ERROR - 

***************************
APPLICATION FAILED TO START
***************************

Description:

A component required a bean of type 'club.p6e.coat.auth.AuthPathMatcher' that could not be found.


Action:

Consider defining a bean of type 'club.p6e.coat.auth.AuthPathMatcher' in your configuration.

2024-03-19 15:06:02 [main] INFO - Starting P6eAuthApplication using Java 17.0.9 with PID 18132 (D:\CodeContents\github\p6e-coat-auth\p6e-coat-starter-auth\target\classes started by a1294 in D:\CodeContents\github\p6e-coat-auth)
2024-03-19 15:06:02 [main] INFO - No active profile set, falling back to 1 default profile: "default"
2024-03-19 15:06:03 [main] INFO - Multiple Spring Data modules found, entering strict repository configuration mode
2024-03-19 15:06:03 [main] INFO - Bootstrapping Spring Data R2DBC repositories in DEFAULT mode.
2024-03-19 15:06:03 [main] INFO - Finished Spring Data repository scanning in 18 ms. Found 0 R2DBC repository interfaces.
2024-03-19 15:06:03 [main] INFO - Multiple Spring Data modules found, entering strict repository configuration mode
2024-03-19 15:06:03 [main] INFO - Bootstrapping Spring Data Redis repositories in DEFAULT mode.
2024-03-19 15:06:03 [main] INFO - Finished Spring Data repository scanning in 3 ms. Found 0 Redis repository interfaces.
2024-03-19 15:06:03 [main] INFO - Netty started on port 7322
2024-03-19 15:06:03 [main] INFO - Started P6eAuthApplication in 1.443 seconds (process running for 1.794)
2024-03-19 15:06:04 [main] ERROR - Application run failed
java.lang.IllegalStateException: Failed to execute ApplicationRunner
	at org.springframework.boot.SpringApplication.callRunner(SpringApplication.java:764) ~[spring-boot-3.1.0.jar:3.1.0]
	at org.springframework.boot.SpringApplication.callRunners(SpringApplication.java:751) ~[spring-boot-3.1.0.jar:3.1.0]
	at org.springframework.boot.SpringApplication.run(SpringApplication.java:318) ~[spring-boot-3.1.0.jar:3.1.0]
	at org.springframework.boot.SpringApplication.run(SpringApplication.java:1305) ~[spring-boot-3.1.0.jar:3.1.0]
	at org.springframework.boot.SpringApplication.run(SpringApplication.java:1294) ~[spring-boot-3.1.0.jar:3.1.0]
	at club.p6e.coat.auth.P6eAuthApplication.main(P6eAuthApplication.java:16) ~[classes/:na]
Caused by: java.lang.IllegalStateException: GenericApplicationContext does not support multiple refresh attempts: just call 'refresh' once
	at org.springframework.context.support.GenericApplicationContext.refreshBeanFactory(GenericApplicationContext.java:293) ~[spring-context-6.0.9.jar:6.0.9]
	at org.springframework.context.support.AbstractApplicationContext.obtainFreshBeanFactory(AbstractApplicationContext.java:696) ~[spring-context-6.0.9.jar:6.0.9]
	at org.springframework.context.support.AbstractApplicationContext.refresh(AbstractApplicationContext.java:578) ~[spring-context-6.0.9.jar:6.0.9]
	at org.springframework.boot.web.reactive.context.ReactiveWebServerApplicationContext.refresh(ReactiveWebServerApplicationContext.java:66) ~[spring-boot-3.1.0.jar:3.1.0]
	at club.p6e.coat.auth.AuthApplicationRunner.run(AuthApplicationRunner.java:239) ~[classes/:na]
	at org.springframework.boot.SpringApplication.callRunner(SpringApplication.java:761) ~[spring-boot-3.1.0.jar:3.1.0]
	... 5 common frames omitted
2024-03-19 15:06:04 [Thread-23] INFO - [ WEBSOCKET SERVICE ] ==> START SUCCESSFULLY... BIND ( 7422 )
2024-03-19 15:15:09 [main] INFO - Starting P6eAuthApplication using Java 17.0.9 with PID 5904 (D:\CodeContents\github\p6e-coat-auth\p6e-coat-starter-auth\target\classes started by a1294 in D:\CodeContents\github\p6e-coat-auth)
2024-03-19 15:15:09 [main] INFO - No active profile set, falling back to 1 default profile: "default"
2024-03-19 15:15:09 [main] INFO - Multiple Spring Data modules found, entering strict repository configuration mode
2024-03-19 15:15:09 [main] INFO - Bootstrapping Spring Data R2DBC repositories in DEFAULT mode.
2024-03-19 15:15:09 [main] INFO - Finished Spring Data repository scanning in 18 ms. Found 0 R2DBC repository interfaces.
2024-03-19 15:15:09 [main] INFO - Multiple Spring Data modules found, entering strict repository configuration mode
2024-03-19 15:15:09 [main] INFO - Bootstrapping Spring Data Redis repositories in DEFAULT mode.
2024-03-19 15:15:09 [main] INFO - Finished Spring Data repository scanning in 4 ms. Found 0 Redis repository interfaces.
2024-03-19 15:15:10 [main] INFO - Netty started on port 7322
2024-03-19 15:15:10 [main] INFO - Started P6eAuthApplication in 1.553 seconds (process running for 1.908)
2024-03-19 15:15:10 [main] ERROR - Application run failed
java.lang.IllegalStateException: Failed to execute ApplicationRunner
	at org.springframework.boot.SpringApplication.callRunner(SpringApplication.java:764) ~[spring-boot-3.1.0.jar:3.1.0]
	at org.springframework.boot.SpringApplication.callRunners(SpringApplication.java:751) ~[spring-boot-3.1.0.jar:3.1.0]
	at org.springframework.boot.SpringApplication.run(SpringApplication.java:318) ~[spring-boot-3.1.0.jar:3.1.0]
	at org.springframework.boot.SpringApplication.run(SpringApplication.java:1305) ~[spring-boot-3.1.0.jar:3.1.0]
	at org.springframework.boot.SpringApplication.run(SpringApplication.java:1294) ~[spring-boot-3.1.0.jar:3.1.0]
	at club.p6e.coat.auth.P6eAuthApplication.main(P6eAuthApplication.java:16) ~[classes/:na]
Caused by: java.lang.IllegalStateException: GenericApplicationContext does not support multiple refresh attempts: just call 'refresh' once
	at org.springframework.context.support.GenericApplicationContext.refreshBeanFactory(GenericApplicationContext.java:293) ~[spring-context-6.0.9.jar:6.0.9]
	at org.springframework.context.support.AbstractApplicationContext.obtainFreshBeanFactory(AbstractApplicationContext.java:696) ~[spring-context-6.0.9.jar:6.0.9]
	at org.springframework.context.support.AbstractApplicationContext.refresh(AbstractApplicationContext.java:578) ~[spring-context-6.0.9.jar:6.0.9]
	at org.springframework.boot.web.reactive.context.ReactiveWebServerApplicationContext.refresh(ReactiveWebServerApplicationContext.java:66) ~[spring-boot-3.1.0.jar:3.1.0]
	at club.p6e.coat.auth.AuthApplicationRunner.run(AuthApplicationRunner.java:230) ~[classes/:na]
	at org.springframework.boot.SpringApplication.callRunner(SpringApplication.java:761) ~[spring-boot-3.1.0.jar:3.1.0]
	... 5 common frames omitted
2024-03-19 15:15:10 [Thread-4] INFO - [ WEBSOCKET SERVICE ] ==> START SUCCESSFULLY... BIND ( 7422 )
2024-03-19 15:15:42 [main] INFO - Starting P6eAuthApplication using Java 17.0.9 with PID 20980 (D:\CodeContents\github\p6e-coat-auth\p6e-coat-starter-auth\target\classes started by a1294 in D:\CodeContents\github\p6e-coat-auth)
2024-03-19 15:15:42 [main] INFO - No active profile set, falling back to 1 default profile: "default"
2024-03-19 15:15:42 [main] INFO - Multiple Spring Data modules found, entering strict repository configuration mode
2024-03-19 15:15:42 [main] INFO - Bootstrapping Spring Data R2DBC repositories in DEFAULT mode.
2024-03-19 15:15:42 [main] INFO - Finished Spring Data repository scanning in 18 ms. Found 0 R2DBC repository interfaces.
2024-03-19 15:15:42 [main] INFO - Multiple Spring Data modules found, entering strict repository configuration mode
2024-03-19 15:15:42 [main] INFO - Bootstrapping Spring Data Redis repositories in DEFAULT mode.
2024-03-19 15:15:42 [main] INFO - Finished Spring Data repository scanning in 4 ms. Found 0 Redis repository interfaces.
2024-03-19 15:15:43 [main] INFO - Netty started on port 7322
2024-03-19 15:15:43 [main] INFO - Started P6eAuthApplication in 1.419 seconds (process running for 1.788)
2024-03-19 15:15:43 [main] ERROR - Application run failed
java.lang.IllegalStateException: Failed to execute ApplicationRunner
	at org.springframework.boot.SpringApplication.callRunner(SpringApplication.java:764) ~[spring-boot-3.1.0.jar:3.1.0]
	at org.springframework.boot.SpringApplication.callRunners(SpringApplication.java:751) ~[spring-boot-3.1.0.jar:3.1.0]
	at org.springframework.boot.SpringApplication.run(SpringApplication.java:318) ~[spring-boot-3.1.0.jar:3.1.0]
	at org.springframework.boot.SpringApplication.run(SpringApplication.java:1305) ~[spring-boot-3.1.0.jar:3.1.0]
	at org.springframework.boot.SpringApplication.run(SpringApplication.java:1294) ~[spring-boot-3.1.0.jar:3.1.0]
	at club.p6e.coat.auth.P6eAuthApplication.main(P6eAuthApplication.java:16) ~[classes/:na]
Caused by: java.lang.IllegalStateException: GenericApplicationContext does not support multiple refresh attempts: just call 'refresh' once
	at org.springframework.context.support.GenericApplicationContext.refreshBeanFactory(GenericApplicationContext.java:293) ~[spring-context-6.0.9.jar:6.0.9]
	at org.springframework.context.support.AbstractApplicationContext.obtainFreshBeanFactory(AbstractApplicationContext.java:696) ~[spring-context-6.0.9.jar:6.0.9]
	at org.springframework.context.support.AbstractApplicationContext.refresh(AbstractApplicationContext.java:578) ~[spring-context-6.0.9.jar:6.0.9]
	at org.springframework.boot.web.reactive.context.ReactiveWebServerApplicationContext.refresh(ReactiveWebServerApplicationContext.java:66) ~[spring-boot-3.1.0.jar:3.1.0]
	at club.p6e.coat.auth.AuthApplicationRunner.run(AuthApplicationRunner.java:230) ~[classes/:na]
	at org.springframework.boot.SpringApplication.callRunner(SpringApplication.java:761) ~[spring-boot-3.1.0.jar:3.1.0]
	... 5 common frames omitted
2024-03-19 15:15:43 [Thread-4] INFO - [ WEBSOCKET SERVICE ] ==> START SUCCESSFULLY... BIND ( 7422 )
2024-03-19 15:21:05 [main] INFO - Starting P6eAuthApplication using Java 17.0.9 with PID 25132 (D:\CodeContents\github\p6e-coat-auth\p6e-coat-starter-auth\target\classes started by a1294 in D:\CodeContents\github\p6e-coat-auth)
2024-03-19 15:21:05 [main] INFO - No active profile set, falling back to 1 default profile: "default"
2024-03-19 15:21:05 [main] INFO - Multiple Spring Data modules found, entering strict repository configuration mode
2024-03-19 15:21:05 [main] INFO - Bootstrapping Spring Data R2DBC repositories in DEFAULT mode.
2024-03-19 15:21:05 [main] INFO - Finished Spring Data repository scanning in 16 ms. Found 0 R2DBC repository interfaces.
2024-03-19 15:21:05 [main] INFO - Multiple Spring Data modules found, entering strict repository configuration mode
2024-03-19 15:21:05 [main] INFO - Bootstrapping Spring Data Redis repositories in DEFAULT mode.
2024-03-19 15:21:05 [main] INFO - Finished Spring Data repository scanning in 4 ms. Found 0 Redis repository interfaces.
2024-03-19 15:21:06 [main] INFO - Netty started on port 7322
2024-03-19 15:21:06 [main] INFO - Started P6eAuthApplication in 1.424 seconds (process running for 1.804)
2024-03-19 15:21:06 [main] ERROR - Application run failed
java.lang.IllegalStateException: Failed to execute ApplicationRunner
	at org.springframework.boot.SpringApplication.callRunner(SpringApplication.java:764) ~[spring-boot-3.1.0.jar:3.1.0]
	at org.springframework.boot.SpringApplication.callRunners(SpringApplication.java:751) ~[spring-boot-3.1.0.jar:3.1.0]
	at org.springframework.boot.SpringApplication.run(SpringApplication.java:318) ~[spring-boot-3.1.0.jar:3.1.0]
	at club.p6e.coat.auth.P6eAuthApplication.main(P6eAuthApplication.java:23) ~[classes/:na]
Caused by: java.lang.IllegalStateException: GenericApplicationContext does not support multiple refresh attempts: just call 'refresh' once
	at org.springframework.context.support.GenericApplicationContext.refreshBeanFactory(GenericApplicationContext.java:293) ~[spring-context-6.0.9.jar:6.0.9]
	at org.springframework.context.support.AbstractApplicationContext.obtainFreshBeanFactory(AbstractApplicationContext.java:696) ~[spring-context-6.0.9.jar:6.0.9]
	at org.springframework.context.support.AbstractApplicationContext.refresh(AbstractApplicationContext.java:578) ~[spring-context-6.0.9.jar:6.0.9]
	at org.springframework.boot.web.reactive.context.ReactiveWebServerApplicationContext.refresh(ReactiveWebServerApplicationContext.java:66) ~[spring-boot-3.1.0.jar:3.1.0]
	at club.p6e.coat.auth.AuthApplicationRunner.run(AuthApplicationRunner.java:230) ~[classes/:na]
	at org.springframework.boot.SpringApplication.callRunner(SpringApplication.java:761) ~[spring-boot-3.1.0.jar:3.1.0]
	... 3 common frames omitted
2024-03-19 15:21:06 [Thread-4] INFO - [ WEBSOCKET SERVICE ] ==> START SUCCESSFULLY... BIND ( 7422 )
2024-03-19 15:21:44 [main] ERROR - Application run failed
java.lang.IllegalStateException: org.springframework.boot.web.reactive.context.AnnotationConfigReactiveWebServerApplicationContext@26f3d90c has not been refreshed yet
	at org.springframework.context.support.AbstractApplicationContext.assertBeanFactoryActive(AbstractApplicationContext.java:1143) ~[spring-context-6.0.9.jar:6.0.9]
	at org.springframework.context.support.AbstractApplicationContext.getBean(AbstractApplicationContext.java:1173) ~[spring-context-6.0.9.jar:6.0.9]
	at club.p6e.coat.auth.AAA.initialize(AAA.java:17) ~[classes/:na]
	at org.springframework.boot.SpringApplication.applyInitializers(SpringApplication.java:606) ~[spring-boot-3.1.0.jar:3.1.0]
	at org.springframework.boot.SpringApplication.prepareContext(SpringApplication.java:386) ~[spring-boot-3.1.0.jar:3.1.0]
	at org.springframework.boot.SpringApplication.run(SpringApplication.java:310) ~[spring-boot-3.1.0.jar:3.1.0]
	at club.p6e.coat.auth.P6eAuthApplication.main(P6eAuthApplication.java:23) ~[classes/:na]
2024-03-19 15:25:14 [main] INFO - Starting P6eAuthApplication using Java 17.0.9 with PID 8740 (D:\CodeContents\github\p6e-coat-auth\p6e-coat-starter-auth\target\classes started by a1294 in D:\CodeContents\github\p6e-coat-auth)
2024-03-19 15:25:14 [main] INFO - No active profile set, falling back to 1 default profile: "default"
2024-03-19 15:25:14 [main] INFO - Multiple Spring Data modules found, entering strict repository configuration mode
2024-03-19 15:25:14 [main] INFO - Bootstrapping Spring Data R2DBC repositories in DEFAULT mode.
2024-03-19 15:25:14 [main] INFO - Finished Spring Data repository scanning in 17 ms. Found 0 R2DBC repository interfaces.
2024-03-19 15:25:14 [main] INFO - Multiple Spring Data modules found, entering strict repository configuration mode
2024-03-19 15:25:14 [main] INFO - Bootstrapping Spring Data Redis repositories in DEFAULT mode.
2024-03-19 15:25:14 [main] INFO - Finished Spring Data repository scanning in 3 ms. Found 0 Redis repository interfaces.
2024-03-19 15:25:15 [main] INFO - Netty started on port 7322
2024-03-19 15:25:15 [main] INFO - Started P6eAuthApplication in 1.418 seconds (process running for 1.764)
2024-03-19 15:25:15 [main] ERROR - Application run failed
java.lang.IllegalStateException: Failed to execute ApplicationRunner
	at org.springframework.boot.SpringApplication.callRunner(SpringApplication.java:764) ~[spring-boot-3.1.0.jar:3.1.0]
	at org.springframework.boot.SpringApplication.callRunners(SpringApplication.java:751) ~[spring-boot-3.1.0.jar:3.1.0]
	at org.springframework.boot.SpringApplication.run(SpringApplication.java:318) ~[spring-boot-3.1.0.jar:3.1.0]
	at club.p6e.coat.auth.P6eAuthApplication.main(P6eAuthApplication.java:21) ~[classes/:na]
Caused by: java.lang.IllegalStateException: GenericApplicationContext does not support multiple refresh attempts: just call 'refresh' once
	at org.springframework.context.support.GenericApplicationContext.refreshBeanFactory(GenericApplicationContext.java:293) ~[spring-context-6.0.9.jar:6.0.9]
	at org.springframework.context.support.AbstractApplicationContext.obtainFreshBeanFactory(AbstractApplicationContext.java:696) ~[spring-context-6.0.9.jar:6.0.9]
	at org.springframework.context.support.AbstractApplicationContext.refresh(AbstractApplicationContext.java:578) ~[spring-context-6.0.9.jar:6.0.9]
	at org.springframework.boot.web.reactive.context.ReactiveWebServerApplicationContext.refresh(ReactiveWebServerApplicationContext.java:66) ~[spring-boot-3.1.0.jar:3.1.0]
	at club.p6e.coat.auth.AuthApplicationRunner.run(AuthApplicationRunner.java:230) ~[classes/:na]
	at org.springframework.boot.SpringApplication.callRunner(SpringApplication.java:761) ~[spring-boot-3.1.0.jar:3.1.0]
	... 3 common frames omitted
2024-03-19 15:25:15 [Thread-4] INFO - [ WEBSOCKET SERVICE ] ==> START SUCCESSFULLY... BIND ( 7422 )
2024-03-19 15:26:35 [main] INFO - Starting P6eAuthApplication using Java 17.0.9 with PID 27752 (D:\CodeContents\github\p6e-coat-auth\p6e-coat-starter-auth\target\classes started by a1294 in D:\CodeContents\github\p6e-coat-auth)
2024-03-19 15:26:35 [main] INFO - No active profile set, falling back to 1 default profile: "default"
2024-03-19 15:26:36 [main] INFO - Multiple Spring Data modules found, entering strict repository configuration mode
2024-03-19 15:26:36 [main] INFO - Bootstrapping Spring Data R2DBC repositories in DEFAULT mode.
2024-03-19 15:26:36 [main] INFO - Finished Spring Data repository scanning in 16 ms. Found 0 R2DBC repository interfaces.
2024-03-19 15:26:36 [main] INFO - Multiple Spring Data modules found, entering strict repository configuration mode
2024-03-19 15:26:36 [main] INFO - Bootstrapping Spring Data Redis repositories in DEFAULT mode.
2024-03-19 15:26:36 [main] INFO - Finished Spring Data repository scanning in 3 ms. Found 0 Redis repository interfaces.
2024-03-19 15:26:36 [main] INFO - Netty started on port 7322
2024-03-19 15:26:36 [main] INFO - Started P6eAuthApplication in 1.315 seconds (process running for 1.671)
2024-03-19 15:26:36 [main] ERROR - Application run failed
java.lang.IllegalStateException: Failed to execute ApplicationRunner
	at org.springframework.boot.SpringApplication.callRunner(SpringApplication.java:764) ~[spring-boot-3.1.0.jar:3.1.0]
	at org.springframework.boot.SpringApplication.callRunners(SpringApplication.java:751) ~[spring-boot-3.1.0.jar:3.1.0]
	at org.springframework.boot.SpringApplication.run(SpringApplication.java:318) ~[spring-boot-3.1.0.jar:3.1.0]
	at club.p6e.coat.auth.P6eAuthApplication.main(P6eAuthApplication.java:21) ~[classes/:na]
Caused by: java.lang.IllegalStateException: GenericApplicationContext does not support multiple refresh attempts: just call 'refresh' once
	at org.springframework.context.support.GenericApplicationContext.refreshBeanFactory(GenericApplicationContext.java:293) ~[spring-context-6.0.9.jar:6.0.9]
	at org.springframework.context.support.AbstractApplicationContext.obtainFreshBeanFactory(AbstractApplicationContext.java:696) ~[spring-context-6.0.9.jar:6.0.9]
	at org.springframework.context.support.AbstractApplicationContext.refresh(AbstractApplicationContext.java:578) ~[spring-context-6.0.9.jar:6.0.9]
	at org.springframework.boot.web.reactive.context.ReactiveWebServerApplicationContext.refresh(ReactiveWebServerApplicationContext.java:66) ~[spring-boot-3.1.0.jar:3.1.0]
	at club.p6e.coat.auth.AuthApplicationRunner.run(AuthApplicationRunner.java:230) ~[classes/:na]
	at org.springframework.boot.SpringApplication.callRunner(SpringApplication.java:761) ~[spring-boot-3.1.0.jar:3.1.0]
	... 3 common frames omitted
2024-03-19 15:26:36 [Thread-4] INFO - [ WEBSOCKET SERVICE ] ==> START SUCCESSFULLY... BIND ( 7422 )
2024-03-19 15:28:25 [main] INFO - Starting P6eAuthApplication using Java 17.0.9 with PID 22656 (D:\CodeContents\github\p6e-coat-auth\p6e-coat-starter-auth\target\classes started by a1294 in D:\CodeContents\github\p6e-coat-auth)
2024-03-19 15:28:25 [main] INFO - No active profile set, falling back to 1 default profile: "default"
2024-03-19 15:28:26 [main] INFO - Multiple Spring Data modules found, entering strict repository configuration mode
2024-03-19 15:28:26 [main] INFO - Bootstrapping Spring Data R2DBC repositories in DEFAULT mode.
2024-03-19 15:28:26 [main] INFO - Finished Spring Data repository scanning in 20 ms. Found 0 R2DBC repository interfaces.
2024-03-19 15:28:26 [main] INFO - Multiple Spring Data modules found, entering strict repository configuration mode
2024-03-19 15:28:26 [main] INFO - Bootstrapping Spring Data Redis repositories in DEFAULT mode.
2024-03-19 15:28:26 [main] INFO - Finished Spring Data repository scanning in 4 ms. Found 0 Redis repository interfaces.
2024-03-19 15:28:27 [main] INFO - Netty started on port 7322
2024-03-19 15:28:27 [main] INFO - Started P6eAuthApplication in 1.422 seconds (process running for 1.785)
2024-03-19 15:28:27 [main] ERROR - Application run failed
java.lang.IllegalStateException: Failed to execute ApplicationRunner
	at org.springframework.boot.SpringApplication.callRunner(SpringApplication.java:764) ~[spring-boot-3.1.0.jar:3.1.0]
	at org.springframework.boot.SpringApplication.callRunners(SpringApplication.java:751) ~[spring-boot-3.1.0.jar:3.1.0]
	at org.springframework.boot.SpringApplication.run(SpringApplication.java:318) ~[spring-boot-3.1.0.jar:3.1.0]
	at club.p6e.coat.auth.P6eAuthApplication.main(P6eAuthApplication.java:21) ~[classes/:na]
Caused by: java.lang.IllegalStateException: GenericApplicationContext does not support multiple refresh attempts: just call 'refresh' once
	at org.springframework.context.support.GenericApplicationContext.refreshBeanFactory(GenericApplicationContext.java:293) ~[spring-context-6.0.9.jar:6.0.9]
	at org.springframework.context.support.AbstractApplicationContext.obtainFreshBeanFactory(AbstractApplicationContext.java:696) ~[spring-context-6.0.9.jar:6.0.9]
	at org.springframework.context.support.AbstractApplicationContext.refresh(AbstractApplicationContext.java:578) ~[spring-context-6.0.9.jar:6.0.9]
	at org.springframework.boot.web.reactive.context.ReactiveWebServerApplicationContext.refresh(ReactiveWebServerApplicationContext.java:66) ~[spring-boot-3.1.0.jar:3.1.0]
	at club.p6e.coat.auth.AuthApplicationRunner.run(AuthApplicationRunner.java:230) ~[classes/:na]
	at org.springframework.boot.SpringApplication.callRunner(SpringApplication.java:761) ~[spring-boot-3.1.0.jar:3.1.0]
	... 3 common frames omitted
2024-03-19 15:28:27 [Thread-4] INFO - [ WEBSOCKET SERVICE ] ==> START SUCCESSFULLY... BIND ( 7422 )
2024-03-19 15:29:55 [main] INFO - Starting P6eAuthApplication using Java 17.0.9 with PID 6240 (D:\CodeContents\github\p6e-coat-auth\p6e-coat-starter-auth\target\classes started by a1294 in D:\CodeContents\github\p6e-coat-auth)
2024-03-19 15:29:55 [main] INFO - No active profile set, falling back to 1 default profile: "default"
2024-03-19 15:29:55 [main] ERROR - Application run failed
java.lang.IllegalStateException: org.springframework.boot.web.reactive.context.AnnotationConfigReactiveWebServerApplicationContext@30865a90 has not been refreshed yet
	at org.springframework.context.support.AbstractApplicationContext.assertBeanFactoryActive(AbstractApplicationContext.java:1143) ~[spring-context-6.0.9.jar:6.0.9]
	at org.springframework.context.support.AbstractApplicationContext.getBean(AbstractApplicationContext.java:1173) ~[spring-context-6.0.9.jar:6.0.9]
	at club.p6e.coat.auth.AAA.contextLoaded(AAA.java:26) ~[classes/:na]
	at org.springframework.boot.SpringApplicationRunListeners.lambda$contextLoaded$4(SpringApplicationRunListeners.java:72) ~[spring-boot-3.1.0.jar:3.1.0]
	at java.base/java.lang.Iterable.forEach(Iterable.java:75) ~[na:na]
	at org.springframework.boot.SpringApplicationRunListeners.doWithListeners(SpringApplicationRunListeners.java:118) ~[spring-boot-3.1.0.jar:3.1.0]
	at org.springframework.boot.SpringApplicationRunListeners.doWithListeners(SpringApplicationRunListeners.java:112) ~[spring-boot-3.1.0.jar:3.1.0]
	at org.springframework.boot.SpringApplicationRunListeners.contextLoaded(SpringApplicationRunListeners.java:72) ~[spring-boot-3.1.0.jar:3.1.0]
	at org.springframework.boot.SpringApplication.prepareContext(SpringApplication.java:415) ~[spring-boot-3.1.0.jar:3.1.0]
	at org.springframework.boot.SpringApplication.run(SpringApplication.java:310) ~[spring-boot-3.1.0.jar:3.1.0]
	at club.p6e.coat.auth.P6eAuthApplication.main(P6eAuthApplication.java:21) ~[classes/:na]
2024-03-19 15:33:28 [main] INFO - Starting P6eAuthApplication using Java 17.0.9 with PID 16480 (D:\CodeContents\github\p6e-coat-auth\p6e-coat-starter-auth\target\classes started by a1294 in D:\CodeContents\github\p6e-coat-auth)
2024-03-19 15:33:28 [main] INFO - No active profile set, falling back to 1 default profile: "default"
2024-03-19 15:33:28 [main] ERROR - Application run failed
java.lang.IllegalStateException: org.springframework.boot.web.reactive.context.AnnotationConfigReactiveWebServerApplicationContext@30865a90 has not been refreshed yet
	at org.springframework.context.support.AbstractApplicationContext.assertBeanFactoryActive(AbstractApplicationContext.java:1143) ~[spring-context-6.0.9.jar:6.0.9]
	at org.springframework.context.support.AbstractApplicationContext.getBean(AbstractApplicationContext.java:1155) ~[spring-context-6.0.9.jar:6.0.9]
	at club.p6e.coat.auth.AAA.contextLoaded(AAA.java:20) ~[classes/:na]
	at org.springframework.boot.SpringApplicationRunListeners.lambda$contextLoaded$4(SpringApplicationRunListeners.java:72) ~[spring-boot-3.1.0.jar:3.1.0]
	at java.base/java.lang.Iterable.forEach(Iterable.java:75) ~[na:na]
	at org.springframework.boot.SpringApplicationRunListeners.doWithListeners(SpringApplicationRunListeners.java:118) ~[spring-boot-3.1.0.jar:3.1.0]
	at org.springframework.boot.SpringApplicationRunListeners.doWithListeners(SpringApplicationRunListeners.java:112) ~[spring-boot-3.1.0.jar:3.1.0]
	at org.springframework.boot.SpringApplicationRunListeners.contextLoaded(SpringApplicationRunListeners.java:72) ~[spring-boot-3.1.0.jar:3.1.0]
	at org.springframework.boot.SpringApplication.prepareContext(SpringApplication.java:415) ~[spring-boot-3.1.0.jar:3.1.0]
	at org.springframework.boot.SpringApplication.run(SpringApplication.java:310) ~[spring-boot-3.1.0.jar:3.1.0]
	at club.p6e.coat.auth.P6eAuthApplication.main(P6eAuthApplication.java:21) ~[classes/:na]
2024-03-19 15:36:31 [main] ERROR - Application run failed
java.lang.IllegalStateException: org.springframework.boot.web.reactive.context.AnnotationConfigReactiveWebServerApplicationContext@6134ac4a has not been refreshed yet
	at org.springframework.context.support.AbstractApplicationContext.assertBeanFactoryActive(AbstractApplicationContext.java:1143) ~[spring-context-6.0.9.jar:6.0.9]
	at org.springframework.context.support.AbstractApplicationContext.getBean(AbstractApplicationContext.java:1173) ~[spring-context-6.0.9.jar:6.0.9]
	at club.p6e.coat.auth.BBB.initialize(BBB.java:13) ~[classes/:na]
	at org.springframework.boot.SpringApplication.applyInitializers(SpringApplication.java:606) ~[spring-boot-3.1.0.jar:3.1.0]
	at org.springframework.boot.SpringApplication.prepareContext(SpringApplication.java:386) ~[spring-boot-3.1.0.jar:3.1.0]
	at org.springframework.boot.SpringApplication.run(SpringApplication.java:310) ~[spring-boot-3.1.0.jar:3.1.0]
	at club.p6e.coat.auth.P6eAuthApplication.main(P6eAuthApplication.java:23) ~[classes/:na]
2024-03-19 15:39:37 [main] INFO - Starting P6eAuthApplication using Java 17.0.9 with PID 26008 (D:\CodeContents\github\p6e-coat-auth\p6e-coat-starter-auth\target\classes started by a1294 in D:\CodeContents\github\p6e-coat-auth)
2024-03-19 15:39:37 [main] INFO - No active profile set, falling back to 1 default profile: "default"
2024-03-19 15:39:37 [main] INFO - Multiple Spring Data modules found, entering strict repository configuration mode
2024-03-19 15:39:37 [main] INFO - Bootstrapping Spring Data R2DBC repositories in DEFAULT mode.
2024-03-19 15:39:37 [main] INFO - Finished Spring Data repository scanning in 17 ms. Found 0 R2DBC repository interfaces.
2024-03-19 15:39:37 [main] INFO - Multiple Spring Data modules found, entering strict repository configuration mode
2024-03-19 15:39:37 [main] INFO - Bootstrapping Spring Data Redis repositories in DEFAULT mode.
2024-03-19 15:39:37 [main] INFO - Finished Spring Data repository scanning in 4 ms. Found 0 Redis repository interfaces.
2024-03-19 15:39:38 [main] INFO - Netty started on port 7322
2024-03-19 15:39:38 [main] INFO - Started P6eAuthApplication in 1.444 seconds (process running for 1.799)
2024-03-19 15:40:01 [main] INFO - Starting P6eAuthApplication using Java 17.0.9 with PID 21384 (D:\CodeContents\github\p6e-coat-auth\p6e-coat-starter-auth\target\classes started by a1294 in D:\CodeContents\github\p6e-coat-auth)
2024-03-19 15:40:01 [main] INFO - No active profile set, falling back to 1 default profile: "default"
2024-03-19 15:40:02 [main] INFO - Multiple Spring Data modules found, entering strict repository configuration mode
2024-03-19 15:40:02 [main] INFO - Bootstrapping Spring Data R2DBC repositories in DEFAULT mode.
2024-03-19 15:40:02 [main] INFO - Finished Spring Data repository scanning in 17 ms. Found 0 R2DBC repository interfaces.
2024-03-19 15:40:02 [main] INFO - Multiple Spring Data modules found, entering strict repository configuration mode
2024-03-19 15:40:02 [main] INFO - Bootstrapping Spring Data Redis repositories in DEFAULT mode.
2024-03-19 15:40:02 [main] INFO - Finished Spring Data repository scanning in 3 ms. Found 0 Redis repository interfaces.
2024-03-19 15:40:02 [main] INFO - Netty started on port 7322
2024-03-19 15:40:02 [main] INFO - Started P6eAuthApplication in 1.333 seconds (process running for 1.722)
2024-03-19 15:40:02 [main] ERROR - Application run failed
java.lang.IllegalStateException: Failed to execute ApplicationRunner
	at org.springframework.boot.SpringApplication.callRunner(SpringApplication.java:764) ~[spring-boot-3.1.0.jar:3.1.0]
	at org.springframework.boot.SpringApplication.callRunners(SpringApplication.java:751) ~[spring-boot-3.1.0.jar:3.1.0]
	at org.springframework.boot.SpringApplication.run(SpringApplication.java:318) ~[spring-boot-3.1.0.jar:3.1.0]
	at club.p6e.coat.auth.P6eAuthApplication.main(P6eAuthApplication.java:24) ~[classes/:na]
Caused by: java.lang.IllegalStateException: GenericApplicationContext does not support multiple refresh attempts: just call 'refresh' once
	at org.springframework.context.support.GenericApplicationContext.refreshBeanFactory(GenericApplicationContext.java:293) ~[spring-context-6.0.9.jar:6.0.9]
	at org.springframework.context.support.AbstractApplicationContext.obtainFreshBeanFactory(AbstractApplicationContext.java:696) ~[spring-context-6.0.9.jar:6.0.9]
	at org.springframework.context.support.AbstractApplicationContext.refresh(AbstractApplicationContext.java:578) ~[spring-context-6.0.9.jar:6.0.9]
	at org.springframework.boot.web.reactive.context.ReactiveWebServerApplicationContext.refresh(ReactiveWebServerApplicationContext.java:66) ~[spring-boot-3.1.0.jar:3.1.0]
	at club.p6e.coat.auth.AuthApplicationRunner.run(AuthApplicationRunner.java:56) ~[classes/:na]
	at org.springframework.boot.SpringApplication.callRunner(SpringApplication.java:761) ~[spring-boot-3.1.0.jar:3.1.0]
	... 3 common frames omitted
2024-03-19 15:45:58 [main] INFO - Starting P6eAuthApplication using Java 17.0.9 with PID 18076 (D:\CodeContents\github\p6e-coat-auth\p6e-coat-starter-auth\target\classes started by a1294 in D:\CodeContents\github\p6e-coat-auth)
2024-03-19 15:45:58 [main] INFO - No active profile set, falling back to 1 default profile: "default"
2024-03-19 15:45:59 [main] INFO - Multiple Spring Data modules found, entering strict repository configuration mode
2024-03-19 15:45:59 [main] INFO - Bootstrapping Spring Data R2DBC repositories in DEFAULT mode.
2024-03-19 15:45:59 [main] INFO - Finished Spring Data repository scanning in 17 ms. Found 0 R2DBC repository interfaces.
2024-03-19 15:45:59 [main] INFO - Multiple Spring Data modules found, entering strict repository configuration mode
2024-03-19 15:45:59 [main] INFO - Bootstrapping Spring Data Redis repositories in DEFAULT mode.
2024-03-19 15:45:59 [main] INFO - Finished Spring Data repository scanning in 3 ms. Found 0 Redis repository interfaces.
2024-03-19 15:45:59 [main] WARN - Exception encountered during context initialization - cancelling refresh attempt: org.springframework.beans.factory.BeanCreationException: Error creating bean with name 'authApplicationRunner' defined in file [D:\CodeContents\github\p6e-coat-auth\p6e-coat-starter-auth\target\classes\club\p6e\coat\auth\AuthApplicationRunner.class]: Failed to instantiate [club.p6e.coat.auth.AuthApplicationRunner]: No default constructor found
2024-03-19 15:45:59 [main] INFO - 

Error starting ApplicationContext. To display the condition evaluation report re-run your application with 'debug' enabled.
2024-03-19 15:45:59 [main] ERROR - Application run failed
org.springframework.beans.factory.BeanCreationException: Error creating bean with name 'authApplicationRunner' defined in file [D:\CodeContents\github\p6e-coat-auth\p6e-coat-starter-auth\target\classes\club\p6e\coat\auth\AuthApplicationRunner.class]: Failed to instantiate [club.p6e.coat.auth.AuthApplicationRunner]: No default constructor found
	at org.springframework.beans.factory.support.AbstractAutowireCapableBeanFactory.instantiateBean(AbstractAutowireCapableBeanFactory.java:1314) ~[spring-beans-6.0.9.jar:6.0.9]
	at org.springframework.beans.factory.support.AbstractAutowireCapableBeanFactory.createBeanInstance(AbstractAutowireCapableBeanFactory.java:1199) ~[spring-beans-6.0.9.jar:6.0.9]
	at org.springframework.beans.factory.support.AbstractAutowireCapableBeanFactory.doCreateBean(AbstractAutowireCapableBeanFactory.java:560) ~[spring-beans-6.0.9.jar:6.0.9]
	at org.springframework.beans.factory.support.AbstractAutowireCapableBeanFactory.createBean(AbstractAutowireCapableBeanFactory.java:520) ~[spring-beans-6.0.9.jar:6.0.9]
	at org.springframework.beans.factory.support.AbstractBeanFactory.lambda$doGetBean$0(AbstractBeanFactory.java:326) ~[spring-beans-6.0.9.jar:6.0.9]
	at org.springframework.beans.factory.support.DefaultSingletonBeanRegistry.getSingleton(DefaultSingletonBeanRegistry.java:234) ~[spring-beans-6.0.9.jar:6.0.9]
	at org.springframework.beans.factory.support.AbstractBeanFactory.doGetBean(AbstractBeanFactory.java:324) ~[spring-beans-6.0.9.jar:6.0.9]
	at org.springframework.beans.factory.support.AbstractBeanFactory.getBean(AbstractBeanFactory.java:205) ~[spring-beans-6.0.9.jar:6.0.9]
	at org.springframework.context.support.PostProcessorRegistrationDelegate.invokeBeanFactoryPostProcessors(PostProcessorRegistrationDelegate.java:138) ~[spring-context-6.0.9.jar:6.0.9]
	at org.springframework.context.support.AbstractApplicationContext.invokeBeanFactoryPostProcessors(AbstractApplicationContext.java:771) ~[spring-context-6.0.9.jar:6.0.9]
	at org.springframework.context.support.AbstractApplicationContext.refresh(AbstractApplicationContext.java:589) ~[spring-context-6.0.9.jar:6.0.9]
	at org.springframework.boot.web.reactive.context.ReactiveWebServerApplicationContext.refresh(ReactiveWebServerApplicationContext.java:66) ~[spring-boot-3.1.0.jar:3.1.0]
	at org.springframework.boot.SpringApplication.refresh(SpringApplication.java:733) ~[spring-boot-3.1.0.jar:3.1.0]
	at org.springframework.boot.SpringApplication.refreshContext(SpringApplication.java:435) ~[spring-boot-3.1.0.jar:3.1.0]
	at org.springframework.boot.SpringApplication.run(SpringApplication.java:311) ~[spring-boot-3.1.0.jar:3.1.0]
	at club.p6e.coat.auth.P6eAuthApplication.main(P6eAuthApplication.java:24) ~[classes/:na]
Caused by: org.springframework.beans.BeanInstantiationException: Failed to instantiate [club.p6e.coat.auth.AuthApplicationRunner]: No default constructor found
	at org.springframework.beans.factory.support.SimpleInstantiationStrategy.instantiate(SimpleInstantiationStrategy.java:83) ~[spring-beans-6.0.9.jar:6.0.9]
	at org.springframework.beans.factory.support.AbstractAutowireCapableBeanFactory.instantiateBean(AbstractAutowireCapableBeanFactory.java:1308) ~[spring-beans-6.0.9.jar:6.0.9]
	... 15 common frames omitted
Caused by: java.lang.NoSuchMethodException: club.p6e.coat.auth.AuthApplicationRunner.<init>()
	at java.base/java.lang.Class.getConstructor0(Class.java:3585) ~[na:na]
	at java.base/java.lang.Class.getDeclaredConstructor(Class.java:2754) ~[na:na]
	at org.springframework.beans.factory.support.SimpleInstantiationStrategy.instantiate(SimpleInstantiationStrategy.java:79) ~[spring-beans-6.0.9.jar:6.0.9]
	... 16 common frames omitted
2024-03-19 15:46:39 [main] INFO - Starting P6eAuthApplication using Java 17.0.9 with PID 24224 (D:\CodeContents\github\p6e-coat-auth\p6e-coat-starter-auth\target\classes started by a1294 in D:\CodeContents\github\p6e-coat-auth)
2024-03-19 15:46:39 [main] INFO - No active profile set, falling back to 1 default profile: "default"
2024-03-19 15:46:40 [main] INFO - Multiple Spring Data modules found, entering strict repository configuration mode
2024-03-19 15:46:40 [main] INFO - Bootstrapping Spring Data R2DBC repositories in DEFAULT mode.
2024-03-19 15:46:40 [main] INFO - Finished Spring Data repository scanning in 16 ms. Found 0 R2DBC repository interfaces.
2024-03-19 15:46:40 [main] INFO - Multiple Spring Data modules found, entering strict repository configuration mode
2024-03-19 15:46:40 [main] INFO - Bootstrapping Spring Data Redis repositories in DEFAULT mode.
2024-03-19 15:46:40 [main] INFO - Finished Spring Data repository scanning in 4 ms. Found 0 Redis repository interfaces.
2024-03-19 15:46:40 [main] INFO - Netty started on port 7322
2024-03-19 15:46:40 [main] INFO - Started P6eAuthApplication in 1.345 seconds (process running for 1.69)
2024-03-19 15:47:58 [main] INFO - Starting P6eAuthApplication using Java 17.0.9 with PID 15512 (D:\CodeContents\github\p6e-coat-auth\p6e-coat-starter-auth\target\classes started by a1294 in D:\CodeContents\github\p6e-coat-auth)
2024-03-19 15:47:58 [main] INFO - No active profile set, falling back to 1 default profile: "default"
2024-03-19 15:47:59 [main] INFO - Multiple Spring Data modules found, entering strict repository configuration mode
2024-03-19 15:47:59 [main] INFO - Bootstrapping Spring Data R2DBC repositories in DEFAULT mode.
2024-03-19 15:47:59 [main] INFO - Finished Spring Data repository scanning in 16 ms. Found 0 R2DBC repository interfaces.
2024-03-19 15:47:59 [main] INFO - Multiple Spring Data modules found, entering strict repository configuration mode
2024-03-19 15:47:59 [main] INFO - Bootstrapping Spring Data Redis repositories in DEFAULT mode.
2024-03-19 15:47:59 [main] INFO - Finished Spring Data repository scanning in 3 ms. Found 0 Redis repository interfaces.
2024-03-19 15:47:59 [main] INFO - Netty started on port 7322
2024-03-19 15:47:59 [main] INFO - Started P6eAuthApplication in 1.39 seconds (process running for 1.749)
2024-03-19 15:52:41 [main] INFO - Starting P6eAuthApplication using Java 17.0.9 with PID 27948 (D:\CodeContents\github\p6e-coat-auth\p6e-coat-starter-auth\target\classes started by a1294 in D:\CodeContents\github\p6e-coat-auth)
2024-03-19 15:52:41 [main] INFO - No active profile set, falling back to 1 default profile: "default"
2024-03-19 15:52:42 [main] INFO - Multiple Spring Data modules found, entering strict repository configuration mode
2024-03-19 15:52:42 [main] INFO - Bootstrapping Spring Data R2DBC repositories in DEFAULT mode.
2024-03-19 15:52:42 [main] INFO - Finished Spring Data repository scanning in 17 ms. Found 0 R2DBC repository interfaces.
2024-03-19 15:52:42 [main] INFO - Multiple Spring Data modules found, entering strict repository configuration mode
2024-03-19 15:52:42 [main] INFO - Bootstrapping Spring Data Redis repositories in DEFAULT mode.
2024-03-19 15:52:42 [main] INFO - Finished Spring Data repository scanning in 4 ms. Found 0 Redis repository interfaces.
2024-03-19 15:52:42 [main] ERROR - Application run failed
java.lang.ClassCastException: class org.springframework.context.annotation.ScannedGenericBeanDefinition cannot be cast to class club.p6e.coat.auth.Properties (org.springframework.context.annotation.ScannedGenericBeanDefinition and club.p6e.coat.auth.Properties are in unnamed module of loader 'app')
	at club.p6e.coat.auth.AuthApplicationRunner.postProcessBeanDefinitionRegistry(AuthApplicationRunner.java:736) ~[classes/:na]
	at org.springframework.context.support.PostProcessorRegistrationDelegate.invokeBeanDefinitionRegistryPostProcessors(PostProcessorRegistrationDelegate.java:344) ~[spring-context-6.0.9.jar:6.0.9]
	at org.springframework.context.support.PostProcessorRegistrationDelegate.invokeBeanFactoryPostProcessors(PostProcessorRegistrationDelegate.java:145) ~[spring-context-6.0.9.jar:6.0.9]
	at org.springframework.context.support.AbstractApplicationContext.invokeBeanFactoryPostProcessors(AbstractApplicationContext.java:771) ~[spring-context-6.0.9.jar:6.0.9]
	at org.springframework.context.support.AbstractApplicationContext.refresh(AbstractApplicationContext.java:589) ~[spring-context-6.0.9.jar:6.0.9]
	at org.springframework.boot.web.reactive.context.ReactiveWebServerApplicationContext.refresh(ReactiveWebServerApplicationContext.java:66) ~[spring-boot-3.1.0.jar:3.1.0]
	at org.springframework.boot.SpringApplication.refresh(SpringApplication.java:733) ~[spring-boot-3.1.0.jar:3.1.0]
	at org.springframework.boot.SpringApplication.refreshContext(SpringApplication.java:435) ~[spring-boot-3.1.0.jar:3.1.0]
	at org.springframework.boot.SpringApplication.run(SpringApplication.java:311) ~[spring-boot-3.1.0.jar:3.1.0]
	at club.p6e.coat.auth.P6eAuthApplication.main(P6eAuthApplication.java:24) ~[classes/:na]
2024-03-19 15:53:34 [main] INFO - Starting P6eAuthApplication using Java 17.0.9 with PID 13968 (D:\CodeContents\github\p6e-coat-auth\p6e-coat-starter-auth\target\classes started by a1294 in D:\CodeContents\github\p6e-coat-auth)
2024-03-19 15:53:34 [main] INFO - No active profile set, falling back to 1 default profile: "default"
2024-03-19 15:53:34 [main] INFO - Multiple Spring Data modules found, entering strict repository configuration mode
2024-03-19 15:53:34 [main] INFO - Bootstrapping Spring Data R2DBC repositories in DEFAULT mode.
2024-03-19 15:53:34 [main] INFO - Finished Spring Data repository scanning in 17 ms. Found 0 R2DBC repository interfaces.
2024-03-19 15:53:34 [main] INFO - Multiple Spring Data modules found, entering strict repository configuration mode
2024-03-19 15:53:34 [main] INFO - Bootstrapping Spring Data Redis repositories in DEFAULT mode.
2024-03-19 15:53:34 [main] INFO - Finished Spring Data repository scanning in 3 ms. Found 0 Redis repository interfaces.
2024-03-19 15:53:34 [main] ERROR - Application run failed
java.lang.ClassCastException: class org.springframework.context.annotation.ScannedGenericBeanDefinition cannot be cast to class club.p6e.coat.auth.Properties (org.springframework.context.annotation.ScannedGenericBeanDefinition and club.p6e.coat.auth.Properties are in unnamed module of loader 'app')
	at club.p6e.coat.auth.AuthApplicationRunner.postProcessBeanDefinitionRegistry(AuthApplicationRunner.java:734) ~[classes/:na]
	at org.springframework.context.support.PostProcessorRegistrationDelegate.invokeBeanDefinitionRegistryPostProcessors(PostProcessorRegistrationDelegate.java:344) ~[spring-context-6.0.9.jar:6.0.9]
	at org.springframework.context.support.PostProcessorRegistrationDelegate.invokeBeanFactoryPostProcessors(PostProcessorRegistrationDelegate.java:145) ~[spring-context-6.0.9.jar:6.0.9]
	at org.springframework.context.support.AbstractApplicationContext.invokeBeanFactoryPostProcessors(AbstractApplicationContext.java:771) ~[spring-context-6.0.9.jar:6.0.9]
	at org.springframework.context.support.AbstractApplicationContext.refresh(AbstractApplicationContext.java:589) ~[spring-context-6.0.9.jar:6.0.9]
	at org.springframework.boot.web.reactive.context.ReactiveWebServerApplicationContext.refresh(ReactiveWebServerApplicationContext.java:66) ~[spring-boot-3.1.0.jar:3.1.0]
	at org.springframework.boot.SpringApplication.refresh(SpringApplication.java:733) ~[spring-boot-3.1.0.jar:3.1.0]
	at org.springframework.boot.SpringApplication.refreshContext(SpringApplication.java:435) ~[spring-boot-3.1.0.jar:3.1.0]
	at org.springframework.boot.SpringApplication.run(SpringApplication.java:311) ~[spring-boot-3.1.0.jar:3.1.0]
	at club.p6e.coat.auth.P6eAuthApplication.main(P6eAuthApplication.java:24) ~[classes/:na]
2024-03-19 15:54:46 [main] INFO - Starting P6eAuthApplication using Java 17.0.9 with PID 9612 (D:\CodeContents\github\p6e-coat-auth\p6e-coat-starter-auth\target\classes started by a1294 in D:\CodeContents\github\p6e-coat-auth)
2024-03-19 15:54:46 [main] INFO - No active profile set, falling back to 1 default profile: "default"
2024-03-19 15:54:46 [main] INFO - Multiple Spring Data modules found, entering strict repository configuration mode
2024-03-19 15:54:46 [main] INFO - Bootstrapping Spring Data R2DBC repositories in DEFAULT mode.
2024-03-19 15:54:46 [main] INFO - Finished Spring Data repository scanning in 16 ms. Found 0 R2DBC repository interfaces.
2024-03-19 15:54:46 [main] INFO - Multiple Spring Data modules found, entering strict repository configuration mode
2024-03-19 15:54:46 [main] INFO - Bootstrapping Spring Data Redis repositories in DEFAULT mode.
2024-03-19 15:54:46 [main] INFO - Finished Spring Data repository scanning in 3 ms. Found 0 Redis repository interfaces.
2024-03-19 15:54:46 [main] ERROR - Application run failed
java.lang.ClassCastException: class org.springframework.context.annotation.ScannedGenericBeanDefinition cannot be cast to class club.p6e.coat.auth.Properties (org.springframework.context.annotation.ScannedGenericBeanDefinition and club.p6e.coat.auth.Properties are in unnamed module of loader 'app')
	at club.p6e.coat.auth.AuthApplicationRunner.postProcessBeanDefinitionRegistry(AuthApplicationRunner.java:734) ~[classes/:na]
	at org.springframework.context.support.PostProcessorRegistrationDelegate.invokeBeanDefinitionRegistryPostProcessors(PostProcessorRegistrationDelegate.java:344) ~[spring-context-6.0.9.jar:6.0.9]
	at org.springframework.context.support.PostProcessorRegistrationDelegate.invokeBeanFactoryPostProcessors(PostProcessorRegistrationDelegate.java:145) ~[spring-context-6.0.9.jar:6.0.9]
	at org.springframework.context.support.AbstractApplicationContext.invokeBeanFactoryPostProcessors(AbstractApplicationContext.java:771) ~[spring-context-6.0.9.jar:6.0.9]
	at org.springframework.context.support.AbstractApplicationContext.refresh(AbstractApplicationContext.java:589) ~[spring-context-6.0.9.jar:6.0.9]
	at org.springframework.boot.web.reactive.context.ReactiveWebServerApplicationContext.refresh(ReactiveWebServerApplicationContext.java:66) ~[spring-boot-3.1.0.jar:3.1.0]
	at org.springframework.boot.SpringApplication.refresh(SpringApplication.java:733) ~[spring-boot-3.1.0.jar:3.1.0]
	at org.springframework.boot.SpringApplication.refreshContext(SpringApplication.java:435) ~[spring-boot-3.1.0.jar:3.1.0]
	at org.springframework.boot.SpringApplication.run(SpringApplication.java:311) ~[spring-boot-3.1.0.jar:3.1.0]
	at club.p6e.coat.auth.P6eAuthApplication.main(P6eAuthApplication.java:24) ~[classes/:na]
2024-03-19 15:55:01 [main] INFO - Starting P6eAuthApplication using Java 17.0.9 with PID 29612 (D:\CodeContents\github\p6e-coat-auth\p6e-coat-starter-auth\target\classes started by a1294 in D:\CodeContents\github\p6e-coat-auth)
2024-03-19 15:55:01 [main] INFO - No active profile set, falling back to 1 default profile: "default"
2024-03-19 15:55:02 [main] INFO - Multiple Spring Data modules found, entering strict repository configuration mode
2024-03-19 15:55:02 [main] INFO - Bootstrapping Spring Data R2DBC repositories in DEFAULT mode.
2024-03-19 15:55:02 [main] INFO - Finished Spring Data repository scanning in 16 ms. Found 0 R2DBC repository interfaces.
2024-03-19 15:55:02 [main] INFO - Multiple Spring Data modules found, entering strict repository configuration mode
2024-03-19 15:55:02 [main] INFO - Bootstrapping Spring Data Redis repositories in DEFAULT mode.
2024-03-19 15:55:02 [main] INFO - Finished Spring Data repository scanning in 3 ms. Found 0 Redis repository interfaces.
2024-03-19 15:55:02 [main] ERROR - Application run failed
java.lang.ClassCastException: class org.springframework.context.annotation.ScannedGenericBeanDefinition cannot be cast to class club.p6e.coat.auth.Properties (org.springframework.context.annotation.ScannedGenericBeanDefinition and club.p6e.coat.auth.Properties are in unnamed module of loader 'app')
	at club.p6e.coat.auth.AuthApplicationRunner.postProcessBeanDefinitionRegistry(AuthApplicationRunner.java:735) ~[classes/:na]
	at org.springframework.context.support.PostProcessorRegistrationDelegate.invokeBeanDefinitionRegistryPostProcessors(PostProcessorRegistrationDelegate.java:344) ~[spring-context-6.0.9.jar:6.0.9]
	at org.springframework.context.support.PostProcessorRegistrationDelegate.invokeBeanFactoryPostProcessors(PostProcessorRegistrationDelegate.java:145) ~[spring-context-6.0.9.jar:6.0.9]
	at org.springframework.context.support.AbstractApplicationContext.invokeBeanFactoryPostProcessors(AbstractApplicationContext.java:771) ~[spring-context-6.0.9.jar:6.0.9]
	at org.springframework.context.support.AbstractApplicationContext.refresh(AbstractApplicationContext.java:589) ~[spring-context-6.0.9.jar:6.0.9]
	at org.springframework.boot.web.reactive.context.ReactiveWebServerApplicationContext.refresh(ReactiveWebServerApplicationContext.java:66) ~[spring-boot-3.1.0.jar:3.1.0]
	at org.springframework.boot.SpringApplication.refresh(SpringApplication.java:733) ~[spring-boot-3.1.0.jar:3.1.0]
	at org.springframework.boot.SpringApplication.refreshContext(SpringApplication.java:435) ~[spring-boot-3.1.0.jar:3.1.0]
	at org.springframework.boot.SpringApplication.run(SpringApplication.java:311) ~[spring-boot-3.1.0.jar:3.1.0]
	at club.p6e.coat.auth.P6eAuthApplication.main(P6eAuthApplication.java:24) ~[classes/:na]
2024-03-19 15:55:41 [main] INFO - Starting P6eAuthApplication using Java 17.0.9 with PID 23688 (D:\CodeContents\github\p6e-coat-auth\p6e-coat-starter-auth\target\classes started by a1294 in D:\CodeContents\github\p6e-coat-auth)
2024-03-19 15:55:41 [main] INFO - No active profile set, falling back to 1 default profile: "default"
2024-03-19 15:55:42 [main] INFO - Multiple Spring Data modules found, entering strict repository configuration mode
2024-03-19 15:55:42 [main] INFO - Bootstrapping Spring Data R2DBC repositories in DEFAULT mode.
2024-03-19 15:55:42 [main] INFO - Finished Spring Data repository scanning in 16 ms. Found 0 R2DBC repository interfaces.
2024-03-19 15:55:42 [main] INFO - Multiple Spring Data modules found, entering strict repository configuration mode
2024-03-19 15:55:42 [main] INFO - Bootstrapping Spring Data Redis repositories in DEFAULT mode.
2024-03-19 15:55:42 [main] INFO - Finished Spring Data repository scanning in 3 ms. Found 0 Redis repository interfaces.
2024-03-19 15:55:42 [main] WARN - Exception encountered during context initialization - cancelling refresh attempt: org.springframework.beans.factory.NoUniqueBeanDefinitionException: No qualifying bean of type 'club.p6e.coat.auth.message.WebSocketMessage' available: expected single matching bean but found 2: webSocketMessageImpl,club.p6e.coat.auth.message.WebSocketMessageImpl
2024-03-19 15:55:42 [main] INFO - 

Error starting ApplicationContext. To display the condition evaluation report re-run your application with 'debug' enabled.
2024-03-19 15:55:42 [main] ERROR - Application run failed
org.springframework.beans.factory.NoUniqueBeanDefinitionException: No qualifying bean of type 'club.p6e.coat.auth.message.WebSocketMessage' available: expected single matching bean but found 2: webSocketMessageImpl,club.p6e.coat.auth.message.WebSocketMessageImpl
	at org.springframework.beans.factory.support.DefaultListableBeanFactory.resolveNamedBean(DefaultListableBeanFactory.java:1299) ~[spring-beans-6.0.9.jar:6.0.9]
	at org.springframework.beans.factory.support.DefaultListableBeanFactory.resolveBean(DefaultListableBeanFactory.java:484) ~[spring-beans-6.0.9.jar:6.0.9]
	at org.springframework.beans.factory.support.DefaultListableBeanFactory.getBean(DefaultListableBeanFactory.java:339) ~[spring-beans-6.0.9.jar:6.0.9]
	at org.springframework.beans.factory.support.DefaultListableBeanFactory.getBean(DefaultListableBeanFactory.java:332) ~[spring-beans-6.0.9.jar:6.0.9]
	at club.p6e.coat.auth.AuthApplicationRunner.registerQrCodeWebSocketBean(AuthApplicationRunner.java:464) ~[classes/:na]
	at club.p6e.coat.auth.AuthApplicationRunner.run(AuthApplicationRunner.java:134) ~[classes/:na]
	at club.p6e.coat.auth.AuthApplicationRunner.postProcessBeanDefinitionRegistry(AuthApplicationRunner.java:735) ~[classes/:na]
	at org.springframework.context.support.PostProcessorRegistrationDelegate.invokeBeanDefinitionRegistryPostProcessors(PostProcessorRegistrationDelegate.java:344) ~[spring-context-6.0.9.jar:6.0.9]
	at org.springframework.context.support.PostProcessorRegistrationDelegate.invokeBeanFactoryPostProcessors(PostProcessorRegistrationDelegate.java:145) ~[spring-context-6.0.9.jar:6.0.9]
	at org.springframework.context.support.AbstractApplicationContext.invokeBeanFactoryPostProcessors(AbstractApplicationContext.java:771) ~[spring-context-6.0.9.jar:6.0.9]
	at org.springframework.context.support.AbstractApplicationContext.refresh(AbstractApplicationContext.java:589) ~[spring-context-6.0.9.jar:6.0.9]
	at org.springframework.boot.web.reactive.context.ReactiveWebServerApplicationContext.refresh(ReactiveWebServerApplicationContext.java:66) ~[spring-boot-3.1.0.jar:3.1.0]
	at org.springframework.boot.SpringApplication.refresh(SpringApplication.java:733) ~[spring-boot-3.1.0.jar:3.1.0]
	at org.springframework.boot.SpringApplication.refreshContext(SpringApplication.java:435) ~[spring-boot-3.1.0.jar:3.1.0]
	at org.springframework.boot.SpringApplication.run(SpringApplication.java:311) ~[spring-boot-3.1.0.jar:3.1.0]
	at club.p6e.coat.auth.P6eAuthApplication.main(P6eAuthApplication.java:24) ~[classes/:na]
2024-03-19 15:56:06 [main] INFO - Starting P6eAuthApplication using Java 17.0.9 with PID 28732 (D:\CodeContents\github\p6e-coat-auth\p6e-coat-starter-auth\target\classes started by a1294 in D:\CodeContents\github\p6e-coat-auth)
2024-03-19 15:56:06 [main] INFO - No active profile set, falling back to 1 default profile: "default"
2024-03-19 15:56:06 [main] INFO - Multiple Spring Data modules found, entering strict repository configuration mode
2024-03-19 15:56:06 [main] INFO - Bootstrapping Spring Data R2DBC repositories in DEFAULT mode.
2024-03-19 15:56:06 [main] INFO - Finished Spring Data repository scanning in 16 ms. Found 0 R2DBC repository interfaces.
2024-03-19 15:56:06 [main] INFO - Multiple Spring Data modules found, entering strict repository configuration mode
2024-03-19 15:56:06 [main] INFO - Bootstrapping Spring Data Redis repositories in DEFAULT mode.
2024-03-19 15:56:06 [main] INFO - Finished Spring Data repository scanning in 3 ms. Found 0 Redis repository interfaces.
2024-03-19 15:56:07 [main] WARN - Exception encountered during context initialization - cancelling refresh attempt: org.springframework.beans.factory.UnsatisfiedDependencyException: Error creating bean with name 'club.p6e.coat.auth.controller.QqOtherLoginController': Unsatisfied dependency expressed through constructor parameter 0: No qualifying bean of type 'club.p6e.coat.auth.service.QqOtherLoginService' available: expected at least 1 bean which qualifies as autowire candidate. Dependency annotations: {}
2024-03-19 15:56:07 [main] INFO - 

Error starting ApplicationContext. To display the condition evaluation report re-run your application with 'debug' enabled.
2024-03-19 15:56:07 [main] ERROR - 

***************************
APPLICATION FAILED TO START
***************************

Description:

Parameter 0 of constructor in club.p6e.coat.auth.controller.QqOtherLoginController required a bean of type 'club.p6e.coat.auth.service.QqOtherLoginService' that could not be found.


Action:

Consider defining a bean of type 'club.p6e.coat.auth.service.QqOtherLoginService' in your configuration.

2024-03-19 15:56:28 [main] INFO - Starting P6eAuthApplication using Java 17.0.9 with PID 13640 (D:\CodeContents\github\p6e-coat-auth\p6e-coat-starter-auth\target\classes started by a1294 in D:\CodeContents\github\p6e-coat-auth)
2024-03-19 15:56:28 [main] INFO - No active profile set, falling back to 1 default profile: "default"
2024-03-19 15:56:29 [main] INFO - Multiple Spring Data modules found, entering strict repository configuration mode
2024-03-19 15:56:29 [main] INFO - Bootstrapping Spring Data R2DBC repositories in DEFAULT mode.
2024-03-19 15:56:29 [main] INFO - Finished Spring Data repository scanning in 16 ms. Found 0 R2DBC repository interfaces.
2024-03-19 15:56:29 [main] INFO - Multiple Spring Data modules found, entering strict repository configuration mode
2024-03-19 15:56:29 [main] INFO - Bootstrapping Spring Data Redis repositories in DEFAULT mode.
2024-03-19 15:56:29 [main] INFO - Finished Spring Data repository scanning in 3 ms. Found 0 Redis repository interfaces.
2024-03-19 15:56:29 [main] INFO - Netty started on port 7322
2024-03-19 15:56:29 [main] INFO - Started P6eAuthApplication in 1.392 seconds (process running for 1.741)
2024-03-19 16:00:45 [reactor-tcp-nio-1] ERROR - { TYPE_MISMATCH_EXCEPTION <14000> [Account password inside login account or password exception.] } ::: [ class club.p6e.coat.auth.service.AccountPasswordLoginServiceImpl ] => (class club.p6e.coat.auth.error.AccountPasswordLoginAccountOrPasswordException) ===> fun execute(LoginContext.AccountPassword.Request param)
2024-03-19 16:20:04 [main] INFO - Starting P6eAuthApplication using Java 17.0.9 with PID 18412 (D:\CodeContents\github\p6e-coat-auth\p6e-coat-starter-auth\target\classes started by a1294 in D:\CodeContents\github\p6e-coat-auth)
2024-03-19 16:20:04 [main] INFO - No active profile set, falling back to 1 default profile: "default"
2024-03-19 16:20:05 [main] INFO - Multiple Spring Data modules found, entering strict repository configuration mode
2024-03-19 16:20:05 [main] INFO - Bootstrapping Spring Data R2DBC repositories in DEFAULT mode.
2024-03-19 16:20:05 [main] INFO - Finished Spring Data repository scanning in 18 ms. Found 0 R2DBC repository interfaces.
2024-03-19 16:20:05 [main] INFO - Multiple Spring Data modules found, entering strict repository configuration mode
2024-03-19 16:20:05 [main] INFO - Bootstrapping Spring Data Redis repositories in DEFAULT mode.
2024-03-19 16:20:05 [main] INFO - Finished Spring Data repository scanning in 4 ms. Found 0 Redis repository interfaces.
2024-03-19 16:20:05 [main] WARN - Exception encountered during context initialization - cancelling refresh attempt: org.springframework.beans.factory.NoUniqueBeanDefinitionException: No qualifying bean of type 'club.p6e.coat.auth.message.WebSocketMessage' available: expected single matching bean but found 2: webSocketMessageImpl,club.p6e.coat.auth.message.WebSocketMessageImpl
2024-03-19 16:20:05 [main] INFO - 

Error starting ApplicationContext. To display the condition evaluation report re-run your application with 'debug' enabled.
2024-03-19 16:20:05 [main] ERROR - Application run failed
org.springframework.beans.factory.NoUniqueBeanDefinitionException: No qualifying bean of type 'club.p6e.coat.auth.message.WebSocketMessage' available: expected single matching bean but found 2: webSocketMessageImpl,club.p6e.coat.auth.message.WebSocketMessageImpl
	at org.springframework.beans.factory.support.DefaultListableBeanFactory.resolveNamedBean(DefaultListableBeanFactory.java:1299) ~[spring-beans-6.0.9.jar:6.0.9]
	at org.springframework.beans.factory.support.DefaultListableBeanFactory.resolveBean(DefaultListableBeanFactory.java:484) ~[spring-beans-6.0.9.jar:6.0.9]
	at org.springframework.beans.factory.support.DefaultListableBeanFactory.getBean(DefaultListableBeanFactory.java:339) ~[spring-beans-6.0.9.jar:6.0.9]
	at org.springframework.beans.factory.support.DefaultListableBeanFactory.getBean(DefaultListableBeanFactory.java:332) ~[spring-beans-6.0.9.jar:6.0.9]
	at club.p6e.coat.auth.AuthApplicationRunner.registerQrCodeWebSocketBean(AuthApplicationRunner.java:439) ~[classes/:na]
	at club.p6e.coat.auth.AuthApplicationRunner.run(AuthApplicationRunner.java:114) ~[classes/:na]
	at club.p6e.coat.auth.AuthApplicationRunner.postProcessBeanDefinitionRegistry(AuthApplicationRunner.java:710) ~[classes/:na]
	at org.springframework.context.support.PostProcessorRegistrationDelegate.invokeBeanDefinitionRegistryPostProcessors(PostProcessorRegistrationDelegate.java:344) ~[spring-context-6.0.9.jar:6.0.9]
	at org.springframework.context.support.PostProcessorRegistrationDelegate.invokeBeanFactoryPostProcessors(PostProcessorRegistrationDelegate.java:145) ~[spring-context-6.0.9.jar:6.0.9]
	at org.springframework.context.support.AbstractApplicationContext.invokeBeanFactoryPostProcessors(AbstractApplicationContext.java:771) ~[spring-context-6.0.9.jar:6.0.9]
	at org.springframework.context.support.AbstractApplicationContext.refresh(AbstractApplicationContext.java:589) ~[spring-context-6.0.9.jar:6.0.9]
	at org.springframework.boot.web.reactive.context.ReactiveWebServerApplicationContext.refresh(ReactiveWebServerApplicationContext.java:66) ~[spring-boot-3.1.0.jar:3.1.0]
	at org.springframework.boot.SpringApplication.refresh(SpringApplication.java:733) ~[spring-boot-3.1.0.jar:3.1.0]
	at org.springframework.boot.SpringApplication.refreshContext(SpringApplication.java:435) ~[spring-boot-3.1.0.jar:3.1.0]
	at org.springframework.boot.SpringApplication.run(SpringApplication.java:311) ~[spring-boot-3.1.0.jar:3.1.0]
	at club.p6e.coat.auth.P6eAuthApplication.main(P6eAuthApplication.java:24) ~[classes/:na]
2024-03-19 16:20:50 [main] INFO - Starting P6eAuthApplication using Java 17.0.9 with PID 23156 (D:\CodeContents\github\p6e-coat-auth\p6e-coat-starter-auth\target\classes started by a1294 in D:\CodeContents\github\p6e-coat-auth)
2024-03-19 16:20:50 [main] INFO - No active profile set, falling back to 1 default profile: "default"
2024-03-19 16:20:50 [main] INFO - Multiple Spring Data modules found, entering strict repository configuration mode
2024-03-19 16:20:50 [main] INFO - Bootstrapping Spring Data R2DBC repositories in DEFAULT mode.
2024-03-19 16:20:50 [main] INFO - Finished Spring Data repository scanning in 16 ms. Found 0 R2DBC repository interfaces.
2024-03-19 16:20:50 [main] INFO - Multiple Spring Data modules found, entering strict repository configuration mode
2024-03-19 16:20:50 [main] INFO - Bootstrapping Spring Data Redis repositories in DEFAULT mode.
2024-03-19 16:20:50 [main] INFO - Finished Spring Data repository scanning in 3 ms. Found 0 Redis repository interfaces.
2024-03-19 16:20:50 [main] WARN - Exception encountered during context initialization - cancelling refresh attempt: org.springframework.beans.factory.BeanCreationException: Error creating bean with name 'club.p6e.coat.auth.message.WebSocketMessageImpl': Failed to instantiate [club.p6e.coat.auth.message.WebSocketMessageImpl]: No default constructor found
2024-03-19 16:20:50 [main] INFO - 

Error starting ApplicationContext. To display the condition evaluation report re-run your application with 'debug' enabled.
2024-03-19 16:20:50 [main] ERROR - Application run failed
org.springframework.beans.factory.BeanCreationException: Error creating bean with name 'club.p6e.coat.auth.message.WebSocketMessageImpl': Failed to instantiate [club.p6e.coat.auth.message.WebSocketMessageImpl]: No default constructor found
	at org.springframework.beans.factory.support.AbstractAutowireCapableBeanFactory.instantiateBean(AbstractAutowireCapableBeanFactory.java:1314) ~[spring-beans-6.0.9.jar:6.0.9]
	at org.springframework.beans.factory.support.AbstractAutowireCapableBeanFactory.createBeanInstance(AbstractAutowireCapableBeanFactory.java:1199) ~[spring-beans-6.0.9.jar:6.0.9]
	at org.springframework.beans.factory.support.AbstractAutowireCapableBeanFactory.doCreateBean(AbstractAutowireCapableBeanFactory.java:560) ~[spring-beans-6.0.9.jar:6.0.9]
	at org.springframework.beans.factory.support.AbstractAutowireCapableBeanFactory.createBean(AbstractAutowireCapableBeanFactory.java:520) ~[spring-beans-6.0.9.jar:6.0.9]
	at org.springframework.beans.factory.support.AbstractBeanFactory.lambda$doGetBean$0(AbstractBeanFactory.java:326) ~[spring-beans-6.0.9.jar:6.0.9]
	at org.springframework.beans.factory.support.DefaultSingletonBeanRegistry.getSingleton(DefaultSingletonBeanRegistry.java:234) ~[spring-beans-6.0.9.jar:6.0.9]
	at org.springframework.beans.factory.support.AbstractBeanFactory.doGetBean(AbstractBeanFactory.java:324) ~[spring-beans-6.0.9.jar:6.0.9]
	at org.springframework.beans.factory.support.AbstractBeanFactory.getBean(AbstractBeanFactory.java:225) ~[spring-beans-6.0.9.jar:6.0.9]
	at org.springframework.beans.factory.support.DefaultListableBeanFactory.resolveNamedBean(DefaultListableBeanFactory.java:1310) ~[spring-beans-6.0.9.jar:6.0.9]
	at org.springframework.beans.factory.support.DefaultListableBeanFactory.resolveNamedBean(DefaultListableBeanFactory.java:1271) ~[spring-beans-6.0.9.jar:6.0.9]
	at org.springframework.beans.factory.support.DefaultListableBeanFactory.resolveBean(DefaultListableBeanFactory.java:484) ~[spring-beans-6.0.9.jar:6.0.9]
	at org.springframework.beans.factory.support.DefaultListableBeanFactory.getBean(DefaultListableBeanFactory.java:339) ~[spring-beans-6.0.9.jar:6.0.9]
	at org.springframework.beans.factory.support.DefaultListableBeanFactory.getBean(DefaultListableBeanFactory.java:332) ~[spring-beans-6.0.9.jar:6.0.9]
	at club.p6e.coat.auth.AuthApplicationRunner.registerQrCodeWebSocketBean(AuthApplicationRunner.java:439) ~[classes/:na]
	at club.p6e.coat.auth.AuthApplicationRunner.run(AuthApplicationRunner.java:114) ~[classes/:na]
	at club.p6e.coat.auth.AuthApplicationRunner.postProcessBeanDefinitionRegistry(AuthApplicationRunner.java:710) ~[classes/:na]
	at org.springframework.context.support.PostProcessorRegistrationDelegate.invokeBeanDefinitionRegistryPostProcessors(PostProcessorRegistrationDelegate.java:344) ~[spring-context-6.0.9.jar:6.0.9]
	at org.springframework.context.support.PostProcessorRegistrationDelegate.invokeBeanFactoryPostProcessors(PostProcessorRegistrationDelegate.java:145) ~[spring-context-6.0.9.jar:6.0.9]
	at org.springframework.context.support.AbstractApplicationContext.invokeBeanFactoryPostProcessors(AbstractApplicationContext.java:771) ~[spring-context-6.0.9.jar:6.0.9]
	at org.springframework.context.support.AbstractApplicationContext.refresh(AbstractApplicationContext.java:589) ~[spring-context-6.0.9.jar:6.0.9]
	at org.springframework.boot.web.reactive.context.ReactiveWebServerApplicationContext.refresh(ReactiveWebServerApplicationContext.java:66) ~[spring-boot-3.1.0.jar:3.1.0]
	at org.springframework.boot.SpringApplication.refresh(SpringApplication.java:733) ~[spring-boot-3.1.0.jar:3.1.0]
	at org.springframework.boot.SpringApplication.refreshContext(SpringApplication.java:435) ~[spring-boot-3.1.0.jar:3.1.0]
	at org.springframework.boot.SpringApplication.run(SpringApplication.java:311) ~[spring-boot-3.1.0.jar:3.1.0]
	at club.p6e.coat.auth.P6eAuthApplication.main(P6eAuthApplication.java:24) ~[classes/:na]
Caused by: org.springframework.beans.BeanInstantiationException: Failed to instantiate [club.p6e.coat.auth.message.WebSocketMessageImpl]: No default constructor found
	at org.springframework.beans.factory.support.SimpleInstantiationStrategy.instantiate(SimpleInstantiationStrategy.java:83) ~[spring-beans-6.0.9.jar:6.0.9]
	at org.springframework.beans.factory.support.AbstractAutowireCapableBeanFactory.instantiateBean(AbstractAutowireCapableBeanFactory.java:1308) ~[spring-beans-6.0.9.jar:6.0.9]
	... 24 common frames omitted
Caused by: java.lang.NoSuchMethodException: club.p6e.coat.auth.message.WebSocketMessageImpl.<init>()
	at java.base/java.lang.Class.getConstructor0(Class.java:3585) ~[na:na]
	at java.base/java.lang.Class.getDeclaredConstructor(Class.java:2754) ~[na:na]
	at org.springframework.beans.factory.support.SimpleInstantiationStrategy.instantiate(SimpleInstantiationStrategy.java:79) ~[spring-beans-6.0.9.jar:6.0.9]
	... 25 common frames omitted
2024-03-19 16:21:16 [main] INFO - Starting P6eAuthApplication using Java 17.0.9 with PID 28452 (D:\CodeContents\github\p6e-coat-auth\p6e-coat-starter-auth\target\classes started by a1294 in D:\CodeContents\github\p6e-coat-auth)
2024-03-19 16:21:16 [main] INFO - No active profile set, falling back to 1 default profile: "default"
2024-03-19 16:21:16 [main] INFO - Multiple Spring Data modules found, entering strict repository configuration mode
2024-03-19 16:21:16 [main] INFO - Bootstrapping Spring Data R2DBC repositories in DEFAULT mode.
2024-03-19 16:21:16 [main] INFO - Finished Spring Data repository scanning in 16 ms. Found 0 R2DBC repository interfaces.
2024-03-19 16:21:16 [main] INFO - Multiple Spring Data modules found, entering strict repository configuration mode
2024-03-19 16:21:16 [main] INFO - Bootstrapping Spring Data Redis repositories in DEFAULT mode.
2024-03-19 16:21:16 [main] INFO - Finished Spring Data repository scanning in 3 ms. Found 0 Redis repository interfaces.
2024-03-19 16:21:17 [main] INFO - Netty started on port 7322
2024-03-19 16:21:17 [main] INFO - Started P6eAuthApplication in 1.374 seconds (process running for 1.726)
2024-03-19 16:22:21 [main] INFO - Starting P6eAuthApplication using Java 17.0.9 with PID 24056 (D:\CodeContents\github\p6e-coat-auth\p6e-coat-starter-auth\target\classes started by a1294 in D:\CodeContents\github\p6e-coat-auth)
2024-03-19 16:22:21 [main] INFO - No active profile set, falling back to 1 default profile: "default"
2024-03-19 16:22:21 [main] INFO - Multiple Spring Data modules found, entering strict repository configuration mode
2024-03-19 16:22:21 [main] INFO - Bootstrapping Spring Data R2DBC repositories in DEFAULT mode.
2024-03-19 16:22:21 [main] INFO - Finished Spring Data repository scanning in 16 ms. Found 0 R2DBC repository interfaces.
2024-03-19 16:22:21 [main] INFO - Multiple Spring Data modules found, entering strict repository configuration mode
2024-03-19 16:22:21 [main] INFO - Bootstrapping Spring Data Redis repositories in DEFAULT mode.
2024-03-19 16:22:21 [main] INFO - Finished Spring Data repository scanning in 3 ms. Found 0 Redis repository interfaces.
2024-03-19 16:22:22 [main] INFO - Netty started on port 7322
2024-03-19 16:22:22 [main] INFO - Started P6eAuthApplication in 1.391 seconds (process running for 1.744)
2024-03-19 16:22:40 [reactor-tcp-nio-1] ERROR - { TYPE_MISMATCH_EXCEPTION <14000> [Account password inside login account or password exception.] } ::: [ class club.p6e.coat.auth.service.AccountPasswordLoginServiceImpl ] => (class club.p6e.coat.auth.error.AccountPasswordLoginAccountOrPasswordException) ===> fun execute(LoginContext.AccountPassword.Request param)
2024-03-19 16:23:00 [reactor-http-nio-2] ERROR - 404 NOT_FOUND
2024-03-19 16:24:02 [reactor-tcp-nio-1] INFO - 

---------------------------------------------------------------------
|--------------------------   S   M   S   --------------------------|
---------------------------------------------------------------------
|   account   =>   15549562863   |
|   template   =>   CODE_LOGIN_TEMPLATE   |
|   content   =>   {code=907057}   |
--------------------------------------------------------------------


2024-03-19 16:24:13 [reactor-http-nio-4] ERROR - 404 NOT_FOUND
2024-03-19 16:24:20 [reactor-http-nio-4] ERROR - 404 NOT_FOUND
