2024-03-26 12:02:44 [reactor-http-nio-2] ERROR - { TYPE_MISMATCH_EXCEPTION <14000> [Voucher request parameter does not data or expired exception.] } ::: [ class club.p6e.coat.auth.AuthVoucher ] => (class club.p6e.coat.auth.error.VoucherException) ===> fun init(ServerWebExchange exchange)
2024-03-26 12:03:27 [reactor-tcp-nio-1] ERROR - { TYPE_MISMATCH_EXCEPTION <14000> [Account password inside login account or password exception.] } ::: [ class club.p6e.coat.auth.service.AccountPasswordLoginServiceImpl ] => (class club.p6e.coat.auth.error.AccountPasswordLoginAccountOrPasswordException) ===> fun execute(LoginContext.AccountPassword.Request param).
2024-03-26 12:50:35 [reactor-http-nio-4] ERROR - { TYPE_MISMATCH_EXCEPTION <14000> [[HTTP/STORAGE/CACHE] Verifier validation access token exception.] } ::: [ class club.p6e.coat.auth.certificate.HttpLocalStorageCacheCertificateValidator ] => (class club.p6e.coat.auth.error.AuthException) ===> fun accessToken(String token).
2024-03-26 12:55:29 [reactor-http-nio-4] ERROR - { TYPE_MISMATCH_EXCEPTION <14000> [[HTTP/STORAGE/CACHE] Verifier validation access token exception.] } ::: [ class club.p6e.coat.auth.certificate.HttpLocalStorageCacheCertificateValidator ] => (class club.p6e.coat.auth.error.AuthException) ===> fun accessToken(String token).
2024-03-26 12:58:15 [reactor-http-nio-7] ERROR - 404 NOT_FOUND
2024-03-26 12:58:15 [reactor-http-nio-9] ERROR - 404 NOT_FOUND
2024-03-26 12:58:21 [reactor-http-nio-9] ERROR - 404 NOT_FOUND
2024-03-26 12:58:21 [reactor-http-nio-7] ERROR - 404 NOT_FOUND
2024-03-26 13:03:19 [reactor-http-nio-7] ERROR - 404 NOT_FOUND
2024-03-26 13:05:56 [reactor-http-nio-2] ERROR - { TYPE_MISMATCH_EXCEPTION <14000> [Voucher request parameter does not data or expired exception.] } ::: [ class club.p6e.coat.auth.AuthVoucher ] => (class club.p6e.coat.auth.error.VoucherException) ===> fun init(ServerWebExchange exchange)
2024-03-26 13:06:11 [reactor-http-nio-2] ERROR - { TYPE_MISMATCH_EXCEPTION <14000> [Voucher request parameter does not exist exception.] } ::: [ class club.p6e.coat.auth.AuthVoucher ] => (class club.p6e.coat.auth.error.VoucherException) ===> fun init(ServerWebExchange exchange)
2024-03-26 13:06:23 [reactor-http-nio-2] ERROR - { TYPE_MISMATCH_EXCEPTION <14000> [[HTTP/STORAGE/CACHE] Verifier validation access token exception.] } ::: [ class club.p6e.coat.auth.certificate.HttpLocalStorageCacheCertificateValidator ] => (class club.p6e.coat.auth.error.AuthException) ===> fun accessToken(String token).
2024-03-26 13:06:35 [reactor-http-nio-2] ERROR - 404 NOT_FOUND
2024-03-26 13:06:35 [reactor-http-nio-3] ERROR - 404 NOT_FOUND
2024-03-26 13:06:39 [reactor-http-nio-2] ERROR - 405 METHOD_NOT_ALLOWED "Request method 'POST' is not supported."
2024-03-26 13:08:40 [reactor-http-nio-2] ERROR - { TYPE_MISMATCH_EXCEPTION <14000> [[HTTP/STORAGE/CACHE] Verifier validation access token exception.] } ::: [ class club.p6e.coat.auth.certificate.HttpLocalStorageCacheCertificateValidator ] => (class club.p6e.coat.auth.error.AuthException) ===> fun accessToken(String token).
2024-03-26 13:08:51 [reactor-http-nio-4] ERROR - 404 NOT_FOUND
2024-03-26 13:08:51 [reactor-http-nio-2] ERROR - 404 NOT_FOUND
2024-03-26 13:08:55 [reactor-http-nio-2] ERROR - { TYPE_MISMATCH_EXCEPTION <14000> [Voucher request parameter does not data or expired exception.] } ::: [ class club.p6e.coat.auth.AuthVoucher ] => (class club.p6e.coat.auth.error.VoucherException) ===> fun init(ServerWebExchange exchange)
2024-03-26 13:21:38 [reactor-http-nio-2] ERROR - { TYPE_MISMATCH_EXCEPTION <14000> [[HTTP/STORAGE/CACHE] Verifier validation access token exception.] } ::: [ class club.p6e.coat.auth.certificate.HttpLocalStorageCacheCertificateValidator ] => (class club.p6e.coat.auth.error.AuthException) ===> fun accessToken(String token).
2024-03-26 13:21:47 [reactor-http-nio-3] ERROR - 404 NOT_FOUND
2024-03-26 13:21:47 [reactor-http-nio-2] ERROR - 404 NOT_FOUND
2024-03-26 13:22:07 [reactor-http-nio-4] ERROR - 400 BAD_REQUEST "No request body"
2024-03-26 13:25:06 [reactor-http-nio-4] ERROR - 400 BAD_REQUEST "No request body"
2024-03-26 14:37:27 [reactor-http-nio-7] ERROR - 400 BAD_REQUEST "No request body"
2024-03-26 14:37:49 [reactor-http-nio-4] ERROR - 400 BAD_REQUEST "No request body"
2024-03-26 14:39:36 [reactor-tcp-nio-2] ERROR - { TYPE_MISMATCH_EXCEPTION <14000> [Oauth2 parameter code exception.] } ::: [ class club.p6e.coat.auth.service.OAuth2TokenServiceImpl ] => (class club.p6e.coat.auth.error.Oauth2ParameterException) ===> fun executeAuthorizationType(Oauth2Context.Token.Request param)
2024-03-26 14:42:51 [reactor-http-nio-2] ERROR - { PARAMETER_EXCEPTION <1000> [Request parameter validation exception.] } ::: [ class club.p6e.coat.auth.validator.ParameterValidator ] => (class club.p6e.coat.auth.error.ParameterException) ===> fun execute(ServerWebExchange exchange, Object param)
2024-03-26 14:44:01 [reactor-http-nio-2] ERROR - { PARAMETER_EXCEPTION <1000> [Request parameter validation exception.] } ::: [ class club.p6e.coat.auth.validator.ParameterValidator ] => (class club.p6e.coat.auth.error.ParameterException) ===> fun execute(ServerWebExchange exchange, Object param)
2024-03-26 14:46:03 [reactor-http-nio-2] ERROR - { PARAMETER_EXCEPTION <1000> [Request parameter validation exception.] } ::: [ class club.p6e.coat.auth.validator.ParameterValidator ] => (class club.p6e.coat.auth.error.ParameterException) ===> fun execute(ServerWebExchange exchange, Object param)
2024-03-26 14:47:38 [reactor-http-nio-2] ERROR - { PARAMETER_EXCEPTION <1000> [Request parameter validation exception.] } ::: [ class club.p6e.coat.auth.validator.ParameterValidator ] => (class club.p6e.coat.auth.error.ParameterException) ===> fun execute(ServerWebExchange exchange, Object param)
2024-03-26 14:50:19 [reactor-tcp-nio-1] ERROR - { TYPE_MISMATCH_EXCEPTION <14000> [Oauth2 parameter code exception.] } ::: [ class club.p6e.coat.auth.service.OAuth2TokenServiceImpl ] => (class club.p6e.coat.auth.error.Oauth2ParameterException) ===> fun executeAuthorizationType(Oauth2Context.Token.Request param)
2024-03-26 14:51:15 [reactor-tcp-nio-1] ERROR - { TYPE_MISMATCH_EXCEPTION <14000> [Oauth2 parameter code exception.] } ::: [ class club.p6e.coat.auth.service.OAuth2TokenServiceImpl ] => (class club.p6e.coat.auth.error.Oauth2ParameterException) ===> fun executeAuthorizationType(Oauth2Context.Token.Request param)
2024-03-26 14:54:16 [reactor-http-nio-3] ERROR - { TYPE_MISMATCH_EXCEPTION <14000> [[HTTP/STORAGE/CACHE] Verifier validation access token exception.] } ::: [ class club.p6e.coat.auth.certificate.HttpLocalStorageCacheCertificateValidator ] => (class club.p6e.coat.auth.error.AuthException) ===> fun accessToken(String token).
2024-03-26 14:54:27 [reactor-http-nio-4] ERROR - 404 NOT_FOUND
2024-03-26 14:54:27 [reactor-http-nio-3] ERROR - 404 NOT_FOUND
2024-03-26 15:21:40 [reactor-http-nio-2] ERROR - { TYPE_MISMATCH_EXCEPTION <14000> [[HTTP/STORAGE/CACHE] Verifier validation access token exception.] } ::: [ class club.p6e.coat.auth.certificate.HttpLocalStorageCacheCertificateValidator ] => (class club.p6e.coat.auth.error.AuthException) ===> fun accessToken(String token).
2024-03-26 15:21:52 [reactor-http-nio-2] ERROR - 404 NOT_FOUND
2024-03-26 15:21:52 [reactor-http-nio-3] ERROR - 404 NOT_FOUND
2024-03-26 15:27:24 [reactor-http-nio-2] ERROR - { TYPE_MISMATCH_EXCEPTION <14000> [[HTTP/STORAGE/CACHE] Verifier validation access token exception.] } ::: [ class club.p6e.coat.auth.certificate.HttpLocalStorageCacheCertificateValidator ] => (class club.p6e.coat.auth.error.AuthException) ===> fun accessToken(String token).
2024-03-26 15:27:36 [reactor-http-nio-2] ERROR - 404 NOT_FOUND
2024-03-26 15:27:36 [reactor-http-nio-3] ERROR - 404 NOT_FOUND
2024-03-26 15:29:05 [reactor-http-nio-2] ERROR - { TYPE_MISMATCH_EXCEPTION <14000> [Voucher request parameter does not data or expired exception.] } ::: [ class club.p6e.coat.auth.AuthVoucher ] => (class club.p6e.coat.auth.error.VoucherException) ===> fun init(ServerWebExchange exchange)
2024-03-26 15:29:06 [reactor-http-nio-2] ERROR - { TYPE_MISMATCH_EXCEPTION <14000> [[HTTP/STORAGE/CACHE] Verifier validation access token exception.] } ::: [ class club.p6e.coat.auth.certificate.HttpLocalStorageCacheCertificateValidator ] => (class club.p6e.coat.auth.error.AuthException) ===> fun accessToken(String token).
2024-03-26 15:29:14 [reactor-http-nio-3] ERROR - 404 NOT_FOUND
2024-03-26 15:29:14 [reactor-http-nio-2] ERROR - 404 NOT_FOUND
