2023-10-25 16:10:51 [main] INFO - Starting P6eAuthApplication using Java 17.0.7 with PID 27128 (D:\CodeContents\github\p6e-coat\p6e-coat\p6e-auth\target\classes started by a1294 in D:\CodeContents\github\p6e-coat\p6e-coat)
2023-10-25 16:10:51 [main] INFO - No active profile set, falling back to 1 default profile: "default"
2023-10-25 16:10:51 [main] INFO - Multiple Spring Data modules found, entering strict repository configuration mode
2023-10-25 16:10:51 [main] INFO - Bootstrapping Spring Data R2DBC repositories in DEFAULT mode.
2023-10-25 16:10:51 [main] INFO - Finished Spring Data repository scanning in 24 ms. Found 0 R2DBC repository interfaces.
2023-10-25 16:10:51 [main] INFO - Multiple Spring Data modules found, entering strict repository configuration mode
2023-10-25 16:10:51 [main] INFO - Bootstrapping Spring Data Redis repositories in DEFAULT mode.
2023-10-25 16:10:51 [main] INFO - Finished Spring Data repository scanning in 4 ms. Found 0 Redis repository interfaces.
2023-10-25 16:10:52 [Thread-2] INFO - [ WEBSOCKET SERVICE ] ==> START SUCCESSFULLY... BIND ( 7422 )
2023-10-25 16:10:52 [main] INFO - Netty started on port 8080
2023-10-25 16:10:52 [main] INFO - Started P6eAuthApplication in 1.381 seconds (process running for 1.65)
2023-10-25 16:13:01 [main] INFO - Starting P6eAuthApplication using Java 17.0.7 with PID 2732 (D:\CodeContents\github\p6e-coat\p6e-coat\p6e-auth\target\classes started by a1294 in D:\CodeContents\github\p6e-coat\p6e-coat)
2023-10-25 16:13:01 [main] INFO - No active profile set, falling back to 1 default profile: "default"
2023-10-25 16:13:01 [main] INFO - Multiple Spring Data modules found, entering strict repository configuration mode
2023-10-25 16:13:01 [main] INFO - Bootstrapping Spring Data R2DBC repositories in DEFAULT mode.
2023-10-25 16:13:01 [main] INFO - Finished Spring Data repository scanning in 25 ms. Found 0 R2DBC repository interfaces.
2023-10-25 16:13:01 [main] INFO - Multiple Spring Data modules found, entering strict repository configuration mode
2023-10-25 16:13:01 [main] INFO - Bootstrapping Spring Data Redis repositories in DEFAULT mode.
2023-10-25 16:13:01 [main] INFO - Finished Spring Data repository scanning in 4 ms. Found 0 Redis repository interfaces.
2023-10-25 16:13:01 [Thread-2] INFO - [ WEBSOCKET SERVICE ] ==> START SUCCESSFULLY... BIND ( 7422 )
2023-10-25 16:13:02 [main] INFO - Netty started on port 8080
2023-10-25 16:13:02 [main] INFO - Started P6eAuthApplication in 1.385 seconds (process running for 1.659)
