2023-10-26 10:33:41 [reactor-http-nio-2] ERROR - { TYPE_MISMATCH_EXCEPTION <14000> [Voucher request parameter does not data or expired exception.] } ::: [ class club.p6e.auth.AuthVoucher ] => (class club.p6e.auth.error.VoucherException) ===> fun init(ServerWebExchange exchange)
2023-10-26 10:38:26 [reactor-http-nio-2] ERROR - { TYPE_MISMATCH_EXCEPTION <14000> [Voucher request parameter does not data or expired exception.] } ::: [ class club.p6e.auth.AuthVoucher ] => (class club.p6e.auth.error.VoucherException) ===> fun init(ServerWebExchange exchange)
2023-10-26 10:38:36 [reactor-http-nio-2] ERROR - { TYPE_MISMATCH_EXCEPTION <14000> [Voucher request parameter does not data or expired exception.] } ::: [ class club.p6e.auth.AuthVoucher ] => (class club.p6e.auth.error.VoucherException) ===> fun init(ServerWebExchange exchange)
2023-10-26 10:41:00 [reactor-http-nio-2] ERROR - { TYPE_MISMATCH_EXCEPTION <14000> [Voucher request parameter does not data or expired exception.] } ::: [ class club.p6e.auth.AuthVoucher ] => (class club.p6e.auth.error.VoucherException) ===> fun init(ServerWebExchange exchange)
2023-10-26 10:43:14 [reactor-http-nio-2] ERROR - { TYPE_MISMATCH_EXCEPTION <14000> [Voucher request parameter does not data or expired exception.] } ::: [ class club.p6e.auth.AuthVoucher ] => (class club.p6e.auth.error.VoucherException) ===> fun init(ServerWebExchange exchange)
2023-10-26 10:44:36 [reactor-http-nio-2] ERROR - { TYPE_MISMATCH_EXCEPTION <14000> [Voucher request parameter does not data or expired exception.] } ::: [ class club.p6e.auth.AuthVoucher ] => (class club.p6e.auth.error.VoucherException) ===> fun init(ServerWebExchange exchange)
2023-10-26 10:44:43 [reactor-http-nio-2] ERROR - { TYPE_MISMATCH_EXCEPTION <14000> [Voucher request parameter does not data or expired exception.] } ::: [ class club.p6e.auth.AuthVoucher ] => (class club.p6e.auth.error.VoucherException) ===> fun init(ServerWebExchange exchange)
2023-10-26 10:45:00 [reactor-http-nio-2] ERROR - { TYPE_MISMATCH_EXCEPTION <14000> [Voucher request parameter does not data or expired exception.] } ::: [ class club.p6e.auth.AuthVoucher ] => (class club.p6e.auth.error.VoucherException) ===> fun init(ServerWebExchange exchange)
2023-10-26 10:45:09 [reactor-http-nio-2] ERROR - { TYPE_MISMATCH_EXCEPTION <14000> [Voucher request parameter does not data or expired exception.] } ::: [ class club.p6e.auth.AuthVoucher ] => (class club.p6e.auth.error.VoucherException) ===> fun init(ServerWebExchange exchange)
2023-10-26 10:45:50 [reactor-http-nio-2] ERROR - { TYPE_MISMATCH_EXCEPTION <14000> [Voucher request parameter does not data or expired exception.] } ::: [ class club.p6e.auth.AuthVoucher ] => (class club.p6e.auth.error.VoucherException) ===> fun init(ServerWebExchange exchange)
2023-10-26 10:45:58 [reactor-http-nio-2] ERROR - { TYPE_MISMATCH_EXCEPTION <14000> [Voucher request parameter does not data or expired exception.] } ::: [ class club.p6e.auth.AuthVoucher ] => (class club.p6e.auth.error.VoucherException) ===> fun init(ServerWebExchange exchange)
2023-10-26 10:46:04 [reactor-http-nio-2] ERROR - { TYPE_MISMATCH_EXCEPTION <14000> [Voucher request parameter does not data or expired exception.] } ::: [ class club.p6e.auth.AuthVoucher ] => (class club.p6e.auth.error.VoucherException) ===> fun init(ServerWebExchange exchange)
2023-10-26 10:58:15 [reactor-tcp-nio-1] ERROR - { TYPE_MISMATCH_EXCEPTION <14000> [Account password inside login account or password exception.] } ::: [ class club.p6e.auth.service.AccountPasswordLoginServiceImpl ] => (class club.p6e.auth.error.AccountPasswordLoginAccountOrPasswordException) ===> fun execute(LoginContext.AccountPassword.Request param)
2023-10-26 10:58:39 [reactor-tcp-nio-1] ERROR - { TYPE_MISMATCH_EXCEPTION <14000> [Account password inside login account or password exception.] } ::: [ class club.p6e.auth.service.AccountPasswordLoginServiceImpl ] => (class club.p6e.auth.error.AccountPasswordLoginAccountOrPasswordException) ===> fun execute(LoginContext.AccountPassword.Request param)
2023-10-26 11:37:10 [reactor-http-nio-9] ERROR - { TYPE_MISMATCH_EXCEPTION <14000> [Voucher request parameter does not data or expired exception.] } ::: [ class club.p6e.auth.AuthVoucher ] => (class club.p6e.auth.error.VoucherException) ===> fun init(ServerWebExchange exchange)
2023-10-26 11:37:49 [reactor-http-nio-9] ERROR - { TYPE_MISMATCH_EXCEPTION <14000> [Voucher request parameter does not data or expired exception.] } ::: [ class club.p6e.auth.AuthVoucher ] => (class club.p6e.auth.error.VoucherException) ===> fun init(ServerWebExchange exchange)
2023-10-26 11:44:05 [reactor-http-nio-10] ERROR - { TYPE_MISMATCH_EXCEPTION <14000> [Voucher request parameter does not data or expired exception.] } ::: [ class club.p6e.auth.AuthVoucher ] => (class club.p6e.auth.error.VoucherException) ===> fun init(ServerWebExchange exchange)
2023-10-26 11:44:07 [reactor-http-nio-10] ERROR - { TYPE_MISMATCH_EXCEPTION <14000> [Voucher request parameter does not data or expired exception.] } ::: [ class club.p6e.auth.AuthVoucher ] => (class club.p6e.auth.error.VoucherException) ===> fun init(ServerWebExchange exchange)
2023-10-26 11:44:19 [reactor-http-nio-10] ERROR - { TYPE_MISMATCH_EXCEPTION <14000> [Voucher request parameter does not data or expired exception.] } ::: [ class club.p6e.auth.AuthVoucher ] => (class club.p6e.auth.error.VoucherException) ===> fun init(ServerWebExchange exchange)
2023-10-26 11:44:20 [reactor-http-nio-10] ERROR - { TYPE_MISMATCH_EXCEPTION <14000> [Voucher request parameter does not data or expired exception.] } ::: [ class club.p6e.auth.AuthVoucher ] => (class club.p6e.auth.error.VoucherException) ===> fun init(ServerWebExchange exchange)
2023-10-26 11:44:34 [reactor-http-nio-10] ERROR - { TYPE_MISMATCH_EXCEPTION <14000> [Voucher request parameter does not data or expired exception.] } ::: [ class club.p6e.auth.AuthVoucher ] => (class club.p6e.auth.error.VoucherException) ===> fun init(ServerWebExchange exchange)
2023-10-26 11:45:03 [reactor-http-nio-10] ERROR - { TYPE_MISMATCH_EXCEPTION <14000> [Voucher request parameter does not data or expired exception.] } ::: [ class club.p6e.auth.AuthVoucher ] => (class club.p6e.auth.error.VoucherException) ===> fun init(ServerWebExchange exchange)
2023-10-26 11:47:08 [reactor-http-nio-10] ERROR - { TYPE_MISMATCH_EXCEPTION <14000> [Voucher request parameter does not data or expired exception.] } ::: [ class club.p6e.auth.AuthVoucher ] => (class club.p6e.auth.error.VoucherException) ===> fun init(ServerWebExchange exchange)
2023-10-26 11:47:16 [reactor-http-nio-10] ERROR - { TYPE_MISMATCH_EXCEPTION <14000> [Voucher request parameter does not data or expired exception.] } ::: [ class club.p6e.auth.AuthVoucher ] => (class club.p6e.auth.error.VoucherException) ===> fun init(ServerWebExchange exchange)
2023-10-26 11:47:21 [reactor-http-nio-10] ERROR - { TYPE_MISMATCH_EXCEPTION <14000> [Voucher request parameter does not data or expired exception.] } ::: [ class club.p6e.auth.AuthVoucher ] => (class club.p6e.auth.error.VoucherException) ===> fun init(ServerWebExchange exchange)
2023-10-26 11:47:40 [reactor-http-nio-10] ERROR - { TYPE_MISMATCH_EXCEPTION <14000> [Voucher request parameter does not data or expired exception.] } ::: [ class club.p6e.auth.AuthVoucher ] => (class club.p6e.auth.error.VoucherException) ===> fun init(ServerWebExchange exchange)
2023-10-26 11:48:07 [reactor-http-nio-10] ERROR - { TYPE_MISMATCH_EXCEPTION <14000> [Voucher request parameter does not data or expired exception.] } ::: [ class club.p6e.auth.AuthVoucher ] => (class club.p6e.auth.error.VoucherException) ===> fun init(ServerWebExchange exchange)
2023-10-26 11:48:12 [reactor-http-nio-10] ERROR - { TYPE_MISMATCH_EXCEPTION <14000> [Voucher request parameter does not data or expired exception.] } ::: [ class club.p6e.auth.AuthVoucher ] => (class club.p6e.auth.error.VoucherException) ===> fun init(ServerWebExchange exchange)
2023-10-26 11:51:19 [reactor-http-nio-10] ERROR - { TYPE_MISMATCH_EXCEPTION <14000> [Voucher request parameter does not data or expired exception.] } ::: [ class club.p6e.auth.AuthVoucher ] => (class club.p6e.auth.error.VoucherException) ===> fun init(ServerWebExchange exchange)
2023-10-26 11:52:05 [reactor-http-nio-10] ERROR - { TYPE_MISMATCH_EXCEPTION <14000> [Voucher request parameter does not data or expired exception.] } ::: [ class club.p6e.auth.AuthVoucher ] => (class club.p6e.auth.error.VoucherException) ===> fun init(ServerWebExchange exchange)
2023-10-26 11:52:07 [reactor-http-nio-10] ERROR - { TYPE_MISMATCH_EXCEPTION <14000> [Voucher request parameter does not data or expired exception.] } ::: [ class club.p6e.auth.AuthVoucher ] => (class club.p6e.auth.error.VoucherException) ===> fun init(ServerWebExchange exchange)
2023-10-26 11:52:20 [reactor-http-nio-10] ERROR - { TYPE_MISMATCH_EXCEPTION <14000> [Voucher request parameter does not data or expired exception.] } ::: [ class club.p6e.auth.AuthVoucher ] => (class club.p6e.auth.error.VoucherException) ===> fun init(ServerWebExchange exchange)
2023-10-26 11:54:02 [reactor-http-nio-10] ERROR - { TYPE_MISMATCH_EXCEPTION <14000> [Voucher request parameter does not data or expired exception.] } ::: [ class club.p6e.auth.AuthVoucher ] => (class club.p6e.auth.error.VoucherException) ===> fun init(ServerWebExchange exchange)
2023-10-26 11:57:36 [reactor-http-nio-10] ERROR - { TYPE_MISMATCH_EXCEPTION <14000> [Voucher request parameter does not data or expired exception.] } ::: [ class club.p6e.auth.AuthVoucher ] => (class club.p6e.auth.error.VoucherException) ===> fun init(ServerWebExchange exchange)
2023-10-26 11:59:09 [reactor-http-nio-10] ERROR - { TYPE_MISMATCH_EXCEPTION <14000> [Voucher request parameter does not data or expired exception.] } ::: [ class club.p6e.auth.AuthVoucher ] => (class club.p6e.auth.error.VoucherException) ===> fun init(ServerWebExchange exchange)
2023-10-26 12:00:41 [reactor-http-nio-10] ERROR - { TYPE_MISMATCH_EXCEPTION <14000> [Voucher request parameter does not data or expired exception.] } ::: [ class club.p6e.auth.AuthVoucher ] => (class club.p6e.auth.error.VoucherException) ===> fun init(ServerWebExchange exchange)
2023-10-26 12:02:09 [reactor-http-nio-10] ERROR - { TYPE_MISMATCH_EXCEPTION <14000> [Voucher request parameter does not data or expired exception.] } ::: [ class club.p6e.auth.AuthVoucher ] => (class club.p6e.auth.error.VoucherException) ===> fun init(ServerWebExchange exchange)
2023-10-26 12:04:02 [reactor-http-nio-10] ERROR - { TYPE_MISMATCH_EXCEPTION <14000> [Voucher request parameter does not data or expired exception.] } ::: [ class club.p6e.auth.AuthVoucher ] => (class club.p6e.auth.error.VoucherException) ===> fun init(ServerWebExchange exchange)
2023-10-26 12:04:33 [reactor-http-nio-10] ERROR - { TYPE_MISMATCH_EXCEPTION <14000> [Voucher request parameter does not data or expired exception.] } ::: [ class club.p6e.auth.AuthVoucher ] => (class club.p6e.auth.error.VoucherException) ===> fun init(ServerWebExchange exchange)
2023-10-26 12:04:36 [reactor-http-nio-10] ERROR - { TYPE_MISMATCH_EXCEPTION <14000> [Voucher request parameter does not data or expired exception.] } ::: [ class club.p6e.auth.AuthVoucher ] => (class club.p6e.auth.error.VoucherException) ===> fun init(ServerWebExchange exchange)
2023-10-26 12:06:26 [reactor-http-nio-10] ERROR - { TYPE_MISMATCH_EXCEPTION <14000> [Voucher request parameter does not data or expired exception.] } ::: [ class club.p6e.auth.AuthVoucher ] => (class club.p6e.auth.error.VoucherException) ===> fun init(ServerWebExchange exchange)
2023-10-26 12:06:26 [reactor-http-nio-10] ERROR - { TYPE_MISMATCH_EXCEPTION <14000> [Voucher request parameter does not data or expired exception.] } ::: [ class club.p6e.auth.AuthVoucher ] => (class club.p6e.auth.error.VoucherException) ===> fun init(ServerWebExchange exchange)
2023-10-26 12:06:29 [reactor-http-nio-10] ERROR - { TYPE_MISMATCH_EXCEPTION <14000> [Voucher request parameter does not data or expired exception.] } ::: [ class club.p6e.auth.AuthVoucher ] => (class club.p6e.auth.error.VoucherException) ===> fun init(ServerWebExchange exchange)
2023-10-26 12:06:29 [reactor-http-nio-10] ERROR - { TYPE_MISMATCH_EXCEPTION <14000> [Voucher request parameter does not data or expired exception.] } ::: [ class club.p6e.auth.AuthVoucher ] => (class club.p6e.auth.error.VoucherException) ===> fun init(ServerWebExchange exchange)
2023-10-26 12:06:31 [reactor-http-nio-10] ERROR - { TYPE_MISMATCH_EXCEPTION <14000> [Voucher request parameter does not data or expired exception.] } ::: [ class club.p6e.auth.AuthVoucher ] => (class club.p6e.auth.error.VoucherException) ===> fun init(ServerWebExchange exchange)
2023-10-26 12:06:52 [reactor-http-nio-10] ERROR - { TYPE_MISMATCH_EXCEPTION <14000> [Voucher request parameter does not data or expired exception.] } ::: [ class club.p6e.auth.AuthVoucher ] => (class club.p6e.auth.error.VoucherException) ===> fun init(ServerWebExchange exchange)
2023-10-26 12:06:52 [reactor-http-nio-10] ERROR - { TYPE_MISMATCH_EXCEPTION <14000> [Voucher request parameter does not data or expired exception.] } ::: [ class club.p6e.auth.AuthVoucher ] => (class club.p6e.auth.error.VoucherException) ===> fun init(ServerWebExchange exchange)
2023-10-26 12:06:55 [reactor-http-nio-10] ERROR - { TYPE_MISMATCH_EXCEPTION <14000> [Voucher request parameter does not data or expired exception.] } ::: [ class club.p6e.auth.AuthVoucher ] => (class club.p6e.auth.error.VoucherException) ===> fun init(ServerWebExchange exchange)
2023-10-26 12:06:55 [reactor-http-nio-10] ERROR - { TYPE_MISMATCH_EXCEPTION <14000> [Voucher request parameter does not data or expired exception.] } ::: [ class club.p6e.auth.AuthVoucher ] => (class club.p6e.auth.error.VoucherException) ===> fun init(ServerWebExchange exchange)
2023-10-26 12:06:57 [reactor-http-nio-10] ERROR - { TYPE_MISMATCH_EXCEPTION <14000> [Voucher request parameter does not data or expired exception.] } ::: [ class club.p6e.auth.AuthVoucher ] => (class club.p6e.auth.error.VoucherException) ===> fun init(ServerWebExchange exchange)
2023-10-26 12:07:29 [reactor-http-nio-10] ERROR - { TYPE_MISMATCH_EXCEPTION <14000> [Voucher request parameter does not data or expired exception.] } ::: [ class club.p6e.auth.AuthVoucher ] => (class club.p6e.auth.error.VoucherException) ===> fun init(ServerWebExchange exchange)
2023-10-26 12:07:30 [reactor-http-nio-10] ERROR - { TYPE_MISMATCH_EXCEPTION <14000> [Voucher request parameter does not data or expired exception.] } ::: [ class club.p6e.auth.AuthVoucher ] => (class club.p6e.auth.error.VoucherException) ===> fun init(ServerWebExchange exchange)
2023-10-26 12:07:37 [reactor-http-nio-10] ERROR - { TYPE_MISMATCH_EXCEPTION <14000> [Voucher request parameter does not data or expired exception.] } ::: [ class club.p6e.auth.AuthVoucher ] => (class club.p6e.auth.error.VoucherException) ===> fun init(ServerWebExchange exchange)
2023-10-26 12:09:03 [reactor-http-nio-10] ERROR - { TYPE_MISMATCH_EXCEPTION <14000> [Voucher request parameter does not data or expired exception.] } ::: [ class club.p6e.auth.AuthVoucher ] => (class club.p6e.auth.error.VoucherException) ===> fun init(ServerWebExchange exchange)
2023-10-26 12:09:03 [reactor-http-nio-10] ERROR - { TYPE_MISMATCH_EXCEPTION <14000> [Voucher request parameter does not data or expired exception.] } ::: [ class club.p6e.auth.AuthVoucher ] => (class club.p6e.auth.error.VoucherException) ===> fun init(ServerWebExchange exchange)
2023-10-26 12:09:15 [reactor-http-nio-10] ERROR - { TYPE_MISMATCH_EXCEPTION <14000> [Voucher request parameter does not data or expired exception.] } ::: [ class club.p6e.auth.AuthVoucher ] => (class club.p6e.auth.error.VoucherException) ===> fun init(ServerWebExchange exchange)
2023-10-26 12:10:07 [reactor-http-nio-10] ERROR - { TYPE_MISMATCH_EXCEPTION <14000> [Voucher request parameter does not data or expired exception.] } ::: [ class club.p6e.auth.AuthVoucher ] => (class club.p6e.auth.error.VoucherException) ===> fun init(ServerWebExchange exchange)
2023-10-26 12:10:08 [reactor-http-nio-10] ERROR - { TYPE_MISMATCH_EXCEPTION <14000> [Voucher request parameter does not data or expired exception.] } ::: [ class club.p6e.auth.AuthVoucher ] => (class club.p6e.auth.error.VoucherException) ===> fun init(ServerWebExchange exchange)
2023-10-26 12:11:46 [reactor-http-nio-10] ERROR - { TYPE_MISMATCH_EXCEPTION <14000> [Voucher request parameter does not data or expired exception.] } ::: [ class club.p6e.auth.AuthVoucher ] => (class club.p6e.auth.error.VoucherException) ===> fun init(ServerWebExchange exchange)
2023-10-26 12:11:48 [reactor-http-nio-10] ERROR - { TYPE_MISMATCH_EXCEPTION <14000> [Voucher request parameter does not data or expired exception.] } ::: [ class club.p6e.auth.AuthVoucher ] => (class club.p6e.auth.error.VoucherException) ===> fun init(ServerWebExchange exchange)
2023-10-26 12:12:53 [reactor-http-nio-10] ERROR - { TYPE_MISMATCH_EXCEPTION <14000> [Voucher request parameter does not data or expired exception.] } ::: [ class club.p6e.auth.AuthVoucher ] => (class club.p6e.auth.error.VoucherException) ===> fun init(ServerWebExchange exchange)
2023-10-26 12:12:53 [reactor-http-nio-10] ERROR - { TYPE_MISMATCH_EXCEPTION <14000> [Voucher request parameter does not data or expired exception.] } ::: [ class club.p6e.auth.AuthVoucher ] => (class club.p6e.auth.error.VoucherException) ===> fun init(ServerWebExchange exchange)
2023-10-26 12:13:21 [reactor-http-nio-10] ERROR - { TYPE_MISMATCH_EXCEPTION <14000> [Voucher request parameter does not data or expired exception.] } ::: [ class club.p6e.auth.AuthVoucher ] => (class club.p6e.auth.error.VoucherException) ===> fun init(ServerWebExchange exchange)
2023-10-26 12:13:22 [reactor-http-nio-10] ERROR - { TYPE_MISMATCH_EXCEPTION <14000> [Voucher request parameter does not data or expired exception.] } ::: [ class club.p6e.auth.AuthVoucher ] => (class club.p6e.auth.error.VoucherException) ===> fun init(ServerWebExchange exchange)
2023-10-26 12:13:28 [reactor-http-nio-10] ERROR - { TYPE_MISMATCH_EXCEPTION <14000> [Voucher request parameter does not data or expired exception.] } ::: [ class club.p6e.auth.AuthVoucher ] => (class club.p6e.auth.error.VoucherException) ===> fun init(ServerWebExchange exchange)
2023-10-26 12:13:36 [reactor-http-nio-10] ERROR - { TYPE_MISMATCH_EXCEPTION <14000> [Voucher request parameter does not data or expired exception.] } ::: [ class club.p6e.auth.AuthVoucher ] => (class club.p6e.auth.error.VoucherException) ===> fun init(ServerWebExchange exchange)
2023-10-26 12:15:56 [reactor-http-nio-10] ERROR - { TYPE_MISMATCH_EXCEPTION <14000> [Voucher request parameter does not data or expired exception.] } ::: [ class club.p6e.auth.AuthVoucher ] => (class club.p6e.auth.error.VoucherException) ===> fun init(ServerWebExchange exchange)
2023-10-26 12:15:57 [reactor-http-nio-10] ERROR - { TYPE_MISMATCH_EXCEPTION <14000> [Voucher request parameter does not data or expired exception.] } ::: [ class club.p6e.auth.AuthVoucher ] => (class club.p6e.auth.error.VoucherException) ===> fun init(ServerWebExchange exchange)
2023-10-26 12:15:57 [reactor-http-nio-10] ERROR - { TYPE_MISMATCH_EXCEPTION <14000> [Voucher request parameter does not data or expired exception.] } ::: [ class club.p6e.auth.AuthVoucher ] => (class club.p6e.auth.error.VoucherException) ===> fun init(ServerWebExchange exchange)
2023-10-26 12:53:52 [reactor-tcp-nio-1] ERROR - { TYPE_MISMATCH_EXCEPTION <14000> [Account password inside login account or password exception.] } ::: [ class club.p6e.auth.service.AccountPasswordLoginServiceImpl ] => (class club.p6e.auth.error.AccountPasswordLoginAccountOrPasswordException) ===> fun execute(LoginContext.AccountPassword.Request param)
2023-10-26 13:23:10 [reactor-http-nio-6] ERROR - { FILE_EXCEPTION <2000> [Oauth2 auth service not supported exception.] } ::: [ class club.p6e.auth.service.Oauth2AuthServiceImpl ] => (class club.p6e.auth.error.ServiceNotEnabledException) ===> fun execute(Oauth2Context.Auth.Request param).
2023-10-26 15:51:34 [reactor-http-nio-8] ERROR - Value must not be null
2023-10-26 15:51:34 [reactor-http-nio-8] ERROR - [3dce9d83-10]  500 Server Error for HTTP GET "/oauth2/authorize?responseType=code"
java.lang.IllegalArgumentException: Value must not be null
	at org.springframework.util.Assert.notNull(Assert.java:204) ~[spring-core-6.0.2.jar:6.0.2]
	Suppressed: reactor.core.publisher.FluxOnAssembly$OnAssemblyException: 
Error has been observed at the following site(s):
	*__checkpoint ⇢ club.p6e.auth.AuthWebFilter [DefaultWebFilterChain]
	*__checkpoint ⇢ club.p6e.auth.AuthCrossDomainWebFilter [DefaultWebFilterChain]
	*__checkpoint ⇢ HTTP GET "/oauth2/authorize?responseType=code" [ExceptionHandlingWebHandler]
Original Stack Trace:
		at org.springframework.util.Assert.notNull(Assert.java:204) ~[spring-core-6.0.2.jar:6.0.2]
		at org.springframework.data.relational.core.query.Criteria$DefaultCriteriaStep.is(Criteria.java:649) ~[spring-data-relational-3.0.0.jar:3.0.0]
		at club.p6e.auth.repository.Oauth2ClientRepository.findByClientId(Oauth2ClientRepository.java:43) ~[classes/:na]
		at club.p6e.auth.service.Oauth2AuthServiceImpl.executeCodeType(Oauth2AuthServiceImpl.java:91) ~[classes/:na]
		at club.p6e.auth.service.Oauth2AuthServiceImpl.execute(Oauth2AuthServiceImpl.java:64) ~[classes/:na]
		at club.p6e.auth.controller.OAuth2AuthorizeControllerImpl.lambda$execute$0(OAuth2AuthorizeControllerImpl.java:47) ~[classes/:na]
		at reactor.core.publisher.MonoFlatMap$FlatMapMain.onNext(MonoFlatMap.java:132) ~[reactor-core-3.5.0.jar:3.5.0]
		at reactor.core.publisher.MonoIgnoreThen$ThenIgnoreMain.complete(MonoIgnoreThen.java:292) ~[reactor-core-3.5.0.jar:3.5.0]
		at reactor.core.publisher.MonoIgnoreThen$ThenIgnoreMain.onNext(MonoIgnoreThen.java:187) ~[reactor-core-3.5.0.jar:3.5.0]
		at reactor.core.publisher.MonoIgnoreThen$ThenIgnoreMain.subscribeNext(MonoIgnoreThen.java:236) ~[reactor-core-3.5.0.jar:3.5.0]
		at reactor.core.publisher.MonoIgnoreThen$ThenIgnoreMain.onComplete(MonoIgnoreThen.java:203) ~[reactor-core-3.5.0.jar:3.5.0]
		at reactor.core.publisher.MonoIgnoreElements$IgnoreElementsSubscriber.onComplete(MonoIgnoreElements.java:89) ~[reactor-core-3.5.0.jar:3.5.0]
		at reactor.core.publisher.MonoIgnoreElements$IgnoreElementsSubscriber.onComplete(MonoIgnoreElements.java:89) ~[reactor-core-3.5.0.jar:3.5.0]
		at reactor.core.publisher.Operators$ScalarSubscription.request(Operators.java:2510) ~[reactor-core-3.5.0.jar:3.5.0]
		at reactor.core.publisher.MonoIgnoreElements$IgnoreElementsSubscriber.onSubscribe(MonoIgnoreElements.java:72) ~[reactor-core-3.5.0.jar:3.5.0]
		at reactor.core.publisher.MonoJust.subscribe(MonoJust.java:55) ~[reactor-core-3.5.0.jar:3.5.0]
		at reactor.core.publisher.Mono.subscribe(Mono.java:4444) ~[reactor-core-3.5.0.jar:3.5.0]
		at reactor.core.publisher.MonoIgnorePublisher.subscribe(MonoIgnorePublisher.java:57) ~[reactor-core-3.5.0.jar:3.5.0]
		at reactor.core.publisher.Mono.subscribe(Mono.java:4444) ~[reactor-core-3.5.0.jar:3.5.0]
		at reactor.core.publisher.MonoIgnoreThen$ThenIgnoreMain.subscribeNext(MonoIgnoreThen.java:263) ~[reactor-core-3.5.0.jar:3.5.0]
		at reactor.core.publisher.MonoIgnoreThen.subscribe(MonoIgnoreThen.java:51) ~[reactor-core-3.5.0.jar:3.5.0]
		at reactor.core.publisher.InternalMonoOperator.subscribe(InternalMonoOperator.java:64) ~[reactor-core-3.5.0.jar:3.5.0]
		at reactor.core.publisher.MonoFlatMap$FlatMapMain.onNext(MonoFlatMap.java:165) ~[reactor-core-3.5.0.jar:3.5.0]
		at reactor.core.publisher.MonoZip$ZipCoordinator.signal(MonoZip.java:293) ~[reactor-core-3.5.0.jar:3.5.0]
		at reactor.core.publisher.MonoZip$ZipInner.onNext(MonoZip.java:474) ~[reactor-core-3.5.0.jar:3.5.0]
		at reactor.core.publisher.MonoPeekTerminal$MonoTerminalPeekSubscriber.onNext(MonoPeekTerminal.java:180) ~[reactor-core-3.5.0.jar:3.5.0]
		at reactor.core.publisher.FluxDefaultIfEmpty$DefaultIfEmptySubscriber.onNext(FluxDefaultIfEmpty.java:122) ~[reactor-core-3.5.0.jar:3.5.0]
		at reactor.core.publisher.FluxHide$SuppressFuseableSubscriber.onNext(FluxHide.java:137) ~[reactor-core-3.5.0.jar:3.5.0]
		at reactor.core.publisher.MonoIgnoreThen$ThenIgnoreMain.complete(MonoIgnoreThen.java:292) ~[reactor-core-3.5.0.jar:3.5.0]
		at reactor.core.publisher.MonoIgnoreThen$ThenIgnoreMain.onNext(MonoIgnoreThen.java:187) ~[reactor-core-3.5.0.jar:3.5.0]
		at reactor.core.publisher.MonoIgnoreThen$ThenIgnoreMain.subscribeNext(MonoIgnoreThen.java:236) ~[reactor-core-3.5.0.jar:3.5.0]
		at reactor.core.publisher.MonoIgnoreThen$ThenIgnoreMain.onComplete(MonoIgnoreThen.java:203) ~[reactor-core-3.5.0.jar:3.5.0]
		at reactor.core.publisher.MonoPeekTerminal$MonoTerminalPeekSubscriber.onComplete(MonoPeekTerminal.java:299) ~[reactor-core-3.5.0.jar:3.5.0]
		at reactor.core.publisher.MonoPeekTerminal$MonoTerminalPeekSubscriber.onComplete(MonoPeekTerminal.java:299) ~[reactor-core-3.5.0.jar:3.5.0]
		at reactor.core.publisher.MonoIgnoreElements$IgnoreElementsSubscriber.onComplete(MonoIgnoreElements.java:89) ~[reactor-core-3.5.0.jar:3.5.0]
		at reactor.core.publisher.FluxPeek$PeekSubscriber.onComplete(FluxPeek.java:260) ~[reactor-core-3.5.0.jar:3.5.0]
		at reactor.core.publisher.FluxPeek$PeekSubscriber.onComplete(FluxPeek.java:260) ~[reactor-core-3.5.0.jar:3.5.0]
		at reactor.core.publisher.FluxMap$MapSubscriber.onComplete(FluxMap.java:144) ~[reactor-core-3.5.0.jar:3.5.0]
		at reactor.core.publisher.MonoZip$ZipCoordinator.signal(MonoZip.java:294) ~[reactor-core-3.5.0.jar:3.5.0]
		at reactor.core.publisher.MonoZip$ZipInner.onNext(MonoZip.java:474) ~[reactor-core-3.5.0.jar:3.5.0]
		at reactor.core.publisher.Operators$MonoSubscriber.complete(Operators.java:1802) ~[reactor-core-3.5.0.jar:3.5.0]
		at reactor.core.publisher.MonoCacheTime.subscribeOrReturn(MonoCacheTime.java:151) ~[reactor-core-3.5.0.jar:3.5.0]
		at reactor.core.publisher.InternalMonoOperator.subscribe(InternalMonoOperator.java:57) ~[reactor-core-3.5.0.jar:3.5.0]
		at reactor.core.publisher.MonoZip$ZipCoordinator.request(MonoZip.java:216) ~[reactor-core-3.5.0.jar:3.5.0]
		at reactor.core.publisher.FluxMap$MapSubscriber.request(FluxMap.java:164) ~[reactor-core-3.5.0.jar:3.5.0]
		at reactor.core.publisher.FluxPeek$PeekSubscriber.request(FluxPeek.java:138) ~[reactor-core-3.5.0.jar:3.5.0]
		at reactor.core.publisher.FluxPeek$PeekSubscriber.request(FluxPeek.java:138) ~[reactor-core-3.5.0.jar:3.5.0]
		at reactor.core.publisher.MonoIgnoreElements$IgnoreElementsSubscriber.onSubscribe(MonoIgnoreElements.java:72) ~[reactor-core-3.5.0.jar:3.5.0]
		at reactor.core.publisher.FluxPeek$PeekSubscriber.onSubscribe(FluxPeek.java:171) ~[reactor-core-3.5.0.jar:3.5.0]
		at reactor.core.publisher.FluxPeek$PeekSubscriber.onSubscribe(FluxPeek.java:171) ~[reactor-core-3.5.0.jar:3.5.0]
		at reactor.core.publisher.FluxMap$MapSubscriber.onSubscribe(FluxMap.java:92) ~[reactor-core-3.5.0.jar:3.5.0]
		at reactor.core.publisher.MonoZip.subscribe(MonoZip.java:125) ~[reactor-core-3.5.0.jar:3.5.0]
		at reactor.core.publisher.Mono.subscribe(Mono.java:4444) ~[reactor-core-3.5.0.jar:3.5.0]
		at reactor.core.publisher.MonoIgnoreThen$ThenIgnoreMain.subscribeNext(MonoIgnoreThen.java:263) ~[reactor-core-3.5.0.jar:3.5.0]
		at reactor.core.publisher.MonoIgnoreThen.subscribe(MonoIgnoreThen.java:51) ~[reactor-core-3.5.0.jar:3.5.0]
		at reactor.core.publisher.Mono.subscribe(Mono.java:4444) ~[reactor-core-3.5.0.jar:3.5.0]
		at reactor.core.publisher.FluxFlatMap.trySubscribeScalarMap(FluxFlatMap.java:203) ~[reactor-core-3.5.0.jar:3.5.0]
		at reactor.core.publisher.MonoFlatMap.subscribeOrReturn(MonoFlatMap.java:53) ~[reactor-core-3.5.0.jar:3.5.0]
		at reactor.core.publisher.InternalMonoOperator.subscribe(InternalMonoOperator.java:57) ~[reactor-core-3.5.0.jar:3.5.0]
		at reactor.core.publisher.MonoZip$ZipCoordinator.request(MonoZip.java:216) ~[reactor-core-3.5.0.jar:3.5.0]
		at reactor.core.publisher.MonoFlatMap$FlatMapMain.request(MonoFlatMap.java:194) ~[reactor-core-3.5.0.jar:3.5.0]
		at reactor.core.publisher.MonoIgnoreThen$ThenIgnoreMain.onSubscribe(MonoIgnoreThen.java:134) ~[reactor-core-3.5.0.jar:3.5.0]
		at reactor.core.publisher.MonoFlatMap$FlatMapMain.onSubscribe(MonoFlatMap.java:117) ~[reactor-core-3.5.0.jar:3.5.0]
		at reactor.core.publisher.MonoZip.subscribe(MonoZip.java:125) ~[reactor-core-3.5.0.jar:3.5.0]
		at reactor.core.publisher.InternalMonoOperator.subscribe(InternalMonoOperator.java:64) ~[reactor-core-3.5.0.jar:3.5.0]
		at reactor.core.publisher.MonoDefer.subscribe(MonoDefer.java:52) ~[reactor-core-3.5.0.jar:3.5.0]
		at reactor.core.publisher.MonoIgnoreThen$ThenIgnoreMain.subscribeNext(MonoIgnoreThen.java:240) ~[reactor-core-3.5.0.jar:3.5.0]
		at reactor.core.publisher.MonoIgnoreThen$ThenIgnoreMain.onComplete(MonoIgnoreThen.java:203) ~[reactor-core-3.5.0.jar:3.5.0]
		at reactor.core.publisher.MonoFlatMap$FlatMapMain.onComplete(MonoFlatMap.java:189) ~[reactor-core-3.5.0.jar:3.5.0]
		at reactor.core.publisher.Operators.complete(Operators.java:137) ~[reactor-core-3.5.0.jar:3.5.0]
		at reactor.core.publisher.MonoZip.subscribe(MonoZip.java:121) ~[reactor-core-3.5.0.jar:3.5.0]
		at reactor.core.publisher.Mono.subscribe(Mono.java:4444) ~[reactor-core-3.5.0.jar:3.5.0]
		at reactor.core.publisher.MonoIgnoreThen$ThenIgnoreMain.subscribeNext(MonoIgnoreThen.java:263) ~[reactor-core-3.5.0.jar:3.5.0]
		at reactor.core.publisher.MonoIgnoreThen.subscribe(MonoIgnoreThen.java:51) ~[reactor-core-3.5.0.jar:3.5.0]
		at reactor.core.publisher.InternalMonoOperator.subscribe(InternalMonoOperator.java:64) ~[reactor-core-3.5.0.jar:3.5.0]
		at reactor.core.publisher.MonoFlatMap$FlatMapMain.onNext(MonoFlatMap.java:165) ~[reactor-core-3.5.0.jar:3.5.0]
		at reactor.core.publisher.FluxOnErrorResume$ResumeSubscriber.onNext(FluxOnErrorResume.java:79) ~[reactor-core-3.5.0.jar:3.5.0]
		at reactor.core.publisher.FluxSwitchIfEmpty$SwitchIfEmptySubscriber.onNext(FluxSwitchIfEmpty.java:74) ~[reactor-core-3.5.0.jar:3.5.0]
		at reactor.core.publisher.MonoNext$NextSubscriber.onNext(MonoNext.java:82) ~[reactor-core-3.5.0.jar:3.5.0]
		at reactor.core.publisher.FluxConcatMapNoPrefetch$FluxConcatMapNoPrefetchSubscriber.innerNext(FluxConcatMapNoPrefetch.java:258) ~[reactor-core-3.5.0.jar:3.5.0]
		at reactor.core.publisher.FluxConcatMap$ConcatMapInner.onNext(FluxConcatMap.java:863) ~[reactor-core-3.5.0.jar:3.5.0]
		at reactor.core.publisher.FluxMapFuseable$MapFuseableSubscriber.onNext(FluxMapFuseable.java:129) ~[reactor-core-3.5.0.jar:3.5.0]
		at reactor.core.publisher.MonoPeekTerminal$MonoTerminalPeekSubscriber.onNext(MonoPeekTerminal.java:180) ~[reactor-core-3.5.0.jar:3.5.0]
		at reactor.core.publisher.Operators$ScalarSubscription.request(Operators.java:2508) ~[reactor-core-3.5.0.jar:3.5.0]
		at reactor.core.publisher.MonoPeekTerminal$MonoTerminalPeekSubscriber.request(MonoPeekTerminal.java:139) ~[reactor-core-3.5.0.jar:3.5.0]
		at reactor.core.publisher.FluxMapFuseable$MapFuseableSubscriber.request(FluxMapFuseable.java:171) ~[reactor-core-3.5.0.jar:3.5.0]
		at reactor.core.publisher.Operators$MultiSubscriptionSubscriber.request(Operators.java:2268) ~[reactor-core-3.5.0.jar:3.5.0]
		at reactor.core.publisher.FluxConcatMapNoPrefetch$FluxConcatMapNoPrefetchSubscriber.request(FluxConcatMapNoPrefetch.java:338) ~[reactor-core-3.5.0.jar:3.5.0]
		at reactor.core.publisher.MonoNext$NextSubscriber.request(MonoNext.java:108) ~[reactor-core-3.5.0.jar:3.5.0]
		at reactor.core.publisher.Operators$MultiSubscriptionSubscriber.set(Operators.java:2304) ~[reactor-core-3.5.0.jar:3.5.0]
		at reactor.core.publisher.Operators$MultiSubscriptionSubscriber.onSubscribe(Operators.java:2178) ~[reactor-core-3.5.0.jar:3.5.0]
		at reactor.core.publisher.MonoNext$NextSubscriber.onSubscribe(MonoNext.java:70) ~[reactor-core-3.5.0.jar:3.5.0]
		at reactor.core.publisher.FluxConcatMapNoPrefetch$FluxConcatMapNoPrefetchSubscriber.onSubscribe(FluxConcatMapNoPrefetch.java:164) ~[reactor-core-3.5.0.jar:3.5.0]
		at reactor.core.publisher.FluxIterable.subscribe(FluxIterable.java:165) ~[reactor-core-3.5.0.jar:3.5.0]
		at reactor.core.publisher.FluxIterable.subscribe(FluxIterable.java:87) ~[reactor-core-3.5.0.jar:3.5.0]
		at reactor.core.publisher.InternalMonoOperator.subscribe(InternalMonoOperator.java:64) ~[reactor-core-3.5.0.jar:3.5.0]
		at reactor.core.publisher.MonoDefer.subscribe(MonoDefer.java:52) ~[reactor-core-3.5.0.jar:3.5.0]
		at reactor.core.publisher.InternalMonoOperator.subscribe(InternalMonoOperator.java:64) ~[reactor-core-3.5.0.jar:3.5.0]
		at reactor.core.publisher.MonoDefer.subscribe(MonoDefer.java:52) ~[reactor-core-3.5.0.jar:3.5.0]
		at reactor.core.publisher.InternalMonoOperator.subscribe(InternalMonoOperator.java:64) ~[reactor-core-3.5.0.jar:3.5.0]
		at reactor.core.publisher.MonoDefer.subscribe(MonoDefer.java:52) ~[reactor-core-3.5.0.jar:3.5.0]
		at reactor.core.publisher.Mono.subscribe(Mono.java:4444) ~[reactor-core-3.5.0.jar:3.5.0]
		at reactor.core.publisher.MonoIgnoreThen$ThenIgnoreMain.subscribeNext(MonoIgnoreThen.java:263) ~[reactor-core-3.5.0.jar:3.5.0]
		at reactor.core.publisher.MonoIgnoreThen.subscribe(MonoIgnoreThen.java:51) ~[reactor-core-3.5.0.jar:3.5.0]
		at reactor.core.publisher.InternalMonoOperator.subscribe(InternalMonoOperator.java:64) ~[reactor-core-3.5.0.jar:3.5.0]
		at reactor.core.publisher.MonoDeferContextual.subscribe(MonoDeferContextual.java:55) ~[reactor-core-3.5.0.jar:3.5.0]
		at reactor.netty.http.server.HttpServer$HttpServerHandle.onStateChange(HttpServer.java:997) ~[reactor-netty-http-1.1.0.jar:1.1.0]
		at reactor.netty.ReactorNetty$CompositeConnectionObserver.onStateChange(ReactorNetty.java:680) ~[reactor-netty-core-1.1.0.jar:1.1.0]
		at reactor.netty.transport.ServerTransport$ChildObserver.onStateChange(ServerTransport.java:477) ~[reactor-netty-core-1.1.0.jar:1.1.0]
		at reactor.netty.http.server.HttpServerOperations.onInboundNext(HttpServerOperations.java:573) ~[reactor-netty-http-1.1.0.jar:1.1.0]
		at reactor.netty.channel.ChannelOperationsHandler.channelRead(ChannelOperationsHandler.java:113) ~[reactor-netty-core-1.1.0.jar:1.1.0]
		at io.netty.channel.AbstractChannelHandlerContext.invokeChannelRead(AbstractChannelHandlerContext.java:444) ~[netty-transport-4.1.92.Final.jar:4.1.92.Final]
		at io.netty.channel.AbstractChannelHandlerContext.invokeChannelRead(AbstractChannelHandlerContext.java:420) ~[netty-transport-4.1.92.Final.jar:4.1.92.Final]
		at io.netty.channel.AbstractChannelHandlerContext.fireChannelRead(AbstractChannelHandlerContext.java:412) ~[netty-transport-4.1.92.Final.jar:4.1.92.Final]
		at reactor.netty.http.server.HttpTrafficHandler.channelRead(HttpTrafficHandler.java:220) ~[reactor-netty-http-1.1.0.jar:1.1.0]
		at io.netty.channel.AbstractChannelHandlerContext.invokeChannelRead(AbstractChannelHandlerContext.java:442) ~[netty-transport-4.1.92.Final.jar:4.1.92.Final]
		at io.netty.channel.AbstractChannelHandlerContext.invokeChannelRead(AbstractChannelHandlerContext.java:420) ~[netty-transport-4.1.92.Final.jar:4.1.92.Final]
		at io.netty.channel.AbstractChannelHandlerContext.fireChannelRead(AbstractChannelHandlerContext.java:412) ~[netty-transport-4.1.92.Final.jar:4.1.92.Final]
		at io.netty.channel.CombinedChannelDuplexHandler$DelegatingChannelHandlerContext.fireChannelRead(CombinedChannelDuplexHandler.java:436) ~[netty-transport-4.1.92.Final.jar:4.1.92.Final]
		at io.netty.handler.codec.ByteToMessageDecoder.fireChannelRead(ByteToMessageDecoder.java:346) ~[netty-codec-4.1.92.Final.jar:4.1.92.Final]
		at io.netty.handler.codec.ByteToMessageDecoder.channelRead(ByteToMessageDecoder.java:318) ~[netty-codec-4.1.92.Final.jar:4.1.92.Final]
		at io.netty.channel.CombinedChannelDuplexHandler.channelRead(CombinedChannelDuplexHandler.java:251) ~[netty-transport-4.1.92.Final.jar:4.1.92.Final]
		at io.netty.channel.AbstractChannelHandlerContext.invokeChannelRead(AbstractChannelHandlerContext.java:442) ~[netty-transport-4.1.92.Final.jar:4.1.92.Final]
		at io.netty.channel.AbstractChannelHandlerContext.invokeChannelRead(AbstractChannelHandlerContext.java:420) ~[netty-transport-4.1.92.Final.jar:4.1.92.Final]
		at io.netty.channel.AbstractChannelHandlerContext.fireChannelRead(AbstractChannelHandlerContext.java:412) ~[netty-transport-4.1.92.Final.jar:4.1.92.Final]
		at io.netty.channel.DefaultChannelPipeline$HeadContext.channelRead(DefaultChannelPipeline.java:1410) ~[netty-transport-4.1.92.Final.jar:4.1.92.Final]
		at io.netty.channel.AbstractChannelHandlerContext.invokeChannelRead(AbstractChannelHandlerContext.java:440) ~[netty-transport-4.1.92.Final.jar:4.1.92.Final]
		at io.netty.channel.AbstractChannelHandlerContext.invokeChannelRead(AbstractChannelHandlerContext.java:420) ~[netty-transport-4.1.92.Final.jar:4.1.92.Final]
		at io.netty.channel.DefaultChannelPipeline.fireChannelRead(DefaultChannelPipeline.java:919) ~[netty-transport-4.1.92.Final.jar:4.1.92.Final]
		at io.netty.channel.nio.AbstractNioByteChannel$NioByteUnsafe.read(AbstractNioByteChannel.java:166) ~[netty-transport-4.1.92.Final.jar:4.1.92.Final]
		at io.netty.channel.nio.NioEventLoop.processSelectedKey(NioEventLoop.java:788) ~[netty-transport-4.1.92.Final.jar:4.1.92.Final]
		at io.netty.channel.nio.NioEventLoop.processSelectedKeysOptimized(NioEventLoop.java:724) ~[netty-transport-4.1.92.Final.jar:4.1.92.Final]
		at io.netty.channel.nio.NioEventLoop.processSelectedKeys(NioEventLoop.java:650) ~[netty-transport-4.1.92.Final.jar:4.1.92.Final]
		at io.netty.channel.nio.NioEventLoop.run(NioEventLoop.java:562) ~[netty-transport-4.1.92.Final.jar:4.1.92.Final]
		at io.netty.util.concurrent.SingleThreadEventExecutor$4.run(SingleThreadEventExecutor.java:997) ~[netty-common-4.1.92.Final.jar:4.1.92.Final]
		at io.netty.util.internal.ThreadExecutorMap$2.run(ThreadExecutorMap.java:74) ~[netty-common-4.1.92.Final.jar:4.1.92.Final]
		at io.netty.util.concurrent.FastThreadLocalRunnable.run(FastThreadLocalRunnable.java:30) ~[netty-common-4.1.92.Final.jar:4.1.92.Final]
		at java.base/java.lang.Thread.run(Thread.java:833) ~[na:na]
2023-10-26 15:52:37 [reactor-http-nio-8] ERROR - Value must not be null
2023-10-26 15:52:37 [reactor-http-nio-8] ERROR - [3dce9d83-11]  500 Server Error for HTTP GET "/oauth2/authorize?responseType=code"
java.lang.IllegalArgumentException: Value must not be null
	at org.springframework.util.Assert.notNull(Assert.java:204) ~[spring-core-6.0.2.jar:6.0.2]
	Suppressed: reactor.core.publisher.FluxOnAssembly$OnAssemblyException: 
Error has been observed at the following site(s):
	*__checkpoint ⇢ club.p6e.auth.AuthWebFilter [DefaultWebFilterChain]
	*__checkpoint ⇢ club.p6e.auth.AuthCrossDomainWebFilter [DefaultWebFilterChain]
	*__checkpoint ⇢ HTTP GET "/oauth2/authorize?responseType=code" [ExceptionHandlingWebHandler]
Original Stack Trace:
		at org.springframework.util.Assert.notNull(Assert.java:204) ~[spring-core-6.0.2.jar:6.0.2]
		at org.springframework.data.relational.core.query.Criteria$DefaultCriteriaStep.is(Criteria.java:649) ~[spring-data-relational-3.0.0.jar:3.0.0]
		at club.p6e.auth.repository.Oauth2ClientRepository.findByClientId(Oauth2ClientRepository.java:43) ~[classes/:na]
		at club.p6e.auth.service.Oauth2AuthServiceImpl.executeCodeType(Oauth2AuthServiceImpl.java:91) ~[classes/:na]
		at club.p6e.auth.service.Oauth2AuthServiceImpl.execute(Oauth2AuthServiceImpl.java:64) ~[classes/:na]
		at club.p6e.auth.controller.OAuth2AuthorizeControllerImpl.lambda$execute$0(OAuth2AuthorizeControllerImpl.java:47) ~[classes/:na]
		at reactor.core.publisher.MonoFlatMap$FlatMapMain.onNext(MonoFlatMap.java:132) ~[reactor-core-3.5.0.jar:3.5.0]
		at reactor.core.publisher.MonoIgnoreThen$ThenIgnoreMain.complete(MonoIgnoreThen.java:292) ~[reactor-core-3.5.0.jar:3.5.0]
		at reactor.core.publisher.MonoIgnoreThen$ThenIgnoreMain.onNext(MonoIgnoreThen.java:187) ~[reactor-core-3.5.0.jar:3.5.0]
		at reactor.core.publisher.MonoIgnoreThen$ThenIgnoreMain.subscribeNext(MonoIgnoreThen.java:236) ~[reactor-core-3.5.0.jar:3.5.0]
		at reactor.core.publisher.MonoIgnoreThen$ThenIgnoreMain.onComplete(MonoIgnoreThen.java:203) ~[reactor-core-3.5.0.jar:3.5.0]
		at reactor.core.publisher.MonoIgnoreElements$IgnoreElementsSubscriber.onComplete(MonoIgnoreElements.java:89) ~[reactor-core-3.5.0.jar:3.5.0]
		at reactor.core.publisher.MonoIgnoreElements$IgnoreElementsSubscriber.onComplete(MonoIgnoreElements.java:89) ~[reactor-core-3.5.0.jar:3.5.0]
		at reactor.core.publisher.Operators$ScalarSubscription.request(Operators.java:2510) ~[reactor-core-3.5.0.jar:3.5.0]
		at reactor.core.publisher.MonoIgnoreElements$IgnoreElementsSubscriber.onSubscribe(MonoIgnoreElements.java:72) ~[reactor-core-3.5.0.jar:3.5.0]
		at reactor.core.publisher.MonoJust.subscribe(MonoJust.java:55) ~[reactor-core-3.5.0.jar:3.5.0]
		at reactor.core.publisher.Mono.subscribe(Mono.java:4444) ~[reactor-core-3.5.0.jar:3.5.0]
		at reactor.core.publisher.MonoIgnorePublisher.subscribe(MonoIgnorePublisher.java:57) ~[reactor-core-3.5.0.jar:3.5.0]
		at reactor.core.publisher.Mono.subscribe(Mono.java:4444) ~[reactor-core-3.5.0.jar:3.5.0]
		at reactor.core.publisher.MonoIgnoreThen$ThenIgnoreMain.subscribeNext(MonoIgnoreThen.java:263) ~[reactor-core-3.5.0.jar:3.5.0]
		at reactor.core.publisher.MonoIgnoreThen.subscribe(MonoIgnoreThen.java:51) ~[reactor-core-3.5.0.jar:3.5.0]
		at reactor.core.publisher.InternalMonoOperator.subscribe(InternalMonoOperator.java:64) ~[reactor-core-3.5.0.jar:3.5.0]
		at reactor.core.publisher.MonoFlatMap$FlatMapMain.onNext(MonoFlatMap.java:165) ~[reactor-core-3.5.0.jar:3.5.0]
		at reactor.core.publisher.MonoZip$ZipCoordinator.signal(MonoZip.java:293) ~[reactor-core-3.5.0.jar:3.5.0]
		at reactor.core.publisher.MonoZip$ZipInner.onNext(MonoZip.java:474) ~[reactor-core-3.5.0.jar:3.5.0]
		at reactor.core.publisher.MonoPeekTerminal$MonoTerminalPeekSubscriber.onNext(MonoPeekTerminal.java:180) ~[reactor-core-3.5.0.jar:3.5.0]
		at reactor.core.publisher.FluxDefaultIfEmpty$DefaultIfEmptySubscriber.onNext(FluxDefaultIfEmpty.java:122) ~[reactor-core-3.5.0.jar:3.5.0]
		at reactor.core.publisher.FluxHide$SuppressFuseableSubscriber.onNext(FluxHide.java:137) ~[reactor-core-3.5.0.jar:3.5.0]
		at reactor.core.publisher.MonoIgnoreThen$ThenIgnoreMain.complete(MonoIgnoreThen.java:292) ~[reactor-core-3.5.0.jar:3.5.0]
		at reactor.core.publisher.MonoIgnoreThen$ThenIgnoreMain.onNext(MonoIgnoreThen.java:187) ~[reactor-core-3.5.0.jar:3.5.0]
		at reactor.core.publisher.MonoIgnoreThen$ThenIgnoreMain.subscribeNext(MonoIgnoreThen.java:236) ~[reactor-core-3.5.0.jar:3.5.0]
		at reactor.core.publisher.MonoIgnoreThen$ThenIgnoreMain.onComplete(MonoIgnoreThen.java:203) ~[reactor-core-3.5.0.jar:3.5.0]
		at reactor.core.publisher.MonoPeekTerminal$MonoTerminalPeekSubscriber.onComplete(MonoPeekTerminal.java:299) ~[reactor-core-3.5.0.jar:3.5.0]
		at reactor.core.publisher.MonoPeekTerminal$MonoTerminalPeekSubscriber.onComplete(MonoPeekTerminal.java:299) ~[reactor-core-3.5.0.jar:3.5.0]
		at reactor.core.publisher.MonoIgnoreElements$IgnoreElementsSubscriber.onComplete(MonoIgnoreElements.java:89) ~[reactor-core-3.5.0.jar:3.5.0]
		at reactor.core.publisher.FluxPeek$PeekSubscriber.onComplete(FluxPeek.java:260) ~[reactor-core-3.5.0.jar:3.5.0]
		at reactor.core.publisher.FluxPeek$PeekSubscriber.onComplete(FluxPeek.java:260) ~[reactor-core-3.5.0.jar:3.5.0]
		at reactor.core.publisher.FluxMap$MapSubscriber.onComplete(FluxMap.java:144) ~[reactor-core-3.5.0.jar:3.5.0]
		at reactor.core.publisher.MonoZip$ZipCoordinator.signal(MonoZip.java:294) ~[reactor-core-3.5.0.jar:3.5.0]
		at reactor.core.publisher.MonoZip$ZipInner.onNext(MonoZip.java:474) ~[reactor-core-3.5.0.jar:3.5.0]
		at reactor.core.publisher.Operators$MonoSubscriber.complete(Operators.java:1802) ~[reactor-core-3.5.0.jar:3.5.0]
		at reactor.core.publisher.MonoCacheTime.subscribeOrReturn(MonoCacheTime.java:151) ~[reactor-core-3.5.0.jar:3.5.0]
		at reactor.core.publisher.InternalMonoOperator.subscribe(InternalMonoOperator.java:57) ~[reactor-core-3.5.0.jar:3.5.0]
		at reactor.core.publisher.MonoZip$ZipCoordinator.request(MonoZip.java:216) ~[reactor-core-3.5.0.jar:3.5.0]
		at reactor.core.publisher.FluxMap$MapSubscriber.request(FluxMap.java:164) ~[reactor-core-3.5.0.jar:3.5.0]
		at reactor.core.publisher.FluxPeek$PeekSubscriber.request(FluxPeek.java:138) ~[reactor-core-3.5.0.jar:3.5.0]
		at reactor.core.publisher.FluxPeek$PeekSubscriber.request(FluxPeek.java:138) ~[reactor-core-3.5.0.jar:3.5.0]
		at reactor.core.publisher.MonoIgnoreElements$IgnoreElementsSubscriber.onSubscribe(MonoIgnoreElements.java:72) ~[reactor-core-3.5.0.jar:3.5.0]
		at reactor.core.publisher.FluxPeek$PeekSubscriber.onSubscribe(FluxPeek.java:171) ~[reactor-core-3.5.0.jar:3.5.0]
		at reactor.core.publisher.FluxPeek$PeekSubscriber.onSubscribe(FluxPeek.java:171) ~[reactor-core-3.5.0.jar:3.5.0]
		at reactor.core.publisher.FluxMap$MapSubscriber.onSubscribe(FluxMap.java:92) ~[reactor-core-3.5.0.jar:3.5.0]
		at reactor.core.publisher.MonoZip.subscribe(MonoZip.java:125) ~[reactor-core-3.5.0.jar:3.5.0]
		at reactor.core.publisher.Mono.subscribe(Mono.java:4444) ~[reactor-core-3.5.0.jar:3.5.0]
		at reactor.core.publisher.MonoIgnoreThen$ThenIgnoreMain.subscribeNext(MonoIgnoreThen.java:263) ~[reactor-core-3.5.0.jar:3.5.0]
		at reactor.core.publisher.MonoIgnoreThen.subscribe(MonoIgnoreThen.java:51) ~[reactor-core-3.5.0.jar:3.5.0]
		at reactor.core.publisher.Mono.subscribe(Mono.java:4444) ~[reactor-core-3.5.0.jar:3.5.0]
		at reactor.core.publisher.FluxFlatMap.trySubscribeScalarMap(FluxFlatMap.java:203) ~[reactor-core-3.5.0.jar:3.5.0]
		at reactor.core.publisher.MonoFlatMap.subscribeOrReturn(MonoFlatMap.java:53) ~[reactor-core-3.5.0.jar:3.5.0]
		at reactor.core.publisher.InternalMonoOperator.subscribe(InternalMonoOperator.java:57) ~[reactor-core-3.5.0.jar:3.5.0]
		at reactor.core.publisher.MonoZip$ZipCoordinator.request(MonoZip.java:216) ~[reactor-core-3.5.0.jar:3.5.0]
		at reactor.core.publisher.MonoFlatMap$FlatMapMain.request(MonoFlatMap.java:194) ~[reactor-core-3.5.0.jar:3.5.0]
		at reactor.core.publisher.MonoIgnoreThen$ThenIgnoreMain.onSubscribe(MonoIgnoreThen.java:134) ~[reactor-core-3.5.0.jar:3.5.0]
		at reactor.core.publisher.MonoFlatMap$FlatMapMain.onSubscribe(MonoFlatMap.java:117) ~[reactor-core-3.5.0.jar:3.5.0]
		at reactor.core.publisher.MonoZip.subscribe(MonoZip.java:125) ~[reactor-core-3.5.0.jar:3.5.0]
		at reactor.core.publisher.InternalMonoOperator.subscribe(InternalMonoOperator.java:64) ~[reactor-core-3.5.0.jar:3.5.0]
		at reactor.core.publisher.MonoDefer.subscribe(MonoDefer.java:52) ~[reactor-core-3.5.0.jar:3.5.0]
		at reactor.core.publisher.MonoIgnoreThen$ThenIgnoreMain.subscribeNext(MonoIgnoreThen.java:240) ~[reactor-core-3.5.0.jar:3.5.0]
		at reactor.core.publisher.MonoIgnoreThen$ThenIgnoreMain.onComplete(MonoIgnoreThen.java:203) ~[reactor-core-3.5.0.jar:3.5.0]
		at reactor.core.publisher.MonoFlatMap$FlatMapMain.onComplete(MonoFlatMap.java:189) ~[reactor-core-3.5.0.jar:3.5.0]
		at reactor.core.publisher.Operators.complete(Operators.java:137) ~[reactor-core-3.5.0.jar:3.5.0]
		at reactor.core.publisher.MonoZip.subscribe(MonoZip.java:121) ~[reactor-core-3.5.0.jar:3.5.0]
		at reactor.core.publisher.Mono.subscribe(Mono.java:4444) ~[reactor-core-3.5.0.jar:3.5.0]
		at reactor.core.publisher.MonoIgnoreThen$ThenIgnoreMain.subscribeNext(MonoIgnoreThen.java:263) ~[reactor-core-3.5.0.jar:3.5.0]
		at reactor.core.publisher.MonoIgnoreThen.subscribe(MonoIgnoreThen.java:51) ~[reactor-core-3.5.0.jar:3.5.0]
		at reactor.core.publisher.InternalMonoOperator.subscribe(InternalMonoOperator.java:64) ~[reactor-core-3.5.0.jar:3.5.0]
		at reactor.core.publisher.MonoFlatMap$FlatMapMain.onNext(MonoFlatMap.java:165) ~[reactor-core-3.5.0.jar:3.5.0]
		at reactor.core.publisher.FluxOnErrorResume$ResumeSubscriber.onNext(FluxOnErrorResume.java:79) ~[reactor-core-3.5.0.jar:3.5.0]
		at reactor.core.publisher.FluxSwitchIfEmpty$SwitchIfEmptySubscriber.onNext(FluxSwitchIfEmpty.java:74) ~[reactor-core-3.5.0.jar:3.5.0]
		at reactor.core.publisher.MonoNext$NextSubscriber.onNext(MonoNext.java:82) ~[reactor-core-3.5.0.jar:3.5.0]
		at reactor.core.publisher.FluxConcatMapNoPrefetch$FluxConcatMapNoPrefetchSubscriber.innerNext(FluxConcatMapNoPrefetch.java:258) ~[reactor-core-3.5.0.jar:3.5.0]
		at reactor.core.publisher.FluxConcatMap$ConcatMapInner.onNext(FluxConcatMap.java:863) ~[reactor-core-3.5.0.jar:3.5.0]
		at reactor.core.publisher.FluxMapFuseable$MapFuseableSubscriber.onNext(FluxMapFuseable.java:129) ~[reactor-core-3.5.0.jar:3.5.0]
		at reactor.core.publisher.MonoPeekTerminal$MonoTerminalPeekSubscriber.onNext(MonoPeekTerminal.java:180) ~[reactor-core-3.5.0.jar:3.5.0]
		at reactor.core.publisher.Operators$ScalarSubscription.request(Operators.java:2508) ~[reactor-core-3.5.0.jar:3.5.0]
		at reactor.core.publisher.MonoPeekTerminal$MonoTerminalPeekSubscriber.request(MonoPeekTerminal.java:139) ~[reactor-core-3.5.0.jar:3.5.0]
		at reactor.core.publisher.FluxMapFuseable$MapFuseableSubscriber.request(FluxMapFuseable.java:171) ~[reactor-core-3.5.0.jar:3.5.0]
		at reactor.core.publisher.Operators$MultiSubscriptionSubscriber.request(Operators.java:2268) ~[reactor-core-3.5.0.jar:3.5.0]
		at reactor.core.publisher.FluxConcatMapNoPrefetch$FluxConcatMapNoPrefetchSubscriber.request(FluxConcatMapNoPrefetch.java:338) ~[reactor-core-3.5.0.jar:3.5.0]
		at reactor.core.publisher.MonoNext$NextSubscriber.request(MonoNext.java:108) ~[reactor-core-3.5.0.jar:3.5.0]
		at reactor.core.publisher.Operators$MultiSubscriptionSubscriber.set(Operators.java:2304) ~[reactor-core-3.5.0.jar:3.5.0]
		at reactor.core.publisher.Operators$MultiSubscriptionSubscriber.onSubscribe(Operators.java:2178) ~[reactor-core-3.5.0.jar:3.5.0]
		at reactor.core.publisher.MonoNext$NextSubscriber.onSubscribe(MonoNext.java:70) ~[reactor-core-3.5.0.jar:3.5.0]
		at reactor.core.publisher.FluxConcatMapNoPrefetch$FluxConcatMapNoPrefetchSubscriber.onSubscribe(FluxConcatMapNoPrefetch.java:164) ~[reactor-core-3.5.0.jar:3.5.0]
		at reactor.core.publisher.FluxIterable.subscribe(FluxIterable.java:165) ~[reactor-core-3.5.0.jar:3.5.0]
		at reactor.core.publisher.FluxIterable.subscribe(FluxIterable.java:87) ~[reactor-core-3.5.0.jar:3.5.0]
		at reactor.core.publisher.InternalMonoOperator.subscribe(InternalMonoOperator.java:64) ~[reactor-core-3.5.0.jar:3.5.0]
		at reactor.core.publisher.MonoDefer.subscribe(MonoDefer.java:52) ~[reactor-core-3.5.0.jar:3.5.0]
		at reactor.core.publisher.InternalMonoOperator.subscribe(InternalMonoOperator.java:64) ~[reactor-core-3.5.0.jar:3.5.0]
		at reactor.core.publisher.MonoDefer.subscribe(MonoDefer.java:52) ~[reactor-core-3.5.0.jar:3.5.0]
		at reactor.core.publisher.InternalMonoOperator.subscribe(InternalMonoOperator.java:64) ~[reactor-core-3.5.0.jar:3.5.0]
		at reactor.core.publisher.MonoDefer.subscribe(MonoDefer.java:52) ~[reactor-core-3.5.0.jar:3.5.0]
		at reactor.core.publisher.Mono.subscribe(Mono.java:4444) ~[reactor-core-3.5.0.jar:3.5.0]
		at reactor.core.publisher.MonoIgnoreThen$ThenIgnoreMain.subscribeNext(MonoIgnoreThen.java:263) ~[reactor-core-3.5.0.jar:3.5.0]
		at reactor.core.publisher.MonoIgnoreThen.subscribe(MonoIgnoreThen.java:51) ~[reactor-core-3.5.0.jar:3.5.0]
		at reactor.core.publisher.InternalMonoOperator.subscribe(InternalMonoOperator.java:64) ~[reactor-core-3.5.0.jar:3.5.0]
		at reactor.core.publisher.MonoDeferContextual.subscribe(MonoDeferContextual.java:55) ~[reactor-core-3.5.0.jar:3.5.0]
		at reactor.netty.http.server.HttpServer$HttpServerHandle.onStateChange(HttpServer.java:997) ~[reactor-netty-http-1.1.0.jar:1.1.0]
		at reactor.netty.ReactorNetty$CompositeConnectionObserver.onStateChange(ReactorNetty.java:680) ~[reactor-netty-core-1.1.0.jar:1.1.0]
		at reactor.netty.transport.ServerTransport$ChildObserver.onStateChange(ServerTransport.java:477) ~[reactor-netty-core-1.1.0.jar:1.1.0]
		at reactor.netty.http.server.HttpServerOperations.onInboundNext(HttpServerOperations.java:573) ~[reactor-netty-http-1.1.0.jar:1.1.0]
		at reactor.netty.channel.ChannelOperationsHandler.channelRead(ChannelOperationsHandler.java:113) ~[reactor-netty-core-1.1.0.jar:1.1.0]
		at io.netty.channel.AbstractChannelHandlerContext.invokeChannelRead(AbstractChannelHandlerContext.java:444) ~[netty-transport-4.1.92.Final.jar:4.1.92.Final]
		at io.netty.channel.AbstractChannelHandlerContext.invokeChannelRead(AbstractChannelHandlerContext.java:420) ~[netty-transport-4.1.92.Final.jar:4.1.92.Final]
		at io.netty.channel.AbstractChannelHandlerContext.fireChannelRead(AbstractChannelHandlerContext.java:412) ~[netty-transport-4.1.92.Final.jar:4.1.92.Final]
		at reactor.netty.http.server.HttpTrafficHandler.channelRead(HttpTrafficHandler.java:220) ~[reactor-netty-http-1.1.0.jar:1.1.0]
		at io.netty.channel.AbstractChannelHandlerContext.invokeChannelRead(AbstractChannelHandlerContext.java:442) ~[netty-transport-4.1.92.Final.jar:4.1.92.Final]
		at io.netty.channel.AbstractChannelHandlerContext.invokeChannelRead(AbstractChannelHandlerContext.java:420) ~[netty-transport-4.1.92.Final.jar:4.1.92.Final]
		at io.netty.channel.AbstractChannelHandlerContext.fireChannelRead(AbstractChannelHandlerContext.java:412) ~[netty-transport-4.1.92.Final.jar:4.1.92.Final]
		at io.netty.channel.CombinedChannelDuplexHandler$DelegatingChannelHandlerContext.fireChannelRead(CombinedChannelDuplexHandler.java:436) ~[netty-transport-4.1.92.Final.jar:4.1.92.Final]
		at io.netty.handler.codec.ByteToMessageDecoder.fireChannelRead(ByteToMessageDecoder.java:346) ~[netty-codec-4.1.92.Final.jar:4.1.92.Final]
		at io.netty.handler.codec.ByteToMessageDecoder.channelRead(ByteToMessageDecoder.java:318) ~[netty-codec-4.1.92.Final.jar:4.1.92.Final]
		at io.netty.channel.CombinedChannelDuplexHandler.channelRead(CombinedChannelDuplexHandler.java:251) ~[netty-transport-4.1.92.Final.jar:4.1.92.Final]
		at io.netty.channel.AbstractChannelHandlerContext.invokeChannelRead(AbstractChannelHandlerContext.java:442) ~[netty-transport-4.1.92.Final.jar:4.1.92.Final]
		at io.netty.channel.AbstractChannelHandlerContext.invokeChannelRead(AbstractChannelHandlerContext.java:420) ~[netty-transport-4.1.92.Final.jar:4.1.92.Final]
		at io.netty.channel.AbstractChannelHandlerContext.fireChannelRead(AbstractChannelHandlerContext.java:412) ~[netty-transport-4.1.92.Final.jar:4.1.92.Final]
		at io.netty.channel.DefaultChannelPipeline$HeadContext.channelRead(DefaultChannelPipeline.java:1410) ~[netty-transport-4.1.92.Final.jar:4.1.92.Final]
		at io.netty.channel.AbstractChannelHandlerContext.invokeChannelRead(AbstractChannelHandlerContext.java:440) ~[netty-transport-4.1.92.Final.jar:4.1.92.Final]
		at io.netty.channel.AbstractChannelHandlerContext.invokeChannelRead(AbstractChannelHandlerContext.java:420) ~[netty-transport-4.1.92.Final.jar:4.1.92.Final]
		at io.netty.channel.DefaultChannelPipeline.fireChannelRead(DefaultChannelPipeline.java:919) ~[netty-transport-4.1.92.Final.jar:4.1.92.Final]
		at io.netty.channel.nio.AbstractNioByteChannel$NioByteUnsafe.read(AbstractNioByteChannel.java:166) ~[netty-transport-4.1.92.Final.jar:4.1.92.Final]
		at io.netty.channel.nio.NioEventLoop.processSelectedKey(NioEventLoop.java:788) ~[netty-transport-4.1.92.Final.jar:4.1.92.Final]
		at io.netty.channel.nio.NioEventLoop.processSelectedKeysOptimized(NioEventLoop.java:724) ~[netty-transport-4.1.92.Final.jar:4.1.92.Final]
		at io.netty.channel.nio.NioEventLoop.processSelectedKeys(NioEventLoop.java:650) ~[netty-transport-4.1.92.Final.jar:4.1.92.Final]
		at io.netty.channel.nio.NioEventLoop.run(NioEventLoop.java:562) ~[netty-transport-4.1.92.Final.jar:4.1.92.Final]
		at io.netty.util.concurrent.SingleThreadEventExecutor$4.run(SingleThreadEventExecutor.java:997) ~[netty-common-4.1.92.Final.jar:4.1.92.Final]
		at io.netty.util.internal.ThreadExecutorMap$2.run(ThreadExecutorMap.java:74) ~[netty-common-4.1.92.Final.jar:4.1.92.Final]
		at io.netty.util.concurrent.FastThreadLocalRunnable.run(FastThreadLocalRunnable.java:30) ~[netty-common-4.1.92.Final.jar:4.1.92.Final]
		at java.base/java.lang.Thread.run(Thread.java:833) ~[na:na]
2023-10-26 15:53:27 [reactor-tcp-nio-1] ERROR - { TYPE_MISMATCH_EXCEPTION <14000> [Oauth2 code type mode check scope exception.] } ::: [ class club.p6e.auth.service.Oauth2AuthServiceImpl ] => (class club.p6e.auth.error.Oauth2ScopeException) ===> fun executeCodeType(ServerWebExchange exchange, Oauth2Context.Auth.Request param)
2023-10-26 16:18:36 [reactor-http-nio-5] ERROR - { PARAMETER_EXCEPTION <1000> [Request parameter validation exception.] } ::: [ class club.p6e.auth.validator.ParameterValidator ] => (class club.p6e.auth.error.ParameterException) ===> fun execute(ServerWebExchange exchange, Object param)
2023-10-26 16:18:52 [reactor-http-nio-5] ERROR - { TYPE_MISMATCH_EXCEPTION <14000> [Verification code login cache data does not exist or expire exception.] } ::: [ class club.p6e.auth.service.VerificationCodeLoginServiceImpl ] => (class club.p6e.auth.error.CacheException) ===> fun execute(ServerWebExchange exchange, LoginContext.VerificationCodeObtain.Request param)
2023-10-26 17:17:59 [reactor-http-nio-13] ERROR - { TYPE_MISMATCH_EXCEPTION <14000> [[HTTP/STORAGE/CACHE] Verifier validation access token exception.] } ::: [ class club.p6e.auth.certificate.HttpLocalStorageCacheCertificateValidator ] => (class club.p6e.auth.error.AuthException) ===> fun accessToken(String token)
2023-10-26 17:20:25 [reactor-http-nio-13] ERROR - { TYPE_MISMATCH_EXCEPTION <14000> [[HTTP/STORAGE/CACHE] Verifier validation access token exception.] } ::: [ class club.p6e.auth.certificate.HttpLocalStorageCacheCertificateValidator ] => (class club.p6e.auth.error.AuthException) ===> fun accessToken(String token)
2023-10-26 17:27:16 [reactor-http-nio-1] ERROR - { TYPE_MISMATCH_EXCEPTION <14000> [[HTTP/STORAGE/CACHE] Verifier validation access token exception.] } ::: [ class club.p6e.auth.certificate.HttpLocalStorageCacheCertificateValidator ] => (class club.p6e.auth.error.AuthException) ===> fun accessToken(String token)
2023-10-26 17:30:44 [reactor-http-nio-2] ERROR - { TYPE_MISMATCH_EXCEPTION <14000> [[HTTP/STORAGE/CACHE] Verifier validation access token exception.] } ::: [ class club.p6e.auth.certificate.HttpLocalStorageCacheCertificateValidator ] => (class club.p6e.auth.error.AuthException) ===> fun accessToken(String token)
