2023-07-05 09:21:19 [http-nio-9999-exec-1] ERROR - { TYPE_MISMATCH_EXCEPTION <14000> [] } ::: [ class club.p6e.cloud.test.domain.entity.PermissionUrlEntity ] => (class club.p6e.cloud.test.error.CacheException) ===> 
2023-07-05 09:47:55 [http-nio-9999-exec-7] ERROR - HV000030: No validator could be found for constraint 'jakarta.validation.constraints.NotEmpty' validating type 'java.time.LocalDateTime'. Check configuration for 'createDate'
2023-07-05 10:40:18 [http-nio-9999-exec-6] ERROR - Request method 'POST' is not supported
2023-07-05 10:40:25 [http-nio-9999-exec-8] ERROR - Request method 'POST' is not supported
2023-07-05 10:47:54 [http-nio-9999-exec-3] ERROR - { TYPE_MISMATCH_EXCEPTION <14000> [] } ::: [ class club.p6e.cloud.test.domain.entity.PermissionUrlEntity ] => (class club.p6e.cloud.test.error.CacheException) ===> 
2023-07-05 10:48:05 [http-nio-9999-exec-1] ERROR - Request method 'POST' is not supported
2023-07-05 10:48:25 [http-nio-9999-exec-2] ERROR - Request method 'POST' is not supported
2023-07-05 10:48:26 [http-nio-9999-exec-4] ERROR - Request method 'POST' is not supported
2023-07-05 10:48:26 [http-nio-9999-exec-5] ERROR - Request method 'POST' is not supported
2023-07-05 10:48:27 [http-nio-9999-exec-6] ERROR - Request method 'POST' is not supported
2023-07-05 10:48:27 [http-nio-9999-exec-8] ERROR - Request method 'POST' is not supported
2023-07-05 10:49:02 [http-nio-9999-exec-10] ERROR - Request method 'POST' is not supported
2023-07-05 10:51:13 [http-nio-9999-exec-3] ERROR - Request method 'POST' is not supported
2023-07-05 10:51:14 [http-nio-9999-exec-1] ERROR - Request method 'POST' is not supported
2023-07-05 10:51:16 [http-nio-9999-exec-2] ERROR - Request method 'POST' is not supported
2023-07-05 10:51:28 [http-nio-9999-exec-5] ERROR - Request method 'POST' is not supported
2023-07-05 10:51:33 [http-nio-9999-exec-6] ERROR - Request method 'POST' is not supported
2023-07-05 10:54:07 [http-nio-9999-exec-7] ERROR - Request method 'POST' is not supported
2023-07-05 10:54:17 [http-nio-9999-exec-9] ERROR - Request method 'POST' is not supported
2023-07-05 10:55:07 [http-nio-9999-exec-2] ERROR - Request method 'POST' is not supported
2023-07-05 10:56:43 [http-nio-9999-exec-5] ERROR - Request method 'POST' is not supported
2023-07-05 11:01:26 [http-nio-9999-exec-7] ERROR - Request method 'POST' is not supported
2023-07-05 11:01:27 [http-nio-9999-exec-9] ERROR - Request method 'POST' is not supported
2023-07-05 11:02:30 [http-nio-9999-exec-2] ERROR - Request method 'POST' is not supported
2023-07-05 11:11:56 [http-nio-9999-exec-8] ERROR - Request method 'POST' is not supported
2023-07-05 11:12:28 [http-nio-9999-exec-7] ERROR - HV000030: No validator could be found for constraint 'jakarta.validation.constraints.NotEmpty' validating type 'java.time.LocalDateTime'. Check configuration for 'createDate'
2023-07-05 11:24:56 [http-nio-9999-exec-2] ERROR - { TYPE_MISMATCH_EXCEPTION <14000> [] } ::: [ class club.p6e.cloud.test.domain.entity.PermissionUrlEntity ] => (class club.p6e.cloud.test.error.CacheException) ===> 
2023-07-05 11:24:58 [http-nio-9999-exec-4] ERROR - HV000030: No validator could be found for constraint 'jakarta.validation.constraints.NotEmpty' validating type 'java.time.LocalDateTime'. Check configuration for 'createDate'
2023-07-05 11:37:19 [http-nio-9999-exec-10] ERROR - HV000030: No validator could be found for constraint 'jakarta.validation.constraints.NotEmpty' validating type 'java.time.LocalDateTime'. Check configuration for 'updateDate'
2023-07-05 11:37:36 [http-nio-9999-exec-7] ERROR - Request method 'PUT' is not supported
2023-07-05 11:38:30 [http-nio-9999-exec-3] ERROR - Request method 'PUT' is not supported
2023-07-05 11:38:48 [http-nio-9999-exec-5] ERROR - HV000030: No validator could be found for constraint 'jakarta.validation.constraints.NotEmpty' validating type 'java.time.LocalDateTime'. Check configuration for 'updateDate'
2023-07-05 14:19:48 [http-nio-9999-exec-2] ERROR - HV000030: No validator could be found for constraint 'jakarta.validation.constraints.NotEmpty' validating type 'java.time.LocalDateTime'. Check configuration for 'updateDate'
2023-07-05 14:21:02 [http-nio-9999-exec-1] ERROR - HV000030: No validator could be found for constraint 'jakarta.validation.constraints.NotEmpty' validating type 'java.time.LocalDateTime'. Check configuration for 'updateDate'
2023-07-05 14:32:23 [http-nio-9999-exec-1] ERROR - HV000030: No validator could be found for constraint 'jakarta.validation.constraints.NotEmpty' validating type 'java.time.LocalDateTime'. Check configuration for 'updateDate'
2023-07-05 18:07:50 [http-nio-9999-exec-3] ERROR - HV000030: No validator could be found for constraint 'jakarta.validation.constraints.NotEmpty' validating type 'java.time.LocalDateTime'. Check configuration for 'createDate'
2023-07-05 19:59:57 [http-nio-9999-exec-1] ERROR - HV000030: No validator could be found for constraint 'jakarta.validation.constraints.NotEmpty' validating type 'java.time.LocalDateTime'. Check configuration for 'createDate'
2023-07-05 20:01:32 [http-nio-9999-exec-1] ERROR - ERROR: null value in column "is_delete" violates not-null constraint
  详细：Failing row contains (30000, 32311231, 312321, *, {}, 6666, , null, null, null, null, null).
2023-07-05 20:01:32 [http-nio-9999-exec-1] ERROR - could not execute statement; SQL [n/a]; constraint [is_delete]
2023-07-05 20:02:39 [http-nio-9999-exec-1] ERROR - ERROR: null value in column "is_delete" violates not-null constraint
  详细：Failing row contains (30001, 32311231, 312321, *, {}, 6666, , null, null, null, null, null).
2023-07-05 20:02:39 [http-nio-9999-exec-1] ERROR - could not execute statement; SQL [n/a]; constraint [is_delete]
2023-07-05 20:22:14 [http-nio-9999-exec-7] ERROR - ERROR: null value in column "is_delete" violates not-null constraint
  详细：Failing row contains (30003, /32/3231, /a, GET, {}, 44, 2, null, 2023-07-05 20:22:14+08, 1, null, null).
2023-07-05 20:22:14 [http-nio-9999-exec-7] ERROR - could not execute statement; SQL [n/a]; constraint [is_delete]
2023-07-05 20:22:17 [http-nio-9999-exec-8] ERROR - ERROR: null value in column "is_delete" violates not-null constraint
  详细：Failing row contains (30003, /32/3231, /a/b, GET, {}, 44, 2, null, 2023-07-05 20:22:18+08, 1, null, null).
2023-07-05 20:22:17 [http-nio-9999-exec-8] ERROR - could not execute statement; SQL [n/a]; constraint [is_delete]
2023-07-05 20:49:40 [http-nio-9999-exec-9] ERROR - { PARAMETER_EXCEPTION <1000> [Request parameter [mark] exception.] } ::: [ class club.p6e.cloud.test.controller.PermissionController ] => (class club.p6e.cloud.test.error.ParameterException) ===> fun create(PermissionContext.UrlGroup.Request request)
2023-07-05 20:51:18 [http-nio-9999-exec-8] ERROR - { PARAMETER_EXCEPTION <1000> [Request parameter [mark] exception.] } ::: [ class club.p6e.cloud.test.controller.PermissionController ] => (class club.p6e.cloud.test.error.ParameterException) ===> fun create(PermissionContext.UrlGroup.Request request)
2023-07-05 20:51:51 [http-nio-9999-exec-6] ERROR - { PARAMETER_EXCEPTION <1000> [Request parameter [mark] exception.] } ::: [ class club.p6e.cloud.test.controller.PermissionController ] => (class club.p6e.cloud.test.error.ParameterException) ===> fun create(PermissionContext.UrlGroup.Request request)
2023-07-05 20:59:49 [http-nio-9999-exec-3] ERROR - ERROR: column "weight" is of type integer but expression is of type character varying
  建议：You will need to rewrite or cast the expression.
  位置：183
2023-07-05 20:59:49 [http-nio-9999-exec-3] ERROR - could not execute statement; SQL [n/a]
2023-07-05 21:12:06 [http-nio-9999-exec-8] ERROR - ERROR: null value in column "create_date" violates not-null constraint
  详细：Failing row contains (30001, 444, 222, 6, 444, null, 2023-07-05 21:12:06+08, 1, null, null).
2023-07-05 21:12:06 [http-nio-9999-exec-8] ERROR - could not execute statement; SQL [n/a]; constraint [create_date]
2023-07-05 21:12:07 [http-nio-9999-exec-7] ERROR - ERROR: null value in column "create_date" violates not-null constraint
  详细：Failing row contains (30001, 444, 222, 6, 444, null, 2023-07-05 21:12:08+08, 1, null, null).
2023-07-05 21:12:07 [http-nio-9999-exec-7] ERROR - could not execute statement; SQL [n/a]; constraint [create_date]
