2023-07-20 12:19:45 [background-preinit] INFO - HV000001: Hibernate Validator 8.0.0.Final
2023-07-20 12:19:45 [main] INFO - Starting P6eAuthApplication using Java 17.0.7 with PID 21884 (D:\CodeContents\github\p6e-coat\p6e-coat\p6e-auth\target\classes started by a1294 in D:\CodeContents\github\p6e-coat\p6e-coat)
2023-07-20 12:19:45 [main] INFO - No active profile set, falling back to 1 default profile: "default"
2023-07-20 12:19:45 [main] INFO - Multiple Spring Data modules found, entering strict repository configuration mode
2023-07-20 12:19:45 [main] INFO - Bootstrapping Spring Data R2DBC repositories in DEFAULT mode.
2023-07-20 12:19:45 [main] INFO - Finished Spring Data repository scanning in 25 ms. Found 0 R2DBC repository interfaces.
2023-07-20 12:19:45 [main] INFO - Multiple Spring Data modules found, entering strict repository configuration mode
2023-07-20 12:19:45 [main] INFO - Bootstrapping Spring Data Redis repositories in DEFAULT mode.
2023-07-20 12:19:45 [main] INFO - Finished Spring Data repository scanning in 4 ms. Found 0 Redis repository interfaces.
2023-07-20 12:19:45 [main] INFO - BeanFactory id=883ec441-bcff-3028-a804-87553caa8683
2023-07-20 12:19:46 [main] INFO - 

Error starting ApplicationContext. To display the condition evaluation report re-run your application with 'debug' enabled.
2023-07-20 12:22:31 [background-preinit] INFO - HV000001: Hibernate Validator 8.0.0.Final
2023-07-20 12:22:31 [main] INFO - Starting P6eAuthApplication using Java 17.0.7 with PID 24300 (D:\CodeContents\github\p6e-coat\p6e-coat\p6e-auth\target\classes started by a1294 in D:\CodeContents\github\p6e-coat\p6e-coat)
2023-07-20 12:22:31 [main] INFO - No active profile set, falling back to 1 default profile: "default"
2023-07-20 12:22:31 [main] INFO - Multiple Spring Data modules found, entering strict repository configuration mode
2023-07-20 12:22:31 [main] INFO - Bootstrapping Spring Data R2DBC repositories in DEFAULT mode.
2023-07-20 12:22:32 [main] INFO - Finished Spring Data repository scanning in 24 ms. Found 0 R2DBC repository interfaces.
2023-07-20 12:22:32 [main] INFO - Multiple Spring Data modules found, entering strict repository configuration mode
2023-07-20 12:22:32 [main] INFO - Bootstrapping Spring Data Redis repositories in DEFAULT mode.
2023-07-20 12:22:32 [main] INFO - Finished Spring Data repository scanning in 4 ms. Found 0 Redis repository interfaces.
2023-07-20 12:22:32 [main] INFO - BeanFactory id=883ec441-bcff-3028-a804-87553caa8683
2023-07-20 12:22:32 [main] INFO - 

Error starting ApplicationContext. To display the condition evaluation report re-run your application with 'debug' enabled.
2023-07-20 12:25:19 [background-preinit] INFO - HV000001: Hibernate Validator 8.0.0.Final
2023-07-20 12:25:19 [main] INFO - Starting P6eAuthApplication using Java 17.0.7 with PID 17940 (D:\CodeContents\github\p6e-coat\p6e-coat\p6e-auth\target\classes started by a1294 in D:\CodeContents\github\p6e-coat\p6e-coat)
2023-07-20 12:25:19 [main] INFO - No active profile set, falling back to 1 default profile: "default"
2023-07-20 12:25:19 [main] INFO - Multiple Spring Data modules found, entering strict repository configuration mode
2023-07-20 12:25:19 [main] INFO - Bootstrapping Spring Data R2DBC repositories in DEFAULT mode.
2023-07-20 12:25:19 [main] INFO - Finished Spring Data repository scanning in 21 ms. Found 0 R2DBC repository interfaces.
2023-07-20 12:25:19 [main] INFO - Multiple Spring Data modules found, entering strict repository configuration mode
2023-07-20 12:25:19 [main] INFO - Bootstrapping Spring Data Redis repositories in DEFAULT mode.
2023-07-20 12:25:19 [main] INFO - Finished Spring Data repository scanning in 4 ms. Found 0 Redis repository interfaces.
2023-07-20 12:25:19 [main] INFO - BeanFactory id=f2ad2056-7bd1-32c1-b164-f7381ec8b247
2023-07-20 12:25:20 [main] INFO - 

Error starting ApplicationContext. To display the condition evaluation report re-run your application with 'debug' enabled.
2023-07-20 13:25:25 [background-preinit] INFO - HV000001: Hibernate Validator 8.0.0.Final
2023-07-20 13:25:25 [main] INFO - Starting P6eAuthApplication using Java 17.0.7 with PID 15048 (D:\CodeContents\github\p6e-coat\p6e-coat\p6e-auth\target\classes started by a1294 in D:\CodeContents\github\p6e-coat\p6e-coat)
2023-07-20 13:25:25 [main] INFO - No active profile set, falling back to 1 default profile: "default"
2023-07-20 13:25:25 [main] INFO - Multiple Spring Data modules found, entering strict repository configuration mode
2023-07-20 13:25:25 [main] INFO - Bootstrapping Spring Data R2DBC repositories in DEFAULT mode.
2023-07-20 13:25:25 [main] INFO - Finished Spring Data repository scanning in 21 ms. Found 0 R2DBC repository interfaces.
2023-07-20 13:25:25 [main] INFO - Multiple Spring Data modules found, entering strict repository configuration mode
2023-07-20 13:25:25 [main] INFO - Bootstrapping Spring Data Redis repositories in DEFAULT mode.
2023-07-20 13:25:25 [main] INFO - Finished Spring Data repository scanning in 4 ms. Found 0 Redis repository interfaces.
2023-07-20 13:25:25 [main] INFO - BeanFactory id=f2ad2056-7bd1-32c1-b164-f7381ec8b247
2023-07-20 13:25:26 [main] INFO - 

Error starting ApplicationContext. To display the condition evaluation report re-run your application with 'debug' enabled.
2023-07-20 13:26:59 [background-preinit] INFO - HV000001: Hibernate Validator 8.0.0.Final
2023-07-20 13:26:59 [main] INFO - Starting P6eAuthApplication using Java 17.0.7 with PID 10276 (D:\CodeContents\github\p6e-coat\p6e-coat\p6e-auth\target\classes started by a1294 in D:\CodeContents\github\p6e-coat\p6e-coat)
2023-07-20 13:26:59 [main] INFO - No active profile set, falling back to 1 default profile: "default"
2023-07-20 13:26:59 [main] INFO - Multiple Spring Data modules found, entering strict repository configuration mode
2023-07-20 13:26:59 [main] INFO - Bootstrapping Spring Data R2DBC repositories in DEFAULT mode.
2023-07-20 13:26:59 [main] INFO - Finished Spring Data repository scanning in 23 ms. Found 0 R2DBC repository interfaces.
2023-07-20 13:26:59 [main] INFO - Multiple Spring Data modules found, entering strict repository configuration mode
2023-07-20 13:26:59 [main] INFO - Bootstrapping Spring Data Redis repositories in DEFAULT mode.
2023-07-20 13:26:59 [main] INFO - Finished Spring Data repository scanning in 4 ms. Found 0 Redis repository interfaces.
2023-07-20 13:26:59 [main] INFO - BeanFactory id=f2ad2056-7bd1-32c1-b164-f7381ec8b247
2023-07-20 13:27:00 [main] INFO - 

Error starting ApplicationContext. To display the condition evaluation report re-run your application with 'debug' enabled.
2023-07-20 13:27:30 [background-preinit] INFO - HV000001: Hibernate Validator 8.0.0.Final
2023-07-20 13:27:30 [main] INFO - Starting P6eAuthApplication using Java 17.0.7 with PID 2472 (D:\CodeContents\github\p6e-coat\p6e-coat\p6e-auth\target\classes started by a1294 in D:\CodeContents\github\p6e-coat\p6e-coat)
2023-07-20 13:27:30 [main] INFO - No active profile set, falling back to 1 default profile: "default"
2023-07-20 13:27:31 [main] INFO - Multiple Spring Data modules found, entering strict repository configuration mode
2023-07-20 13:27:31 [main] INFO - Bootstrapping Spring Data R2DBC repositories in DEFAULT mode.
2023-07-20 13:27:31 [main] INFO - Finished Spring Data repository scanning in 21 ms. Found 0 R2DBC repository interfaces.
2023-07-20 13:27:31 [main] INFO - Multiple Spring Data modules found, entering strict repository configuration mode
2023-07-20 13:27:31 [main] INFO - Bootstrapping Spring Data Redis repositories in DEFAULT mode.
2023-07-20 13:27:31 [main] INFO - Finished Spring Data repository scanning in 3 ms. Found 0 Redis repository interfaces.
2023-07-20 13:27:31 [main] INFO - BeanFactory id=f2ad2056-7bd1-32c1-b164-f7381ec8b247
2023-07-20 13:27:32 [main] INFO - Loaded RoutePredicateFactory [After]
2023-07-20 13:27:32 [main] INFO - Loaded RoutePredicateFactory [Before]
2023-07-20 13:27:32 [main] INFO - Loaded RoutePredicateFactory [Between]
2023-07-20 13:27:32 [main] INFO - Loaded RoutePredicateFactory [Cookie]
2023-07-20 13:27:32 [main] INFO - Loaded RoutePredicateFactory [Header]
2023-07-20 13:27:32 [main] INFO - Loaded RoutePredicateFactory [Host]
2023-07-20 13:27:32 [main] INFO - Loaded RoutePredicateFactory [Method]
2023-07-20 13:27:32 [main] INFO - Loaded RoutePredicateFactory [Path]
2023-07-20 13:27:32 [main] INFO - Loaded RoutePredicateFactory [Query]
2023-07-20 13:27:32 [main] INFO - Loaded RoutePredicateFactory [ReadBody]
2023-07-20 13:27:32 [main] INFO - Loaded RoutePredicateFactory [RemoteAddr]
2023-07-20 13:27:32 [main] INFO - Loaded RoutePredicateFactory [XForwardedRemoteAddr]
2023-07-20 13:27:32 [main] INFO - Loaded RoutePredicateFactory [Weight]
2023-07-20 13:27:32 [main] INFO - Loaded RoutePredicateFactory [CloudFoundryRouteService]
2023-07-20 13:27:32 [main] INFO - Netty started on port 8080
2023-07-20 13:27:32 [main] INFO - Started P6eAuthApplication in 1.966 seconds (process running for 2.265)
2023-07-20 13:30:28 [main] INFO - Starting P6eAuthApplication using Java 17.0.7 with PID 13476 (D:\CodeContents\github\p6e-coat\p6e-coat\p6e-auth\target\classes started by a1294 in D:\CodeContents\github\p6e-coat\p6e-coat)
2023-07-20 13:30:28 [main] INFO - No active profile set, falling back to 1 default profile: "default"
2023-07-20 13:30:29 [main] INFO - Multiple Spring Data modules found, entering strict repository configuration mode
2023-07-20 13:30:29 [main] INFO - Bootstrapping Spring Data R2DBC repositories in DEFAULT mode.
2023-07-20 13:30:29 [main] INFO - Finished Spring Data repository scanning in 19 ms. Found 0 R2DBC repository interfaces.
2023-07-20 13:30:29 [main] INFO - Multiple Spring Data modules found, entering strict repository configuration mode
2023-07-20 13:30:29 [main] INFO - Bootstrapping Spring Data Redis repositories in DEFAULT mode.
2023-07-20 13:30:29 [main] INFO - Finished Spring Data repository scanning in 3 ms. Found 0 Redis repository interfaces.
2023-07-20 13:30:29 [main] INFO - Netty started on port 8080
2023-07-20 13:30:29 [main] INFO - Started P6eAuthApplication in 1.357 seconds (process running for 1.645)
2023-07-20 13:31:38 [main] INFO - Starting P6eAuthApplication using Java 17.0.7 with PID 15096 (D:\CodeContents\github\p6e-coat\p6e-coat\p6e-auth\target\classes started by a1294 in D:\CodeContents\github\p6e-coat\p6e-coat)
2023-07-20 13:31:38 [main] INFO - No active profile set, falling back to 1 default profile: "default"
2023-07-20 13:31:38 [main] INFO - Multiple Spring Data modules found, entering strict repository configuration mode
2023-07-20 13:31:38 [main] INFO - Bootstrapping Spring Data R2DBC repositories in DEFAULT mode.
2023-07-20 13:31:38 [main] INFO - Finished Spring Data repository scanning in 19 ms. Found 0 R2DBC repository interfaces.
2023-07-20 13:31:38 [main] INFO - Multiple Spring Data modules found, entering strict repository configuration mode
2023-07-20 13:31:38 [main] INFO - Bootstrapping Spring Data Redis repositories in DEFAULT mode.
2023-07-20 13:31:38 [main] INFO - Finished Spring Data repository scanning in 4 ms. Found 0 Redis repository interfaces.
2023-07-20 13:31:39 [main] INFO - Netty started on port 8080
2023-07-20 13:31:39 [main] INFO - Started P6eAuthApplication in 1.331 seconds (process running for 1.594)
2023-07-20 13:33:19 [main] INFO - Starting P6eAuthApplication using Java 17.0.7 with PID 6216 (D:\CodeContents\github\p6e-coat\p6e-coat\p6e-auth\target\classes started by a1294 in D:\CodeContents\github\p6e-coat\p6e-coat)
2023-07-20 13:33:19 [main] INFO - No active profile set, falling back to 1 default profile: "default"
2023-07-20 13:33:20 [main] INFO - Multiple Spring Data modules found, entering strict repository configuration mode
2023-07-20 13:33:20 [main] INFO - Bootstrapping Spring Data R2DBC repositories in DEFAULT mode.
2023-07-20 13:33:20 [main] INFO - Finished Spring Data repository scanning in 21 ms. Found 0 R2DBC repository interfaces.
2023-07-20 13:33:20 [main] INFO - Multiple Spring Data modules found, entering strict repository configuration mode
2023-07-20 13:33:20 [main] INFO - Bootstrapping Spring Data Redis repositories in DEFAULT mode.
2023-07-20 13:33:20 [main] INFO - Finished Spring Data repository scanning in 4 ms. Found 0 Redis repository interfaces.
2023-07-20 13:33:20 [main] INFO - Netty started on port 8080
2023-07-20 13:33:21 [main] INFO - Started P6eAuthApplication in 1.341 seconds (process running for 1.614)
2023-07-20 13:35:46 [main] INFO - Starting P6eAuthApplication using Java 17.0.7 with PID 6676 (D:\CodeContents\github\p6e-coat\p6e-coat\p6e-auth\target\classes started by a1294 in D:\CodeContents\github\p6e-coat\p6e-coat)
2023-07-20 13:35:46 [main] INFO - No active profile set, falling back to 1 default profile: "default"
2023-07-20 13:35:46 [main] INFO - Multiple Spring Data modules found, entering strict repository configuration mode
2023-07-20 13:35:46 [main] INFO - Bootstrapping Spring Data R2DBC repositories in DEFAULT mode.
2023-07-20 13:35:46 [main] INFO - Finished Spring Data repository scanning in 20 ms. Found 0 R2DBC repository interfaces.
2023-07-20 13:35:46 [main] INFO - Multiple Spring Data modules found, entering strict repository configuration mode
2023-07-20 13:35:46 [main] INFO - Bootstrapping Spring Data Redis repositories in DEFAULT mode.
2023-07-20 13:35:46 [main] INFO - Finished Spring Data repository scanning in 3 ms. Found 0 Redis repository interfaces.
2023-07-20 13:35:47 [main] INFO - Netty started on port 8080
2023-07-20 13:35:47 [main] INFO - Started P6eAuthApplication in 1.319 seconds (process running for 1.597)
2023-07-20 13:36:18 [main] INFO - Starting P6eAuthApplication using Java 17.0.7 with PID 19736 (D:\CodeContents\github\p6e-coat\p6e-coat\p6e-auth\target\classes started by a1294 in D:\CodeContents\github\p6e-coat\p6e-coat)
2023-07-20 13:36:18 [main] INFO - No active profile set, falling back to 1 default profile: "default"
2023-07-20 13:36:19 [main] INFO - Multiple Spring Data modules found, entering strict repository configuration mode
2023-07-20 13:36:19 [main] INFO - Bootstrapping Spring Data R2DBC repositories in DEFAULT mode.
2023-07-20 13:36:19 [main] INFO - Finished Spring Data repository scanning in 19 ms. Found 0 R2DBC repository interfaces.
2023-07-20 13:36:19 [main] INFO - Multiple Spring Data modules found, entering strict repository configuration mode
2023-07-20 13:36:19 [main] INFO - Bootstrapping Spring Data Redis repositories in DEFAULT mode.
2023-07-20 13:36:19 [main] INFO - Finished Spring Data repository scanning in 3 ms. Found 0 Redis repository interfaces.
2023-07-20 13:36:19 [main] INFO - Netty started on port 8080
2023-07-20 13:36:19 [main] INFO - Started P6eAuthApplication in 1.33 seconds (process running for 1.595)
2023-07-20 13:36:42 [main] INFO - Starting P6eAuthApplication using Java 17.0.7 with PID 13680 (D:\CodeContents\github\p6e-coat\p6e-coat\p6e-auth\target\classes started by a1294 in D:\CodeContents\github\p6e-coat\p6e-coat)
2023-07-20 13:36:42 [main] INFO - No active profile set, falling back to 1 default profile: "default"
2023-07-20 13:36:42 [main] INFO - Multiple Spring Data modules found, entering strict repository configuration mode
2023-07-20 13:36:42 [main] INFO - Bootstrapping Spring Data R2DBC repositories in DEFAULT mode.
2023-07-20 13:36:42 [main] INFO - Finished Spring Data repository scanning in 21 ms. Found 0 R2DBC repository interfaces.
2023-07-20 13:36:42 [main] INFO - Multiple Spring Data modules found, entering strict repository configuration mode
2023-07-20 13:36:42 [main] INFO - Bootstrapping Spring Data Redis repositories in DEFAULT mode.
2023-07-20 13:36:42 [main] INFO - Finished Spring Data repository scanning in 4 ms. Found 0 Redis repository interfaces.
2023-07-20 13:36:43 [main] INFO - Netty started on port 8080
2023-07-20 13:36:43 [main] INFO - Started P6eAuthApplication in 1.358 seconds (process running for 1.619)
2023-07-20 13:36:54 [main] INFO - Starting P6eAuthApplication using Java 17.0.7 with PID 17056 (D:\CodeContents\github\p6e-coat\p6e-coat\p6e-auth\target\classes started by a1294 in D:\CodeContents\github\p6e-coat\p6e-coat)
2023-07-20 13:36:54 [main] INFO - No active profile set, falling back to 1 default profile: "default"
2023-07-20 13:36:55 [main] INFO - Multiple Spring Data modules found, entering strict repository configuration mode
2023-07-20 13:36:55 [main] INFO - Bootstrapping Spring Data R2DBC repositories in DEFAULT mode.
2023-07-20 13:36:55 [main] INFO - Finished Spring Data repository scanning in 20 ms. Found 0 R2DBC repository interfaces.
2023-07-20 13:36:55 [main] INFO - Multiple Spring Data modules found, entering strict repository configuration mode
2023-07-20 13:36:55 [main] INFO - Bootstrapping Spring Data Redis repositories in DEFAULT mode.
2023-07-20 13:36:55 [main] INFO - Finished Spring Data repository scanning in 3 ms. Found 0 Redis repository interfaces.
2023-07-20 13:36:55 [main] INFO - Netty started on port 8080
2023-07-20 13:36:55 [main] INFO - Started P6eAuthApplication in 1.315 seconds (process running for 1.58)
2023-07-20 14:08:26 [main] INFO - Starting P6eAuthApplication using Java 17.0.7 with PID 15104 (D:\CodeContents\github\p6e-coat\p6e-coat\p6e-auth\target\classes started by a1294 in D:\CodeContents\github\p6e-coat\p6e-coat)
2023-07-20 14:08:26 [main] INFO - No active profile set, falling back to 1 default profile: "default"
2023-07-20 14:08:27 [main] INFO - Multiple Spring Data modules found, entering strict repository configuration mode
2023-07-20 14:08:27 [main] INFO - Bootstrapping Spring Data R2DBC repositories in DEFAULT mode.
2023-07-20 14:08:27 [main] INFO - Finished Spring Data repository scanning in 19 ms. Found 0 R2DBC repository interfaces.
2023-07-20 14:08:27 [main] INFO - Multiple Spring Data modules found, entering strict repository configuration mode
2023-07-20 14:08:27 [main] INFO - Bootstrapping Spring Data Redis repositories in DEFAULT mode.
2023-07-20 14:08:27 [main] INFO - Finished Spring Data repository scanning in 3 ms. Found 0 Redis repository interfaces.
2023-07-20 14:08:27 [main] INFO - Netty started on port 8080
2023-07-20 14:08:27 [main] INFO - Started P6eAuthApplication in 1.322 seconds (process running for 1.585)
2023-07-20 14:12:47 [main] INFO - Starting P6eAuthApplication using Java 17.0.7 with PID 5976 (D:\CodeContents\github\p6e-coat\p6e-coat\p6e-auth\target\classes started by a1294 in D:\CodeContents\github\p6e-coat\p6e-coat)
2023-07-20 14:12:47 [main] INFO - No active profile set, falling back to 1 default profile: "default"
2023-07-20 14:12:48 [main] INFO - Multiple Spring Data modules found, entering strict repository configuration mode
2023-07-20 14:12:48 [main] INFO - Bootstrapping Spring Data R2DBC repositories in DEFAULT mode.
2023-07-20 14:12:48 [main] INFO - Finished Spring Data repository scanning in 19 ms. Found 0 R2DBC repository interfaces.
2023-07-20 14:12:48 [main] INFO - Multiple Spring Data modules found, entering strict repository configuration mode
2023-07-20 14:12:48 [main] INFO - Bootstrapping Spring Data Redis repositories in DEFAULT mode.
2023-07-20 14:12:48 [main] INFO - Finished Spring Data repository scanning in 3 ms. Found 0 Redis repository interfaces.
2023-07-20 14:12:48 [main] INFO - Netty started on port 8080
2023-07-20 14:12:48 [main] INFO - Started P6eAuthApplication in 1.34 seconds (process running for 1.605)
2023-07-20 14:20:05 [main] INFO - Starting P6eAuthApplication using Java 17.0.7 with PID 21468 (D:\CodeContents\github\p6e-coat\p6e-coat\p6e-auth\target\classes started by a1294 in D:\CodeContents\github\p6e-coat\p6e-coat)
2023-07-20 14:20:05 [main] INFO - No active profile set, falling back to 1 default profile: "default"
2023-07-20 14:20:06 [main] INFO - Multiple Spring Data modules found, entering strict repository configuration mode
2023-07-20 14:20:06 [main] INFO - Bootstrapping Spring Data R2DBC repositories in DEFAULT mode.
2023-07-20 14:20:06 [main] INFO - Finished Spring Data repository scanning in 19 ms. Found 0 R2DBC repository interfaces.
2023-07-20 14:20:06 [main] INFO - Multiple Spring Data modules found, entering strict repository configuration mode
2023-07-20 14:20:06 [main] INFO - Bootstrapping Spring Data Redis repositories in DEFAULT mode.
2023-07-20 14:20:06 [main] INFO - Finished Spring Data repository scanning in 4 ms. Found 0 Redis repository interfaces.
2023-07-20 14:20:06 [main] INFO - Netty started on port 8080
2023-07-20 14:20:06 [main] INFO - Started P6eAuthApplication in 1.333 seconds (process running for 1.602)
2023-07-20 14:20:28 [main] INFO - Starting P6eAuthApplication using Java 17.0.7 with PID 3900 (D:\CodeContents\github\p6e-coat\p6e-coat\p6e-auth\target\classes started by a1294 in D:\CodeContents\github\p6e-coat\p6e-coat)
2023-07-20 14:20:28 [main] INFO - No active profile set, falling back to 1 default profile: "default"
2023-07-20 14:20:29 [main] INFO - Multiple Spring Data modules found, entering strict repository configuration mode
2023-07-20 14:20:29 [main] INFO - Bootstrapping Spring Data R2DBC repositories in DEFAULT mode.
2023-07-20 14:20:29 [main] INFO - Finished Spring Data repository scanning in 22 ms. Found 0 R2DBC repository interfaces.
2023-07-20 14:20:29 [main] INFO - Multiple Spring Data modules found, entering strict repository configuration mode
2023-07-20 14:20:29 [main] INFO - Bootstrapping Spring Data Redis repositories in DEFAULT mode.
2023-07-20 14:20:29 [main] INFO - Finished Spring Data repository scanning in 3 ms. Found 0 Redis repository interfaces.
2023-07-20 14:20:29 [main] INFO - Netty started on port 8080
2023-07-20 14:20:29 [main] INFO - Started P6eAuthApplication in 1.381 seconds (process running for 1.686)
2023-07-20 14:21:25 [main] INFO - Starting P6eAuthApplication using Java 17.0.7 with PID 20600 (D:\CodeContents\github\p6e-coat\p6e-coat\p6e-auth\target\classes started by a1294 in D:\CodeContents\github\p6e-coat\p6e-coat)
2023-07-20 14:21:25 [main] INFO - No active profile set, falling back to 1 default profile: "default"
2023-07-20 14:21:25 [main] INFO - Multiple Spring Data modules found, entering strict repository configuration mode
2023-07-20 14:21:25 [main] INFO - Bootstrapping Spring Data R2DBC repositories in DEFAULT mode.
2023-07-20 14:21:25 [main] INFO - Finished Spring Data repository scanning in 20 ms. Found 0 R2DBC repository interfaces.
2023-07-20 14:21:25 [main] INFO - Multiple Spring Data modules found, entering strict repository configuration mode
2023-07-20 14:21:25 [main] INFO - Bootstrapping Spring Data Redis repositories in DEFAULT mode.
2023-07-20 14:21:25 [main] INFO - Finished Spring Data repository scanning in 4 ms. Found 0 Redis repository interfaces.
2023-07-20 14:21:26 [main] INFO - Netty started on port 8080
2023-07-20 14:21:26 [main] INFO - Started P6eAuthApplication in 1.418 seconds (process running for 1.709)
2023-07-20 14:43:08 [main] INFO - Starting P6eAuthApplication using Java 17.0.7 with PID 23376 (D:\CodeContents\github\p6e-coat\p6e-coat\p6e-auth\target\classes started by a1294 in D:\CodeContents\github\p6e-coat\p6e-coat)
2023-07-20 14:43:08 [main] INFO - No active profile set, falling back to 1 default profile: "default"
2023-07-20 14:43:09 [main] INFO - Multiple Spring Data modules found, entering strict repository configuration mode
2023-07-20 14:43:09 [main] INFO - Bootstrapping Spring Data R2DBC repositories in DEFAULT mode.
2023-07-20 14:43:09 [main] INFO - Finished Spring Data repository scanning in 19 ms. Found 0 R2DBC repository interfaces.
2023-07-20 14:43:09 [main] INFO - Multiple Spring Data modules found, entering strict repository configuration mode
2023-07-20 14:43:09 [main] INFO - Bootstrapping Spring Data Redis repositories in DEFAULT mode.
2023-07-20 14:43:09 [main] INFO - Finished Spring Data repository scanning in 3 ms. Found 0 Redis repository interfaces.
2023-07-20 14:43:09 [main] INFO - Netty started on port 8080
2023-07-20 14:43:09 [main] INFO - Started P6eAuthApplication in 1.321 seconds (process running for 1.594)
2023-07-20 16:03:02 [main] INFO - Starting P6eAuthApplication using Java 17.0.7 with PID 22380 (D:\CodeContents\github\p6e-coat\p6e-coat\p6e-auth\target\classes started by a1294 in D:\CodeContents\github\p6e-coat\p6e-coat)
2023-07-20 16:03:02 [main] INFO - No active profile set, falling back to 1 default profile: "default"
2023-07-20 16:03:03 [main] INFO - Multiple Spring Data modules found, entering strict repository configuration mode
2023-07-20 16:03:03 [main] INFO - Bootstrapping Spring Data R2DBC repositories in DEFAULT mode.
2023-07-20 16:03:03 [main] INFO - Finished Spring Data repository scanning in 18 ms. Found 0 R2DBC repository interfaces.
2023-07-20 16:03:03 [main] INFO - Multiple Spring Data modules found, entering strict repository configuration mode
2023-07-20 16:03:03 [main] INFO - Bootstrapping Spring Data Redis repositories in DEFAULT mode.
2023-07-20 16:03:03 [main] INFO - Finished Spring Data repository scanning in 4 ms. Found 0 Redis repository interfaces.
2023-07-20 16:03:04 [main] INFO - Netty started on port 8080
2023-07-20 16:03:04 [main] INFO - Started P6eAuthApplication in 1.316 seconds (process running for 1.583)
2023-07-20 16:05:56 [main] INFO - Starting P6eAuthApplication using Java 17.0.7 with PID 13904 (D:\CodeContents\github\p6e-coat\p6e-coat\p6e-auth\target\classes started by a1294 in D:\CodeContents\github\p6e-coat\p6e-coat)
2023-07-20 16:05:56 [main] INFO - No active profile set, falling back to 1 default profile: "default"
2023-07-20 16:05:56 [main] INFO - Multiple Spring Data modules found, entering strict repository configuration mode
2023-07-20 16:05:56 [main] INFO - Bootstrapping Spring Data R2DBC repositories in DEFAULT mode.
2023-07-20 16:05:56 [main] INFO - Finished Spring Data repository scanning in 19 ms. Found 0 R2DBC repository interfaces.
2023-07-20 16:05:56 [main] INFO - Multiple Spring Data modules found, entering strict repository configuration mode
2023-07-20 16:05:56 [main] INFO - Bootstrapping Spring Data Redis repositories in DEFAULT mode.
2023-07-20 16:05:56 [main] INFO - Finished Spring Data repository scanning in 3 ms. Found 0 Redis repository interfaces.
2023-07-20 16:05:57 [main] INFO - Netty started on port 8080
2023-07-20 16:05:57 [main] INFO - Started P6eAuthApplication in 1.365 seconds (process running for 1.632)
2023-07-20 16:06:55 [main] INFO - Starting P6eAuthApplication using Java 17.0.7 with PID 17504 (D:\CodeContents\github\p6e-coat\p6e-coat\p6e-auth\target\classes started by a1294 in D:\CodeContents\github\p6e-coat\p6e-coat)
2023-07-20 16:06:55 [main] INFO - No active profile set, falling back to 1 default profile: "default"
2023-07-20 16:06:56 [main] INFO - Multiple Spring Data modules found, entering strict repository configuration mode
2023-07-20 16:06:56 [main] INFO - Bootstrapping Spring Data R2DBC repositories in DEFAULT mode.
2023-07-20 16:06:56 [main] INFO - Finished Spring Data repository scanning in 19 ms. Found 0 R2DBC repository interfaces.
2023-07-20 16:06:56 [main] INFO - Multiple Spring Data modules found, entering strict repository configuration mode
2023-07-20 16:06:56 [main] INFO - Bootstrapping Spring Data Redis repositories in DEFAULT mode.
2023-07-20 16:06:56 [main] INFO - Finished Spring Data repository scanning in 3 ms. Found 0 Redis repository interfaces.
2023-07-20 16:06:56 [main] INFO - Netty started on port 8080
2023-07-20 16:06:56 [main] INFO - Started P6eAuthApplication in 1.322 seconds (process running for 1.6)
2023-07-20 16:11:19 [main] INFO - Starting P6eAuthApplication using Java 17.0.7 with PID 20996 (D:\CodeContents\github\p6e-coat\p6e-coat\p6e-auth\target\classes started by a1294 in D:\CodeContents\github\p6e-coat\p6e-coat)
2023-07-20 16:11:19 [main] INFO - No active profile set, falling back to 1 default profile: "default"
2023-07-20 16:11:19 [main] INFO - Multiple Spring Data modules found, entering strict repository configuration mode
2023-07-20 16:11:19 [main] INFO - Bootstrapping Spring Data R2DBC repositories in DEFAULT mode.
2023-07-20 16:11:19 [main] INFO - Finished Spring Data repository scanning in 20 ms. Found 0 R2DBC repository interfaces.
2023-07-20 16:11:19 [main] INFO - Multiple Spring Data modules found, entering strict repository configuration mode
2023-07-20 16:11:19 [main] INFO - Bootstrapping Spring Data Redis repositories in DEFAULT mode.
2023-07-20 16:11:19 [main] INFO - Finished Spring Data repository scanning in 4 ms. Found 0 Redis repository interfaces.
2023-07-20 16:11:20 [main] INFO - Netty started on port 8080
2023-07-20 16:11:20 [main] INFO - Started P6eAuthApplication in 1.341 seconds (process running for 1.606)
2023-07-20 16:12:50 [main] INFO - Starting P6eAuthApplication using Java 17.0.7 with PID 21240 (D:\CodeContents\github\p6e-coat\p6e-coat\p6e-auth\target\classes started by a1294 in D:\CodeContents\github\p6e-coat\p6e-coat)
2023-07-20 16:12:50 [main] INFO - No active profile set, falling back to 1 default profile: "default"
2023-07-20 16:12:50 [main] INFO - Multiple Spring Data modules found, entering strict repository configuration mode
2023-07-20 16:12:50 [main] INFO - Bootstrapping Spring Data R2DBC repositories in DEFAULT mode.
2023-07-20 16:12:50 [main] INFO - Finished Spring Data repository scanning in 19 ms. Found 0 R2DBC repository interfaces.
2023-07-20 16:12:50 [main] INFO - Multiple Spring Data modules found, entering strict repository configuration mode
2023-07-20 16:12:50 [main] INFO - Bootstrapping Spring Data Redis repositories in DEFAULT mode.
2023-07-20 16:12:50 [main] INFO - Finished Spring Data repository scanning in 3 ms. Found 0 Redis repository interfaces.
2023-07-20 16:12:51 [main] INFO - Netty started on port 8080
2023-07-20 16:12:51 [main] INFO - Started P6eAuthApplication in 1.341 seconds (process running for 1.609)
2023-07-20 16:13:11 [main] INFO - Starting P6eAuthApplication using Java 17.0.7 with PID 9868 (D:\CodeContents\github\p6e-coat\p6e-coat\p6e-auth\target\classes started by a1294 in D:\CodeContents\github\p6e-coat\p6e-coat)
2023-07-20 16:13:11 [main] INFO - No active profile set, falling back to 1 default profile: "default"
2023-07-20 16:13:11 [main] INFO - Multiple Spring Data modules found, entering strict repository configuration mode
2023-07-20 16:13:11 [main] INFO - Bootstrapping Spring Data R2DBC repositories in DEFAULT mode.
2023-07-20 16:13:11 [main] INFO - Finished Spring Data repository scanning in 20 ms. Found 0 R2DBC repository interfaces.
2023-07-20 16:13:11 [main] INFO - Multiple Spring Data modules found, entering strict repository configuration mode
2023-07-20 16:13:11 [main] INFO - Bootstrapping Spring Data Redis repositories in DEFAULT mode.
2023-07-20 16:13:11 [main] INFO - Finished Spring Data repository scanning in 3 ms. Found 0 Redis repository interfaces.
2023-07-20 16:13:12 [main] INFO - Netty started on port 8080
2023-07-20 16:13:12 [main] INFO - Started P6eAuthApplication in 1.329 seconds (process running for 1.593)
2023-07-20 16:15:25 [main] INFO - Starting P6eAuthApplication using Java 17.0.7 with PID 15640 (D:\CodeContents\github\p6e-coat\p6e-coat\p6e-auth\target\classes started by a1294 in D:\CodeContents\github\p6e-coat\p6e-coat)
2023-07-20 16:15:25 [main] INFO - No active profile set, falling back to 1 default profile: "default"
2023-07-20 16:15:25 [main] INFO - Multiple Spring Data modules found, entering strict repository configuration mode
2023-07-20 16:15:25 [main] INFO - Bootstrapping Spring Data R2DBC repositories in DEFAULT mode.
2023-07-20 16:15:25 [main] INFO - Finished Spring Data repository scanning in 19 ms. Found 0 R2DBC repository interfaces.
2023-07-20 16:15:25 [main] INFO - Multiple Spring Data modules found, entering strict repository configuration mode
2023-07-20 16:15:25 [main] INFO - Bootstrapping Spring Data Redis repositories in DEFAULT mode.
2023-07-20 16:15:25 [main] INFO - Finished Spring Data repository scanning in 3 ms. Found 0 Redis repository interfaces.
2023-07-20 16:15:26 [main] INFO - Netty started on port 8080
2023-07-20 16:15:26 [main] INFO - Started P6eAuthApplication in 1.33 seconds (process running for 1.595)
2023-07-20 16:16:52 [main] INFO - Starting P6eAuthApplication using Java 17.0.7 with PID 13180 (D:\CodeContents\github\p6e-coat\p6e-coat\p6e-auth\target\classes started by a1294 in D:\CodeContents\github\p6e-coat\p6e-coat)
2023-07-20 16:16:52 [main] INFO - No active profile set, falling back to 1 default profile: "default"
2023-07-20 16:16:52 [main] INFO - Multiple Spring Data modules found, entering strict repository configuration mode
2023-07-20 16:16:52 [main] INFO - Bootstrapping Spring Data R2DBC repositories in DEFAULT mode.
2023-07-20 16:16:52 [main] INFO - Finished Spring Data repository scanning in 21 ms. Found 0 R2DBC repository interfaces.
2023-07-20 16:16:52 [main] INFO - Multiple Spring Data modules found, entering strict repository configuration mode
2023-07-20 16:16:52 [main] INFO - Bootstrapping Spring Data Redis repositories in DEFAULT mode.
2023-07-20 16:16:52 [main] INFO - Finished Spring Data repository scanning in 3 ms. Found 0 Redis repository interfaces.
2023-07-20 16:16:53 [main] INFO - Netty started on port 8080
2023-07-20 16:16:53 [main] INFO - Started P6eAuthApplication in 1.473 seconds (process running for 1.747)
2023-07-20 16:19:32 [main] INFO - Starting P6eAuthApplication using Java 17.0.7 with PID 1304 (D:\CodeContents\github\p6e-coat\p6e-coat\p6e-auth\target\classes started by a1294 in D:\CodeContents\github\p6e-coat\p6e-coat)
2023-07-20 16:19:32 [main] INFO - No active profile set, falling back to 1 default profile: "default"
2023-07-20 16:19:32 [main] INFO - Multiple Spring Data modules found, entering strict repository configuration mode
2023-07-20 16:19:32 [main] INFO - Bootstrapping Spring Data R2DBC repositories in DEFAULT mode.
2023-07-20 16:19:32 [main] INFO - Finished Spring Data repository scanning in 20 ms. Found 0 R2DBC repository interfaces.
2023-07-20 16:19:32 [main] INFO - Multiple Spring Data modules found, entering strict repository configuration mode
2023-07-20 16:19:32 [main] INFO - Bootstrapping Spring Data Redis repositories in DEFAULT mode.
2023-07-20 16:19:32 [main] INFO - Finished Spring Data repository scanning in 4 ms. Found 0 Redis repository interfaces.
2023-07-20 16:19:33 [main] INFO - Netty started on port 8080
2023-07-20 16:19:33 [main] INFO - Started P6eAuthApplication in 1.372 seconds (process running for 1.634)
2023-07-20 16:24:46 [main] INFO - Starting P6eAuthApplication using Java 17.0.7 with PID 23168 (D:\CodeContents\github\p6e-coat\p6e-coat\p6e-auth\target\classes started by a1294 in D:\CodeContents\github\p6e-coat\p6e-coat)
2023-07-20 16:24:46 [main] INFO - No active profile set, falling back to 1 default profile: "default"
2023-07-20 16:24:46 [main] INFO - Multiple Spring Data modules found, entering strict repository configuration mode
2023-07-20 16:24:46 [main] INFO - Bootstrapping Spring Data R2DBC repositories in DEFAULT mode.
2023-07-20 16:24:46 [main] INFO - Finished Spring Data repository scanning in 19 ms. Found 0 R2DBC repository interfaces.
2023-07-20 16:24:46 [main] INFO - Multiple Spring Data modules found, entering strict repository configuration mode
2023-07-20 16:24:46 [main] INFO - Bootstrapping Spring Data Redis repositories in DEFAULT mode.
2023-07-20 16:24:46 [main] INFO - Finished Spring Data repository scanning in 3 ms. Found 0 Redis repository interfaces.
2023-07-20 16:24:47 [main] INFO - Netty started on port 8080
2023-07-20 16:24:47 [main] INFO - Started P6eAuthApplication in 1.344 seconds (process running for 1.607)
2023-07-20 16:26:50 [main] INFO - Starting P6eAuthApplication using Java 17.0.7 with PID 22172 (D:\CodeContents\github\p6e-coat\p6e-coat\p6e-auth\target\classes started by a1294 in D:\CodeContents\github\p6e-coat\p6e-coat)
2023-07-20 16:26:50 [main] INFO - No active profile set, falling back to 1 default profile: "default"
2023-07-20 16:26:50 [main] INFO - Multiple Spring Data modules found, entering strict repository configuration mode
2023-07-20 16:26:50 [main] INFO - Bootstrapping Spring Data R2DBC repositories in DEFAULT mode.
2023-07-20 16:26:50 [main] INFO - Finished Spring Data repository scanning in 37 ms. Found 0 R2DBC repository interfaces.
2023-07-20 16:26:50 [main] INFO - Multiple Spring Data modules found, entering strict repository configuration mode
2023-07-20 16:26:50 [main] INFO - Bootstrapping Spring Data Redis repositories in DEFAULT mode.
2023-07-20 16:26:50 [main] INFO - Finished Spring Data repository scanning in 4 ms. Found 0 Redis repository interfaces.
2023-07-20 16:26:51 [main] INFO - Netty started on port 8080
2023-07-20 16:26:51 [main] INFO - Started P6eAuthApplication in 1.367 seconds (process running for 1.64)
2023-07-20 16:27:04 [main] INFO - Starting P6eAuthApplication using Java 17.0.7 with PID 23208 (D:\CodeContents\github\p6e-coat\p6e-coat\p6e-auth\target\classes started by a1294 in D:\CodeContents\github\p6e-coat\p6e-coat)
2023-07-20 16:27:04 [main] INFO - No active profile set, falling back to 1 default profile: "default"
2023-07-20 16:27:04 [main] INFO - Multiple Spring Data modules found, entering strict repository configuration mode
2023-07-20 16:27:04 [main] INFO - Bootstrapping Spring Data R2DBC repositories in DEFAULT mode.
2023-07-20 16:27:04 [main] INFO - Finished Spring Data repository scanning in 27 ms. Found 0 R2DBC repository interfaces.
2023-07-20 16:27:04 [main] INFO - Multiple Spring Data modules found, entering strict repository configuration mode
2023-07-20 16:27:04 [main] INFO - Bootstrapping Spring Data Redis repositories in DEFAULT mode.
2023-07-20 16:27:04 [main] INFO - Finished Spring Data repository scanning in 3 ms. Found 0 Redis repository interfaces.
2023-07-20 16:27:05 [main] INFO - Netty started on port 8080
2023-07-20 16:27:05 [main] INFO - Started P6eAuthApplication in 1.393 seconds (process running for 1.66)
2023-07-20 16:28:47 [main] INFO - Starting P6eAuthApplication using Java 17.0.7 with PID 15632 (D:\CodeContents\github\p6e-coat\p6e-coat\p6e-auth\target\classes started by a1294 in D:\CodeContents\github\p6e-coat\p6e-coat)
2023-07-20 16:28:47 [main] INFO - No active profile set, falling back to 1 default profile: "default"
2023-07-20 16:28:47 [main] INFO - Multiple Spring Data modules found, entering strict repository configuration mode
2023-07-20 16:28:47 [main] INFO - Bootstrapping Spring Data R2DBC repositories in DEFAULT mode.
2023-07-20 16:28:47 [main] INFO - Finished Spring Data repository scanning in 19 ms. Found 0 R2DBC repository interfaces.
2023-07-20 16:28:47 [main] INFO - Multiple Spring Data modules found, entering strict repository configuration mode
2023-07-20 16:28:47 [main] INFO - Bootstrapping Spring Data Redis repositories in DEFAULT mode.
2023-07-20 16:28:47 [main] INFO - Finished Spring Data repository scanning in 4 ms. Found 0 Redis repository interfaces.
2023-07-20 16:28:48 [main] INFO - Netty started on port 8080
2023-07-20 16:28:48 [main] INFO - Started P6eAuthApplication in 1.345 seconds (process running for 1.625)
2023-07-20 16:29:21 [main] INFO - Starting P6eAuthApplication using Java 17.0.7 with PID 24172 (D:\CodeContents\github\p6e-coat\p6e-coat\p6e-auth\target\classes started by a1294 in D:\CodeContents\github\p6e-coat\p6e-coat)
2023-07-20 16:29:21 [main] INFO - No active profile set, falling back to 1 default profile: "default"
2023-07-20 16:29:22 [main] INFO - Multiple Spring Data modules found, entering strict repository configuration mode
2023-07-20 16:29:22 [main] INFO - Bootstrapping Spring Data R2DBC repositories in DEFAULT mode.
2023-07-20 16:29:22 [main] INFO - Finished Spring Data repository scanning in 19 ms. Found 0 R2DBC repository interfaces.
2023-07-20 16:29:22 [main] INFO - Multiple Spring Data modules found, entering strict repository configuration mode
2023-07-20 16:29:22 [main] INFO - Bootstrapping Spring Data Redis repositories in DEFAULT mode.
2023-07-20 16:29:22 [main] INFO - Finished Spring Data repository scanning in 3 ms. Found 0 Redis repository interfaces.
2023-07-20 16:29:22 [main] INFO - Netty started on port 8080
2023-07-20 16:29:22 [main] INFO - Started P6eAuthApplication in 1.358 seconds (process running for 1.621)
2023-07-20 16:38:39 [main] INFO - Starting P6eAuthApplication using Java 17.0.7 with PID 23272 (D:\CodeContents\github\p6e-coat\p6e-coat\p6e-auth\target\classes started by a1294 in D:\CodeContents\github\p6e-coat\p6e-coat)
2023-07-20 16:38:39 [main] INFO - No active profile set, falling back to 1 default profile: "default"
2023-07-20 16:38:39 [main] INFO - Multiple Spring Data modules found, entering strict repository configuration mode
2023-07-20 16:38:39 [main] INFO - Bootstrapping Spring Data R2DBC repositories in DEFAULT mode.
2023-07-20 16:38:39 [main] INFO - Finished Spring Data repository scanning in 19 ms. Found 0 R2DBC repository interfaces.
2023-07-20 16:38:39 [main] INFO - Multiple Spring Data modules found, entering strict repository configuration mode
2023-07-20 16:38:39 [main] INFO - Bootstrapping Spring Data Redis repositories in DEFAULT mode.
2023-07-20 16:38:39 [main] INFO - Finished Spring Data repository scanning in 3 ms. Found 0 Redis repository interfaces.
2023-07-20 16:38:40 [main] INFO - Netty started on port 8080
2023-07-20 16:38:40 [main] INFO - Started P6eAuthApplication in 1.348 seconds (process running for 1.619)
2023-07-20 16:38:57 [main] INFO - Starting P6eAuthApplication using Java 17.0.7 with PID 23152 (D:\CodeContents\github\p6e-coat\p6e-coat\p6e-auth\target\classes started by a1294 in D:\CodeContents\github\p6e-coat\p6e-coat)
2023-07-20 16:38:57 [main] INFO - No active profile set, falling back to 1 default profile: "default"
2023-07-20 16:38:57 [main] INFO - Multiple Spring Data modules found, entering strict repository configuration mode
2023-07-20 16:38:57 [main] INFO - Bootstrapping Spring Data R2DBC repositories in DEFAULT mode.
2023-07-20 16:38:57 [main] INFO - Finished Spring Data repository scanning in 19 ms. Found 0 R2DBC repository interfaces.
2023-07-20 16:38:57 [main] INFO - Multiple Spring Data modules found, entering strict repository configuration mode
2023-07-20 16:38:57 [main] INFO - Bootstrapping Spring Data Redis repositories in DEFAULT mode.
2023-07-20 16:38:57 [main] INFO - Finished Spring Data repository scanning in 4 ms. Found 0 Redis repository interfaces.
2023-07-20 16:38:58 [main] INFO - Netty started on port 8080
2023-07-20 16:38:58 [main] INFO - Started P6eAuthApplication in 1.338 seconds (process running for 1.601)
