2023-05-17 10:43:22 [background-preinit] INFO - HV000001: Hibernate Validator 8.0.0.Final
2023-05-17 10:43:22 [main] INFO - Starting P6eGatewayAuthApplication using Java 17.0.7 with PID 15524 (D:\CodeContents\github\p6e-coat\p6e-coat\p6e-coat-gateway-auth\target\classes started by a1294 in D:\CodeContents\github\p6e-coat\p6e-coat)
2023-05-17 10:43:22 [main] INFO - No active profile set, falling back to 1 default profile: "default"
2023-05-17 10:43:22 [main] INFO - Multiple Spring Data modules found, entering strict repository configuration mode
2023-05-17 10:43:22 [main] INFO - Bootstrapping Spring Data R2DBC repositories in DEFAULT mode.
2023-05-17 10:43:22 [main] INFO - Finished Spring Data repository scanning in 20 ms. Found 0 R2DBC repository interfaces.
2023-05-17 10:43:22 [main] INFO - Multiple Spring Data modules found, entering strict repository configuration mode
2023-05-17 10:43:22 [main] INFO - Bootstrapping Spring Data Redis repositories in DEFAULT mode.
2023-05-17 10:43:22 [main] INFO - Finished Spring Data repository scanning in 2 ms. Found 0 Redis repository interfaces.
2023-05-17 10:43:23 [main] INFO - BeanFactory id=f973090e-56e2-35fb-a473-f01c5d5fa89f
2023-05-17 10:43:23 [main] WARN - Exception encountered during context initialization - cancelling refresh attempt: org.springframework.beans.factory.UnsatisfiedDependencyException: Error creating bean with name 'authReactiveSignatureFilter' defined in file [D:\CodeContents\github\p6e-coat\p6e-coat\p6e-coat-gateway-auth\target\classes\club\p6e\coat\gateway\auth\AuthReactiveSignatureFilter.class]: Unsatisfied dependency expressed through constructor parameter 0: No qualifying bean of type 'club.p6e.coat.gateway.auth.AuthSignatureCodec' available: expected at least 1 bean which qualifies as autowire candidate. Dependency annotations: {}
2023-05-17 10:43:23 [main] INFO - 

Error starting ApplicationContext. To display the condition evaluation report re-run your application with 'debug' enabled.
2023-05-17 10:43:23 [main] ERROR - 

***************************
APPLICATION FAILED TO START
***************************

Description:

Parameter 0 of constructor in club.p6e.coat.gateway.auth.AuthReactiveSignatureFilter required a bean of type 'club.p6e.coat.gateway.auth.AuthSignatureCodec' that could not be found.


Action:

Consider defining a bean of type 'club.p6e.coat.gateway.auth.AuthSignatureCodec' in your configuration.

2023-05-17 10:45:02 [background-preinit] INFO - HV000001: Hibernate Validator 8.0.0.Final
2023-05-17 10:45:02 [main] INFO - Starting P6eGatewayAuthApplication using Java 17.0.7 with PID 13160 (D:\CodeContents\github\p6e-coat\p6e-coat\p6e-coat-gateway-auth\target\classes started by a1294 in D:\CodeContents\github\p6e-coat\p6e-coat)
2023-05-17 10:45:02 [main] INFO - No active profile set, falling back to 1 default profile: "default"
2023-05-17 10:45:02 [main] INFO - Multiple Spring Data modules found, entering strict repository configuration mode
2023-05-17 10:45:02 [main] INFO - Bootstrapping Spring Data R2DBC repositories in DEFAULT mode.
2023-05-17 10:45:03 [main] INFO - Finished Spring Data repository scanning in 19 ms. Found 0 R2DBC repository interfaces.
2023-05-17 10:45:03 [main] INFO - Multiple Spring Data modules found, entering strict repository configuration mode
2023-05-17 10:45:03 [main] INFO - Bootstrapping Spring Data Redis repositories in DEFAULT mode.
2023-05-17 10:45:03 [main] INFO - Finished Spring Data repository scanning in 2 ms. Found 0 Redis repository interfaces.
2023-05-17 10:45:03 [main] INFO - BeanFactory id=ec718e61-f31f-3ada-997e-9b4a37877dbc
2023-05-17 10:45:03 [main] INFO - [ P6E AUTH JSON WEB TOKEN ] DEFAULT SECRET ==> 8nfjyz3qy6fmvq5090evk76xdgy9kpp3
2023-05-17 10:45:03 [main] WARN - Exception encountered during context initialization - cancelling refresh attempt: org.springframework.beans.factory.UnsatisfiedDependencyException: Error creating bean with name 'accountPasswordLoginServiceImpl' defined in file [D:\CodeContents\github\p6e-coat\p6e-coat\p6e-coat-gateway-auth\target\classes\club\p6e\coat\gateway\auth\service\AccountPasswordLoginServiceImpl.class]: Unsatisfied dependency expressed through constructor parameter 3: No qualifying bean of type 'club.p6e.coat.gateway.auth.AuthAccountPasswordLoginTransmissionCodec' available: expected at least 1 bean which qualifies as autowire candidate. Dependency annotations: {}
2023-05-17 10:45:03 [main] INFO - 

Error starting ApplicationContext. To display the condition evaluation report re-run your application with 'debug' enabled.
2023-05-17 10:45:03 [main] ERROR - 

***************************
APPLICATION FAILED TO START
***************************

Description:

Parameter 3 of constructor in club.p6e.coat.gateway.auth.service.AccountPasswordLoginServiceImpl required a bean of type 'club.p6e.coat.gateway.auth.AuthAccountPasswordLoginTransmissionCodec' that could not be found.


Action:

Consider defining a bean of type 'club.p6e.coat.gateway.auth.AuthAccountPasswordLoginTransmissionCodec' in your configuration.

2023-05-17 10:45:26 [background-preinit] INFO - HV000001: Hibernate Validator 8.0.0.Final
2023-05-17 10:45:26 [main] INFO - Starting P6eGatewayAuthApplication using Java 17.0.7 with PID 25640 (D:\CodeContents\github\p6e-coat\p6e-coat\p6e-coat-gateway-auth\target\classes started by a1294 in D:\CodeContents\github\p6e-coat\p6e-coat)
2023-05-17 10:45:26 [main] INFO - No active profile set, falling back to 1 default profile: "default"
2023-05-17 10:45:26 [main] INFO - Multiple Spring Data modules found, entering strict repository configuration mode
2023-05-17 10:45:26 [main] INFO - Bootstrapping Spring Data R2DBC repositories in DEFAULT mode.
2023-05-17 10:45:26 [main] INFO - Finished Spring Data repository scanning in 18 ms. Found 0 R2DBC repository interfaces.
2023-05-17 10:45:26 [main] INFO - Multiple Spring Data modules found, entering strict repository configuration mode
2023-05-17 10:45:26 [main] INFO - Bootstrapping Spring Data Redis repositories in DEFAULT mode.
2023-05-17 10:45:26 [main] INFO - Finished Spring Data repository scanning in 2 ms. Found 0 Redis repository interfaces.
2023-05-17 10:45:26 [main] INFO - BeanFactory id=3bb56bc4-671a-3f27-896e-139225ac016a
2023-05-17 10:45:27 [main] INFO - [ P6E AUTH JSON WEB TOKEN ] DEFAULT SECRET ==> dngsqvlrf7wup03j7q0ulud2obwsjqoj
2023-05-17 10:45:27 [main] WARN - Exception encountered during context initialization - cancelling refresh attempt: org.springframework.beans.factory.UnsatisfiedDependencyException: Error creating bean with name 'quickResponseCodeObtainServiceImpl' defined in file [D:\CodeContents\github\p6e-coat\p6e-coat\p6e-coat-gateway-auth\target\classes\club\p6e\coat\gateway\auth\service\QuickResponseCodeObtainServiceImpl.class]: Unsatisfied dependency expressed through constructor parameter 2: No qualifying bean of type 'club.p6e.coat.gateway.auth.generator.QrCodeLoginGenerator' available: expected at least 1 bean which qualifies as autowire candidate. Dependency annotations: {}
2023-05-17 10:45:27 [main] INFO - 

Error starting ApplicationContext. To display the condition evaluation report re-run your application with 'debug' enabled.
2023-05-17 10:45:27 [main] ERROR - 

***************************
APPLICATION FAILED TO START
***************************

Description:

Parameter 2 of constructor in club.p6e.coat.gateway.auth.service.QuickResponseCodeObtainServiceImpl required a bean of type 'club.p6e.coat.gateway.auth.generator.QrCodeLoginGenerator' that could not be found.


Action:

Consider defining a bean of type 'club.p6e.coat.gateway.auth.generator.QrCodeLoginGenerator' in your configuration.

2023-05-17 10:45:56 [background-preinit] INFO - HV000001: Hibernate Validator 8.0.0.Final
2023-05-17 10:45:56 [main] INFO - Starting P6eGatewayAuthApplication using Java 17.0.7 with PID 22044 (D:\CodeContents\github\p6e-coat\p6e-coat\p6e-coat-gateway-auth\target\classes started by a1294 in D:\CodeContents\github\p6e-coat\p6e-coat)
2023-05-17 10:45:56 [main] INFO - No active profile set, falling back to 1 default profile: "default"
2023-05-17 10:45:57 [main] INFO - Multiple Spring Data modules found, entering strict repository configuration mode
2023-05-17 10:45:57 [main] INFO - Bootstrapping Spring Data R2DBC repositories in DEFAULT mode.
2023-05-17 10:45:57 [main] INFO - Finished Spring Data repository scanning in 15 ms. Found 0 R2DBC repository interfaces.
2023-05-17 10:45:57 [main] INFO - Multiple Spring Data modules found, entering strict repository configuration mode
2023-05-17 10:45:57 [main] INFO - Bootstrapping Spring Data Redis repositories in DEFAULT mode.
2023-05-17 10:45:57 [main] INFO - Finished Spring Data repository scanning in 2 ms. Found 0 Redis repository interfaces.
2023-05-17 10:45:57 [main] INFO - BeanFactory id=3c14c4d2-d735-3dae-8db9-97a7d7f130a0
2023-05-17 10:45:57 [main] INFO - [ P6E AUTH JSON WEB TOKEN ] DEFAULT SECRET ==> 5s0izp3cz1r9574tmlh18du977f0fuy3
2023-05-17 10:45:57 [main] INFO - Loaded RoutePredicateFactory [After]
2023-05-17 10:45:57 [main] INFO - Loaded RoutePredicateFactory [Before]
2023-05-17 10:45:57 [main] INFO - Loaded RoutePredicateFactory [Between]
2023-05-17 10:45:57 [main] INFO - Loaded RoutePredicateFactory [Cookie]
2023-05-17 10:45:57 [main] INFO - Loaded RoutePredicateFactory [Header]
2023-05-17 10:45:57 [main] INFO - Loaded RoutePredicateFactory [Host]
2023-05-17 10:45:57 [main] INFO - Loaded RoutePredicateFactory [Method]
2023-05-17 10:45:57 [main] INFO - Loaded RoutePredicateFactory [Path]
2023-05-17 10:45:57 [main] INFO - Loaded RoutePredicateFactory [Query]
2023-05-17 10:45:57 [main] INFO - Loaded RoutePredicateFactory [ReadBody]
2023-05-17 10:45:57 [main] INFO - Loaded RoutePredicateFactory [RemoteAddr]
2023-05-17 10:45:57 [main] INFO - Loaded RoutePredicateFactory [XForwardedRemoteAddr]
2023-05-17 10:45:57 [main] INFO - Loaded RoutePredicateFactory [Weight]
2023-05-17 10:45:57 [main] INFO - Loaded RoutePredicateFactory [CloudFoundryRouteService]
2023-05-17 10:45:58 [main] INFO - Netty started on port 8080
2023-05-17 10:45:58 [main] INFO - Started P6eGatewayAuthApplication in 1.968 seconds (process running for 2.253)
2023-05-17 10:54:22 [reactor-tcp-nio-1] ERROR - [ac0fd899-1]  500 Server Error for HTTP GET "/oauth2/authorize?scope=user_info&clientId=123456&redirectUri=http://127.0.0.1:9999&responseType=code&state=111"
club.p6e.coat.gateway.auth.error.ParameterException: { PARAMETER_EXCEPTION <1000> [] } ::: [ class club.p6e.coat.gateway.auth.controller.Oauth2Controller ] => (class club.p6e.coat.gateway.auth.error.ParameterException) ===> 
	at club.p6e.coat.gateway.auth.controller.Oauth2Controller.lambda$authorize$0(Oauth2Controller.java:82) ~[classes/:na]
	Suppressed: reactor.core.publisher.FluxOnAssembly$OnAssemblyException: 
Error has been observed at the following site(s):
	*__checkpoint ⇢ Handler club.p6e.coat.gateway.auth.controller.Oauth2Controller#authorize(ServerWebExchange) [DispatcherHandler]
	*__checkpoint ⇢ club.p6e.coat.gateway.auth.AuthReactiveVoucherFilter [DefaultWebFilterChain]
	*__checkpoint ⇢ org.springframework.cloud.gateway.filter.WeightCalculatorWebFilter [DefaultWebFilterChain]
	*__checkpoint ⇢ org.springframework.security.web.server.WebFilterChainProxy [DefaultWebFilterChain]
	*__checkpoint ⇢ HTTP GET "/oauth2/authorize?scope=user_info&clientId=123456&redirectUri=http://127.0.0.1:9999&responseType=code&state=111" [ExceptionHandlingWebHandler]
Original Stack Trace:
		at club.p6e.coat.gateway.auth.controller.Oauth2Controller.lambda$authorize$0(Oauth2Controller.java:82) ~[classes/:na]
		at reactor.core.publisher.MonoFlatMap$FlatMapMain.onNext(MonoFlatMap.java:132) ~[reactor-core-3.5.0.jar:3.5.0]
		at reactor.core.publisher.FluxSwitchIfEmpty$SwitchIfEmptySubscriber.onNext(FluxSwitchIfEmpty.java:74) ~[reactor-core-3.5.0.jar:3.5.0]
		at reactor.core.publisher.MonoFlatMap$FlatMapMain.onNext(MonoFlatMap.java:158) ~[reactor-core-3.5.0.jar:3.5.0]
		at reactor.core.publisher.MonoNext$NextSubscriber.onNext(MonoNext.java:82) ~[reactor-core-3.5.0.jar:3.5.0]
		at reactor.core.publisher.FluxFlatMap$FlatMapMain.tryEmitScalar(FluxFlatMap.java:488) ~[reactor-core-3.5.0.jar:3.5.0]
		at reactor.core.publisher.FluxFlatMap$FlatMapMain.onNext(FluxFlatMap.java:421) ~[reactor-core-3.5.0.jar:3.5.0]
		at reactor.core.publisher.FluxBuffer$BufferExactSubscriber.onComplete(FluxBuffer.java:185) ~[reactor-core-3.5.0.jar:3.5.0]
		at reactor.core.publisher.Operators$MultiSubscriptionSubscriber.onComplete(Operators.java:2168) ~[reactor-core-3.5.0.jar:3.5.0]
		at reactor.core.publisher.FluxUsingWhen$UsingWhenSubscriber.deferredComplete(FluxUsingWhen.java:392) ~[reactor-core-3.5.0.jar:3.5.0]
		at reactor.core.publisher.FluxUsingWhen$CommitInner.onComplete(FluxUsingWhen.java:527) ~[reactor-core-3.5.0.jar:3.5.0]
		at reactor.core.publisher.Operators$MultiSubscriptionSubscriber.onComplete(Operators.java:2168) ~[reactor-core-3.5.0.jar:3.5.0]
		at reactor.core.publisher.FluxPeek$PeekSubscriber.onComplete(FluxPeek.java:260) ~[reactor-core-3.5.0.jar:3.5.0]
		at reactor.core.publisher.Operators$MultiSubscriptionSubscriber.onComplete(Operators.java:2168) ~[reactor-core-3.5.0.jar:3.5.0]
		at reactor.core.publisher.MonoIgnoreThen$ThenIgnoreMain.onComplete(MonoIgnoreThen.java:209) ~[reactor-core-3.5.0.jar:3.5.0]
		at reactor.core.publisher.MonoIgnoreThen$ThenIgnoreMain.onComplete(MonoIgnoreThen.java:209) ~[reactor-core-3.5.0.jar:3.5.0]
		at reactor.pool.SimpleDequePool.maybeRecycleAndDrain(SimpleDequePool.java:531) ~[reactor-pool-1.0.0.jar:1.0.0]
		at reactor.pool.SimpleDequePool$QueuePoolRecyclerInner.onComplete(SimpleDequePool.java:761) ~[reactor-pool-1.0.0.jar:1.0.0]
		at reactor.core.publisher.Operators.complete(Operators.java:137) ~[reactor-core-3.5.0.jar:3.5.0]
		at reactor.core.publisher.MonoEmpty.subscribe(MonoEmpty.java:46) ~[reactor-core-3.5.0.jar:3.5.0]
		at reactor.core.publisher.Mono.subscribe(Mono.java:4444) ~[reactor-core-3.5.0.jar:3.5.0]
		at reactor.pool.SimpleDequePool$QueuePoolRecyclerMono.subscribe(SimpleDequePool.java:873) ~[reactor-pool-1.0.0.jar:1.0.0]
		at reactor.core.publisher.MonoDefer.subscribe(MonoDefer.java:52) ~[reactor-core-3.5.0.jar:3.5.0]
		at reactor.core.publisher.MonoIgnoreThen$ThenIgnoreMain.subscribeNext(MonoIgnoreThen.java:240) ~[reactor-core-3.5.0.jar:3.5.0]
		at reactor.core.publisher.MonoIgnoreThen$ThenIgnoreMain.onComplete(MonoIgnoreThen.java:203) ~[reactor-core-3.5.0.jar:3.5.0]
		at reactor.core.publisher.FluxPeek$PeekSubscriber.onComplete(FluxPeek.java:260) ~[reactor-core-3.5.0.jar:3.5.0]
		at reactor.core.publisher.Operators.complete(Operators.java:137) ~[reactor-core-3.5.0.jar:3.5.0]
		at reactor.core.publisher.MonoEmpty.subscribe(MonoEmpty.java:46) ~[reactor-core-3.5.0.jar:3.5.0]
		at reactor.core.publisher.Mono.subscribe(Mono.java:4444) ~[reactor-core-3.5.0.jar:3.5.0]
		at reactor.core.publisher.MonoIgnoreThen$ThenIgnoreMain.subscribeNext(MonoIgnoreThen.java:263) ~[reactor-core-3.5.0.jar:3.5.0]
		at reactor.core.publisher.MonoIgnoreThen.subscribe(MonoIgnoreThen.java:51) ~[reactor-core-3.5.0.jar:3.5.0]
		at reactor.core.publisher.MonoDefer.subscribe(MonoDefer.java:52) ~[reactor-core-3.5.0.jar:3.5.0]
		at reactor.core.publisher.MonoIgnoreThen$ThenIgnoreMain.subscribeNext(MonoIgnoreThen.java:240) ~[reactor-core-3.5.0.jar:3.5.0]
		at reactor.core.publisher.MonoIgnoreThen$ThenIgnoreMain.onComplete(MonoIgnoreThen.java:203) ~[reactor-core-3.5.0.jar:3.5.0]
		at reactor.core.publisher.MonoIgnoreElements$IgnoreElementsSubscriber.onComplete(MonoIgnoreElements.java:89) ~[reactor-core-3.5.0.jar:3.5.0]
		at reactor.core.publisher.FluxHandleFuseable$HandleFuseableSubscriber.onComplete(FluxHandleFuseable.java:238) ~[reactor-core-3.5.0.jar:3.5.0]
		at reactor.core.publisher.MonoSupplier$MonoSupplierSubscription.request(MonoSupplier.java:148) ~[reactor-core-3.5.0.jar:3.5.0]
		at reactor.core.publisher.FluxHandleFuseable$HandleFuseableSubscriber.request(FluxHandleFuseable.java:259) ~[reactor-core-3.5.0.jar:3.5.0]
		at reactor.core.publisher.MonoIgnoreElements$IgnoreElementsSubscriber.onSubscribe(MonoIgnoreElements.java:72) ~[reactor-core-3.5.0.jar:3.5.0]
		at reactor.core.publisher.FluxHandleFuseable$HandleFuseableSubscriber.onSubscribe(FluxHandleFuseable.java:163) ~[reactor-core-3.5.0.jar:3.5.0]
		at reactor.core.publisher.MonoSupplier.subscribe(MonoSupplier.java:48) ~[reactor-core-3.5.0.jar:3.5.0]
		at reactor.core.publisher.Mono.subscribe(Mono.java:4444) ~[reactor-core-3.5.0.jar:3.5.0]
		at reactor.core.publisher.MonoIgnoreThen$ThenIgnoreMain.subscribeNext(MonoIgnoreThen.java:263) ~[reactor-core-3.5.0.jar:3.5.0]
		at reactor.core.publisher.MonoIgnoreThen.subscribe(MonoIgnoreThen.java:51) ~[reactor-core-3.5.0.jar:3.5.0]
		at reactor.core.publisher.InternalMonoOperator.subscribe(InternalMonoOperator.java:64) ~[reactor-core-3.5.0.jar:3.5.0]
		at reactor.core.publisher.MonoDefer.subscribe(MonoDefer.java:52) ~[reactor-core-3.5.0.jar:3.5.0]
		at reactor.core.publisher.Mono.subscribe(Mono.java:4444) ~[reactor-core-3.5.0.jar:3.5.0]
		at reactor.core.publisher.FluxOnErrorResume$ResumeSubscriber.onError(FluxOnErrorResume.java:103) ~[reactor-core-3.5.0.jar:3.5.0]
		at reactor.core.publisher.MonoIgnoreElements$IgnoreElementsSubscriber.onError(MonoIgnoreElements.java:84) ~[reactor-core-3.5.0.jar:3.5.0]
		at reactor.core.publisher.FluxMap$MapSubscriber.onError(FluxMap.java:134) ~[reactor-core-3.5.0.jar:3.5.0]
		at reactor.core.publisher.FluxFilter$FilterSubscriber.onError(FluxFilter.java:157) ~[reactor-core-3.5.0.jar:3.5.0]
		at reactor.core.publisher.FluxFilter$FilterConditionalSubscriber.onError(FluxFilter.java:291) ~[reactor-core-3.5.0.jar:3.5.0]
		at reactor.core.publisher.FluxMap$MapConditionalSubscriber.onError(FluxMap.java:265) ~[reactor-core-3.5.0.jar:3.5.0]
		at reactor.core.publisher.Operators.error(Operators.java:198) ~[reactor-core-3.5.0.jar:3.5.0]
		at reactor.core.publisher.MonoError.subscribe(MonoError.java:53) ~[reactor-core-3.5.0.jar:3.5.0]
		at reactor.core.publisher.MonoDeferContextual.subscribe(MonoDeferContextual.java:55) ~[reactor-core-3.5.0.jar:3.5.0]
		at reactor.core.publisher.InternalMonoOperator.subscribe(InternalMonoOperator.java:64) ~[reactor-core-3.5.0.jar:3.5.0]
		at reactor.core.publisher.MonoDefer.subscribe(MonoDefer.java:52) ~[reactor-core-3.5.0.jar:3.5.0]
		at reactor.core.publisher.Mono.subscribe(Mono.java:4444) ~[reactor-core-3.5.0.jar:3.5.0]
		at reactor.core.publisher.FluxUsingWhen$UsingWhenSubscriber.onComplete(FluxUsingWhen.java:384) ~[reactor-core-3.5.0.jar:3.5.0]
		at reactor.core.publisher.FluxFlatMap$FlatMapMain.checkTerminated(FluxFlatMap.java:846) ~[reactor-core-3.5.0.jar:3.5.0]
		at reactor.core.publisher.FluxFlatMap$FlatMapMain.drainLoop(FluxFlatMap.java:608) ~[reactor-core-3.5.0.jar:3.5.0]
		at reactor.core.publisher.FluxFlatMap$FlatMapMain.innerComplete(FluxFlatMap.java:894) ~[reactor-core-3.5.0.jar:3.5.0]
		at reactor.core.publisher.FluxFlatMap$FlatMapInner.onComplete(FluxFlatMap.java:997) ~[reactor-core-3.5.0.jar:3.5.0]
		at reactor.core.publisher.FluxHandle$HandleSubscriber.onComplete(FluxHandle.java:222) ~[reactor-core-3.5.0.jar:3.5.0]
		at reactor.core.publisher.MonoFlatMapMany$FlatMapManyInner.onComplete(MonoFlatMapMany.java:260) ~[reactor-core-3.5.0.jar:3.5.0]
		at reactor.core.publisher.FluxHandleFuseable$HandleFuseableSubscriber.onComplete(FluxHandleFuseable.java:238) ~[reactor-core-3.5.0.jar:3.5.0]
		at reactor.core.publisher.FluxFilterFuseable$FilterFuseableConditionalSubscriber.onComplete(FluxFilterFuseable.java:391) ~[reactor-core-3.5.0.jar:3.5.0]
		at reactor.core.publisher.FluxContextWrite$ContextWriteSubscriber.onComplete(FluxContextWrite.java:126) ~[reactor-core-3.5.0.jar:3.5.0]
		at reactor.core.publisher.FluxPeekFuseable$PeekConditionalSubscriber.onComplete(FluxPeekFuseable.java:940) ~[reactor-core-3.5.0.jar:3.5.0]
		at reactor.core.publisher.FluxPeekFuseable$PeekConditionalSubscriber.onComplete(FluxPeekFuseable.java:940) ~[reactor-core-3.5.0.jar:3.5.0]
		at io.r2dbc.postgresql.util.FluxDiscardOnCancel$FluxDiscardOnCancelSubscriber.onComplete(FluxDiscardOnCancel.java:99) ~[r2dbc-postgresql-0.8.13.RELEASE.jar:0.8.13.RELEASE]
		at reactor.core.publisher.FluxDoFinally$DoFinallySubscriber.onComplete(FluxDoFinally.java:128) ~[reactor-core-3.5.0.jar:3.5.0]
		at reactor.core.publisher.FluxHandle$HandleSubscriber.onComplete(FluxHandle.java:222) ~[reactor-core-3.5.0.jar:3.5.0]
		at reactor.core.publisher.FluxCreate$BaseSink.complete(FluxCreate.java:460) ~[reactor-core-3.5.0.jar:3.5.0]
		at reactor.core.publisher.FluxCreate$BufferAsyncSink.drain(FluxCreate.java:805) ~[reactor-core-3.5.0.jar:3.5.0]
		at reactor.core.publisher.FluxCreate$BufferAsyncSink.complete(FluxCreate.java:753) ~[reactor-core-3.5.0.jar:3.5.0]
		at reactor.core.publisher.FluxCreate$SerializedFluxSink.drainLoop(FluxCreate.java:247) ~[reactor-core-3.5.0.jar:3.5.0]
		at reactor.core.publisher.FluxCreate$SerializedFluxSink.drain(FluxCreate.java:213) ~[reactor-core-3.5.0.jar:3.5.0]
		at reactor.core.publisher.FluxCreate$SerializedFluxSink.complete(FluxCreate.java:204) ~[reactor-core-3.5.0.jar:3.5.0]
		at io.r2dbc.postgresql.client.ReactorNettyClient$Conversation.complete(ReactorNettyClient.java:638) ~[r2dbc-postgresql-0.8.13.RELEASE.jar:0.8.13.RELEASE]
		at io.r2dbc.postgresql.client.ReactorNettyClient$BackendMessageSubscriber.emit(ReactorNettyClient.java:904) ~[r2dbc-postgresql-0.8.13.RELEASE.jar:0.8.13.RELEASE]
		at io.r2dbc.postgresql.client.ReactorNettyClient$BackendMessageSubscriber.onNext(ReactorNettyClient.java:780) ~[r2dbc-postgresql-0.8.13.RELEASE.jar:0.8.13.RELEASE]
		at io.r2dbc.postgresql.client.ReactorNettyClient$BackendMessageSubscriber.onNext(ReactorNettyClient.java:686) ~[r2dbc-postgresql-0.8.13.RELEASE.jar:0.8.13.RELEASE]
		at reactor.core.publisher.FluxHandle$HandleSubscriber.onNext(FluxHandle.java:128) ~[reactor-core-3.5.0.jar:3.5.0]
		at reactor.core.publisher.FluxPeekFuseable$PeekConditionalSubscriber.onNext(FluxPeekFuseable.java:854) ~[reactor-core-3.5.0.jar:3.5.0]
		at reactor.core.publisher.FluxMap$MapConditionalSubscriber.onNext(FluxMap.java:224) ~[reactor-core-3.5.0.jar:3.5.0]
		at reactor.core.publisher.FluxMap$MapConditionalSubscriber.onNext(FluxMap.java:224) ~[reactor-core-3.5.0.jar:3.5.0]
		at reactor.netty.channel.FluxReceive.drainReceiver(FluxReceive.java:292) ~[reactor-netty-core-1.1.0.jar:1.1.0]
		at reactor.netty.channel.FluxReceive.onInboundNext(FluxReceive.java:401) ~[reactor-netty-core-1.1.0.jar:1.1.0]
		at reactor.netty.channel.ChannelOperations.onInboundNext(ChannelOperations.java:411) ~[reactor-netty-core-1.1.0.jar:1.1.0]
		at reactor.netty.channel.ChannelOperationsHandler.channelRead(ChannelOperationsHandler.java:113) ~[reactor-netty-core-1.1.0.jar:1.1.0]
		at io.netty.channel.AbstractChannelHandlerContext.invokeChannelRead(AbstractChannelHandlerContext.java:444) ~[netty-transport-4.1.85.Final.jar:4.1.85.Final]
		at io.netty.channel.AbstractChannelHandlerContext.invokeChannelRead(AbstractChannelHandlerContext.java:420) ~[netty-transport-4.1.85.Final.jar:4.1.85.Final]
		at io.netty.channel.AbstractChannelHandlerContext.fireChannelRead(AbstractChannelHandlerContext.java:412) ~[netty-transport-4.1.85.Final.jar:4.1.85.Final]
		at io.netty.handler.codec.ByteToMessageDecoder.fireChannelRead(ByteToMessageDecoder.java:346) ~[netty-codec-4.1.85.Final.jar:4.1.85.Final]
		at io.netty.handler.codec.ByteToMessageDecoder.channelRead(ByteToMessageDecoder.java:318) ~[netty-codec-4.1.85.Final.jar:4.1.85.Final]
		at io.netty.channel.AbstractChannelHandlerContext.invokeChannelRead(AbstractChannelHandlerContext.java:444) ~[netty-transport-4.1.85.Final.jar:4.1.85.Final]
		at io.netty.channel.AbstractChannelHandlerContext.invokeChannelRead(AbstractChannelHandlerContext.java:420) ~[netty-transport-4.1.85.Final.jar:4.1.85.Final]
		at io.netty.channel.AbstractChannelHandlerContext.fireChannelRead(AbstractChannelHandlerContext.java:412) ~[netty-transport-4.1.85.Final.jar:4.1.85.Final]
		at io.netty.channel.DefaultChannelPipeline$HeadContext.channelRead(DefaultChannelPipeline.java:1410) ~[netty-transport-4.1.85.Final.jar:4.1.85.Final]
		at io.netty.channel.AbstractChannelHandlerContext.invokeChannelRead(AbstractChannelHandlerContext.java:440) ~[netty-transport-4.1.85.Final.jar:4.1.85.Final]
		at io.netty.channel.AbstractChannelHandlerContext.invokeChannelRead(AbstractChannelHandlerContext.java:420) ~[netty-transport-4.1.85.Final.jar:4.1.85.Final]
		at io.netty.channel.DefaultChannelPipeline.fireChannelRead(DefaultChannelPipeline.java:919) ~[netty-transport-4.1.85.Final.jar:4.1.85.Final]
		at io.netty.channel.nio.AbstractNioByteChannel$NioByteUnsafe.read(AbstractNioByteChannel.java:166) ~[netty-transport-4.1.85.Final.jar:4.1.85.Final]
		at io.netty.channel.nio.NioEventLoop.processSelectedKey(NioEventLoop.java:788) ~[netty-transport-4.1.85.Final.jar:4.1.85.Final]
		at io.netty.channel.nio.NioEventLoop.processSelectedKeysOptimized(NioEventLoop.java:724) ~[netty-transport-4.1.85.Final.jar:4.1.85.Final]
		at io.netty.channel.nio.NioEventLoop.processSelectedKeys(NioEventLoop.java:650) ~[netty-transport-4.1.85.Final.jar:4.1.85.Final]
		at io.netty.channel.nio.NioEventLoop.run(NioEventLoop.java:562) ~[netty-transport-4.1.85.Final.jar:4.1.85.Final]
		at io.netty.util.concurrent.SingleThreadEventExecutor$4.run(SingleThreadEventExecutor.java:997) ~[netty-common-4.1.85.Final.jar:4.1.85.Final]
		at io.netty.util.internal.ThreadExecutorMap$2.run(ThreadExecutorMap.java:74) ~[netty-common-4.1.85.Final.jar:4.1.85.Final]
		at io.netty.util.concurrent.FastThreadLocalRunnable.run(FastThreadLocalRunnable.java:30) ~[netty-common-4.1.85.Final.jar:4.1.85.Final]
		at java.base/java.lang.Thread.run(Thread.java:833) ~[na:na]
