2023-07-03 14:57:44 [background-preinit] INFO - HV000001: Hibernate Validator 8.0.0.Final
2023-07-03 14:57:44 [main] INFO - Starting P6eCloudIndexApplication using Java 17.0.7 with PID 21116 (D:\CodeContents\github\p6e-coat\p6e-coat\p6e-coat-console\target\classes started by a1294 in D:\CodeContents\github\p6e-coat\p6e-coat)
2023-07-03 14:57:44 [main] INFO - No active profile set, falling back to 1 default profile: "default"
2023-07-03 14:57:44 [main] INFO - Multiple Spring Data modules found, entering strict repository configuration mode
2023-07-03 14:57:44 [main] INFO - Bootstrapping Spring Data JPA repositories in DEFAULT mode.
2023-07-03 14:57:44 [main] INFO - Finished Spring Data repository scanning in 92 ms. Found 10 JPA repository interfaces.
2023-07-03 14:57:44 [main] INFO - Multiple Spring Data modules found, entering strict repository configuration mode
2023-07-03 14:57:44 [main] INFO - Bootstrapping Spring Data Redis repositories in DEFAULT mode.
2023-07-03 14:57:44 [main] INFO - Spring Data Redis - Could not safely identify store assignment for repository candidate interface club.p6e.cloud.test.infrastructure.repository.ConfigRepository; If you want this repository to be a Redis repository, consider annotating your entities with one of these annotations: org.springframework.data.redis.core.RedisHash (preferred), or consider extending one of the following types with your repository: org.springframework.data.keyvalue.repository.KeyValueRepository
2023-07-03 14:57:44 [main] INFO - Spring Data Redis - Could not safely identify store assignment for repository candidate interface club.p6e.cloud.test.infrastructure.repository.DictionaryRepository; If you want this repository to be a Redis repository, consider annotating your entities with one of these annotations: org.springframework.data.redis.core.RedisHash (preferred), or consider extending one of the following types with your repository: org.springframework.data.keyvalue.repository.KeyValueRepository
2023-07-03 14:57:44 [main] INFO - Spring Data Redis - Could not safely identify store assignment for repository candidate interface club.p6e.cloud.test.infrastructure.repository.FileUploadChunkRepository; If you want this repository to be a Redis repository, consider annotating your entities with one of these annotations: org.springframework.data.redis.core.RedisHash (preferred), or consider extending one of the following types with your repository: org.springframework.data.keyvalue.repository.KeyValueRepository
2023-07-03 14:57:44 [main] INFO - Spring Data Redis - Could not safely identify store assignment for repository candidate interface club.p6e.cloud.test.infrastructure.repository.FileUploadRepository; If you want this repository to be a Redis repository, consider annotating your entities with one of these annotations: org.springframework.data.redis.core.RedisHash (preferred), or consider extending one of the following types with your repository: org.springframework.data.keyvalue.repository.KeyValueRepository
2023-07-03 14:57:44 [main] INFO - Spring Data Redis - Could not safely identify store assignment for repository candidate interface club.p6e.cloud.test.infrastructure.repository.Oauth2ClientRepository; If you want this repository to be a Redis repository, consider annotating your entities with one of these annotations: org.springframework.data.redis.core.RedisHash (preferred), or consider extending one of the following types with your repository: org.springframework.data.keyvalue.repository.KeyValueRepository
2023-07-03 14:57:44 [main] INFO - Spring Data Redis - Could not safely identify store assignment for repository candidate interface club.p6e.cloud.test.infrastructure.repository.PermissionUrlGroupRelationUrlRepository; If you want this repository to be a Redis repository, consider annotating your entities with one of these annotations: org.springframework.data.redis.core.RedisHash (preferred), or consider extending one of the following types with your repository: org.springframework.data.keyvalue.repository.KeyValueRepository
2023-07-03 14:57:44 [main] INFO - Spring Data Redis - Could not safely identify store assignment for repository candidate interface club.p6e.cloud.test.infrastructure.repository.PermissionUrlGroupRepository; If you want this repository to be a Redis repository, consider annotating your entities with one of these annotations: org.springframework.data.redis.core.RedisHash (preferred), or consider extending one of the following types with your repository: org.springframework.data.keyvalue.repository.KeyValueRepository
2023-07-03 14:57:44 [main] INFO - Spring Data Redis - Could not safely identify store assignment for repository candidate interface club.p6e.cloud.test.infrastructure.repository.PermissionUrlRepository; If you want this repository to be a Redis repository, consider annotating your entities with one of these annotations: org.springframework.data.redis.core.RedisHash (preferred), or consider extending one of the following types with your repository: org.springframework.data.keyvalue.repository.KeyValueRepository
2023-07-03 14:57:44 [main] INFO - Spring Data Redis - Could not safely identify store assignment for repository candidate interface club.p6e.cloud.test.infrastructure.repository.UserAuthRepository; If you want this repository to be a Redis repository, consider annotating your entities with one of these annotations: org.springframework.data.redis.core.RedisHash (preferred), or consider extending one of the following types with your repository: org.springframework.data.keyvalue.repository.KeyValueRepository
2023-07-03 14:57:44 [main] INFO - Spring Data Redis - Could not safely identify store assignment for repository candidate interface club.p6e.cloud.test.infrastructure.repository.UserRepository; If you want this repository to be a Redis repository, consider annotating your entities with one of these annotations: org.springframework.data.redis.core.RedisHash (preferred), or consider extending one of the following types with your repository: org.springframework.data.keyvalue.repository.KeyValueRepository
2023-07-03 14:57:44 [main] INFO - Finished Spring Data repository scanning in 5 ms. Found 0 Redis repository interfaces.
2023-07-03 14:57:44 [main] INFO - Tomcat initialized with port(s): 9999 (http)
2023-07-03 14:57:44 [main] INFO - Initializing ProtocolHandler ["http-nio-9999"]
2023-07-03 14:57:44 [main] INFO - Starting service [Tomcat]
2023-07-03 14:57:44 [main] INFO - Starting Servlet engine: [Apache Tomcat/10.1.1]
2023-07-03 14:57:44 [main] INFO - Initializing Spring embedded WebApplicationContext
2023-07-03 14:57:44 [main] INFO - Root WebApplicationContext: initialization completed in 796 ms
2023-07-03 14:57:44 [main] INFO - Filter [ CrossDomainWebFilter ] init complete ... 
2023-07-03 14:57:44 [main] INFO - HikariPool-1 - Starting...
2023-07-03 14:57:45 [main] INFO - HikariPool-1 - Added connection org.postgresql.jdbc.PgConnection@1068176
2023-07-03 14:57:45 [main] INFO - HikariPool-1 - Start completed.
2023-07-03 14:57:45 [main] INFO - HHH000204: Processing PersistenceUnitInfo [name: default]
2023-07-03 14:57:45 [main] INFO - HHH000412: Hibernate ORM core version 6.1.5.Final
2023-07-03 14:57:45 [main] WARN - HHH90000021: Encountered deprecated setting [javax.persistence.sharedCache.mode], use [jakarta.persistence.sharedCache.mode] instead
2023-07-03 14:57:45 [main] INFO - HHH000400: Using dialect: org.hibernate.dialect.PostgreSQLDialect
2023-07-03 14:57:45 [main] INFO - HHH000490: Using JtaPlatform implementation: [org.hibernate.engine.transaction.jta.platform.internal.NoJtaPlatform]
2023-07-03 14:57:45 [main] INFO - Initialized JPA EntityManagerFactory for persistence unit 'default'
2023-07-03 14:57:46 [main] INFO - Starting ProtocolHandler ["http-nio-9999"]
2023-07-03 14:57:46 [main] INFO - Tomcat started on port(s): 9999 (http) with context path ''
2023-07-03 14:57:46 [main] INFO - Started P6eCloudIndexApplication in 2.922 seconds (process running for 3.248)
2023-07-03 14:57:46 [main] INFO - smart construction application initialization complete ...
2023-07-03 14:57:57 [http-nio-9999-exec-1] INFO - Initializing Spring DispatcherServlet 'dispatcherServlet'
2023-07-03 14:57:57 [http-nio-9999-exec-1] INFO - Initializing Servlet 'dispatcherServlet'
2023-07-03 14:57:57 [http-nio-9999-exec-1] INFO - Completed initialization in 1 ms
