2023-06-28 09:52:11 [background-preinit] INFO - HV000001: Hibernate Validator 8.0.0.Final
2023-06-28 09:52:11 [main] INFO - Starting P6eCloudIndexApplication using Java 17.0.7 with PID 11148 (D:\CodeContents\github\p6e-coat\p6e-coat\p6e-coat-console\target\classes started by a1294 in D:\CodeContents\github\p6e-coat\p6e-coat)
2023-06-28 09:52:11 [main] INFO - No active profile set, falling back to 1 default profile: "default"
2023-06-28 09:52:11 [main] INFO - Multiple Spring Data modules found, entering strict repository configuration mode
2023-06-28 09:52:11 [main] INFO - Bootstrapping Spring Data JPA repositories in DEFAULT mode.
2023-06-28 09:52:12 [main] INFO - Finished Spring Data repository scanning in 98 ms. Found 10 JPA repository interfaces.
2023-06-28 09:52:12 [main] INFO - Multiple Spring Data modules found, entering strict repository configuration mode
2023-06-28 09:52:12 [main] INFO - Bootstrapping Spring Data Redis repositories in DEFAULT mode.
2023-06-28 09:52:12 [main] INFO - Spring Data Redis - Could not safely identify store assignment for repository candidate interface club.p6e.cloud.test.infrastructure.repository.ConfigRepository; If you want this repository to be a Redis repository, consider annotating your entities with one of these annotations: org.springframework.data.redis.core.RedisHash (preferred), or consider extending one of the following types with your repository: org.springframework.data.keyvalue.repository.KeyValueRepository
2023-06-28 09:52:12 [main] INFO - Spring Data Redis - Could not safely identify store assignment for repository candidate interface club.p6e.cloud.test.infrastructure.repository.DictionaryRepository; If you want this repository to be a Redis repository, consider annotating your entities with one of these annotations: org.springframework.data.redis.core.RedisHash (preferred), or consider extending one of the following types with your repository: org.springframework.data.keyvalue.repository.KeyValueRepository
2023-06-28 09:52:12 [main] INFO - Spring Data Redis - Could not safely identify store assignment for repository candidate interface club.p6e.cloud.test.infrastructure.repository.FileUploadChunkRepository; If you want this repository to be a Redis repository, consider annotating your entities with one of these annotations: org.springframework.data.redis.core.RedisHash (preferred), or consider extending one of the following types with your repository: org.springframework.data.keyvalue.repository.KeyValueRepository
2023-06-28 09:52:12 [main] INFO - Spring Data Redis - Could not safely identify store assignment for repository candidate interface club.p6e.cloud.test.infrastructure.repository.FileUploadRepository; If you want this repository to be a Redis repository, consider annotating your entities with one of these annotations: org.springframework.data.redis.core.RedisHash (preferred), or consider extending one of the following types with your repository: org.springframework.data.keyvalue.repository.KeyValueRepository
2023-06-28 09:52:12 [main] INFO - Spring Data Redis - Could not safely identify store assignment for repository candidate interface club.p6e.cloud.test.infrastructure.repository.Oauth2ClientRepository; If you want this repository to be a Redis repository, consider annotating your entities with one of these annotations: org.springframework.data.redis.core.RedisHash (preferred), or consider extending one of the following types with your repository: org.springframework.data.keyvalue.repository.KeyValueRepository
2023-06-28 09:52:12 [main] INFO - Spring Data Redis - Could not safely identify store assignment for repository candidate interface club.p6e.cloud.test.infrastructure.repository.PermissionUrlGroupRelationUrlRepository; If you want this repository to be a Redis repository, consider annotating your entities with one of these annotations: org.springframework.data.redis.core.RedisHash (preferred), or consider extending one of the following types with your repository: org.springframework.data.keyvalue.repository.KeyValueRepository
2023-06-28 09:52:12 [main] INFO - Spring Data Redis - Could not safely identify store assignment for repository candidate interface club.p6e.cloud.test.infrastructure.repository.PermissionUrlGroupRepository; If you want this repository to be a Redis repository, consider annotating your entities with one of these annotations: org.springframework.data.redis.core.RedisHash (preferred), or consider extending one of the following types with your repository: org.springframework.data.keyvalue.repository.KeyValueRepository
2023-06-28 09:52:12 [main] INFO - Spring Data Redis - Could not safely identify store assignment for repository candidate interface club.p6e.cloud.test.infrastructure.repository.PermissionUrlRepository; If you want this repository to be a Redis repository, consider annotating your entities with one of these annotations: org.springframework.data.redis.core.RedisHash (preferred), or consider extending one of the following types with your repository: org.springframework.data.keyvalue.repository.KeyValueRepository
2023-06-28 09:52:12 [main] INFO - Spring Data Redis - Could not safely identify store assignment for repository candidate interface club.p6e.cloud.test.infrastructure.repository.UserAuthRepository; If you want this repository to be a Redis repository, consider annotating your entities with one of these annotations: org.springframework.data.redis.core.RedisHash (preferred), or consider extending one of the following types with your repository: org.springframework.data.keyvalue.repository.KeyValueRepository
2023-06-28 09:52:12 [main] INFO - Spring Data Redis - Could not safely identify store assignment for repository candidate interface club.p6e.cloud.test.infrastructure.repository.UserRepository; If you want this repository to be a Redis repository, consider annotating your entities with one of these annotations: org.springframework.data.redis.core.RedisHash (preferred), or consider extending one of the following types with your repository: org.springframework.data.keyvalue.repository.KeyValueRepository
2023-06-28 09:52:12 [main] INFO - Finished Spring Data repository scanning in 7 ms. Found 0 Redis repository interfaces.
2023-06-28 09:52:12 [main] INFO - Tomcat initialized with port(s): 9999 (http)
2023-06-28 09:52:12 [main] INFO - Initializing ProtocolHandler ["http-nio-9999"]
2023-06-28 09:52:12 [main] INFO - Starting service [Tomcat]
2023-06-28 09:52:12 [main] INFO - Starting Servlet engine: [Apache Tomcat/10.1.1]
2023-06-28 09:52:12 [main] INFO - Initializing Spring embedded WebApplicationContext
2023-06-28 09:52:12 [main] INFO - Root WebApplicationContext: initialization completed in 817 ms
2023-06-28 09:52:12 [main] INFO - Filter [ CrossDomainWebFilter ] init complete ... 
2023-06-28 09:52:12 [main] INFO - HikariPool-1 - Starting...
2023-06-28 09:52:12 [main] INFO - HikariPool-1 - Added connection org.postgresql.jdbc.PgConnection@7708b66a
2023-06-28 09:52:12 [main] INFO - HikariPool-1 - Start completed.
2023-06-28 09:52:12 [main] INFO - HHH000204: Processing PersistenceUnitInfo [name: default]
2023-06-28 09:52:12 [main] INFO - HHH000412: Hibernate ORM core version 6.1.5.Final
2023-06-28 09:52:13 [main] INFO - HHH000400: Using dialect: org.hibernate.dialect.PostgreSQLDialect
2023-06-28 09:52:13 [main] INFO - HHH000490: Using JtaPlatform implementation: [org.hibernate.engine.transaction.jta.platform.internal.NoJtaPlatform]
2023-06-28 09:52:13 [main] INFO - Initialized JPA EntityManagerFactory for persistence unit 'default'
2023-06-28 09:52:14 [main] INFO - Starting ProtocolHandler ["http-nio-9999"]
2023-06-28 09:52:14 [main] INFO - Tomcat started on port(s): 9999 (http) with context path ''
2023-06-28 09:52:14 [main] INFO - Started P6eCloudIndexApplication in 3.008 seconds (process running for 3.371)
2023-06-28 09:52:14 [main] INFO - smart construction application initialization complete ...
2023-06-28 09:52:17 [http-nio-9999-exec-1] INFO - Initializing Spring DispatcherServlet 'dispatcherServlet'
2023-06-28 09:52:17 [http-nio-9999-exec-1] INFO - Initializing Servlet 'dispatcherServlet'
2023-06-28 09:52:17 [http-nio-9999-exec-1] INFO - Completed initialization in 0 ms
2023-06-28 11:49:11 [background-preinit] INFO - HV000001: Hibernate Validator 8.0.0.Final
2023-06-28 11:49:12 [main] INFO - Starting P6eCloudIndexApplication using Java 17.0.7 with PID 16056 (D:\CodeContents\github\p6e-coat\p6e-coat\p6e-coat-console\target\classes started by a1294 in D:\CodeContents\github\p6e-coat\p6e-coat)
2023-06-28 11:49:12 [main] INFO - No active profile set, falling back to 1 default profile: "default"
2023-06-28 11:49:12 [main] INFO - Multiple Spring Data modules found, entering strict repository configuration mode
2023-06-28 11:49:12 [main] INFO - Bootstrapping Spring Data JPA repositories in DEFAULT mode.
2023-06-28 11:49:12 [main] INFO - Finished Spring Data repository scanning in 89 ms. Found 10 JPA repository interfaces.
2023-06-28 11:49:12 [main] INFO - Multiple Spring Data modules found, entering strict repository configuration mode
2023-06-28 11:49:12 [main] INFO - Bootstrapping Spring Data Redis repositories in DEFAULT mode.
2023-06-28 11:49:12 [main] INFO - Spring Data Redis - Could not safely identify store assignment for repository candidate interface club.p6e.cloud.test.infrastructure.repository.ConfigRepository; If you want this repository to be a Redis repository, consider annotating your entities with one of these annotations: org.springframework.data.redis.core.RedisHash (preferred), or consider extending one of the following types with your repository: org.springframework.data.keyvalue.repository.KeyValueRepository
2023-06-28 11:49:12 [main] INFO - Spring Data Redis - Could not safely identify store assignment for repository candidate interface club.p6e.cloud.test.infrastructure.repository.DictionaryRepository; If you want this repository to be a Redis repository, consider annotating your entities with one of these annotations: org.springframework.data.redis.core.RedisHash (preferred), or consider extending one of the following types with your repository: org.springframework.data.keyvalue.repository.KeyValueRepository
2023-06-28 11:49:12 [main] INFO - Spring Data Redis - Could not safely identify store assignment for repository candidate interface club.p6e.cloud.test.infrastructure.repository.FileUploadChunkRepository; If you want this repository to be a Redis repository, consider annotating your entities with one of these annotations: org.springframework.data.redis.core.RedisHash (preferred), or consider extending one of the following types with your repository: org.springframework.data.keyvalue.repository.KeyValueRepository
2023-06-28 11:49:12 [main] INFO - Spring Data Redis - Could not safely identify store assignment for repository candidate interface club.p6e.cloud.test.infrastructure.repository.FileUploadRepository; If you want this repository to be a Redis repository, consider annotating your entities with one of these annotations: org.springframework.data.redis.core.RedisHash (preferred), or consider extending one of the following types with your repository: org.springframework.data.keyvalue.repository.KeyValueRepository
2023-06-28 11:49:12 [main] INFO - Spring Data Redis - Could not safely identify store assignment for repository candidate interface club.p6e.cloud.test.infrastructure.repository.Oauth2ClientRepository; If you want this repository to be a Redis repository, consider annotating your entities with one of these annotations: org.springframework.data.redis.core.RedisHash (preferred), or consider extending one of the following types with your repository: org.springframework.data.keyvalue.repository.KeyValueRepository
2023-06-28 11:49:12 [main] INFO - Spring Data Redis - Could not safely identify store assignment for repository candidate interface club.p6e.cloud.test.infrastructure.repository.PermissionUrlGroupRelationUrlRepository; If you want this repository to be a Redis repository, consider annotating your entities with one of these annotations: org.springframework.data.redis.core.RedisHash (preferred), or consider extending one of the following types with your repository: org.springframework.data.keyvalue.repository.KeyValueRepository
2023-06-28 11:49:12 [main] INFO - Spring Data Redis - Could not safely identify store assignment for repository candidate interface club.p6e.cloud.test.infrastructure.repository.PermissionUrlGroupRepository; If you want this repository to be a Redis repository, consider annotating your entities with one of these annotations: org.springframework.data.redis.core.RedisHash (preferred), or consider extending one of the following types with your repository: org.springframework.data.keyvalue.repository.KeyValueRepository
2023-06-28 11:49:12 [main] INFO - Spring Data Redis - Could not safely identify store assignment for repository candidate interface club.p6e.cloud.test.infrastructure.repository.PermissionUrlRepository; If you want this repository to be a Redis repository, consider annotating your entities with one of these annotations: org.springframework.data.redis.core.RedisHash (preferred), or consider extending one of the following types with your repository: org.springframework.data.keyvalue.repository.KeyValueRepository
2023-06-28 11:49:12 [main] INFO - Spring Data Redis - Could not safely identify store assignment for repository candidate interface club.p6e.cloud.test.infrastructure.repository.UserAuthRepository; If you want this repository to be a Redis repository, consider annotating your entities with one of these annotations: org.springframework.data.redis.core.RedisHash (preferred), or consider extending one of the following types with your repository: org.springframework.data.keyvalue.repository.KeyValueRepository
2023-06-28 11:49:12 [main] INFO - Spring Data Redis - Could not safely identify store assignment for repository candidate interface club.p6e.cloud.test.infrastructure.repository.UserRepository; If you want this repository to be a Redis repository, consider annotating your entities with one of these annotations: org.springframework.data.redis.core.RedisHash (preferred), or consider extending one of the following types with your repository: org.springframework.data.keyvalue.repository.KeyValueRepository
2023-06-28 11:49:12 [main] INFO - Finished Spring Data repository scanning in 5 ms. Found 0 Redis repository interfaces.
2023-06-28 11:49:12 [main] INFO - Tomcat initialized with port(s): 9999 (http)
2023-06-28 11:49:12 [main] INFO - Initializing ProtocolHandler ["http-nio-9999"]
2023-06-28 11:49:12 [main] INFO - Starting service [Tomcat]
2023-06-28 11:49:12 [main] INFO - Starting Servlet engine: [Apache Tomcat/10.1.1]
2023-06-28 11:49:12 [main] INFO - Initializing Spring embedded WebApplicationContext
2023-06-28 11:49:12 [main] INFO - Root WebApplicationContext: initialization completed in 741 ms
2023-06-28 11:49:12 [main] INFO - Filter [ CrossDomainWebFilter ] init complete ... 
2023-06-28 11:49:12 [main] INFO - HikariPool-1 - Starting...
2023-06-28 11:49:13 [main] INFO - HikariPool-1 - Added connection org.postgresql.jdbc.PgConnection@718989fa
2023-06-28 11:49:13 [main] INFO - HikariPool-1 - Start completed.
2023-06-28 11:49:13 [main] INFO - HHH000204: Processing PersistenceUnitInfo [name: default]
2023-06-28 11:49:13 [main] INFO - HHH000412: Hibernate ORM core version 6.1.5.Final
2023-06-28 11:49:13 [main] INFO - HHH000400: Using dialect: org.hibernate.dialect.PostgreSQLDialect
2023-06-28 11:49:13 [main] INFO - HHH000490: Using JtaPlatform implementation: [org.hibernate.engine.transaction.jta.platform.internal.NoJtaPlatform]
2023-06-28 11:49:13 [main] INFO - Initialized JPA EntityManagerFactory for persistence unit 'default'
2023-06-28 11:49:14 [main] INFO - Starting ProtocolHandler ["http-nio-9999"]
2023-06-28 11:49:14 [main] INFO - Tomcat started on port(s): 9999 (http) with context path ''
2023-06-28 11:49:14 [main] INFO - Started P6eCloudIndexApplication in 2.841 seconds (process running for 3.158)
2023-06-28 11:49:14 [main] INFO - smart construction application initialization complete ...
2023-06-28 11:49:30 [http-nio-9999-exec-1] INFO - Initializing Spring DispatcherServlet 'dispatcherServlet'
2023-06-28 11:49:30 [http-nio-9999-exec-1] INFO - Initializing Servlet 'dispatcherServlet'
2023-06-28 11:49:30 [http-nio-9999-exec-1] INFO - Completed initialization in 0 ms
2023-06-28 12:58:53 [SpringApplicationShutdownHook] INFO - Filter [ CrossDomainWebFilter ] destroy complete ... 
2023-06-28 12:58:53 [SpringApplicationShutdownHook] INFO - Closing JPA EntityManagerFactory for persistence unit 'default'
2023-06-28 12:58:53 [SpringApplicationShutdownHook] INFO - HikariPool-1 - Shutdown initiated...
2023-06-28 12:58:53 [SpringApplicationShutdownHook] INFO - HikariPool-1 - Shutdown completed.
2023-06-28 12:59:05 [background-preinit] INFO - HV000001: Hibernate Validator 8.0.0.Final
2023-06-28 12:59:05 [main] INFO - Starting P6eCloudIndexApplication using Java 17.0.7 with PID 9080 (D:\CodeContents\github\p6e-coat\p6e-coat\p6e-coat-console\target\classes started by a1294 in D:\CodeContents\github\p6e-coat\p6e-coat)
2023-06-28 12:59:05 [main] INFO - No active profile set, falling back to 1 default profile: "default"
2023-06-28 12:59:05 [main] INFO - Multiple Spring Data modules found, entering strict repository configuration mode
2023-06-28 12:59:05 [main] INFO - Bootstrapping Spring Data JPA repositories in DEFAULT mode.
2023-06-28 12:59:05 [main] INFO - Finished Spring Data repository scanning in 92 ms. Found 10 JPA repository interfaces.
2023-06-28 12:59:05 [main] INFO - Multiple Spring Data modules found, entering strict repository configuration mode
2023-06-28 12:59:05 [main] INFO - Bootstrapping Spring Data Redis repositories in DEFAULT mode.
2023-06-28 12:59:05 [main] INFO - Spring Data Redis - Could not safely identify store assignment for repository candidate interface club.p6e.cloud.test.infrastructure.repository.ConfigRepository; If you want this repository to be a Redis repository, consider annotating your entities with one of these annotations: org.springframework.data.redis.core.RedisHash (preferred), or consider extending one of the following types with your repository: org.springframework.data.keyvalue.repository.KeyValueRepository
2023-06-28 12:59:05 [main] INFO - Spring Data Redis - Could not safely identify store assignment for repository candidate interface club.p6e.cloud.test.infrastructure.repository.DictionaryRepository; If you want this repository to be a Redis repository, consider annotating your entities with one of these annotations: org.springframework.data.redis.core.RedisHash (preferred), or consider extending one of the following types with your repository: org.springframework.data.keyvalue.repository.KeyValueRepository
2023-06-28 12:59:05 [main] INFO - Spring Data Redis - Could not safely identify store assignment for repository candidate interface club.p6e.cloud.test.infrastructure.repository.FileUploadChunkRepository; If you want this repository to be a Redis repository, consider annotating your entities with one of these annotations: org.springframework.data.redis.core.RedisHash (preferred), or consider extending one of the following types with your repository: org.springframework.data.keyvalue.repository.KeyValueRepository
2023-06-28 12:59:05 [main] INFO - Spring Data Redis - Could not safely identify store assignment for repository candidate interface club.p6e.cloud.test.infrastructure.repository.FileUploadRepository; If you want this repository to be a Redis repository, consider annotating your entities with one of these annotations: org.springframework.data.redis.core.RedisHash (preferred), or consider extending one of the following types with your repository: org.springframework.data.keyvalue.repository.KeyValueRepository
2023-06-28 12:59:05 [main] INFO - Spring Data Redis - Could not safely identify store assignment for repository candidate interface club.p6e.cloud.test.infrastructure.repository.Oauth2ClientRepository; If you want this repository to be a Redis repository, consider annotating your entities with one of these annotations: org.springframework.data.redis.core.RedisHash (preferred), or consider extending one of the following types with your repository: org.springframework.data.keyvalue.repository.KeyValueRepository
2023-06-28 12:59:05 [main] INFO - Spring Data Redis - Could not safely identify store assignment for repository candidate interface club.p6e.cloud.test.infrastructure.repository.PermissionUrlGroupRelationUrlRepository; If you want this repository to be a Redis repository, consider annotating your entities with one of these annotations: org.springframework.data.redis.core.RedisHash (preferred), or consider extending one of the following types with your repository: org.springframework.data.keyvalue.repository.KeyValueRepository
2023-06-28 12:59:05 [main] INFO - Spring Data Redis - Could not safely identify store assignment for repository candidate interface club.p6e.cloud.test.infrastructure.repository.PermissionUrlGroupRepository; If you want this repository to be a Redis repository, consider annotating your entities with one of these annotations: org.springframework.data.redis.core.RedisHash (preferred), or consider extending one of the following types with your repository: org.springframework.data.keyvalue.repository.KeyValueRepository
2023-06-28 12:59:05 [main] INFO - Spring Data Redis - Could not safely identify store assignment for repository candidate interface club.p6e.cloud.test.infrastructure.repository.PermissionUrlRepository; If you want this repository to be a Redis repository, consider annotating your entities with one of these annotations: org.springframework.data.redis.core.RedisHash (preferred), or consider extending one of the following types with your repository: org.springframework.data.keyvalue.repository.KeyValueRepository
2023-06-28 12:59:05 [main] INFO - Spring Data Redis - Could not safely identify store assignment for repository candidate interface club.p6e.cloud.test.infrastructure.repository.UserAuthRepository; If you want this repository to be a Redis repository, consider annotating your entities with one of these annotations: org.springframework.data.redis.core.RedisHash (preferred), or consider extending one of the following types with your repository: org.springframework.data.keyvalue.repository.KeyValueRepository
2023-06-28 12:59:05 [main] INFO - Spring Data Redis - Could not safely identify store assignment for repository candidate interface club.p6e.cloud.test.infrastructure.repository.UserRepository; If you want this repository to be a Redis repository, consider annotating your entities with one of these annotations: org.springframework.data.redis.core.RedisHash (preferred), or consider extending one of the following types with your repository: org.springframework.data.keyvalue.repository.KeyValueRepository
2023-06-28 12:59:05 [main] INFO - Finished Spring Data repository scanning in 5 ms. Found 0 Redis repository interfaces.
2023-06-28 12:59:06 [main] INFO - Tomcat initialized with port(s): 9999 (http)
2023-06-28 12:59:06 [main] INFO - Initializing ProtocolHandler ["http-nio-9999"]
2023-06-28 12:59:06 [main] INFO - Starting service [Tomcat]
2023-06-28 12:59:06 [main] INFO - Starting Servlet engine: [Apache Tomcat/10.1.1]
2023-06-28 12:59:06 [main] INFO - Initializing Spring embedded WebApplicationContext
2023-06-28 12:59:06 [main] INFO - Root WebApplicationContext: initialization completed in 739 ms
2023-06-28 12:59:06 [main] INFO - Filter [ CrossDomainWebFilter ] init complete ... 
2023-06-28 12:59:06 [main] INFO - HikariPool-1 - Starting...
2023-06-28 12:59:06 [main] INFO - HikariPool-1 - Added connection org.postgresql.jdbc.PgConnection@5bf4764d
2023-06-28 12:59:06 [main] INFO - HikariPool-1 - Start completed.
2023-06-28 12:59:06 [main] INFO - HHH000204: Processing PersistenceUnitInfo [name: default]
2023-06-28 12:59:06 [main] INFO - HHH000412: Hibernate ORM core version 6.1.5.Final
2023-06-28 12:59:06 [main] INFO - HHH000400: Using dialect: org.hibernate.dialect.PostgreSQLDialect
2023-06-28 12:59:07 [main] INFO - HHH000490: Using JtaPlatform implementation: [org.hibernate.engine.transaction.jta.platform.internal.NoJtaPlatform]
2023-06-28 12:59:07 [main] INFO - Initialized JPA EntityManagerFactory for persistence unit 'default'
2023-06-28 12:59:07 [main] INFO - Starting ProtocolHandler ["http-nio-9999"]
2023-06-28 12:59:07 [main] INFO - Tomcat started on port(s): 9999 (http) with context path ''
2023-06-28 12:59:07 [main] INFO - Started P6eCloudIndexApplication in 2.873 seconds (process running for 3.165)
2023-06-28 12:59:07 [main] INFO - smart construction application initialization complete ...
2023-06-28 12:59:10 [http-nio-9999-exec-1] INFO - Initializing Spring DispatcherServlet 'dispatcherServlet'
2023-06-28 12:59:10 [http-nio-9999-exec-1] INFO - Initializing Servlet 'dispatcherServlet'
2023-06-28 12:59:10 [http-nio-9999-exec-1] INFO - Completed initialization in 1 ms
2023-06-28 13:05:58 [SpringApplicationShutdownHook] INFO - Filter [ CrossDomainWebFilter ] destroy complete ... 
2023-06-28 13:05:58 [SpringApplicationShutdownHook] INFO - Closing JPA EntityManagerFactory for persistence unit 'default'
2023-06-28 13:05:58 [SpringApplicationShutdownHook] INFO - HikariPool-1 - Shutdown initiated...
2023-06-28 13:05:58 [SpringApplicationShutdownHook] INFO - HikariPool-1 - Shutdown completed.
2023-06-28 13:06:01 [background-preinit] INFO - HV000001: Hibernate Validator 8.0.0.Final
2023-06-28 13:06:01 [main] INFO - Starting P6eCloudIndexApplication using Java 17.0.7 with PID 6212 (D:\CodeContents\github\p6e-coat\p6e-coat\p6e-coat-console\target\classes started by a1294 in D:\CodeContents\github\p6e-coat\p6e-coat)
2023-06-28 13:06:01 [main] INFO - No active profile set, falling back to 1 default profile: "default"
2023-06-28 13:06:02 [main] INFO - Multiple Spring Data modules found, entering strict repository configuration mode
2023-06-28 13:06:02 [main] INFO - Bootstrapping Spring Data JPA repositories in DEFAULT mode.
2023-06-28 13:06:02 [main] INFO - Finished Spring Data repository scanning in 118 ms. Found 10 JPA repository interfaces.
2023-06-28 13:06:02 [main] INFO - Multiple Spring Data modules found, entering strict repository configuration mode
2023-06-28 13:06:02 [main] INFO - Bootstrapping Spring Data Redis repositories in DEFAULT mode.
2023-06-28 13:06:02 [main] INFO - Spring Data Redis - Could not safely identify store assignment for repository candidate interface club.p6e.cloud.test.infrastructure.repository.ConfigRepository; If you want this repository to be a Redis repository, consider annotating your entities with one of these annotations: org.springframework.data.redis.core.RedisHash (preferred), or consider extending one of the following types with your repository: org.springframework.data.keyvalue.repository.KeyValueRepository
2023-06-28 13:06:02 [main] INFO - Spring Data Redis - Could not safely identify store assignment for repository candidate interface club.p6e.cloud.test.infrastructure.repository.DictionaryRepository; If you want this repository to be a Redis repository, consider annotating your entities with one of these annotations: org.springframework.data.redis.core.RedisHash (preferred), or consider extending one of the following types with your repository: org.springframework.data.keyvalue.repository.KeyValueRepository
2023-06-28 13:06:02 [main] INFO - Spring Data Redis - Could not safely identify store assignment for repository candidate interface club.p6e.cloud.test.infrastructure.repository.FileUploadChunkRepository; If you want this repository to be a Redis repository, consider annotating your entities with one of these annotations: org.springframework.data.redis.core.RedisHash (preferred), or consider extending one of the following types with your repository: org.springframework.data.keyvalue.repository.KeyValueRepository
2023-06-28 13:06:02 [main] INFO - Spring Data Redis - Could not safely identify store assignment for repository candidate interface club.p6e.cloud.test.infrastructure.repository.FileUploadRepository; If you want this repository to be a Redis repository, consider annotating your entities with one of these annotations: org.springframework.data.redis.core.RedisHash (preferred), or consider extending one of the following types with your repository: org.springframework.data.keyvalue.repository.KeyValueRepository
2023-06-28 13:06:02 [main] INFO - Spring Data Redis - Could not safely identify store assignment for repository candidate interface club.p6e.cloud.test.infrastructure.repository.Oauth2ClientRepository; If you want this repository to be a Redis repository, consider annotating your entities with one of these annotations: org.springframework.data.redis.core.RedisHash (preferred), or consider extending one of the following types with your repository: org.springframework.data.keyvalue.repository.KeyValueRepository
2023-06-28 13:06:02 [main] INFO - Spring Data Redis - Could not safely identify store assignment for repository candidate interface club.p6e.cloud.test.infrastructure.repository.PermissionUrlGroupRelationUrlRepository; If you want this repository to be a Redis repository, consider annotating your entities with one of these annotations: org.springframework.data.redis.core.RedisHash (preferred), or consider extending one of the following types with your repository: org.springframework.data.keyvalue.repository.KeyValueRepository
2023-06-28 13:06:02 [main] INFO - Spring Data Redis - Could not safely identify store assignment for repository candidate interface club.p6e.cloud.test.infrastructure.repository.PermissionUrlGroupRepository; If you want this repository to be a Redis repository, consider annotating your entities with one of these annotations: org.springframework.data.redis.core.RedisHash (preferred), or consider extending one of the following types with your repository: org.springframework.data.keyvalue.repository.KeyValueRepository
2023-06-28 13:06:02 [main] INFO - Spring Data Redis - Could not safely identify store assignment for repository candidate interface club.p6e.cloud.test.infrastructure.repository.PermissionUrlRepository; If you want this repository to be a Redis repository, consider annotating your entities with one of these annotations: org.springframework.data.redis.core.RedisHash (preferred), or consider extending one of the following types with your repository: org.springframework.data.keyvalue.repository.KeyValueRepository
2023-06-28 13:06:02 [main] INFO - Spring Data Redis - Could not safely identify store assignment for repository candidate interface club.p6e.cloud.test.infrastructure.repository.UserAuthRepository; If you want this repository to be a Redis repository, consider annotating your entities with one of these annotations: org.springframework.data.redis.core.RedisHash (preferred), or consider extending one of the following types with your repository: org.springframework.data.keyvalue.repository.KeyValueRepository
2023-06-28 13:06:02 [main] INFO - Spring Data Redis - Could not safely identify store assignment for repository candidate interface club.p6e.cloud.test.infrastructure.repository.UserRepository; If you want this repository to be a Redis repository, consider annotating your entities with one of these annotations: org.springframework.data.redis.core.RedisHash (preferred), or consider extending one of the following types with your repository: org.springframework.data.keyvalue.repository.KeyValueRepository
2023-06-28 13:06:02 [main] INFO - Finished Spring Data repository scanning in 5 ms. Found 0 Redis repository interfaces.
2023-06-28 13:06:02 [main] INFO - Tomcat initialized with port(s): 9999 (http)
2023-06-28 13:06:02 [main] INFO - Initializing ProtocolHandler ["http-nio-9999"]
2023-06-28 13:06:02 [main] INFO - Starting service [Tomcat]
2023-06-28 13:06:02 [main] INFO - Starting Servlet engine: [Apache Tomcat/10.1.1]
2023-06-28 13:06:02 [main] INFO - Initializing Spring embedded WebApplicationContext
2023-06-28 13:06:02 [main] INFO - Root WebApplicationContext: initialization completed in 892 ms
2023-06-28 13:06:02 [main] INFO - Filter [ CrossDomainWebFilter ] init complete ... 
2023-06-28 13:06:02 [main] INFO - HikariPool-1 - Starting...
2023-06-28 13:06:02 [main] INFO - HikariPool-1 - Added connection org.postgresql.jdbc.PgConnection@7708b66a
2023-06-28 13:06:02 [main] INFO - HikariPool-1 - Start completed.
2023-06-28 13:06:02 [main] INFO - HHH000204: Processing PersistenceUnitInfo [name: default]
2023-06-28 13:06:02 [main] INFO - HHH000412: Hibernate ORM core version 6.1.5.Final
2023-06-28 13:06:03 [main] INFO - HHH000400: Using dialect: org.hibernate.dialect.PostgreSQLDialect
2023-06-28 13:06:03 [main] INFO - HHH000490: Using JtaPlatform implementation: [org.hibernate.engine.transaction.jta.platform.internal.NoJtaPlatform]
2023-06-28 13:06:03 [main] INFO - Initialized JPA EntityManagerFactory for persistence unit 'default'
2023-06-28 13:06:04 [main] INFO - Starting ProtocolHandler ["http-nio-9999"]
2023-06-28 13:06:04 [main] INFO - Tomcat started on port(s): 9999 (http) with context path ''
2023-06-28 13:06:04 [main] INFO - Started P6eCloudIndexApplication in 3.002 seconds (process running for 3.3)
2023-06-28 13:06:04 [main] INFO - smart construction application initialization complete ...
2023-06-28 13:06:08 [http-nio-9999-exec-1] INFO - Initializing Spring DispatcherServlet 'dispatcherServlet'
2023-06-28 13:06:08 [http-nio-9999-exec-1] INFO - Initializing Servlet 'dispatcherServlet'
2023-06-28 13:06:08 [http-nio-9999-exec-1] INFO - Completed initialization in 0 ms
2023-06-28 18:05:11 [SpringApplicationShutdownHook] INFO - Filter [ CrossDomainWebFilter ] destroy complete ... 
2023-06-28 18:05:11 [SpringApplicationShutdownHook] INFO - Closing JPA EntityManagerFactory for persistence unit 'default'
2023-06-28 18:05:11 [SpringApplicationShutdownHook] INFO - HikariPool-1 - Shutdown initiated...
2023-06-28 18:05:11 [SpringApplicationShutdownHook] INFO - HikariPool-1 - Shutdown completed.
2023-06-28 18:05:15 [background-preinit] INFO - HV000001: Hibernate Validator 8.0.0.Final
2023-06-28 18:05:15 [main] INFO - Starting P6eCloudIndexApplication using Java 17.0.7 with PID 208 (D:\CodeContents\github\p6e-coat\p6e-coat\p6e-coat-console\target\classes started by a1294 in D:\CodeContents\github\p6e-coat\p6e-coat)
2023-06-28 18:05:15 [main] INFO - No active profile set, falling back to 1 default profile: "default"
2023-06-28 18:05:15 [main] INFO - Multiple Spring Data modules found, entering strict repository configuration mode
2023-06-28 18:05:15 [main] INFO - Bootstrapping Spring Data JPA repositories in DEFAULT mode.
2023-06-28 18:05:15 [main] INFO - Finished Spring Data repository scanning in 89 ms. Found 10 JPA repository interfaces.
2023-06-28 18:05:15 [main] INFO - Multiple Spring Data modules found, entering strict repository configuration mode
2023-06-28 18:05:15 [main] INFO - Bootstrapping Spring Data Redis repositories in DEFAULT mode.
2023-06-28 18:05:15 [main] INFO - Spring Data Redis - Could not safely identify store assignment for repository candidate interface club.p6e.cloud.test.infrastructure.repository.ConfigRepository; If you want this repository to be a Redis repository, consider annotating your entities with one of these annotations: org.springframework.data.redis.core.RedisHash (preferred), or consider extending one of the following types with your repository: org.springframework.data.keyvalue.repository.KeyValueRepository
2023-06-28 18:05:15 [main] INFO - Spring Data Redis - Could not safely identify store assignment for repository candidate interface club.p6e.cloud.test.infrastructure.repository.DictionaryRepository; If you want this repository to be a Redis repository, consider annotating your entities with one of these annotations: org.springframework.data.redis.core.RedisHash (preferred), or consider extending one of the following types with your repository: org.springframework.data.keyvalue.repository.KeyValueRepository
2023-06-28 18:05:15 [main] INFO - Spring Data Redis - Could not safely identify store assignment for repository candidate interface club.p6e.cloud.test.infrastructure.repository.FileUploadChunkRepository; If you want this repository to be a Redis repository, consider annotating your entities with one of these annotations: org.springframework.data.redis.core.RedisHash (preferred), or consider extending one of the following types with your repository: org.springframework.data.keyvalue.repository.KeyValueRepository
2023-06-28 18:05:15 [main] INFO - Spring Data Redis - Could not safely identify store assignment for repository candidate interface club.p6e.cloud.test.infrastructure.repository.FileUploadRepository; If you want this repository to be a Redis repository, consider annotating your entities with one of these annotations: org.springframework.data.redis.core.RedisHash (preferred), or consider extending one of the following types with your repository: org.springframework.data.keyvalue.repository.KeyValueRepository
2023-06-28 18:05:15 [main] INFO - Spring Data Redis - Could not safely identify store assignment for repository candidate interface club.p6e.cloud.test.infrastructure.repository.Oauth2ClientRepository; If you want this repository to be a Redis repository, consider annotating your entities with one of these annotations: org.springframework.data.redis.core.RedisHash (preferred), or consider extending one of the following types with your repository: org.springframework.data.keyvalue.repository.KeyValueRepository
2023-06-28 18:05:15 [main] INFO - Spring Data Redis - Could not safely identify store assignment for repository candidate interface club.p6e.cloud.test.infrastructure.repository.PermissionUrlGroupRelationUrlRepository; If you want this repository to be a Redis repository, consider annotating your entities with one of these annotations: org.springframework.data.redis.core.RedisHash (preferred), or consider extending one of the following types with your repository: org.springframework.data.keyvalue.repository.KeyValueRepository
2023-06-28 18:05:15 [main] INFO - Spring Data Redis - Could not safely identify store assignment for repository candidate interface club.p6e.cloud.test.infrastructure.repository.PermissionUrlGroupRepository; If you want this repository to be a Redis repository, consider annotating your entities with one of these annotations: org.springframework.data.redis.core.RedisHash (preferred), or consider extending one of the following types with your repository: org.springframework.data.keyvalue.repository.KeyValueRepository
2023-06-28 18:05:15 [main] INFO - Spring Data Redis - Could not safely identify store assignment for repository candidate interface club.p6e.cloud.test.infrastructure.repository.PermissionUrlRepository; If you want this repository to be a Redis repository, consider annotating your entities with one of these annotations: org.springframework.data.redis.core.RedisHash (preferred), or consider extending one of the following types with your repository: org.springframework.data.keyvalue.repository.KeyValueRepository
2023-06-28 18:05:15 [main] INFO - Spring Data Redis - Could not safely identify store assignment for repository candidate interface club.p6e.cloud.test.infrastructure.repository.UserAuthRepository; If you want this repository to be a Redis repository, consider annotating your entities with one of these annotations: org.springframework.data.redis.core.RedisHash (preferred), or consider extending one of the following types with your repository: org.springframework.data.keyvalue.repository.KeyValueRepository
2023-06-28 18:05:15 [main] INFO - Spring Data Redis - Could not safely identify store assignment for repository candidate interface club.p6e.cloud.test.infrastructure.repository.UserRepository; If you want this repository to be a Redis repository, consider annotating your entities with one of these annotations: org.springframework.data.redis.core.RedisHash (preferred), or consider extending one of the following types with your repository: org.springframework.data.keyvalue.repository.KeyValueRepository
2023-06-28 18:05:15 [main] INFO - Finished Spring Data repository scanning in 5 ms. Found 0 Redis repository interfaces.
2023-06-28 18:05:15 [main] INFO - Tomcat initialized with port(s): 9999 (http)
2023-06-28 18:05:15 [main] INFO - Initializing ProtocolHandler ["http-nio-9999"]
2023-06-28 18:05:15 [main] INFO - Starting service [Tomcat]
2023-06-28 18:05:15 [main] INFO - Starting Servlet engine: [Apache Tomcat/10.1.1]
2023-06-28 18:05:15 [main] INFO - Initializing Spring embedded WebApplicationContext
2023-06-28 18:05:15 [main] INFO - Root WebApplicationContext: initialization completed in 742 ms
2023-06-28 18:05:15 [main] INFO - Filter [ CrossDomainWebFilter ] init complete ... 
2023-06-28 18:05:16 [main] INFO - HikariPool-1 - Starting...
2023-06-28 18:05:16 [main] INFO - HikariPool-1 - Added connection org.postgresql.jdbc.PgConnection@5b0902b4
2023-06-28 18:05:16 [main] INFO - HikariPool-1 - Start completed.
2023-06-28 18:05:16 [main] INFO - HHH000204: Processing PersistenceUnitInfo [name: default]
2023-06-28 18:05:16 [main] INFO - HHH000412: Hibernate ORM core version 6.1.5.Final
2023-06-28 18:05:16 [main] INFO - HHH000400: Using dialect: org.hibernate.dialect.PostgreSQLDialect
2023-06-28 18:05:17 [main] INFO - HHH000490: Using JtaPlatform implementation: [org.hibernate.engine.transaction.jta.platform.internal.NoJtaPlatform]
2023-06-28 18:05:17 [main] INFO - Initialized JPA EntityManagerFactory for persistence unit 'default'
2023-06-28 18:05:17 [main] INFO - Starting ProtocolHandler ["http-nio-9999"]
2023-06-28 18:05:17 [main] INFO - Tomcat started on port(s): 9999 (http) with context path ''
2023-06-28 18:05:17 [main] INFO - Started P6eCloudIndexApplication in 2.877 seconds (process running for 3.176)
2023-06-28 18:05:17 [main] INFO - smart construction application initialization complete ...
2023-06-28 18:05:20 [http-nio-9999-exec-4] INFO - Initializing Spring DispatcherServlet 'dispatcherServlet'
2023-06-28 18:05:20 [http-nio-9999-exec-4] INFO - Initializing Servlet 'dispatcherServlet'
2023-06-28 18:05:20 [http-nio-9999-exec-4] INFO - Completed initialization in 0 ms
2023-06-28 18:06:53 [SpringApplicationShutdownHook] INFO - Filter [ CrossDomainWebFilter ] destroy complete ... 
2023-06-28 18:06:53 [SpringApplicationShutdownHook] INFO - Closing JPA EntityManagerFactory for persistence unit 'default'
2023-06-28 18:06:53 [SpringApplicationShutdownHook] INFO - HikariPool-1 - Shutdown initiated...
2023-06-28 18:06:53 [SpringApplicationShutdownHook] INFO - HikariPool-1 - Shutdown completed.
2023-06-28 18:06:57 [background-preinit] INFO - HV000001: Hibernate Validator 8.0.0.Final
2023-06-28 18:06:57 [main] INFO - Starting P6eCloudIndexApplication using Java 17.0.7 with PID 12188 (D:\CodeContents\github\p6e-coat\p6e-coat\p6e-coat-console\target\classes started by a1294 in D:\CodeContents\github\p6e-coat\p6e-coat)
2023-06-28 18:06:57 [main] INFO - No active profile set, falling back to 1 default profile: "default"
2023-06-28 18:06:57 [main] INFO - Multiple Spring Data modules found, entering strict repository configuration mode
2023-06-28 18:06:57 [main] INFO - Bootstrapping Spring Data JPA repositories in DEFAULT mode.
2023-06-28 18:06:58 [main] INFO - Finished Spring Data repository scanning in 93 ms. Found 10 JPA repository interfaces.
2023-06-28 18:06:58 [main] INFO - Multiple Spring Data modules found, entering strict repository configuration mode
2023-06-28 18:06:58 [main] INFO - Bootstrapping Spring Data Redis repositories in DEFAULT mode.
2023-06-28 18:06:58 [main] INFO - Spring Data Redis - Could not safely identify store assignment for repository candidate interface club.p6e.cloud.test.infrastructure.repository.ConfigRepository; If you want this repository to be a Redis repository, consider annotating your entities with one of these annotations: org.springframework.data.redis.core.RedisHash (preferred), or consider extending one of the following types with your repository: org.springframework.data.keyvalue.repository.KeyValueRepository
2023-06-28 18:06:58 [main] INFO - Spring Data Redis - Could not safely identify store assignment for repository candidate interface club.p6e.cloud.test.infrastructure.repository.DictionaryRepository; If you want this repository to be a Redis repository, consider annotating your entities with one of these annotations: org.springframework.data.redis.core.RedisHash (preferred), or consider extending one of the following types with your repository: org.springframework.data.keyvalue.repository.KeyValueRepository
2023-06-28 18:06:58 [main] INFO - Spring Data Redis - Could not safely identify store assignment for repository candidate interface club.p6e.cloud.test.infrastructure.repository.FileUploadChunkRepository; If you want this repository to be a Redis repository, consider annotating your entities with one of these annotations: org.springframework.data.redis.core.RedisHash (preferred), or consider extending one of the following types with your repository: org.springframework.data.keyvalue.repository.KeyValueRepository
2023-06-28 18:06:58 [main] INFO - Spring Data Redis - Could not safely identify store assignment for repository candidate interface club.p6e.cloud.test.infrastructure.repository.FileUploadRepository; If you want this repository to be a Redis repository, consider annotating your entities with one of these annotations: org.springframework.data.redis.core.RedisHash (preferred), or consider extending one of the following types with your repository: org.springframework.data.keyvalue.repository.KeyValueRepository
2023-06-28 18:06:58 [main] INFO - Spring Data Redis - Could not safely identify store assignment for repository candidate interface club.p6e.cloud.test.infrastructure.repository.Oauth2ClientRepository; If you want this repository to be a Redis repository, consider annotating your entities with one of these annotations: org.springframework.data.redis.core.RedisHash (preferred), or consider extending one of the following types with your repository: org.springframework.data.keyvalue.repository.KeyValueRepository
2023-06-28 18:06:58 [main] INFO - Spring Data Redis - Could not safely identify store assignment for repository candidate interface club.p6e.cloud.test.infrastructure.repository.PermissionUrlGroupRelationUrlRepository; If you want this repository to be a Redis repository, consider annotating your entities with one of these annotations: org.springframework.data.redis.core.RedisHash (preferred), or consider extending one of the following types with your repository: org.springframework.data.keyvalue.repository.KeyValueRepository
2023-06-28 18:06:58 [main] INFO - Spring Data Redis - Could not safely identify store assignment for repository candidate interface club.p6e.cloud.test.infrastructure.repository.PermissionUrlGroupRepository; If you want this repository to be a Redis repository, consider annotating your entities with one of these annotations: org.springframework.data.redis.core.RedisHash (preferred), or consider extending one of the following types with your repository: org.springframework.data.keyvalue.repository.KeyValueRepository
2023-06-28 18:06:58 [main] INFO - Spring Data Redis - Could not safely identify store assignment for repository candidate interface club.p6e.cloud.test.infrastructure.repository.PermissionUrlRepository; If you want this repository to be a Redis repository, consider annotating your entities with one of these annotations: org.springframework.data.redis.core.RedisHash (preferred), or consider extending one of the following types with your repository: org.springframework.data.keyvalue.repository.KeyValueRepository
2023-06-28 18:06:58 [main] INFO - Spring Data Redis - Could not safely identify store assignment for repository candidate interface club.p6e.cloud.test.infrastructure.repository.UserAuthRepository; If you want this repository to be a Redis repository, consider annotating your entities with one of these annotations: org.springframework.data.redis.core.RedisHash (preferred), or consider extending one of the following types with your repository: org.springframework.data.keyvalue.repository.KeyValueRepository
2023-06-28 18:06:58 [main] INFO - Spring Data Redis - Could not safely identify store assignment for repository candidate interface club.p6e.cloud.test.infrastructure.repository.UserRepository; If you want this repository to be a Redis repository, consider annotating your entities with one of these annotations: org.springframework.data.redis.core.RedisHash (preferred), or consider extending one of the following types with your repository: org.springframework.data.keyvalue.repository.KeyValueRepository
2023-06-28 18:06:58 [main] INFO - Finished Spring Data repository scanning in 4 ms. Found 0 Redis repository interfaces.
2023-06-28 18:06:58 [main] INFO - Tomcat initialized with port(s): 9999 (http)
2023-06-28 18:06:58 [main] INFO - Initializing ProtocolHandler ["http-nio-9999"]
2023-06-28 18:06:58 [main] INFO - Starting service [Tomcat]
2023-06-28 18:06:58 [main] INFO - Starting Servlet engine: [Apache Tomcat/10.1.1]
2023-06-28 18:06:58 [main] INFO - Initializing Spring embedded WebApplicationContext
2023-06-28 18:06:58 [main] INFO - Root WebApplicationContext: initialization completed in 723 ms
2023-06-28 18:06:58 [main] INFO - Filter [ CrossDomainWebFilter ] init complete ... 
2023-06-28 18:06:58 [main] INFO - HikariPool-1 - Starting...
2023-06-28 18:06:58 [main] INFO - HikariPool-1 - Added connection org.postgresql.jdbc.PgConnection@23ee2ccf
2023-06-28 18:06:58 [main] INFO - HikariPool-1 - Start completed.
2023-06-28 18:06:58 [main] INFO - HHH000204: Processing PersistenceUnitInfo [name: default]
2023-06-28 18:06:58 [main] INFO - HHH000412: Hibernate ORM core version 6.1.5.Final
2023-06-28 18:06:58 [main] INFO - HHH000400: Using dialect: org.hibernate.dialect.PostgreSQLDialect
2023-06-28 18:06:59 [main] INFO - HHH000490: Using JtaPlatform implementation: [org.hibernate.engine.transaction.jta.platform.internal.NoJtaPlatform]
2023-06-28 18:06:59 [main] INFO - Initialized JPA EntityManagerFactory for persistence unit 'default'
2023-06-28 18:07:00 [main] INFO - Starting ProtocolHandler ["http-nio-9999"]
2023-06-28 18:07:00 [main] INFO - Tomcat started on port(s): 9999 (http) with context path ''
2023-06-28 18:07:00 [main] INFO - Started P6eCloudIndexApplication in 2.755 seconds (process running for 3.05)
2023-06-28 18:07:00 [main] INFO - smart construction application initialization complete ...
2023-06-28 18:07:04 [http-nio-9999-exec-2] INFO - Initializing Spring DispatcherServlet 'dispatcherServlet'
2023-06-28 18:07:04 [http-nio-9999-exec-2] INFO - Initializing Servlet 'dispatcherServlet'
2023-06-28 18:07:04 [http-nio-9999-exec-2] INFO - Completed initialization in 1 ms
2023-06-28 18:09:40 [SpringApplicationShutdownHook] INFO - Filter [ CrossDomainWebFilter ] destroy complete ... 
2023-06-28 18:09:40 [SpringApplicationShutdownHook] INFO - Closing JPA EntityManagerFactory for persistence unit 'default'
2023-06-28 18:09:40 [SpringApplicationShutdownHook] INFO - HikariPool-1 - Shutdown initiated...
2023-06-28 18:09:40 [SpringApplicationShutdownHook] INFO - HikariPool-1 - Shutdown completed.
2023-06-28 18:09:45 [background-preinit] INFO - HV000001: Hibernate Validator 8.0.0.Final
2023-06-28 18:09:45 [main] INFO - Starting P6eCloudIndexApplication using Java 17.0.7 with PID 16604 (D:\CodeContents\github\p6e-coat\p6e-coat\p6e-coat-console\target\classes started by a1294 in D:\CodeContents\github\p6e-coat\p6e-coat)
2023-06-28 18:09:45 [main] INFO - No active profile set, falling back to 1 default profile: "default"
2023-06-28 18:09:46 [main] INFO - Multiple Spring Data modules found, entering strict repository configuration mode
2023-06-28 18:09:46 [main] INFO - Bootstrapping Spring Data JPA repositories in DEFAULT mode.
2023-06-28 18:09:46 [main] INFO - Finished Spring Data repository scanning in 97 ms. Found 10 JPA repository interfaces.
2023-06-28 18:09:46 [main] INFO - Multiple Spring Data modules found, entering strict repository configuration mode
2023-06-28 18:09:46 [main] INFO - Bootstrapping Spring Data Redis repositories in DEFAULT mode.
2023-06-28 18:09:46 [main] INFO - Spring Data Redis - Could not safely identify store assignment for repository candidate interface club.p6e.cloud.test.infrastructure.repository.ConfigRepository; If you want this repository to be a Redis repository, consider annotating your entities with one of these annotations: org.springframework.data.redis.core.RedisHash (preferred), or consider extending one of the following types with your repository: org.springframework.data.keyvalue.repository.KeyValueRepository
2023-06-28 18:09:46 [main] INFO - Spring Data Redis - Could not safely identify store assignment for repository candidate interface club.p6e.cloud.test.infrastructure.repository.DictionaryRepository; If you want this repository to be a Redis repository, consider annotating your entities with one of these annotations: org.springframework.data.redis.core.RedisHash (preferred), or consider extending one of the following types with your repository: org.springframework.data.keyvalue.repository.KeyValueRepository
2023-06-28 18:09:46 [main] INFO - Spring Data Redis - Could not safely identify store assignment for repository candidate interface club.p6e.cloud.test.infrastructure.repository.FileUploadChunkRepository; If you want this repository to be a Redis repository, consider annotating your entities with one of these annotations: org.springframework.data.redis.core.RedisHash (preferred), or consider extending one of the following types with your repository: org.springframework.data.keyvalue.repository.KeyValueRepository
2023-06-28 18:09:46 [main] INFO - Spring Data Redis - Could not safely identify store assignment for repository candidate interface club.p6e.cloud.test.infrastructure.repository.FileUploadRepository; If you want this repository to be a Redis repository, consider annotating your entities with one of these annotations: org.springframework.data.redis.core.RedisHash (preferred), or consider extending one of the following types with your repository: org.springframework.data.keyvalue.repository.KeyValueRepository
2023-06-28 18:09:46 [main] INFO - Spring Data Redis - Could not safely identify store assignment for repository candidate interface club.p6e.cloud.test.infrastructure.repository.Oauth2ClientRepository; If you want this repository to be a Redis repository, consider annotating your entities with one of these annotations: org.springframework.data.redis.core.RedisHash (preferred), or consider extending one of the following types with your repository: org.springframework.data.keyvalue.repository.KeyValueRepository
2023-06-28 18:09:46 [main] INFO - Spring Data Redis - Could not safely identify store assignment for repository candidate interface club.p6e.cloud.test.infrastructure.repository.PermissionUrlGroupRelationUrlRepository; If you want this repository to be a Redis repository, consider annotating your entities with one of these annotations: org.springframework.data.redis.core.RedisHash (preferred), or consider extending one of the following types with your repository: org.springframework.data.keyvalue.repository.KeyValueRepository
2023-06-28 18:09:46 [main] INFO - Spring Data Redis - Could not safely identify store assignment for repository candidate interface club.p6e.cloud.test.infrastructure.repository.PermissionUrlGroupRepository; If you want this repository to be a Redis repository, consider annotating your entities with one of these annotations: org.springframework.data.redis.core.RedisHash (preferred), or consider extending one of the following types with your repository: org.springframework.data.keyvalue.repository.KeyValueRepository
2023-06-28 18:09:46 [main] INFO - Spring Data Redis - Could not safely identify store assignment for repository candidate interface club.p6e.cloud.test.infrastructure.repository.PermissionUrlRepository; If you want this repository to be a Redis repository, consider annotating your entities with one of these annotations: org.springframework.data.redis.core.RedisHash (preferred), or consider extending one of the following types with your repository: org.springframework.data.keyvalue.repository.KeyValueRepository
2023-06-28 18:09:46 [main] INFO - Spring Data Redis - Could not safely identify store assignment for repository candidate interface club.p6e.cloud.test.infrastructure.repository.UserAuthRepository; If you want this repository to be a Redis repository, consider annotating your entities with one of these annotations: org.springframework.data.redis.core.RedisHash (preferred), or consider extending one of the following types with your repository: org.springframework.data.keyvalue.repository.KeyValueRepository
2023-06-28 18:09:46 [main] INFO - Spring Data Redis - Could not safely identify store assignment for repository candidate interface club.p6e.cloud.test.infrastructure.repository.UserRepository; If you want this repository to be a Redis repository, consider annotating your entities with one of these annotations: org.springframework.data.redis.core.RedisHash (preferred), or consider extending one of the following types with your repository: org.springframework.data.keyvalue.repository.KeyValueRepository
2023-06-28 18:09:46 [main] INFO - Finished Spring Data repository scanning in 4 ms. Found 0 Redis repository interfaces.
2023-06-28 18:09:46 [main] INFO - Tomcat initialized with port(s): 9999 (http)
2023-06-28 18:09:46 [main] INFO - Initializing ProtocolHandler ["http-nio-9999"]
2023-06-28 18:09:46 [main] INFO - Starting service [Tomcat]
2023-06-28 18:09:46 [main] INFO - Starting Servlet engine: [Apache Tomcat/10.1.1]
2023-06-28 18:09:46 [main] INFO - Initializing Spring embedded WebApplicationContext
2023-06-28 18:09:46 [main] INFO - Root WebApplicationContext: initialization completed in 737 ms
2023-06-28 18:09:46 [main] INFO - Filter [ CrossDomainWebFilter ] init complete ... 
2023-06-28 18:09:46 [main] INFO - HikariPool-1 - Starting...
2023-06-28 18:09:46 [main] INFO - HikariPool-1 - Added connection org.postgresql.jdbc.PgConnection@77aea
2023-06-28 18:09:46 [main] INFO - HikariPool-1 - Start completed.
2023-06-28 18:09:46 [main] INFO - HHH000204: Processing PersistenceUnitInfo [name: default]
2023-06-28 18:09:46 [main] INFO - HHH000412: Hibernate ORM core version 6.1.5.Final
2023-06-28 18:09:47 [main] INFO - HHH000400: Using dialect: org.hibernate.dialect.PostgreSQLDialect
2023-06-28 18:09:47 [main] INFO - HHH000490: Using JtaPlatform implementation: [org.hibernate.engine.transaction.jta.platform.internal.NoJtaPlatform]
2023-06-28 18:09:47 [main] INFO - Initialized JPA EntityManagerFactory for persistence unit 'default'
2023-06-28 18:09:48 [main] INFO - Starting ProtocolHandler ["http-nio-9999"]
2023-06-28 18:09:48 [main] INFO - Tomcat started on port(s): 9999 (http) with context path ''
2023-06-28 18:09:48 [main] INFO - Started P6eCloudIndexApplication in 2.963 seconds (process running for 3.271)
2023-06-28 18:09:48 [main] INFO - smart construction application initialization complete ...
2023-06-28 18:09:48 [http-nio-9999-exec-2] INFO - Initializing Spring DispatcherServlet 'dispatcherServlet'
2023-06-28 18:09:48 [http-nio-9999-exec-2] INFO - Initializing Servlet 'dispatcherServlet'
2023-06-28 18:09:48 [http-nio-9999-exec-2] INFO - Completed initialization in 0 ms
2023-06-28 19:12:50 [SpringApplicationShutdownHook] INFO - Filter [ CrossDomainWebFilter ] destroy complete ... 
2023-06-28 19:12:50 [SpringApplicationShutdownHook] INFO - Closing JPA EntityManagerFactory for persistence unit 'default'
2023-06-28 19:12:50 [SpringApplicationShutdownHook] INFO - HikariPool-1 - Shutdown initiated...
2023-06-28 19:12:50 [SpringApplicationShutdownHook] INFO - HikariPool-1 - Shutdown completed.
